2023-06-29 16:36:52.828  INFO 26236 --- [main] cn.stylefeng.guns.GunsApplication        : Starting GunsApplication on DESKTOP-8LEEG3A with PID 26236 (started by 22490 in C:\LOGBOT\1 Project\Projects_2020\LB-SS141G_FAW\trunk\SourceCode\WMS源码\后端\wms\asd_faw_new)
2023-06-29 16:36:52.836  INFO 26236 --- [main] cn.stylefeng.guns.GunsApplication        : The following profiles are active: local
2023-06-29 16:36:57.584  INFO 26236 --- [main] trationDelegate$BeanPostProcessorChecker : Bean 'webConfig' of type [cn.stylefeng.guns.config.web.WebConfig$$EnhancerBySpringCGLIB$$3b9bae1c] is not eligible for getting processed by all BeanPostProcessors (for example: not eligible for auto-proxying)
2023-06-29 16:36:57.715  INFO 26236 --- [main] trationDelegate$BeanPostProcessorChecker : Bean 'org.springframework.ws.config.annotation.DelegatingWsConfiguration' of type [org.springframework.ws.config.annotation.DelegatingWsConfiguration$$EnhancerBySpringCGLIB$$7595d073] is not eligible for getting processed by all BeanPostProcessors (for example: not eligible for auto-proxying)
2023-06-29 16:36:57.745  INFO 26236 --- [main] .w.s.a.s.AnnotationActionEndpointMapping : Supporting [WS-Addressing August 2004, WS-Addressing 1.0]
2023-06-29 16:36:57.751  INFO 26236 --- [main] trationDelegate$BeanPostProcessorChecker : Bean 'druidStatPointcut' of type [org.springframework.aop.support.JdkRegexpMethodPointcut] is not eligible for getting processed by all BeanPostProcessors (for example: not eligible for auto-proxying)
2023-06-29 16:36:57.764  INFO 26236 --- [main] trationDelegate$BeanPostProcessorChecker : Bean 'druidStatInterceptor' of type [com.alibaba.druid.support.spring.stat.DruidStatInterceptor] is not eligible for getting processed by all BeanPostProcessors (for example: not eligible for auto-proxying)
2023-06-29 16:36:57.764  INFO 26236 --- [main] trationDelegate$BeanPostProcessorChecker : Bean 'druidStatAdvisor' of type [org.springframework.aop.support.DefaultPointcutAdvisor] is not eligible for getting processed by all BeanPostProcessors (for example: not eligible for auto-proxying)
2023-06-29 16:36:57.853  INFO 26236 --- [main] trationDelegate$BeanPostProcessorChecker : Bean 'org.springframework.transaction.annotation.ProxyTransactionManagementConfiguration' of type [org.springframework.transaction.annotation.ProxyTransactionManagementConfiguration$$EnhancerBySpringCGLIB$$d0fe0b74] is not eligible for getting processed by all BeanPostProcessors (for example: not eligible for auto-proxying)
2023-06-29 16:36:58.040  INFO 26236 --- [main] trationDelegate$BeanPostProcessorChecker : Bean 'org.springframework.security.config.annotation.configuration.ObjectPostProcessorConfiguration' of type [org.springframework.security.config.annotation.configuration.ObjectPostProcessorConfiguration$$EnhancerBySpringCGLIB$$69abd3ae] is not eligible for getting processed by all BeanPostProcessors (for example: not eligible for auto-proxying)
2023-06-29 16:36:58.048  INFO 26236 --- [main] trationDelegate$BeanPostProcessorChecker : Bean 'objectPostProcessor' of type [org.springframework.security.config.annotation.configuration.AutowireBeanFactoryObjectPostProcessor] is not eligible for getting processed by all BeanPostProcessors (for example: not eligible for auto-proxying)
2023-06-29 16:36:58.052  INFO 26236 --- [main] trationDelegate$BeanPostProcessorChecker : Bean 'org.springframework.security.access.expression.method.DefaultMethodSecurityExpressionHandler@5df7e31b' of type [org.springframework.security.access.expression.method.DefaultMethodSecurityExpressionHandler] is not eligible for getting processed by all BeanPostProcessors (for example: not eligible for auto-proxying)
2023-06-29 16:36:58.056  INFO 26236 --- [main] trationDelegate$BeanPostProcessorChecker : Bean 'org.springframework.security.config.annotation.method.configuration.GlobalMethodSecurityConfiguration' of type [org.springframework.security.config.annotation.method.configuration.GlobalMethodSecurityConfiguration$$EnhancerBySpringCGLIB$$8e807660] is not eligible for getting processed by all BeanPostProcessors (for example: not eligible for auto-proxying)
2023-06-29 16:36:58.064  INFO 26236 --- [main] trationDelegate$BeanPostProcessorChecker : Bean 'methodSecurityMetadataSource' of type [org.springframework.security.access.method.DelegatingMethodSecurityMetadataSource] is not eligible for getting processed by all BeanPostProcessors (for example: not eligible for auto-proxying)
2023-06-29 16:36:58.599  INFO 26236 --- [main] o.s.b.w.embedded.tomcat.TomcatWebServer  : Tomcat initialized with port(s): 8099 (http)
2023-06-29 16:36:58.651  INFO 26236 --- [main] o.apache.catalina.core.StandardService   : Starting service [Tomcat]
2023-06-29 16:36:58.652  INFO 26236 --- [main] org.apache.catalina.core.StandardEngine  : Starting Servlet engine: [Apache Tomcat/9.0.21]
2023-06-29 16:36:58.998  INFO 26236 --- [main] o.a.c.c.C.[Tomcat].[localhost].[/faw]    : Initializing Spring embedded WebApplicationContext
2023-06-29 16:36:58.998  INFO 26236 --- [main] o.s.web.context.ContextLoader            : Root WebApplicationContext: initialization completed in 5737 ms
2023-06-29 16:36:59.087  WARN 26236 --- [main] c.atomikos.jdbc.AbstractDataSourceBean   : AtomikosDataSoureBean 'master': poolSize equals default - this may cause performance problems!
2023-06-29 16:36:59.390  INFO 26236 --- [main] com.alibaba.druid.pool.DruidDataSource   : {dataSource-1} inited
2023-06-29 16:37:00.470  WARN 26236 --- [main] c.atomikos.jdbc.AtomikosConnectionProxy  : atomikos connection proxy for com.alibaba.druid.proxy.jdbc.ConnectionProxyImpl@52aa7742: WARNING: transaction manager not running?
2023-06-29 16:37:04.222  INFO 26236 --- [main] c.s.guns.base.db.dao.DataBaseInfoDao     : Delete the DatabaseInfo information of the master! delete1Bar!
2023-06-29 16:37:04.272  INFO 26236 --- [main] c.s.guns.base.db.dao.DataBaseInfoDao     : Initialize the DatabaseInfo information of the master! initialization1Bar!
2023-06-29 16:37:05.114  INFO 26236 --- [main] o.s.boot.web.servlet.RegistrationBean    : Servlet CXFServlet was not registered (possibly already registered?)
2023-06-29 16:37:05.658  INFO 26236 --- [main] o.s.s.concurrent.ThreadPoolTaskExecutor  : Initializing ExecutorService 'applicationTaskExecutor'
2023-06-29 16:37:07.955  INFO 26236 --- [main] o.s.s.web.DefaultSecurityFilterChain     : Creating filter chain: Ant [pattern='/login', POST], []
2023-06-29 16:37:07.955  INFO 26236 --- [main] o.s.s.web.DefaultSecurityFilterChain     : Creating filter chain: Ant [pattern='/assets/**', GET], []
2023-06-29 16:37:07.955  INFO 26236 --- [main] o.s.s.web.DefaultSecurityFilterChain     : Creating filter chain: Ant [pattern='/favicon.ico', GET], []
2023-06-29 16:37:07.956  INFO 26236 --- [main] o.s.s.web.DefaultSecurityFilterChain     : Creating filter chain: Ant [pattern='/activiti-editor/**', GET], []
2023-06-29 16:37:08.012  INFO 26236 --- [main] pertySourcedRequestMappingHandlerMapping : Mapped URL path [/v2/api-docs] onto method [public org.springframework.http.ResponseEntity<springfox.documentation.spring.web.json.Json> springfox.documentation.swagger2.web.Swagger2Controller.getDocumentation(java.lang.String,javax.servlet.http.HttpServletRequest)]
2023-06-29 16:37:08.092  INFO 26236 --- [main] o.s.s.web.DefaultSecurityFilterChain     : Creating filter chain: any request, [org.springframework.security.web.context.request.async.WebAsyncManagerIntegrationFilter@20163008, org.springframework.security.web.context.SecurityContextPersistenceFilter@5c0ece6d, org.springframework.security.web.header.HeaderWriterFilter@75c15f76, org.springframework.web.filter.CorsFilter@60ef30b1, cn.stylefeng.guns.sys.core.auth.filter.JwtAuthorizationTokenFilter@20231384, org.springframework.security.web.savedrequest.RequestCacheAwareFilter@7affee54, org.springframework.security.web.servletapi.SecurityContextHolderAwareRequestFilter@744fb110, org.springframework.security.web.authentication.AnonymousAuthenticationFilter@3436d3d7, org.springframework.security.web.session.SessionManagementFilter@652a1a17, org.springframework.security.web.access.ExceptionTranslationFilter@6c8ad6d7, org.springframework.security.web.access.intercept.FilterSecurityInterceptor@323c6f9c]
2023-06-29 16:37:08.208  INFO 26236 --- [main] c.stylefeng.guns.modular.utils.HttpUtil  : Resttemplate initialization completed
2023-06-29 16:37:08.314  INFO 26236 --- [main] o.a.c.w.s.f.ReflectionServiceFactoryBean : Creating Service {http://andot.org/webservice/demo/server}FawApiServiceImplService from class cn.stylefeng.guns.webservice.FawApiService
2023-06-29 16:37:09.046  INFO 26236 --- [main] org.apache.cxf.endpoint.ServerImpl       : Setting the server's publish address to be /fawApiService
2023-06-29 16:37:09.184  INFO 26236 --- [main] c.a.icatch.provider.imp.AssemblerImp     : Loaded jar:file:/C:/Users/22490/.m2/repository/com/atomikos/transactions/4.0.6/transactions-4.0.6.jar!/transactions-defaults.properties
2023-06-29 16:37:09.189  WARN 26236 --- [main] c.a.icatch.provider.imp.AssemblerImp     : Thanks for using Atomikos! Evaluate http://www.atomikos.com/Main/ExtremeTransactions for advanced features and professional support
or register at http://www.atomikos.com/Main/RegisterYourDownload to disable this message and receive FREE tips & advice
2023-06-29 16:37:09.194  INFO 26236 --- [main] c.a.icatch.provider.imp.AssemblerImp     : USING: com.atomikos.icatch.default_max_wait_time_on_shutdown = 9223372036854775807
2023-06-29 16:37:09.195  INFO 26236 --- [main] c.a.icatch.provider.imp.AssemblerImp     : USING: com.atomikos.icatch.allow_subtransactions = true
2023-06-29 16:37:09.195  INFO 26236 --- [main] c.a.icatch.provider.imp.AssemblerImp     : USING: com.atomikos.icatch.recovery_delay = 10000
2023-06-29 16:37:09.195  INFO 26236 --- [main] c.a.icatch.provider.imp.AssemblerImp     : USING: com.atomikos.icatch.automatic_resource_registration = true
2023-06-29 16:37:09.196  INFO 26236 --- [main] c.a.icatch.provider.imp.AssemblerImp     : USING: com.atomikos.icatch.oltp_max_retries = 5
2023-06-29 16:37:09.196  INFO 26236 --- [main] c.a.icatch.provider.imp.AssemblerImp     : USING: com.atomikos.icatch.client_demarcation = false
2023-06-29 16:37:09.196  INFO 26236 --- [main] c.a.icatch.provider.imp.AssemblerImp     : USING: com.atomikos.icatch.threaded_2pc = false
2023-06-29 16:37:09.196  INFO 26236 --- [main] c.a.icatch.provider.imp.AssemblerImp     : USING: com.atomikos.icatch.serial_jta_transactions = true
2023-06-29 16:37:09.196  INFO 26236 --- [main] c.a.icatch.provider.imp.AssemblerImp     : USING: com.atomikos.icatch.log_base_dir = C:\LOGBOT\1 Project\Projects_2020\LB-SS141G_FAW\trunk\SourceCode\WMS源码\后端\wms\asd_faw_new\transaction-logs
2023-06-29 16:37:09.196  INFO 26236 --- [main] c.a.icatch.provider.imp.AssemblerImp     : USING: com.atomikos.icatch.rmi_export_class = none
2023-06-29 16:37:09.196  INFO 26236 --- [main] c.a.icatch.provider.imp.AssemblerImp     : USING: com.atomikos.icatch.max_actives = -1
2023-06-29 16:37:09.196  INFO 26236 --- [main] c.a.icatch.provider.imp.AssemblerImp     : USING: com.atomikos.icatch.checkpoint_interval = 500
2023-06-29 16:37:09.197  INFO 26236 --- [main] c.a.icatch.provider.imp.AssemblerImp     : USING: com.atomikos.icatch.enable_logging = true
2023-06-29 16:37:09.197  INFO 26236 --- [main] c.a.icatch.provider.imp.AssemblerImp     : USING: com.atomikos.icatch.log_base_name = tmlog
2023-06-29 16:37:09.197  INFO 26236 --- [main] c.a.icatch.provider.imp.AssemblerImp     : USING: com.atomikos.icatch.max_timeout = 300000
2023-06-29 16:37:09.197  INFO 26236 --- [main] c.a.icatch.provider.imp.AssemblerImp     : USING: com.atomikos.icatch.trust_client_tm = false
2023-06-29 16:37:09.197  INFO 26236 --- [main] c.a.icatch.provider.imp.AssemblerImp     : USING: java.naming.factory.initial = com.sun.jndi.rmi.registry.RegistryContextFactory
2023-06-29 16:37:09.197  INFO 26236 --- [main] c.a.icatch.provider.imp.AssemblerImp     : USING: com.atomikos.icatch.tm_unique_name = 172.31.6.93.tm
2023-06-29 16:37:09.197  INFO 26236 --- [main] c.a.icatch.provider.imp.AssemblerImp     : USING: com.atomikos.icatch.forget_orphaned_log_entries_delay = 86400000
2023-06-29 16:37:09.197  INFO 26236 --- [main] c.a.icatch.provider.imp.AssemblerImp     : USING: com.atomikos.icatch.oltp_retry_interval = 10000
2023-06-29 16:37:09.197  INFO 26236 --- [main] c.a.icatch.provider.imp.AssemblerImp     : USING: java.naming.provider.url = rmi://localhost:1099
2023-06-29 16:37:09.197  INFO 26236 --- [main] c.a.icatch.provider.imp.AssemblerImp     : USING: com.atomikos.icatch.force_shutdown_on_vm_exit = false
2023-06-29 16:37:09.197  INFO 26236 --- [main] c.a.icatch.provider.imp.AssemblerImp     : USING: com.atomikos.icatch.default_jta_timeout = 300000
2023-06-29 16:37:09.198  INFO 26236 --- [main] c.a.icatch.provider.imp.AssemblerImp     : Using default (local) logging and recovery...
2023-06-29 16:37:09.225  INFO 26236 --- [main] c.a.d.xa.XATransactionalResource         : master: refreshed XAResource
2023-06-29 16:37:09.474  INFO 26236 --- [main] org.quartz.impl.StdSchedulerFactory      : Using default implementation for ThreadExecutor
2023-06-29 16:37:09.486  INFO 26236 --- [main] org.quartz.core.SchedulerSignalerImpl    : Initialized Scheduler Signaller of type: class org.quartz.core.SchedulerSignalerImpl
2023-06-29 16:37:09.486  INFO 26236 --- [main] org.quartz.core.QuartzScheduler          : Quartz Scheduler v.2.3.1 created.
2023-06-29 16:37:09.488  INFO 26236 --- [main] org.quartz.simpl.RAMJobStore             : RAMJobStore initialized.
2023-06-29 16:37:09.488  INFO 26236 --- [main] org.quartz.core.QuartzScheduler          : Scheduler meta-data: Quartz Scheduler (v2.3.1) 'quartzScheduler' with instanceId 'NON_CLUSTERED'
  Scheduler class: 'org.quartz.core.QuartzScheduler' - running locally.
  NOT STARTED.
  Currently in standby mode.
  Number of jobs executed: 0
  Using thread pool 'org.quartz.simpl.SimpleThreadPool' - with 10 threads.
  Using job-store 'org.quartz.simpl.RAMJobStore' - which does not support persistence. and is not clustered.

2023-06-29 16:37:09.488  INFO 26236 --- [main] org.quartz.impl.StdSchedulerFactory      : Quartz scheduler 'quartzScheduler' initialized from an externally provided properties instance.
2023-06-29 16:37:09.488  INFO 26236 --- [main] org.quartz.impl.StdSchedulerFactory      : Quartz scheduler version: 2.3.1
2023-06-29 16:37:09.488  INFO 26236 --- [main] org.quartz.core.QuartzScheduler          : JobFactory set to: org.springframework.scheduling.quartz.SpringBeanJobFactory@8dc3019
2023-06-29 16:37:09.672  INFO 26236 --- [main] d.s.w.p.DocumentationPluginsBootstrapper : Context refreshed
2023-06-29 16:37:09.713  INFO 26236 --- [main] d.s.w.p.DocumentationPluginsBootstrapper : Found 1 custom documentation plugin(s)
2023-06-29 16:37:09.787  INFO 26236 --- [main] s.d.s.w.s.ApiListingReferenceScanner     : Scanning for api listing references
2023-06-29 16:37:10.010  INFO 26236 --- [main] .d.s.w.r.o.CachingOperationNameGenerator : Generating unique operation named: loginUsingGET_1
2023-06-29 16:37:10.012  INFO 26236 --- [main] .d.s.w.r.o.CachingOperationNameGenerator : Generating unique operation named: infoUsingGET_1
2023-06-29 16:37:10.014  INFO 26236 --- [main] .d.s.w.r.o.CachingOperationNameGenerator : Generating unique operation named: loginUsingGET_2
2023-06-29 16:37:10.015  INFO 26236 --- [main] .d.s.w.r.o.CachingOperationNameGenerator : Generating unique operation named: logoutUsingGET_1
2023-06-29 16:37:10.098  INFO 26236 --- [main] .d.s.w.r.o.CachingOperationNameGenerator : Generating unique operation named: closeCabinetUsingGET_1
2023-06-29 16:37:10.110  INFO 26236 --- [main] .d.s.w.r.o.CachingOperationNameGenerator : Generating unique operation named: conformUsingGET_1
2023-06-29 16:37:10.116  INFO 26236 --- [main] .d.s.w.r.o.CachingOperationNameGenerator : Generating unique operation named: queryToolUsingGET_1
2023-06-29 16:37:10.293  INFO 26236 --- [main] .d.s.w.r.o.CachingOperationNameGenerator : Generating unique operation named: queryToolContentUsingGET_1
2023-06-29 16:37:10.324  INFO 26236 --- [main] .d.s.w.r.o.CachingOperationNameGenerator : Generating unique operation named: replenishmentCreateOutTaskUsingGET_1
2023-06-29 16:37:10.344  INFO 26236 --- [main] .d.s.w.r.o.CachingOperationNameGenerator : Generating unique operation named: loginUsingPOST_1
2023-06-29 16:37:10.364  INFO 26236 --- [main] o.s.s.quartz.SchedulerFactoryBean        : Starting Quartz Scheduler now
2023-06-29 16:37:10.364  INFO 26236 --- [main] org.quartz.core.QuartzScheduler          : Scheduler quartzScheduler_$_NON_CLUSTERED started.
2023-06-29 16:37:10.410  INFO 26236 --- [main] o.s.b.w.embedded.tomcat.TomcatWebServer  : Tomcat started on port(s): 8099 (http) with context path '/faw'
2023-06-29 16:37:10.414  INFO 26236 --- [main] cn.stylefeng.guns.GunsApplication        : Started GunsApplication in 18.762 seconds (JVM running for 20.79)
2023-06-29 16:37:10.420  INFO 26236 --- [main] cn.stylefeng.guns.config.AppConfig       : Test Start up complete
2023-06-29 16:37:10.421  INFO 26236 --- [demo-pool-0] c.s.guns.threads.UseAppliesThread        : Task Thread- Requisition application
2023-06-29 16:37:10.635  INFO 26236 --- [demo-pool-1] c.s.guns.threads.GuiHuanAppliesThread    : Task Thread- Return application
2023-06-29 16:37:10.641  INFO 26236 --- [main] c.s.g.s.m.consts.init.SysConfigInit      : Initialization constant17 strip
2023-06-29 16:37:10.644  INFO 26236 --- [main] cn.stylefeng.guns.GunsApplication        : GunsApplication is success!
2023-06-29 16:37:20.423  INFO 26236 --- [demo-pool-0] c.s.guns.threads.UseAppliesThread        : Task Thread- Requisition application
2023-06-29 16:37:20.646  INFO 26236 --- [demo-pool-1] c.s.guns.threads.GuiHuanAppliesThread    : Task Thread- Return application
2023-06-29 16:37:30.435  INFO 26236 --- [demo-pool-0] c.s.guns.threads.UseAppliesThread        : Task Thread- Requisition application
2023-06-29 16:37:30.657  INFO 26236 --- [demo-pool-1] c.s.guns.threads.GuiHuanAppliesThread    : Task Thread- Return application
2023-06-29 16:37:40.445  INFO 26236 --- [demo-pool-0] c.s.guns.threads.UseAppliesThread        : Task Thread- Requisition application
2023-06-29 16:37:40.667  INFO 26236 --- [demo-pool-1] c.s.guns.threads.GuiHuanAppliesThread    : Task Thread- Return application
2023-06-29 16:37:50.455  INFO 26236 --- [demo-pool-0] c.s.guns.threads.UseAppliesThread        : Task Thread- Requisition application
2023-06-29 16:37:50.677  INFO 26236 --- [demo-pool-1] c.s.guns.threads.GuiHuanAppliesThread    : Task Thread- Return application
2023-06-29 16:37:55.147  INFO 26236 --- [http-nio-8099-exec-1] o.a.c.c.C.[Tomcat].[localhost].[/faw]    : Initializing Spring DispatcherServlet 'dispatcherServlet'
2023-06-29 16:37:55.148  INFO 26236 --- [http-nio-8099-exec-1] o.s.web.servlet.DispatcherServlet        : Initializing Servlet 'dispatcherServlet'
2023-06-29 16:37:55.175  INFO 26236 --- [http-nio-8099-exec-1] o.s.web.servlet.DispatcherServlet        : Completed initialization in 25 ms
2023-06-29 16:38:00.469  INFO 26236 --- [demo-pool-0] c.s.guns.threads.UseAppliesThread        : Task Thread- Requisition application
2023-06-29 16:38:00.689  INFO 26236 --- [demo-pool-1] c.s.guns.threads.GuiHuanAppliesThread    : Task Thread- Return application
2023-06-29 16:38:09.523 ERROR 26236 --- [http-nio-8099-exec-9] c.s.guns.base.consts.ConstantsContext    : jwt密钥存在空值！常量名称：GUNS_JWT_SECRET，采用默认值：随机字符串->2nplu2dcriqjwcdlx4rxr52pynlbp1ed，若想忽略此提示，请在开发管理->系统配置->参数配置，设置相关参数！
2023-06-29 16:38:10.481  INFO 26236 --- [demo-pool-0] c.s.guns.threads.UseAppliesThread        : Task Thread- Requisition application
2023-06-29 16:38:10.708  INFO 26236 --- [demo-pool-1] c.s.guns.threads.GuiHuanAppliesThread    : Task Thread- Return application
2023-06-29 16:38:20.491  INFO 26236 --- [demo-pool-0] c.s.guns.threads.UseAppliesThread        : Task Thread- Requisition application
2023-06-29 16:38:20.729  INFO 26236 --- [demo-pool-1] c.s.guns.threads.GuiHuanAppliesThread    : Task Thread- Return application
2023-06-29 16:38:30.494  INFO 26236 --- [demo-pool-0] c.s.guns.threads.UseAppliesThread        : Task Thread- Requisition application
2023-06-29 16:38:30.744  INFO 26236 --- [demo-pool-1] c.s.guns.threads.GuiHuanAppliesThread    : Task Thread- Return application
2023-06-29 16:38:31.985  INFO 26236 --- [Thread-43] org.quartz.core.QuartzScheduler          : Scheduler quartzScheduler_$_NON_CLUSTERED paused.
2023-06-29 16:38:31.987  INFO 26236 --- [Thread-43] o.s.s.quartz.SchedulerFactoryBean        : Shutting down Quartz Scheduler
2023-06-29 16:38:31.987  INFO 26236 --- [Thread-43] org.quartz.core.QuartzScheduler          : Scheduler quartzScheduler_$_NON_CLUSTERED shutting down.
2023-06-29 16:38:31.988  INFO 26236 --- [Thread-43] org.quartz.core.QuartzScheduler          : Scheduler quartzScheduler_$_NON_CLUSTERED paused.
2023-06-29 16:38:31.989  INFO 26236 --- [Thread-43] org.quartz.core.QuartzScheduler          : Scheduler quartzScheduler_$_NON_CLUSTERED shutdown complete.
2023-06-29 16:38:31.991  INFO 26236 --- [Thread-43] c.a.icatch.imp.TransactionServiceImp     : Transaction Service: Entering shutdown (false, 9223372036854775807)...
2023-06-29 16:38:32.004  INFO 26236 --- [Thread-43] o.s.s.concurrent.ThreadPoolTaskExecutor  : Shutting down ExecutorService 'applicationTaskExecutor'
2023-06-29 16:38:32.010  INFO 26236 --- [Thread-43] c.a.datasource.pool.ConnectionPool       : atomikos connection pool 'master': destroying pool...
2023-06-29 16:38:32.010  WARN 26236 --- [Thread-43] c.a.datasource.pool.ConnectionPool       : atomikos connection pool 'master': connection is still in use on pool destroy: an AtomikosXAPooledConnection with a SessionHandleState with 1 context(s) - please check your shutdown sequence to avoid heuristic termination of ongoing transactions!
2023-06-29 16:39:29.913  INFO 5640 --- [main] cn.stylefeng.guns.GunsApplication        : Starting GunsApplication on DESKTOP-8LEEG3A with PID 5640 (started by 22490 in C:\LOGBOT\1 Project\Projects_2020\LB-SS141G_FAW\trunk\SourceCode\WMS源码\后端\wms\asd_faw_new)
2023-06-29 16:39:29.917  INFO 5640 --- [main] cn.stylefeng.guns.GunsApplication        : The following profiles are active: local
2023-06-29 16:39:33.563  INFO 5640 --- [main] trationDelegate$BeanPostProcessorChecker : Bean 'webConfig' of type [cn.stylefeng.guns.config.web.WebConfig$$EnhancerBySpringCGLIB$$2702579] is not eligible for getting processed by all BeanPostProcessors (for example: not eligible for auto-proxying)
2023-06-29 16:39:33.692  INFO 5640 --- [main] trationDelegate$BeanPostProcessorChecker : Bean 'org.springframework.ws.config.annotation.DelegatingWsConfiguration' of type [org.springframework.ws.config.annotation.DelegatingWsConfiguration$$EnhancerBySpringCGLIB$$3c6a47d0] is not eligible for getting processed by all BeanPostProcessors (for example: not eligible for auto-proxying)
2023-06-29 16:39:33.720  INFO 5640 --- [main] .w.s.a.s.AnnotationActionEndpointMapping : Supporting [WS-Addressing August 2004, WS-Addressing 1.0]
2023-06-29 16:39:33.726  INFO 5640 --- [main] trationDelegate$BeanPostProcessorChecker : Bean 'druidStatPointcut' of type [org.springframework.aop.support.JdkRegexpMethodPointcut] is not eligible for getting processed by all BeanPostProcessors (for example: not eligible for auto-proxying)
2023-06-29 16:39:33.737  INFO 5640 --- [main] trationDelegate$BeanPostProcessorChecker : Bean 'druidStatInterceptor' of type [com.alibaba.druid.support.spring.stat.DruidStatInterceptor] is not eligible for getting processed by all BeanPostProcessors (for example: not eligible for auto-proxying)
2023-06-29 16:39:33.738  INFO 5640 --- [main] trationDelegate$BeanPostProcessorChecker : Bean 'druidStatAdvisor' of type [org.springframework.aop.support.DefaultPointcutAdvisor] is not eligible for getting processed by all BeanPostProcessors (for example: not eligible for auto-proxying)
2023-06-29 16:39:33.815  INFO 5640 --- [main] trationDelegate$BeanPostProcessorChecker : Bean 'org.springframework.transaction.annotation.ProxyTransactionManagementConfiguration' of type [org.springframework.transaction.annotation.ProxyTransactionManagementConfiguration$$EnhancerBySpringCGLIB$$97d282d1] is not eligible for getting processed by all BeanPostProcessors (for example: not eligible for auto-proxying)
2023-06-29 16:39:33.975  INFO 5640 --- [main] trationDelegate$BeanPostProcessorChecker : Bean 'org.springframework.security.config.annotation.configuration.ObjectPostProcessorConfiguration' of type [org.springframework.security.config.annotation.configuration.ObjectPostProcessorConfiguration$$EnhancerBySpringCGLIB$$30804b0b] is not eligible for getting processed by all BeanPostProcessors (for example: not eligible for auto-proxying)
2023-06-29 16:39:33.984  INFO 5640 --- [main] trationDelegate$BeanPostProcessorChecker : Bean 'objectPostProcessor' of type [org.springframework.security.config.annotation.configuration.AutowireBeanFactoryObjectPostProcessor] is not eligible for getting processed by all BeanPostProcessors (for example: not eligible for auto-proxying)
2023-06-29 16:39:33.987  INFO 5640 --- [main] trationDelegate$BeanPostProcessorChecker : Bean 'org.springframework.security.access.expression.method.DefaultMethodSecurityExpressionHandler@6f9ab79d' of type [org.springframework.security.access.expression.method.DefaultMethodSecurityExpressionHandler] is not eligible for getting processed by all BeanPostProcessors (for example: not eligible for auto-proxying)
2023-06-29 16:39:33.991  INFO 5640 --- [main] trationDelegate$BeanPostProcessorChecker : Bean 'org.springframework.security.config.annotation.method.configuration.GlobalMethodSecurityConfiguration' of type [org.springframework.security.config.annotation.method.configuration.GlobalMethodSecurityConfiguration$$EnhancerBySpringCGLIB$$5554edbd] is not eligible for getting processed by all BeanPostProcessors (for example: not eligible for auto-proxying)
2023-06-29 16:39:33.998  INFO 5640 --- [main] trationDelegate$BeanPostProcessorChecker : Bean 'methodSecurityMetadataSource' of type [org.springframework.security.access.method.DelegatingMethodSecurityMetadataSource] is not eligible for getting processed by all BeanPostProcessors (for example: not eligible for auto-proxying)
2023-06-29 16:39:34.443  INFO 5640 --- [main] o.s.b.w.embedded.tomcat.TomcatWebServer  : Tomcat initialized with port(s): 8099 (http)
2023-06-29 16:39:34.484  INFO 5640 --- [main] o.apache.catalina.core.StandardService   : Starting service [Tomcat]
2023-06-29 16:39:34.485  INFO 5640 --- [main] org.apache.catalina.core.StandardEngine  : Starting Servlet engine: [Apache Tomcat/9.0.21]
2023-06-29 16:39:34.759  INFO 5640 --- [main] o.a.c.c.C.[Tomcat].[localhost].[/faw]    : Initializing Spring embedded WebApplicationContext
2023-06-29 16:39:34.760  INFO 5640 --- [main] o.s.web.context.ContextLoader            : Root WebApplicationContext: initialization completed in 4575 ms
2023-06-29 16:39:34.845  WARN 5640 --- [main] c.atomikos.jdbc.AbstractDataSourceBean   : AtomikosDataSoureBean 'master': poolSize equals default - this may cause performance problems!
2023-06-29 16:39:35.075  INFO 5640 --- [main] com.alibaba.druid.pool.DruidDataSource   : {dataSource-1} inited
2023-06-29 16:39:35.941  WARN 5640 --- [main] c.atomikos.jdbc.AtomikosConnectionProxy  : atomikos connection proxy for com.alibaba.druid.proxy.jdbc.ConnectionProxyImpl@4e67cfe1: WARNING: transaction manager not running?
2023-06-29 16:39:39.104  INFO 5640 --- [main] c.s.guns.base.db.dao.DataBaseInfoDao     : Delete the DatabaseInfo information of the master! delete1Bar!
2023-06-29 16:39:39.154  INFO 5640 --- [main] c.s.guns.base.db.dao.DataBaseInfoDao     : Initialize the DatabaseInfo information of the master! initialization1Bar!
2023-06-29 16:39:40.032  INFO 5640 --- [main] o.s.boot.web.servlet.RegistrationBean    : Servlet CXFServlet was not registered (possibly already registered?)
2023-06-29 16:39:40.515  INFO 5640 --- [main] o.s.s.concurrent.ThreadPoolTaskExecutor  : Initializing ExecutorService 'applicationTaskExecutor'
2023-06-29 16:39:42.757  INFO 5640 --- [main] o.s.s.web.DefaultSecurityFilterChain     : Creating filter chain: Ant [pattern='/login', POST], []
2023-06-29 16:39:42.758  INFO 5640 --- [main] o.s.s.web.DefaultSecurityFilterChain     : Creating filter chain: Ant [pattern='/assets/**', GET], []
2023-06-29 16:39:42.759  INFO 5640 --- [main] o.s.s.web.DefaultSecurityFilterChain     : Creating filter chain: Ant [pattern='/favicon.ico', GET], []
2023-06-29 16:39:42.759  INFO 5640 --- [main] o.s.s.web.DefaultSecurityFilterChain     : Creating filter chain: Ant [pattern='/activiti-editor/**', GET], []
2023-06-29 16:39:42.809  INFO 5640 --- [main] pertySourcedRequestMappingHandlerMapping : Mapped URL path [/v2/api-docs] onto method [public org.springframework.http.ResponseEntity<springfox.documentation.spring.web.json.Json> springfox.documentation.swagger2.web.Swagger2Controller.getDocumentation(java.lang.String,javax.servlet.http.HttpServletRequest)]
2023-06-29 16:39:42.881  INFO 5640 --- [main] o.s.s.web.DefaultSecurityFilterChain     : Creating filter chain: any request, [org.springframework.security.web.context.request.async.WebAsyncManagerIntegrationFilter@6a299b9d, org.springframework.security.web.context.SecurityContextPersistenceFilter@4727e5fc, org.springframework.security.web.header.HeaderWriterFilter@56fa0ef, org.springframework.web.filter.CorsFilter@363fe35a, cn.stylefeng.guns.sys.core.auth.filter.JwtAuthorizationTokenFilter@31b6fb14, org.springframework.security.web.savedrequest.RequestCacheAwareFilter@3e5c7588, org.springframework.security.web.servletapi.SecurityContextHolderAwareRequestFilter@5d00b469, org.springframework.security.web.authentication.AnonymousAuthenticationFilter@a2fb8a5, org.springframework.security.web.session.SessionManagementFilter@f439e0f, org.springframework.security.web.access.ExceptionTranslationFilter@2573b149, org.springframework.security.web.access.intercept.FilterSecurityInterceptor@48333b12]
2023-06-29 16:39:42.994  INFO 5640 --- [main] c.stylefeng.guns.modular.utils.HttpUtil  : Resttemplate initialization completed
2023-06-29 16:39:43.105  INFO 5640 --- [main] o.a.c.w.s.f.ReflectionServiceFactoryBean : Creating Service {http://andot.org/webservice/demo/server}FawApiServiceImplService from class cn.stylefeng.guns.webservice.FawApiService
2023-06-29 16:39:43.804  INFO 5640 --- [main] org.apache.cxf.endpoint.ServerImpl       : Setting the server's publish address to be /fawApiService
2023-06-29 16:39:43.962  INFO 5640 --- [main] c.a.icatch.provider.imp.AssemblerImp     : Loaded jar:file:/C:/Users/22490/.m2/repository/com/atomikos/transactions/4.0.6/transactions-4.0.6.jar!/transactions-defaults.properties
2023-06-29 16:39:43.968  WARN 5640 --- [main] c.a.icatch.provider.imp.AssemblerImp     : Thanks for using Atomikos! Evaluate http://www.atomikos.com/Main/ExtremeTransactions for advanced features and professional support
or register at http://www.atomikos.com/Main/RegisterYourDownload to disable this message and receive FREE tips & advice
2023-06-29 16:39:43.973  INFO 5640 --- [main] c.a.icatch.provider.imp.AssemblerImp     : USING: com.atomikos.icatch.default_max_wait_time_on_shutdown = 9223372036854775807
2023-06-29 16:39:43.974  INFO 5640 --- [main] c.a.icatch.provider.imp.AssemblerImp     : USING: com.atomikos.icatch.allow_subtransactions = true
2023-06-29 16:39:43.974  INFO 5640 --- [main] c.a.icatch.provider.imp.AssemblerImp     : USING: com.atomikos.icatch.recovery_delay = 10000
2023-06-29 16:39:43.974  INFO 5640 --- [main] c.a.icatch.provider.imp.AssemblerImp     : USING: com.atomikos.icatch.automatic_resource_registration = true
2023-06-29 16:39:43.975  INFO 5640 --- [main] c.a.icatch.provider.imp.AssemblerImp     : USING: com.atomikos.icatch.oltp_max_retries = 5
2023-06-29 16:39:43.975  INFO 5640 --- [main] c.a.icatch.provider.imp.AssemblerImp     : USING: com.atomikos.icatch.client_demarcation = false
2023-06-29 16:39:43.975  INFO 5640 --- [main] c.a.icatch.provider.imp.AssemblerImp     : USING: com.atomikos.icatch.threaded_2pc = false
2023-06-29 16:39:43.975  INFO 5640 --- [main] c.a.icatch.provider.imp.AssemblerImp     : USING: com.atomikos.icatch.serial_jta_transactions = true
2023-06-29 16:39:43.975  INFO 5640 --- [main] c.a.icatch.provider.imp.AssemblerImp     : USING: com.atomikos.icatch.log_base_dir = C:\LOGBOT\1 Project\Projects_2020\LB-SS141G_FAW\trunk\SourceCode\WMS源码\后端\wms\asd_faw_new\transaction-logs
2023-06-29 16:39:43.975  INFO 5640 --- [main] c.a.icatch.provider.imp.AssemblerImp     : USING: com.atomikos.icatch.rmi_export_class = none
2023-06-29 16:39:43.975  INFO 5640 --- [main] c.a.icatch.provider.imp.AssemblerImp     : USING: com.atomikos.icatch.max_actives = -1
2023-06-29 16:39:43.975  INFO 5640 --- [main] c.a.icatch.provider.imp.AssemblerImp     : USING: com.atomikos.icatch.checkpoint_interval = 500
2023-06-29 16:39:43.975  INFO 5640 --- [main] c.a.icatch.provider.imp.AssemblerImp     : USING: com.atomikos.icatch.enable_logging = true
2023-06-29 16:39:43.976  INFO 5640 --- [main] c.a.icatch.provider.imp.AssemblerImp     : USING: com.atomikos.icatch.log_base_name = tmlog
2023-06-29 16:39:43.976  INFO 5640 --- [main] c.a.icatch.provider.imp.AssemblerImp     : USING: com.atomikos.icatch.max_timeout = 300000
2023-06-29 16:39:43.976  INFO 5640 --- [main] c.a.icatch.provider.imp.AssemblerImp     : USING: com.atomikos.icatch.trust_client_tm = false
2023-06-29 16:39:43.976  INFO 5640 --- [main] c.a.icatch.provider.imp.AssemblerImp     : USING: java.naming.factory.initial = com.sun.jndi.rmi.registry.RegistryContextFactory
2023-06-29 16:39:43.976  INFO 5640 --- [main] c.a.icatch.provider.imp.AssemblerImp     : USING: com.atomikos.icatch.tm_unique_name = 172.31.6.93.tm
2023-06-29 16:39:43.976  INFO 5640 --- [main] c.a.icatch.provider.imp.AssemblerImp     : USING: com.atomikos.icatch.forget_orphaned_log_entries_delay = 86400000
2023-06-29 16:39:43.976  INFO 5640 --- [main] c.a.icatch.provider.imp.AssemblerImp     : USING: com.atomikos.icatch.oltp_retry_interval = 10000
2023-06-29 16:39:43.976  INFO 5640 --- [main] c.a.icatch.provider.imp.AssemblerImp     : USING: java.naming.provider.url = rmi://localhost:1099
2023-06-29 16:39:43.976  INFO 5640 --- [main] c.a.icatch.provider.imp.AssemblerImp     : USING: com.atomikos.icatch.force_shutdown_on_vm_exit = false
2023-06-29 16:39:43.976  INFO 5640 --- [main] c.a.icatch.provider.imp.AssemblerImp     : USING: com.atomikos.icatch.default_jta_timeout = 300000
2023-06-29 16:39:43.977  INFO 5640 --- [main] c.a.icatch.provider.imp.AssemblerImp     : Using default (local) logging and recovery...
2023-06-29 16:39:44.003  INFO 5640 --- [main] c.a.d.xa.XATransactionalResource         : master: refreshed XAResource
2023-06-29 16:39:44.204  INFO 5640 --- [main] org.quartz.impl.StdSchedulerFactory      : Using default implementation for ThreadExecutor
2023-06-29 16:39:44.217  INFO 5640 --- [main] org.quartz.core.SchedulerSignalerImpl    : Initialized Scheduler Signaller of type: class org.quartz.core.SchedulerSignalerImpl
2023-06-29 16:39:44.218  INFO 5640 --- [main] org.quartz.core.QuartzScheduler          : Quartz Scheduler v.2.3.1 created.
2023-06-29 16:39:44.219  INFO 5640 --- [main] org.quartz.simpl.RAMJobStore             : RAMJobStore initialized.
2023-06-29 16:39:44.220  INFO 5640 --- [main] org.quartz.core.QuartzScheduler          : Scheduler meta-data: Quartz Scheduler (v2.3.1) 'quartzScheduler' with instanceId 'NON_CLUSTERED'
  Scheduler class: 'org.quartz.core.QuartzScheduler' - running locally.
  NOT STARTED.
  Currently in standby mode.
  Number of jobs executed: 0
  Using thread pool 'org.quartz.simpl.SimpleThreadPool' - with 10 threads.
  Using job-store 'org.quartz.simpl.RAMJobStore' - which does not support persistence. and is not clustered.

2023-06-29 16:39:44.220  INFO 5640 --- [main] org.quartz.impl.StdSchedulerFactory      : Quartz scheduler 'quartzScheduler' initialized from an externally provided properties instance.
2023-06-29 16:39:44.220  INFO 5640 --- [main] org.quartz.impl.StdSchedulerFactory      : Quartz scheduler version: 2.3.1
2023-06-29 16:39:44.220  INFO 5640 --- [main] org.quartz.core.QuartzScheduler          : JobFactory set to: org.springframework.scheduling.quartz.SpringBeanJobFactory@6d7772d3
2023-06-29 16:39:44.408  INFO 5640 --- [main] d.s.w.p.DocumentationPluginsBootstrapper : Context refreshed
2023-06-29 16:39:44.447  INFO 5640 --- [main] d.s.w.p.DocumentationPluginsBootstrapper : Found 1 custom documentation plugin(s)
2023-06-29 16:39:44.527  INFO 5640 --- [main] s.d.s.w.s.ApiListingReferenceScanner     : Scanning for api listing references
2023-06-29 16:39:44.734  INFO 5640 --- [main] .d.s.w.r.o.CachingOperationNameGenerator : Generating unique operation named: loginUsingGET_1
2023-06-29 16:39:44.736  INFO 5640 --- [main] .d.s.w.r.o.CachingOperationNameGenerator : Generating unique operation named: infoUsingGET_1
2023-06-29 16:39:44.739  INFO 5640 --- [main] .d.s.w.r.o.CachingOperationNameGenerator : Generating unique operation named: loginUsingGET_2
2023-06-29 16:39:44.740  INFO 5640 --- [main] .d.s.w.r.o.CachingOperationNameGenerator : Generating unique operation named: logoutUsingGET_1
2023-06-29 16:39:44.821  INFO 5640 --- [main] .d.s.w.r.o.CachingOperationNameGenerator : Generating unique operation named: closeCabinetUsingGET_1
2023-06-29 16:39:44.833  INFO 5640 --- [main] .d.s.w.r.o.CachingOperationNameGenerator : Generating unique operation named: conformUsingGET_1
2023-06-29 16:39:44.840  INFO 5640 --- [main] .d.s.w.r.o.CachingOperationNameGenerator : Generating unique operation named: queryToolUsingGET_1
2023-06-29 16:39:45.008  INFO 5640 --- [main] .d.s.w.r.o.CachingOperationNameGenerator : Generating unique operation named: queryToolContentUsingGET_1
2023-06-29 16:39:45.040  INFO 5640 --- [main] .d.s.w.r.o.CachingOperationNameGenerator : Generating unique operation named: replenishmentCreateOutTaskUsingGET_1
2023-06-29 16:39:45.060  INFO 5640 --- [main] .d.s.w.r.o.CachingOperationNameGenerator : Generating unique operation named: loginUsingPOST_1
2023-06-29 16:39:45.075  INFO 5640 --- [main] o.s.s.quartz.SchedulerFactoryBean        : Starting Quartz Scheduler now
2023-06-29 16:39:45.075  INFO 5640 --- [main] org.quartz.core.QuartzScheduler          : Scheduler quartzScheduler_$_NON_CLUSTERED started.
2023-06-29 16:39:45.127  INFO 5640 --- [main] o.s.b.w.embedded.tomcat.TomcatWebServer  : Tomcat started on port(s): 8099 (http) with context path '/faw'
2023-06-29 16:39:45.131  INFO 5640 --- [main] cn.stylefeng.guns.GunsApplication        : Started GunsApplication in 16.008 seconds (JVM running for 17.632)
2023-06-29 16:39:45.140  INFO 5640 --- [main] cn.stylefeng.guns.config.AppConfig       : Test Start up complete
2023-06-29 16:39:45.142  INFO 5640 --- [demo-pool-0] c.s.guns.threads.UseAppliesThread        : Task Thread- Requisition application
2023-06-29 16:39:45.330  INFO 5640 --- [demo-pool-1] c.s.guns.threads.GuiHuanAppliesThread    : Task Thread- Return application
2023-06-29 16:39:45.335  INFO 5640 --- [main] c.s.g.s.m.consts.init.SysConfigInit      : Initialization constant17 strip
2023-06-29 16:39:45.338  INFO 5640 --- [main] cn.stylefeng.guns.GunsApplication        : GunsApplication is success!
2023-06-29 16:39:55.157  INFO 5640 --- [demo-pool-0] c.s.guns.threads.UseAppliesThread        : Task Thread- Requisition application
2023-06-29 16:39:55.349  INFO 5640 --- [demo-pool-1] c.s.guns.threads.GuiHuanAppliesThread    : Task Thread- Return application
2023-06-29 16:40:05.163  INFO 5640 --- [demo-pool-0] c.s.guns.threads.UseAppliesThread        : Task Thread- Requisition application
2023-06-29 16:40:05.354  INFO 5640 --- [demo-pool-1] c.s.guns.threads.GuiHuanAppliesThread    : Task Thread- Return application
2023-06-29 16:40:08.069  INFO 5640 --- [http-nio-8099-exec-1] o.a.c.c.C.[Tomcat].[localhost].[/faw]    : Initializing Spring DispatcherServlet 'dispatcherServlet'
2023-06-29 16:40:08.070  INFO 5640 --- [http-nio-8099-exec-1] o.s.web.servlet.DispatcherServlet        : Initializing Servlet 'dispatcherServlet'
2023-06-29 16:40:08.089  INFO 5640 --- [http-nio-8099-exec-1] o.s.web.servlet.DispatcherServlet        : Completed initialization in 19 ms
2023-06-29 16:40:10.092 ERROR 5640 --- [http-nio-8099-exec-7] c.s.guns.base.consts.ConstantsContext    : jwt密钥存在空值！常量名称：GUNS_JWT_SECRET，采用默认值：随机字符串->aabp0fg5oqd9mwjxxv0ytduugrk76uvj，若想忽略此提示，请在开发管理->系统配置->参数配置，设置相关参数！
2023-06-29 16:40:15.167  INFO 5640 --- [demo-pool-0] c.s.guns.threads.UseAppliesThread        : Task Thread- Requisition application
2023-06-29 16:40:15.369  INFO 5640 --- [demo-pool-1] c.s.guns.threads.GuiHuanAppliesThread    : Task Thread- Return application
2023-06-29 16:40:25.177  INFO 5640 --- [demo-pool-0] c.s.guns.threads.UseAppliesThread        : Task Thread- Requisition application
2023-06-29 16:40:25.380  INFO 5640 --- [demo-pool-1] c.s.guns.threads.GuiHuanAppliesThread    : Task Thread- Return application
2023-06-29 16:40:35.189  INFO 5640 --- [demo-pool-0] c.s.guns.threads.UseAppliesThread        : Task Thread- Requisition application
2023-06-29 16:40:35.392  INFO 5640 --- [demo-pool-1] c.s.guns.threads.GuiHuanAppliesThread    : Task Thread- Return application
2023-06-29 16:40:45.202  INFO 5640 --- [demo-pool-0] c.s.guns.threads.UseAppliesThread        : Task Thread- Requisition application
2023-06-29 16:40:45.405  INFO 5640 --- [demo-pool-1] c.s.guns.threads.GuiHuanAppliesThread    : Task Thread- Return application
2023-06-29 16:40:55.207  INFO 5640 --- [demo-pool-0] c.s.guns.threads.UseAppliesThread        : Task Thread- Requisition application
2023-06-29 16:40:55.411  INFO 5640 --- [demo-pool-1] c.s.guns.threads.GuiHuanAppliesThread    : Task Thread- Return application
2023-06-29 16:41:05.219  INFO 5640 --- [demo-pool-0] c.s.guns.threads.UseAppliesThread        : Task Thread- Requisition application
2023-06-29 16:41:05.419  INFO 5640 --- [demo-pool-1] c.s.guns.threads.GuiHuanAppliesThread    : Task Thread- Return application
2023-06-29 16:41:15.224  INFO 5640 --- [demo-pool-0] c.s.guns.threads.UseAppliesThread        : Task Thread- Requisition application
2023-06-29 16:41:15.428  INFO 5640 --- [demo-pool-1] c.s.guns.threads.GuiHuanAppliesThread    : Task Thread- Return application
2023-06-29 16:41:25.230  INFO 5640 --- [demo-pool-0] c.s.guns.threads.UseAppliesThread        : Task Thread- Requisition application
2023-06-29 16:41:25.432  INFO 5640 --- [demo-pool-1] c.s.guns.threads.GuiHuanAppliesThread    : Task Thread- Return application
2023-06-29 16:41:35.240  INFO 5640 --- [demo-pool-0] c.s.guns.threads.UseAppliesThread        : Task Thread- Requisition application
2023-06-29 16:41:35.442  INFO 5640 --- [demo-pool-1] c.s.guns.threads.GuiHuanAppliesThread    : Task Thread- Return application
2023-06-29 16:41:45.250  INFO 5640 --- [demo-pool-0] c.s.guns.threads.UseAppliesThread        : Task Thread- Requisition application
2023-06-29 16:41:45.450  INFO 5640 --- [demo-pool-1] c.s.guns.threads.GuiHuanAppliesThread    : Task Thread- Return application
2023-06-29 16:41:47.950  INFO 5640 --- [Thread-38] org.quartz.core.QuartzScheduler          : Scheduler quartzScheduler_$_NON_CLUSTERED paused.
2023-06-29 16:41:47.951  INFO 5640 --- [Thread-38] o.s.s.quartz.SchedulerFactoryBean        : Shutting down Quartz Scheduler
2023-06-29 16:41:47.952  INFO 5640 --- [Thread-38] org.quartz.core.QuartzScheduler          : Scheduler quartzScheduler_$_NON_CLUSTERED shutting down.
2023-06-29 16:41:47.952  INFO 5640 --- [Thread-38] org.quartz.core.QuartzScheduler          : Scheduler quartzScheduler_$_NON_CLUSTERED paused.
2023-06-29 16:41:47.953  INFO 5640 --- [Thread-38] org.quartz.core.QuartzScheduler          : Scheduler quartzScheduler_$_NON_CLUSTERED shutdown complete.
2023-06-29 16:41:47.953  INFO 5640 --- [Thread-38] c.a.icatch.imp.TransactionServiceImp     : Transaction Service: Entering shutdown (false, 9223372036854775807)...
2023-06-29 16:41:47.961  INFO 5640 --- [Thread-38] o.s.s.concurrent.ThreadPoolTaskExecutor  : Shutting down ExecutorService 'applicationTaskExecutor'
2023-06-29 16:41:47.967  INFO 5640 --- [Thread-38] c.a.datasource.pool.ConnectionPool       : atomikos connection pool 'master': destroying pool...
2023-06-29 16:41:47.968  WARN 5640 --- [Thread-38] c.a.datasource.pool.ConnectionPool       : atomikos connection pool 'master': connection is still in use on pool destroy: an AtomikosXAPooledConnection with a SessionHandleState with 1 context(s) - please check your shutdown sequence to avoid heuristic termination of ongoing transactions!
