2023-07-25 14:07:12.809  INFO 17388 --- [main] cn.stylefeng.guns.GunsApplication        : Starting GunsApplication on DESKTOP-8LEEG3A with PID 17388 (started by 22490 in C:\LOGBOT\1 Project\Projects_2020\LB-SS141G_FAW\trunk\SourceCode\WMS源码\后端\wms\asd_faw_new)
2023-07-25 14:07:12.816  INFO 17388 --- [main] cn.stylefeng.guns.GunsApplication        : The following profiles are active: local
2023-07-25 14:07:17.046  INFO 17388 --- [main] trationDelegate$BeanPostProcessorChecker : Bean 'webConfig' of type [cn.stylefeng.guns.config.web.WebConfig$$EnhancerBySpringCGLIB$$4d69994d] is not eligible for getting processed by all BeanPostProcessors (for example: not eligible for auto-proxying)
2023-07-25 14:07:17.169  INFO 17388 --- [main] trationDelegate$BeanPostProcessorChecker : Bean 'org.springframework.ws.config.annotation.DelegatingWsConfiguration' of type [org.springframework.ws.config.annotation.DelegatingWsConfiguration$$EnhancerBySpringCGLIB$$8763bba4] is not eligible for getting processed by all BeanPostProcessors (for example: not eligible for auto-proxying)
2023-07-25 14:07:17.206  INFO 17388 --- [main] .w.s.a.s.AnnotationActionEndpointMapping : Supporting [WS-Addressing August 2004, WS-Addressing 1.0]
2023-07-25 14:07:17.213  INFO 17388 --- [main] trationDelegate$BeanPostProcessorChecker : Bean 'druidStatPointcut' of type [org.springframework.aop.support.JdkRegexpMethodPointcut] is not eligible for getting processed by all BeanPostProcessors (for example: not eligible for auto-proxying)
2023-07-25 14:07:17.226  INFO 17388 --- [main] trationDelegate$BeanPostProcessorChecker : Bean 'druidStatInterceptor' of type [com.alibaba.druid.support.spring.stat.DruidStatInterceptor] is not eligible for getting processed by all BeanPostProcessors (for example: not eligible for auto-proxying)
2023-07-25 14:07:17.227  INFO 17388 --- [main] trationDelegate$BeanPostProcessorChecker : Bean 'druidStatAdvisor' of type [org.springframework.aop.support.DefaultPointcutAdvisor] is not eligible for getting processed by all BeanPostProcessors (for example: not eligible for auto-proxying)
2023-07-25 14:07:17.314  INFO 17388 --- [main] trationDelegate$BeanPostProcessorChecker : Bean 'org.springframework.transaction.annotation.ProxyTransactionManagementConfiguration' of type [org.springframework.transaction.annotation.ProxyTransactionManagementConfiguration$$EnhancerBySpringCGLIB$$e2cbf6a5] is not eligible for getting processed by all BeanPostProcessors (for example: not eligible for auto-proxying)
2023-07-25 14:07:17.496  INFO 17388 --- [main] trationDelegate$BeanPostProcessorChecker : Bean 'org.springframework.security.config.annotation.configuration.ObjectPostProcessorConfiguration' of type [org.springframework.security.config.annotation.configuration.ObjectPostProcessorConfiguration$$EnhancerBySpringCGLIB$$7b79bedf] is not eligible for getting processed by all BeanPostProcessors (for example: not eligible for auto-proxying)
2023-07-25 14:07:17.504  INFO 17388 --- [main] trationDelegate$BeanPostProcessorChecker : Bean 'objectPostProcessor' of type [org.springframework.security.config.annotation.configuration.AutowireBeanFactoryObjectPostProcessor] is not eligible for getting processed by all BeanPostProcessors (for example: not eligible for auto-proxying)
2023-07-25 14:07:17.508  INFO 17388 --- [main] trationDelegate$BeanPostProcessorChecker : Bean 'org.springframework.security.access.expression.method.DefaultMethodSecurityExpressionHandler@4e8b357d' of type [org.springframework.security.access.expression.method.DefaultMethodSecurityExpressionHandler] is not eligible for getting processed by all BeanPostProcessors (for example: not eligible for auto-proxying)
2023-07-25 14:07:17.512  INFO 17388 --- [main] trationDelegate$BeanPostProcessorChecker : Bean 'org.springframework.security.config.annotation.method.configuration.GlobalMethodSecurityConfiguration' of type [org.springframework.security.config.annotation.method.configuration.GlobalMethodSecurityConfiguration$$EnhancerBySpringCGLIB$$a04e6191] is not eligible for getting processed by all BeanPostProcessors (for example: not eligible for auto-proxying)
2023-07-25 14:07:17.520  INFO 17388 --- [main] trationDelegate$BeanPostProcessorChecker : Bean 'methodSecurityMetadataSource' of type [org.springframework.security.access.method.DelegatingMethodSecurityMetadataSource] is not eligible for getting processed by all BeanPostProcessors (for example: not eligible for auto-proxying)
2023-07-25 14:07:18.065  INFO 17388 --- [main] o.s.b.w.embedded.tomcat.TomcatWebServer  : Tomcat initialized with port(s): 8099 (http)
2023-07-25 14:07:18.106  INFO 17388 --- [main] o.apache.catalina.core.StandardService   : Starting service [Tomcat]
2023-07-25 14:07:18.106  INFO 17388 --- [main] org.apache.catalina.core.StandardEngine  : Starting Servlet engine: [Apache Tomcat/9.0.21]
2023-07-25 14:07:18.390  INFO 17388 --- [main] o.a.c.c.C.[Tomcat].[localhost].[/faw]    : Initializing Spring embedded WebApplicationContext
2023-07-25 14:07:18.390  INFO 17388 --- [main] o.s.web.context.ContextLoader            : Root WebApplicationContext: initialization completed in 5224 ms
2023-07-25 14:07:18.476  WARN 17388 --- [main] c.atomikos.jdbc.AbstractDataSourceBean   : AtomikosDataSoureBean 'master': poolSize equals default - this may cause performance problems!
2023-07-25 14:07:18.742  INFO 17388 --- [main] com.alibaba.druid.pool.DruidDataSource   : {dataSource-1} inited
2023-07-25 14:07:19.636  WARN 17388 --- [main] c.atomikos.jdbc.AtomikosConnectionProxy  : atomikos connection proxy for com.alibaba.druid.proxy.jdbc.ConnectionProxyImpl@350ff014: WARNING: transaction manager not running?
2023-07-25 14:07:22.796  INFO 17388 --- [main] c.s.guns.base.db.dao.DataBaseInfoDao     : Delete the DatabaseInfo information of the master! delete1Bar!
2023-07-25 14:07:22.852  INFO 17388 --- [main] c.s.guns.base.db.dao.DataBaseInfoDao     : Initialize the DatabaseInfo information of the master! initialization1Bar!
2023-07-25 14:07:23.675  INFO 17388 --- [main] o.s.boot.web.servlet.RegistrationBean    : Servlet CXFServlet was not registered (possibly already registered?)
2023-07-25 14:07:24.184  INFO 17388 --- [main] o.s.s.concurrent.ThreadPoolTaskExecutor  : Initializing ExecutorService 'applicationTaskExecutor'
2023-07-25 14:07:26.480  INFO 17388 --- [main] o.s.s.web.DefaultSecurityFilterChain     : Creating filter chain: Ant [pattern='/login', POST], []
2023-07-25 14:07:26.481  INFO 17388 --- [main] o.s.s.web.DefaultSecurityFilterChain     : Creating filter chain: Ant [pattern='/assets/**', GET], []
2023-07-25 14:07:26.481  INFO 17388 --- [main] o.s.s.web.DefaultSecurityFilterChain     : Creating filter chain: Ant [pattern='/favicon.ico', GET], []
2023-07-25 14:07:26.482  INFO 17388 --- [main] o.s.s.web.DefaultSecurityFilterChain     : Creating filter chain: Ant [pattern='/activiti-editor/**', GET], []
2023-07-25 14:07:26.536  INFO 17388 --- [main] pertySourcedRequestMappingHandlerMapping : Mapped URL path [/v2/api-docs] onto method [public org.springframework.http.ResponseEntity<springfox.documentation.spring.web.json.Json> springfox.documentation.swagger2.web.Swagger2Controller.getDocumentation(java.lang.String,javax.servlet.http.HttpServletRequest)]
2023-07-25 14:07:26.609  INFO 17388 --- [main] o.s.s.web.DefaultSecurityFilterChain     : Creating filter chain: any request, [org.springframework.security.web.context.request.async.WebAsyncManagerIntegrationFilter@3dec769, org.springframework.security.web.context.SecurityContextPersistenceFilter@4b916cc2, org.springframework.security.web.header.HeaderWriterFilter@64fc6470, org.springframework.web.filter.CorsFilter@282c5075, cn.stylefeng.guns.sys.core.auth.filter.JwtAuthorizationTokenFilter@2493eec6, org.springframework.security.web.savedrequest.RequestCacheAwareFilter@323eecf8, org.springframework.security.web.servletapi.SecurityContextHolderAwareRequestFilter@96075c0, org.springframework.security.web.authentication.AnonymousAuthenticationFilter@2ed35f24, org.springframework.security.web.session.SessionManagementFilter@1344f7fe, org.springframework.security.web.access.ExceptionTranslationFilter@53fc870f, org.springframework.security.web.access.intercept.FilterSecurityInterceptor@336070ab]
2023-07-25 14:07:26.716  INFO 17388 --- [main] c.stylefeng.guns.modular.utils.HttpUtil  : Resttemplate initialization completed
2023-07-25 14:07:26.819  INFO 17388 --- [main] o.a.c.w.s.f.ReflectionServiceFactoryBean : Creating Service {http://andot.org/webservice/demo/server}FawApiServiceImplService from class cn.stylefeng.guns.webservice.FawApiService
2023-07-25 14:07:27.551  INFO 17388 --- [main] org.apache.cxf.endpoint.ServerImpl       : Setting the server's publish address to be /fawApiService
2023-07-25 14:07:27.700  INFO 17388 --- [main] c.a.icatch.provider.imp.AssemblerImp     : Loaded jar:file:/C:/Users/22490/.m2/repository/com/atomikos/transactions/4.0.6/transactions-4.0.6.jar!/transactions-defaults.properties
2023-07-25 14:07:27.706  WARN 17388 --- [main] c.a.icatch.provider.imp.AssemblerImp     : Thanks for using Atomikos! Evaluate http://www.atomikos.com/Main/ExtremeTransactions for advanced features and professional support
or register at http://www.atomikos.com/Main/RegisterYourDownload to disable this message and receive FREE tips & advice
2023-07-25 14:07:27.713  INFO 17388 --- [main] c.a.icatch.provider.imp.AssemblerImp     : USING: com.atomikos.icatch.default_max_wait_time_on_shutdown = 9223372036854775807
2023-07-25 14:07:27.713  INFO 17388 --- [main] c.a.icatch.provider.imp.AssemblerImp     : USING: com.atomikos.icatch.allow_subtransactions = true
2023-07-25 14:07:27.714  INFO 17388 --- [main] c.a.icatch.provider.imp.AssemblerImp     : USING: com.atomikos.icatch.recovery_delay = 10000
2023-07-25 14:07:27.715  INFO 17388 --- [main] c.a.icatch.provider.imp.AssemblerImp     : USING: com.atomikos.icatch.automatic_resource_registration = true
2023-07-25 14:07:27.715  INFO 17388 --- [main] c.a.icatch.provider.imp.AssemblerImp     : USING: com.atomikos.icatch.oltp_max_retries = 5
2023-07-25 14:07:27.715  INFO 17388 --- [main] c.a.icatch.provider.imp.AssemblerImp     : USING: com.atomikos.icatch.client_demarcation = false
2023-07-25 14:07:27.715  INFO 17388 --- [main] c.a.icatch.provider.imp.AssemblerImp     : USING: com.atomikos.icatch.threaded_2pc = false
2023-07-25 14:07:27.716  INFO 17388 --- [main] c.a.icatch.provider.imp.AssemblerImp     : USING: com.atomikos.icatch.serial_jta_transactions = true
2023-07-25 14:07:27.716  INFO 17388 --- [main] c.a.icatch.provider.imp.AssemblerImp     : USING: com.atomikos.icatch.log_base_dir = C:\LOGBOT\1 Project\Projects_2020\LB-SS141G_FAW\trunk\SourceCode\WMS源码\后端\wms\asd_faw_new\transaction-logs
2023-07-25 14:07:27.716  INFO 17388 --- [main] c.a.icatch.provider.imp.AssemblerImp     : USING: com.atomikos.icatch.rmi_export_class = none
2023-07-25 14:07:27.716  INFO 17388 --- [main] c.a.icatch.provider.imp.AssemblerImp     : USING: com.atomikos.icatch.max_actives = -1
2023-07-25 14:07:27.716  INFO 17388 --- [main] c.a.icatch.provider.imp.AssemblerImp     : USING: com.atomikos.icatch.checkpoint_interval = 500
2023-07-25 14:07:27.716  INFO 17388 --- [main] c.a.icatch.provider.imp.AssemblerImp     : USING: com.atomikos.icatch.enable_logging = true
2023-07-25 14:07:27.717  INFO 17388 --- [main] c.a.icatch.provider.imp.AssemblerImp     : USING: com.atomikos.icatch.log_base_name = tmlog
2023-07-25 14:07:27.717  INFO 17388 --- [main] c.a.icatch.provider.imp.AssemblerImp     : USING: com.atomikos.icatch.max_timeout = 300000
2023-07-25 14:07:27.717  INFO 17388 --- [main] c.a.icatch.provider.imp.AssemblerImp     : USING: com.atomikos.icatch.trust_client_tm = false
2023-07-25 14:07:27.717  INFO 17388 --- [main] c.a.icatch.provider.imp.AssemblerImp     : USING: java.naming.factory.initial = com.sun.jndi.rmi.registry.RegistryContextFactory
2023-07-25 14:07:27.717  INFO 17388 --- [main] c.a.icatch.provider.imp.AssemblerImp     : USING: com.atomikos.icatch.tm_unique_name = 172.31.6.179.tm
2023-07-25 14:07:27.717  INFO 17388 --- [main] c.a.icatch.provider.imp.AssemblerImp     : USING: com.atomikos.icatch.forget_orphaned_log_entries_delay = 86400000
2023-07-25 14:07:27.717  INFO 17388 --- [main] c.a.icatch.provider.imp.AssemblerImp     : USING: com.atomikos.icatch.oltp_retry_interval = 10000
2023-07-25 14:07:27.717  INFO 17388 --- [main] c.a.icatch.provider.imp.AssemblerImp     : USING: java.naming.provider.url = rmi://localhost:1099
2023-07-25 14:07:27.717  INFO 17388 --- [main] c.a.icatch.provider.imp.AssemblerImp     : USING: com.atomikos.icatch.force_shutdown_on_vm_exit = false
2023-07-25 14:07:27.717  INFO 17388 --- [main] c.a.icatch.provider.imp.AssemblerImp     : USING: com.atomikos.icatch.default_jta_timeout = 300000
2023-07-25 14:07:27.719  INFO 17388 --- [main] c.a.icatch.provider.imp.AssemblerImp     : Using default (local) logging and recovery...
2023-07-25 14:07:27.747  INFO 17388 --- [main] c.a.d.xa.XATransactionalResource         : master: refreshed XAResource
2023-07-25 14:07:27.989  INFO 17388 --- [main] org.quartz.impl.StdSchedulerFactory      : Using default implementation for ThreadExecutor
2023-07-25 14:07:28.003  INFO 17388 --- [main] org.quartz.core.SchedulerSignalerImpl    : Initialized Scheduler Signaller of type: class org.quartz.core.SchedulerSignalerImpl
2023-07-25 14:07:28.003  INFO 17388 --- [main] org.quartz.core.QuartzScheduler          : Quartz Scheduler v.2.3.1 created.
2023-07-25 14:07:28.005  INFO 17388 --- [main] org.quartz.simpl.RAMJobStore             : RAMJobStore initialized.
2023-07-25 14:07:28.006  INFO 17388 --- [main] org.quartz.core.QuartzScheduler          : Scheduler meta-data: Quartz Scheduler (v2.3.1) 'quartzScheduler' with instanceId 'NON_CLUSTERED'
  Scheduler class: 'org.quartz.core.QuartzScheduler' - running locally.
  NOT STARTED.
  Currently in standby mode.
  Number of jobs executed: 0
  Using thread pool 'org.quartz.simpl.SimpleThreadPool' - with 10 threads.
  Using job-store 'org.quartz.simpl.RAMJobStore' - which does not support persistence. and is not clustered.

2023-07-25 14:07:28.006  INFO 17388 --- [main] org.quartz.impl.StdSchedulerFactory      : Quartz scheduler 'quartzScheduler' initialized from an externally provided properties instance.
2023-07-25 14:07:28.006  INFO 17388 --- [main] org.quartz.impl.StdSchedulerFactory      : Quartz scheduler version: 2.3.1
2023-07-25 14:07:28.006  INFO 17388 --- [main] org.quartz.core.QuartzScheduler          : JobFactory set to: org.springframework.scheduling.quartz.SpringBeanJobFactory@2ad6aeb8
2023-07-25 14:07:28.272  INFO 17388 --- [main] d.s.w.p.DocumentationPluginsBootstrapper : Context refreshed
2023-07-25 14:07:28.330  INFO 17388 --- [main] d.s.w.p.DocumentationPluginsBootstrapper : Found 1 custom documentation plugin(s)
2023-07-25 14:07:28.406  INFO 17388 --- [main] s.d.s.w.s.ApiListingReferenceScanner     : Scanning for api listing references
2023-07-25 14:07:28.640  INFO 17388 --- [main] .d.s.w.r.o.CachingOperationNameGenerator : Generating unique operation named: loginUsingGET_1
2023-07-25 14:07:28.642  INFO 17388 --- [main] .d.s.w.r.o.CachingOperationNameGenerator : Generating unique operation named: infoUsingGET_1
2023-07-25 14:07:28.644  INFO 17388 --- [main] .d.s.w.r.o.CachingOperationNameGenerator : Generating unique operation named: loginUsingGET_2
2023-07-25 14:07:28.645  INFO 17388 --- [main] .d.s.w.r.o.CachingOperationNameGenerator : Generating unique operation named: logoutUsingGET_1
2023-07-25 14:07:28.725  INFO 17388 --- [main] .d.s.w.r.o.CachingOperationNameGenerator : Generating unique operation named: closeCabinetUsingGET_1
2023-07-25 14:07:28.736  INFO 17388 --- [main] .d.s.w.r.o.CachingOperationNameGenerator : Generating unique operation named: conformUsingGET_1
2023-07-25 14:07:28.741  INFO 17388 --- [main] .d.s.w.r.o.CachingOperationNameGenerator : Generating unique operation named: queryToolUsingGET_1
2023-07-25 14:07:28.907  INFO 17388 --- [main] .d.s.w.r.o.CachingOperationNameGenerator : Generating unique operation named: queryToolContentUsingGET_1
2023-07-25 14:07:28.938  INFO 17388 --- [main] .d.s.w.r.o.CachingOperationNameGenerator : Generating unique operation named: replenishmentCreateOutTaskUsingGET_1
2023-07-25 14:07:28.958  INFO 17388 --- [main] .d.s.w.r.o.CachingOperationNameGenerator : Generating unique operation named: loginUsingPOST_1
2023-07-25 14:07:28.975  INFO 17388 --- [main] o.s.s.quartz.SchedulerFactoryBean        : Starting Quartz Scheduler now
2023-07-25 14:07:28.975  INFO 17388 --- [main] org.quartz.core.QuartzScheduler          : Scheduler quartzScheduler_$_NON_CLUSTERED started.
2023-07-25 14:07:29.031  INFO 17388 --- [main] o.s.b.w.embedded.tomcat.TomcatWebServer  : Tomcat started on port(s): 8099 (http) with context path '/faw'
2023-07-25 14:07:29.035  INFO 17388 --- [main] cn.stylefeng.guns.GunsApplication        : Started GunsApplication in 17.128 seconds (JVM running for 18.899)
2023-07-25 14:07:29.042  INFO 17388 --- [main] cn.stylefeng.guns.config.AppConfig       : Test Start up complete
2023-07-25 14:07:29.256  INFO 17388 --- [demo-pool-1] c.s.guns.threads.GuiHuanAppliesThread    : Task Thread- Return application
2023-07-25 14:07:29.262  INFO 17388 --- [main] c.s.g.s.m.consts.init.SysConfigInit      : Initialization constant17 strip
2023-07-25 14:07:29.264  INFO 17388 --- [main] cn.stylefeng.guns.GunsApplication        : GunsApplication is success!
2023-07-25 14:07:29.269  INFO 17388 --- [demo-pool-0] c.stylefeng.guns.modular.utils.HttpUtil  : Resttemplate initialization completed
2023-07-25 14:07:38.546  INFO 17388 --- [demo-pool-0] c.s.guns.threads.UseAppliesThread        : Task Thread- Requisition application
2023-07-25 14:07:39.264  INFO 17388 --- [demo-pool-1] c.s.guns.threads.GuiHuanAppliesThread    : Task Thread- Return application
2023-07-25 14:07:48.565  INFO 17388 --- [demo-pool-0] c.stylefeng.guns.modular.utils.HttpUtil  : Resttemplate initialization completed
2023-07-25 14:07:49.270  INFO 17388 --- [demo-pool-1] c.s.guns.threads.GuiHuanAppliesThread    : Task Thread- Return application
2023-07-25 14:07:55.909  INFO 17388 --- [demo-pool-0] c.s.guns.threads.UseAppliesThread        : Task Thread- Requisition application
2023-07-25 14:07:59.283  INFO 17388 --- [demo-pool-1] c.s.guns.threads.GuiHuanAppliesThread    : Task Thread- Return application
2023-07-25 14:08:05.926  INFO 17388 --- [demo-pool-0] c.stylefeng.guns.modular.utils.HttpUtil  : Resttemplate initialization completed
2023-07-25 14:08:09.291  INFO 17388 --- [demo-pool-1] c.s.guns.threads.GuiHuanAppliesThread    : Task Thread- Return application
2023-07-25 14:08:15.909  INFO 17388 --- [demo-pool-0] c.s.guns.threads.UseAppliesThread        : Task Thread- Requisition application
2023-07-25 14:08:19.312  INFO 17388 --- [demo-pool-1] c.s.guns.threads.GuiHuanAppliesThread    : Task Thread- Return application
2023-07-25 14:08:25.936  INFO 17388 --- [demo-pool-0] c.stylefeng.guns.modular.utils.HttpUtil  : Resttemplate initialization completed
2023-07-25 14:08:28.455  INFO 17388 --- [http-nio-8099-exec-1] o.a.c.c.C.[Tomcat].[localhost].[/faw]    : Initializing Spring DispatcherServlet 'dispatcherServlet'
2023-07-25 14:08:28.456  INFO 17388 --- [http-nio-8099-exec-1] o.s.web.servlet.DispatcherServlet        : Initializing Servlet 'dispatcherServlet'
2023-07-25 14:08:28.477  INFO 17388 --- [http-nio-8099-exec-1] o.s.web.servlet.DispatcherServlet        : Completed initialization in 20 ms
2023-07-25 14:08:29.317  INFO 17388 --- [demo-pool-1] c.s.guns.threads.GuiHuanAppliesThread    : Task Thread- Return application
2023-07-25 14:08:30.988 ERROR 17388 --- [http-nio-8099-exec-10] c.s.guns.base.consts.ConstantsContext    : jwt密钥存在空值！常量名称：GUNS_JWT_SECRET，采用默认值：随机字符串->czj5ende78m4ai3ldl2kebw6sdvd8wqy，若想忽略此提示，请在开发管理->系统配置->参数配置，设置相关参数！
2023-07-25 14:08:35.823  INFO 17388 --- [demo-pool-0] c.s.guns.threads.UseAppliesThread        : Task Thread- Requisition application
2023-07-25 14:08:39.335  INFO 17388 --- [demo-pool-1] c.s.guns.threads.GuiHuanAppliesThread    : Task Thread- Return application
2023-07-25 14:08:45.845  INFO 17388 --- [demo-pool-0] c.stylefeng.guns.modular.utils.HttpUtil  : Resttemplate initialization completed
2023-07-25 14:08:49.341  INFO 17388 --- [demo-pool-1] c.s.guns.threads.GuiHuanAppliesThread    : Task Thread- Return application
2023-07-25 14:08:54.754  INFO 17388 --- [demo-pool-0] c.s.guns.threads.UseAppliesThread        : Task Thread- Requisition application
2023-07-25 14:08:59.352  INFO 17388 --- [demo-pool-1] c.s.guns.threads.GuiHuanAppliesThread    : Task Thread- Return application
2023-07-25 14:09:04.774  INFO 17388 --- [demo-pool-0] c.stylefeng.guns.modular.utils.HttpUtil  : Resttemplate initialization completed
2023-07-25 14:09:09.368  INFO 17388 --- [demo-pool-1] c.s.guns.threads.GuiHuanAppliesThread    : Task Thread- Return application
2023-07-25 14:09:14.466  INFO 17388 --- [demo-pool-0] c.s.guns.threads.UseAppliesThread        : Task Thread- Requisition application
2023-07-25 14:09:17.016 ERROR 17388 --- [http-nio-8099-exec-10] c.s.g.s.c.e.aop.GlobalExceptionHandler   : 运行时异常:

java.lang.NullPointerException: null
	at cn.stylefeng.guns.modular.base.redirect.ApplyController.listSelectApprovedBy(ApplyController.java:143)
	at sun.reflect.NativeMethodAccessorImpl.invoke0(Native Method)
	at sun.reflect.NativeMethodAccessorImpl.invoke(NativeMethodAccessorImpl.java:62)
	at sun.reflect.DelegatingMethodAccessorImpl.invoke(DelegatingMethodAccessorImpl.java:43)
	at java.lang.reflect.Method.invoke(Method.java:498)
	at org.springframework.web.method.support.InvocableHandlerMethod.doInvoke(InvocableHandlerMethod.java:190)
	at org.springframework.web.method.support.InvocableHandlerMethod.invokeForRequest(InvocableHandlerMethod.java:138)
	at org.springframework.web.servlet.mvc.method.annotation.ServletInvocableHandlerMethod.invokeAndHandle(ServletInvocableHandlerMethod.java:104)
	at org.springframework.web.servlet.mvc.method.annotation.RequestMappingHandlerAdapter.invokeHandlerMethod(RequestMappingHandlerAdapter.java:892)
	at org.springframework.web.servlet.mvc.method.annotation.RequestMappingHandlerAdapter.handleInternal(RequestMappingHandlerAdapter.java:797)
	at org.springframework.web.servlet.mvc.method.AbstractHandlerMethodAdapter.handle(AbstractHandlerMethodAdapter.java:87)
	at org.springframework.web.servlet.DispatcherServlet.doDispatch(DispatcherServlet.java:1039)
	at org.springframework.web.servlet.DispatcherServlet.doService(DispatcherServlet.java:942)
	at org.springframework.web.servlet.FrameworkServlet.processRequest(FrameworkServlet.java:1005)
	at org.springframework.web.servlet.FrameworkServlet.doGet(FrameworkServlet.java:897)
	at javax.servlet.http.HttpServlet.service(HttpServlet.java:645)
	at org.springframework.web.servlet.FrameworkServlet.service(FrameworkServlet.java:882)
	at javax.servlet.http.HttpServlet.service(HttpServlet.java:750)
	at org.apache.catalina.core.ApplicationFilterChain.internalDoFilter(ApplicationFilterChain.java:231)
	at org.apache.catalina.core.ApplicationFilterChain.doFilter(ApplicationFilterChain.java:166)
	at org.apache.tomcat.websocket.server.WsFilter.doFilter(WsFilter.java:53)
	at org.apache.catalina.core.ApplicationFilterChain.internalDoFilter(ApplicationFilterChain.java:193)
	at org.apache.catalina.core.ApplicationFilterChain.doFilter(ApplicationFilterChain.java:166)
	at org.springframework.web.filter.OncePerRequestFilter.doFilter(OncePerRequestFilter.java:103)
	at org.apache.catalina.core.ApplicationFilterChain.internalDoFilter(ApplicationFilterChain.java:193)
	at org.apache.catalina.core.ApplicationFilterChain.doFilter(ApplicationFilterChain.java:166)
	at cn.stylefeng.roses.core.xss.XssFilter.doFilter(XssFilter.java:31)
	at org.apache.catalina.core.ApplicationFilterChain.internalDoFilter(ApplicationFilterChain.java:193)
	at org.apache.catalina.core.ApplicationFilterChain.doFilter(ApplicationFilterChain.java:166)
	at com.alibaba.druid.support.http.WebStatFilter.doFilter(WebStatFilter.java:124)
	at org.apache.catalina.core.ApplicationFilterChain.internalDoFilter(ApplicationFilterChain.java:193)
	at org.apache.catalina.core.ApplicationFilterChain.doFilter(ApplicationFilterChain.java:166)
	at org.springframework.security.web.FilterChainProxy$VirtualFilterChain.doFilter(FilterChainProxy.java:320)
	at org.springframework.security.web.access.intercept.FilterSecurityInterceptor.invoke(FilterSecurityInterceptor.java:127)
	at org.springframework.security.web.access.intercept.FilterSecurityInterceptor.doFilter(FilterSecurityInterceptor.java:91)
	at org.springframework.security.web.FilterChainProxy$VirtualFilterChain.doFilter(FilterChainProxy.java:334)
	at org.springframework.security.web.access.ExceptionTranslationFilter.doFilter(ExceptionTranslationFilter.java:119)
	at org.springframework.security.web.FilterChainProxy$VirtualFilterChain.doFilter(FilterChainProxy.java:334)
	at org.springframework.security.web.session.SessionManagementFilter.doFilter(SessionManagementFilter.java:137)
	at org.springframework.security.web.FilterChainProxy$VirtualFilterChain.doFilter(FilterChainProxy.java:334)
	at org.springframework.security.web.authentication.AnonymousAuthenticationFilter.doFilter(AnonymousAuthenticationFilter.java:111)
	at org.springframework.security.web.FilterChainProxy$VirtualFilterChain.doFilter(FilterChainProxy.java:334)
	at org.springframework.security.web.servletapi.SecurityContextHolderAwareRequestFilter.doFilter(SecurityContextHolderAwareRequestFilter.java:170)
	at org.springframework.security.web.FilterChainProxy$VirtualFilterChain.doFilter(FilterChainProxy.java:334)
	at org.springframework.security.web.savedrequest.RequestCacheAwareFilter.doFilter(RequestCacheAwareFilter.java:63)
	at org.springframework.security.web.FilterChainProxy$VirtualFilterChain.doFilter(FilterChainProxy.java:334)
	at cn.stylefeng.guns.sys.core.auth.filter.JwtAuthorizationTokenFilter.doFilterInternal(JwtAuthorizationTokenFilter.java:114)
	at org.springframework.web.filter.OncePerRequestFilter.doFilter(OncePerRequestFilter.java:109)
	at org.springframework.security.web.FilterChainProxy$VirtualFilterChain.doFilter(FilterChainProxy.java:334)
	at org.springframework.web.filter.CorsFilter.doFilterInternal(CorsFilter.java:96)
	at org.springframework.web.filter.OncePerRequestFilter.doFilter(OncePerRequestFilter.java:109)
	at org.springframework.security.web.FilterChainProxy$VirtualFilterChain.doFilter(FilterChainProxy.java:334)
	at org.springframework.security.web.header.HeaderWriterFilter.doFilterInternal(HeaderWriterFilter.java:74)
	at org.springframework.web.filter.OncePerRequestFilter.doFilter(OncePerRequestFilter.java:109)
	at org.springframework.security.web.FilterChainProxy$VirtualFilterChain.doFilter(FilterChainProxy.java:334)
	at org.springframework.security.web.context.SecurityContextPersistenceFilter.doFilter(SecurityContextPersistenceFilter.java:105)
	at org.springframework.security.web.FilterChainProxy$VirtualFilterChain.doFilter(FilterChainProxy.java:334)
	at org.springframework.security.web.context.request.async.WebAsyncManagerIntegrationFilter.doFilterInternal(WebAsyncManagerIntegrationFilter.java:56)
	at org.springframework.web.filter.OncePerRequestFilter.doFilter(OncePerRequestFilter.java:109)
	at org.springframework.security.web.FilterChainProxy$VirtualFilterChain.doFilter(FilterChainProxy.java:334)
	at org.springframework.security.web.FilterChainProxy.doFilterInternal(FilterChainProxy.java:215)
	at org.springframework.security.web.FilterChainProxy.doFilter(FilterChainProxy.java:178)
	at org.springframework.web.filter.DelegatingFilterProxy.invokeDelegate(DelegatingFilterProxy.java:357)
	at org.springframework.web.filter.DelegatingFilterProxy.doFilter(DelegatingFilterProxy.java:270)
	at org.apache.catalina.core.ApplicationFilterChain.internalDoFilter(ApplicationFilterChain.java:193)
	at org.apache.catalina.core.ApplicationFilterChain.doFilter(ApplicationFilterChain.java:166)
	at org.springframework.web.filter.RequestContextFilter.doFilterInternal(RequestContextFilter.java:99)
	at org.springframework.web.filter.OncePerRequestFilter.doFilter(OncePerRequestFilter.java:109)
	at org.apache.catalina.core.ApplicationFilterChain.internalDoFilter(ApplicationFilterChain.java:193)
	at org.apache.catalina.core.ApplicationFilterChain.doFilter(ApplicationFilterChain.java:166)
	at org.springframework.web.filter.FormContentFilter.doFilterInternal(FormContentFilter.java:92)
	at org.springframework.web.filter.OncePerRequestFilter.doFilter(OncePerRequestFilter.java:109)
	at org.apache.catalina.core.ApplicationFilterChain.internalDoFilter(ApplicationFilterChain.java:193)
	at org.apache.catalina.core.ApplicationFilterChain.doFilter(ApplicationFilterChain.java:166)
	at org.springframework.web.filter.HiddenHttpMethodFilter.doFilterInternal(HiddenHttpMethodFilter.java:93)
	at org.springframework.web.filter.OncePerRequestFilter.doFilter(OncePerRequestFilter.java:109)
	at org.apache.catalina.core.ApplicationFilterChain.internalDoFilter(ApplicationFilterChain.java:193)
	at org.apache.catalina.core.ApplicationFilterChain.doFilter(ApplicationFilterChain.java:166)
	at org.springframework.web.filter.CharacterEncodingFilter.doFilterInternal(CharacterEncodingFilter.java:200)
	at org.springframework.web.filter.OncePerRequestFilter.doFilter(OncePerRequestFilter.java:109)
	at org.apache.catalina.core.ApplicationFilterChain.internalDoFilter(ApplicationFilterChain.java:193)
	at org.apache.catalina.core.ApplicationFilterChain.doFilter(ApplicationFilterChain.java:166)
	at org.apache.catalina.core.StandardWrapperValve.invoke(StandardWrapperValve.java:202)
	at org.apache.catalina.core.StandardContextValve.invoke(StandardContextValve.java:96)
	at org.apache.catalina.authenticator.AuthenticatorBase.invoke(AuthenticatorBase.java:490)
	at org.apache.catalina.core.StandardHostValve.invoke(StandardHostValve.java:139)
	at org.apache.catalina.valves.ErrorReportValve.invoke(ErrorReportValve.java:92)
	at org.apache.catalina.core.StandardEngineValve.invoke(StandardEngineValve.java:74)
	at org.apache.catalina.connector.CoyoteAdapter.service(CoyoteAdapter.java:343)
	at org.apache.coyote.http11.Http11Processor.service(Http11Processor.java:408)
	at org.apache.coyote.AbstractProcessorLight.process(AbstractProcessorLight.java:66)
	at org.apache.coyote.AbstractProtocol$ConnectionHandler.process(AbstractProtocol.java:853)
	at org.apache.tomcat.util.net.NioEndpoint$SocketProcessor.doRun(NioEndpoint.java:1587)
	at org.apache.tomcat.util.net.SocketProcessorBase.run(SocketProcessorBase.java:49)
	at java.util.concurrent.ThreadPoolExecutor.runWorker(ThreadPoolExecutor.java:1149)
	at java.util.concurrent.ThreadPoolExecutor$Worker.run(ThreadPoolExecutor.java:624)
	at org.apache.tomcat.util.threads.TaskThread$WrappingRunnable.run(TaskThread.java:61)
	at java.lang.Thread.run(Thread.java:750)

2023-07-25 14:09:19.380  INFO 17388 --- [demo-pool-1] c.s.guns.threads.GuiHuanAppliesThread    : Task Thread- Return application
2023-07-25 14:09:23.302  INFO 17388 --- [Thread-40] org.quartz.core.QuartzScheduler          : Scheduler quartzScheduler_$_NON_CLUSTERED paused.
2023-07-25 14:09:23.303  INFO 17388 --- [Thread-40] o.s.s.quartz.SchedulerFactoryBean        : Shutting down Quartz Scheduler
2023-07-25 14:09:23.303  INFO 17388 --- [Thread-40] org.quartz.core.QuartzScheduler          : Scheduler quartzScheduler_$_NON_CLUSTERED shutting down.
2023-07-25 14:09:23.304  INFO 17388 --- [Thread-40] org.quartz.core.QuartzScheduler          : Scheduler quartzScheduler_$_NON_CLUSTERED paused.
2023-07-25 14:09:23.305  INFO 17388 --- [Thread-40] org.quartz.core.QuartzScheduler          : Scheduler quartzScheduler_$_NON_CLUSTERED shutdown complete.
2023-07-25 14:09:23.305  INFO 17388 --- [Thread-40] c.a.icatch.imp.TransactionServiceImp     : Transaction Service: Entering shutdown (false, 9223372036854775807)...
2023-07-25 14:09:23.315  INFO 17388 --- [Thread-40] o.s.s.concurrent.ThreadPoolTaskExecutor  : Shutting down ExecutorService 'applicationTaskExecutor'
2023-07-25 14:09:23.322  INFO 17388 --- [Thread-40] c.a.datasource.pool.ConnectionPool       : atomikos connection pool 'master': destroying pool...
2023-07-25 14:09:23.322  WARN 17388 --- [Thread-40] c.a.datasource.pool.ConnectionPool       : atomikos connection pool 'master': connection is still in use on pool destroy: an AtomikosXAPooledConnection with a SessionHandleState with 1 context(s) - please check your shutdown sequence to avoid heuristic termination of ongoing transactions!
2023-07-25 14:10:30.372  INFO 10868 --- [main] cn.stylefeng.guns.GunsApplication        : Starting GunsApplication on DESKTOP-8LEEG3A with PID 10868 (started by 22490 in C:\LOGBOT\1 Project\Projects_2020\LB-SS141G_FAW\trunk\SourceCode\WMS源码\后端\wms\asd_faw_new)
2023-07-25 14:10:30.376  INFO 10868 --- [main] cn.stylefeng.guns.GunsApplication        : The following profiles are active: local
2023-07-25 14:10:34.302  INFO 10868 --- [main] trationDelegate$BeanPostProcessorChecker : Bean 'webConfig' of type [cn.stylefeng.guns.config.web.WebConfig$$EnhancerBySpringCGLIB$$b960ef50] is not eligible for getting processed by all BeanPostProcessors (for example: not eligible for auto-proxying)
2023-07-25 14:10:34.444  INFO 10868 --- [main] trationDelegate$BeanPostProcessorChecker : Bean 'org.springframework.ws.config.annotation.DelegatingWsConfiguration' of type [org.springframework.ws.config.annotation.DelegatingWsConfiguration$$EnhancerBySpringCGLIB$$f35b11a7] is not eligible for getting processed by all BeanPostProcessors (for example: not eligible for auto-proxying)
2023-07-25 14:10:34.469  INFO 10868 --- [main] .w.s.a.s.AnnotationActionEndpointMapping : Supporting [WS-Addressing August 2004, WS-Addressing 1.0]
2023-07-25 14:10:34.474  INFO 10868 --- [main] trationDelegate$BeanPostProcessorChecker : Bean 'druidStatPointcut' of type [org.springframework.aop.support.JdkRegexpMethodPointcut] is not eligible for getting processed by all BeanPostProcessors (for example: not eligible for auto-proxying)
2023-07-25 14:10:34.483  INFO 10868 --- [main] trationDelegate$BeanPostProcessorChecker : Bean 'druidStatInterceptor' of type [com.alibaba.druid.support.spring.stat.DruidStatInterceptor] is not eligible for getting processed by all BeanPostProcessors (for example: not eligible for auto-proxying)
2023-07-25 14:10:34.483  INFO 10868 --- [main] trationDelegate$BeanPostProcessorChecker : Bean 'druidStatAdvisor' of type [org.springframework.aop.support.DefaultPointcutAdvisor] is not eligible for getting processed by all BeanPostProcessors (for example: not eligible for auto-proxying)
2023-07-25 14:10:34.563  INFO 10868 --- [main] trationDelegate$BeanPostProcessorChecker : Bean 'org.springframework.transaction.annotation.ProxyTransactionManagementConfiguration' of type [org.springframework.transaction.annotation.ProxyTransactionManagementConfiguration$$EnhancerBySpringCGLIB$$4ec34ca8] is not eligible for getting processed by all BeanPostProcessors (for example: not eligible for auto-proxying)
2023-07-25 14:10:34.738  INFO 10868 --- [main] trationDelegate$BeanPostProcessorChecker : Bean 'org.springframework.security.config.annotation.configuration.ObjectPostProcessorConfiguration' of type [org.springframework.security.config.annotation.configuration.ObjectPostProcessorConfiguration$$EnhancerBySpringCGLIB$$e77114e2] is not eligible for getting processed by all BeanPostProcessors (for example: not eligible for auto-proxying)
2023-07-25 14:10:34.749  INFO 10868 --- [main] trationDelegate$BeanPostProcessorChecker : Bean 'objectPostProcessor' of type [org.springframework.security.config.annotation.configuration.AutowireBeanFactoryObjectPostProcessor] is not eligible for getting processed by all BeanPostProcessors (for example: not eligible for auto-proxying)
2023-07-25 14:10:34.755  INFO 10868 --- [main] trationDelegate$BeanPostProcessorChecker : Bean 'org.springframework.security.access.expression.method.DefaultMethodSecurityExpressionHandler@4d464510' of type [org.springframework.security.access.expression.method.DefaultMethodSecurityExpressionHandler] is not eligible for getting processed by all BeanPostProcessors (for example: not eligible for auto-proxying)
2023-07-25 14:10:34.756  INFO 10868 --- [main] trationDelegate$BeanPostProcessorChecker : Bean 'org.springframework.security.config.annotation.method.configuration.GlobalMethodSecurityConfiguration' of type [org.springframework.security.config.annotation.method.configuration.GlobalMethodSecurityConfiguration$$EnhancerBySpringCGLIB$$c45b794] is not eligible for getting processed by all BeanPostProcessors (for example: not eligible for auto-proxying)
2023-07-25 14:10:34.764  INFO 10868 --- [main] trationDelegate$BeanPostProcessorChecker : Bean 'methodSecurityMetadataSource' of type [org.springframework.security.access.method.DelegatingMethodSecurityMetadataSource] is not eligible for getting processed by all BeanPostProcessors (for example: not eligible for auto-proxying)
2023-07-25 14:10:35.276  INFO 10868 --- [main] o.s.b.w.embedded.tomcat.TomcatWebServer  : Tomcat initialized with port(s): 8099 (http)
2023-07-25 14:10:35.315  INFO 10868 --- [main] o.apache.catalina.core.StandardService   : Starting service [Tomcat]
2023-07-25 14:10:35.317  INFO 10868 --- [main] org.apache.catalina.core.StandardEngine  : Starting Servlet engine: [Apache Tomcat/9.0.21]
2023-07-25 14:10:35.582  INFO 10868 --- [main] o.a.c.c.C.[Tomcat].[localhost].[/faw]    : Initializing Spring embedded WebApplicationContext
2023-07-25 14:10:35.582  INFO 10868 --- [main] o.s.web.context.ContextLoader            : Root WebApplicationContext: initialization completed in 4890 ms
2023-07-25 14:10:35.666  WARN 10868 --- [main] c.atomikos.jdbc.AbstractDataSourceBean   : AtomikosDataSoureBean 'master': poolSize equals default - this may cause performance problems!
2023-07-25 14:10:35.896  INFO 10868 --- [main] com.alibaba.druid.pool.DruidDataSource   : {dataSource-1} inited
2023-07-25 14:10:36.827  WARN 10868 --- [main] c.atomikos.jdbc.AtomikosConnectionProxy  : atomikos connection proxy for com.alibaba.druid.proxy.jdbc.ConnectionProxyImpl@7661e474: WARNING: transaction manager not running?
2023-07-25 14:10:39.929  INFO 10868 --- [main] c.s.guns.base.db.dao.DataBaseInfoDao     : Delete the DatabaseInfo information of the master! delete1Bar!
2023-07-25 14:10:39.976  INFO 10868 --- [main] c.s.guns.base.db.dao.DataBaseInfoDao     : Initialize the DatabaseInfo information of the master! initialization1Bar!
2023-07-25 14:10:40.797  INFO 10868 --- [main] o.s.boot.web.servlet.RegistrationBean    : Servlet CXFServlet was not registered (possibly already registered?)
2023-07-25 14:10:41.351  INFO 10868 --- [main] o.s.s.concurrent.ThreadPoolTaskExecutor  : Initializing ExecutorService 'applicationTaskExecutor'
2023-07-25 14:10:43.596  INFO 10868 --- [main] o.s.s.web.DefaultSecurityFilterChain     : Creating filter chain: Ant [pattern='/login', POST], []
2023-07-25 14:10:43.597  INFO 10868 --- [main] o.s.s.web.DefaultSecurityFilterChain     : Creating filter chain: Ant [pattern='/assets/**', GET], []
2023-07-25 14:10:43.598  INFO 10868 --- [main] o.s.s.web.DefaultSecurityFilterChain     : Creating filter chain: Ant [pattern='/favicon.ico', GET], []
2023-07-25 14:10:43.598  INFO 10868 --- [main] o.s.s.web.DefaultSecurityFilterChain     : Creating filter chain: Ant [pattern='/activiti-editor/**', GET], []
2023-07-25 14:10:43.645  INFO 10868 --- [main] pertySourcedRequestMappingHandlerMapping : Mapped URL path [/v2/api-docs] onto method [public org.springframework.http.ResponseEntity<springfox.documentation.spring.web.json.Json> springfox.documentation.swagger2.web.Swagger2Controller.getDocumentation(java.lang.String,javax.servlet.http.HttpServletRequest)]
2023-07-25 14:10:43.716  INFO 10868 --- [main] o.s.s.web.DefaultSecurityFilterChain     : Creating filter chain: any request, [org.springframework.security.web.context.request.async.WebAsyncManagerIntegrationFilter@61246109, org.springframework.security.web.context.SecurityContextPersistenceFilter@215c6ec0, org.springframework.security.web.header.HeaderWriterFilter@10e4ee33, org.springframework.web.filter.CorsFilter@3f9e8af5, cn.stylefeng.guns.sys.core.auth.filter.JwtAuthorizationTokenFilter@aee05f4, org.springframework.security.web.savedrequest.RequestCacheAwareFilter@37c5b8e8, org.springframework.security.web.servletapi.SecurityContextHolderAwareRequestFilter@4b240276, org.springframework.security.web.authentication.AnonymousAuthenticationFilter@337cb81d, org.springframework.security.web.session.SessionManagementFilter@7cbede2b, org.springframework.security.web.access.ExceptionTranslationFilter@32d8710a, org.springframework.security.web.access.intercept.FilterSecurityInterceptor@70819ba8]
2023-07-25 14:10:43.833  INFO 10868 --- [main] c.stylefeng.guns.modular.utils.HttpUtil  : Resttemplate initialization completed
2023-07-25 14:10:43.924  INFO 10868 --- [main] o.a.c.w.s.f.ReflectionServiceFactoryBean : Creating Service {http://andot.org/webservice/demo/server}FawApiServiceImplService from class cn.stylefeng.guns.webservice.FawApiService
2023-07-25 14:10:44.621  INFO 10868 --- [main] org.apache.cxf.endpoint.ServerImpl       : Setting the server's publish address to be /fawApiService
2023-07-25 14:10:44.770  INFO 10868 --- [main] c.a.icatch.provider.imp.AssemblerImp     : Loaded jar:file:/C:/Users/22490/.m2/repository/com/atomikos/transactions/4.0.6/transactions-4.0.6.jar!/transactions-defaults.properties
2023-07-25 14:10:44.776  WARN 10868 --- [main] c.a.icatch.provider.imp.AssemblerImp     : Thanks for using Atomikos! Evaluate http://www.atomikos.com/Main/ExtremeTransactions for advanced features and professional support
or register at http://www.atomikos.com/Main/RegisterYourDownload to disable this message and receive FREE tips & advice
2023-07-25 14:10:44.782  INFO 10868 --- [main] c.a.icatch.provider.imp.AssemblerImp     : USING: com.atomikos.icatch.default_max_wait_time_on_shutdown = 9223372036854775807
2023-07-25 14:10:44.783  INFO 10868 --- [main] c.a.icatch.provider.imp.AssemblerImp     : USING: com.atomikos.icatch.allow_subtransactions = true
2023-07-25 14:10:44.783  INFO 10868 --- [main] c.a.icatch.provider.imp.AssemblerImp     : USING: com.atomikos.icatch.recovery_delay = 10000
2023-07-25 14:10:44.783  INFO 10868 --- [main] c.a.icatch.provider.imp.AssemblerImp     : USING: com.atomikos.icatch.automatic_resource_registration = true
2023-07-25 14:10:44.783  INFO 10868 --- [main] c.a.icatch.provider.imp.AssemblerImp     : USING: com.atomikos.icatch.oltp_max_retries = 5
2023-07-25 14:10:44.783  INFO 10868 --- [main] c.a.icatch.provider.imp.AssemblerImp     : USING: com.atomikos.icatch.client_demarcation = false
2023-07-25 14:10:44.783  INFO 10868 --- [main] c.a.icatch.provider.imp.AssemblerImp     : USING: com.atomikos.icatch.threaded_2pc = false
2023-07-25 14:10:44.784  INFO 10868 --- [main] c.a.icatch.provider.imp.AssemblerImp     : USING: com.atomikos.icatch.serial_jta_transactions = true
2023-07-25 14:10:44.784  INFO 10868 --- [main] c.a.icatch.provider.imp.AssemblerImp     : USING: com.atomikos.icatch.log_base_dir = C:\LOGBOT\1 Project\Projects_2020\LB-SS141G_FAW\trunk\SourceCode\WMS源码\后端\wms\asd_faw_new\transaction-logs
2023-07-25 14:10:44.784  INFO 10868 --- [main] c.a.icatch.provider.imp.AssemblerImp     : USING: com.atomikos.icatch.rmi_export_class = none
2023-07-25 14:10:44.784  INFO 10868 --- [main] c.a.icatch.provider.imp.AssemblerImp     : USING: com.atomikos.icatch.max_actives = -1
2023-07-25 14:10:44.784  INFO 10868 --- [main] c.a.icatch.provider.imp.AssemblerImp     : USING: com.atomikos.icatch.checkpoint_interval = 500
2023-07-25 14:10:44.784  INFO 10868 --- [main] c.a.icatch.provider.imp.AssemblerImp     : USING: com.atomikos.icatch.enable_logging = true
2023-07-25 14:10:44.785  INFO 10868 --- [main] c.a.icatch.provider.imp.AssemblerImp     : USING: com.atomikos.icatch.log_base_name = tmlog
2023-07-25 14:10:44.785  INFO 10868 --- [main] c.a.icatch.provider.imp.AssemblerImp     : USING: com.atomikos.icatch.max_timeout = 300000
2023-07-25 14:10:44.785  INFO 10868 --- [main] c.a.icatch.provider.imp.AssemblerImp     : USING: com.atomikos.icatch.trust_client_tm = false
2023-07-25 14:10:44.785  INFO 10868 --- [main] c.a.icatch.provider.imp.AssemblerImp     : USING: java.naming.factory.initial = com.sun.jndi.rmi.registry.RegistryContextFactory
2023-07-25 14:10:44.785  INFO 10868 --- [main] c.a.icatch.provider.imp.AssemblerImp     : USING: com.atomikos.icatch.tm_unique_name = 172.31.6.179.tm
2023-07-25 14:10:44.785  INFO 10868 --- [main] c.a.icatch.provider.imp.AssemblerImp     : USING: com.atomikos.icatch.forget_orphaned_log_entries_delay = 86400000
2023-07-25 14:10:44.785  INFO 10868 --- [main] c.a.icatch.provider.imp.AssemblerImp     : USING: com.atomikos.icatch.oltp_retry_interval = 10000
2023-07-25 14:10:44.785  INFO 10868 --- [main] c.a.icatch.provider.imp.AssemblerImp     : USING: java.naming.provider.url = rmi://localhost:1099
2023-07-25 14:10:44.785  INFO 10868 --- [main] c.a.icatch.provider.imp.AssemblerImp     : USING: com.atomikos.icatch.force_shutdown_on_vm_exit = false
2023-07-25 14:10:44.785  INFO 10868 --- [main] c.a.icatch.provider.imp.AssemblerImp     : USING: com.atomikos.icatch.default_jta_timeout = 300000
2023-07-25 14:10:44.786  INFO 10868 --- [main] c.a.icatch.provider.imp.AssemblerImp     : Using default (local) logging and recovery...
2023-07-25 14:10:44.815  INFO 10868 --- [main] c.a.d.xa.XATransactionalResource         : master: refreshed XAResource
2023-07-25 14:10:45.044  INFO 10868 --- [main] org.quartz.impl.StdSchedulerFactory      : Using default implementation for ThreadExecutor
2023-07-25 14:10:45.059  INFO 10868 --- [main] org.quartz.core.SchedulerSignalerImpl    : Initialized Scheduler Signaller of type: class org.quartz.core.SchedulerSignalerImpl
2023-07-25 14:10:45.060  INFO 10868 --- [main] org.quartz.core.QuartzScheduler          : Quartz Scheduler v.2.3.1 created.
2023-07-25 14:10:45.060  INFO 10868 --- [main] org.quartz.simpl.RAMJobStore             : RAMJobStore initialized.
2023-07-25 14:10:45.061  INFO 10868 --- [main] org.quartz.core.QuartzScheduler          : Scheduler meta-data: Quartz Scheduler (v2.3.1) 'quartzScheduler' with instanceId 'NON_CLUSTERED'
  Scheduler class: 'org.quartz.core.QuartzScheduler' - running locally.
  NOT STARTED.
  Currently in standby mode.
  Number of jobs executed: 0
  Using thread pool 'org.quartz.simpl.SimpleThreadPool' - with 10 threads.
  Using job-store 'org.quartz.simpl.RAMJobStore' - which does not support persistence. and is not clustered.

2023-07-25 14:10:45.061  INFO 10868 --- [main] org.quartz.impl.StdSchedulerFactory      : Quartz scheduler 'quartzScheduler' initialized from an externally provided properties instance.
2023-07-25 14:10:45.061  INFO 10868 --- [main] org.quartz.impl.StdSchedulerFactory      : Quartz scheduler version: 2.3.1
2023-07-25 14:10:45.061  INFO 10868 --- [main] org.quartz.core.QuartzScheduler          : JobFactory set to: org.springframework.scheduling.quartz.SpringBeanJobFactory@1db9c2cf
2023-07-25 14:10:45.290  INFO 10868 --- [main] d.s.w.p.DocumentationPluginsBootstrapper : Context refreshed
2023-07-25 14:10:45.325  INFO 10868 --- [main] d.s.w.p.DocumentationPluginsBootstrapper : Found 1 custom documentation plugin(s)
2023-07-25 14:10:45.394  INFO 10868 --- [main] s.d.s.w.s.ApiListingReferenceScanner     : Scanning for api listing references
2023-07-25 14:10:45.587  INFO 10868 --- [main] .d.s.w.r.o.CachingOperationNameGenerator : Generating unique operation named: loginUsingGET_1
2023-07-25 14:10:45.589  INFO 10868 --- [main] .d.s.w.r.o.CachingOperationNameGenerator : Generating unique operation named: infoUsingGET_1
2023-07-25 14:10:45.591  INFO 10868 --- [main] .d.s.w.r.o.CachingOperationNameGenerator : Generating unique operation named: loginUsingGET_2
2023-07-25 14:10:45.592  INFO 10868 --- [main] .d.s.w.r.o.CachingOperationNameGenerator : Generating unique operation named: logoutUsingGET_1
2023-07-25 14:10:45.664  INFO 10868 --- [main] .d.s.w.r.o.CachingOperationNameGenerator : Generating unique operation named: closeCabinetUsingGET_1
2023-07-25 14:10:45.676  INFO 10868 --- [main] .d.s.w.r.o.CachingOperationNameGenerator : Generating unique operation named: conformUsingGET_1
2023-07-25 14:10:45.683  INFO 10868 --- [main] .d.s.w.r.o.CachingOperationNameGenerator : Generating unique operation named: queryToolUsingGET_1
2023-07-25 14:10:45.864  INFO 10868 --- [main] .d.s.w.r.o.CachingOperationNameGenerator : Generating unique operation named: queryToolContentUsingGET_1
2023-07-25 14:10:45.892  INFO 10868 --- [main] .d.s.w.r.o.CachingOperationNameGenerator : Generating unique operation named: replenishmentCreateOutTaskUsingGET_1
2023-07-25 14:10:45.910  INFO 10868 --- [main] .d.s.w.r.o.CachingOperationNameGenerator : Generating unique operation named: loginUsingPOST_1
2023-07-25 14:10:45.926  INFO 10868 --- [main] o.s.s.quartz.SchedulerFactoryBean        : Starting Quartz Scheduler now
2023-07-25 14:10:45.927  INFO 10868 --- [main] org.quartz.core.QuartzScheduler          : Scheduler quartzScheduler_$_NON_CLUSTERED started.
2023-07-25 14:10:45.974  INFO 10868 --- [main] o.s.b.w.embedded.tomcat.TomcatWebServer  : Tomcat started on port(s): 8099 (http) with context path '/faw'
2023-07-25 14:10:45.978  INFO 10868 --- [main] cn.stylefeng.guns.GunsApplication        : Started GunsApplication in 16.454 seconds (JVM running for 18.408)
2023-07-25 14:10:45.984  INFO 10868 --- [main] cn.stylefeng.guns.config.AppConfig       : Test Start up complete
2023-07-25 14:10:46.187  INFO 10868 --- [demo-pool-1] c.s.guns.threads.GuiHuanAppliesThread    : Task Thread- Return application
2023-07-25 14:10:46.194  INFO 10868 --- [main] c.s.g.s.m.consts.init.SysConfigInit      : Initialization constant17 strip
2023-07-25 14:10:46.198  INFO 10868 --- [main] cn.stylefeng.guns.GunsApplication        : GunsApplication is success!
2023-07-25 14:10:46.207  INFO 10868 --- [demo-pool-0] c.stylefeng.guns.modular.utils.HttpUtil  : Resttemplate initialization completed
2023-07-25 14:10:51.304  INFO 10868 --- [http-nio-8099-exec-1] o.a.c.c.C.[Tomcat].[localhost].[/faw]    : Initializing Spring DispatcherServlet 'dispatcherServlet'
2023-07-25 14:10:51.305  INFO 10868 --- [http-nio-8099-exec-1] o.s.web.servlet.DispatcherServlet        : Initializing Servlet 'dispatcherServlet'
2023-07-25 14:10:51.323  INFO 10868 --- [http-nio-8099-exec-1] o.s.web.servlet.DispatcherServlet        : Completed initialization in 18 ms
2023-07-25 14:10:55.309 ERROR 10868 --- [http-nio-8099-exec-7] c.s.guns.base.consts.ConstantsContext    : jwt密钥存在空值！常量名称：GUNS_JWT_SECRET，采用默认值：随机字符串->7s76vhr1l72tztd2cnub28lwdhih5eje，若想忽略此提示，请在开发管理->系统配置->参数配置，设置相关参数！
2023-07-25 14:10:56.033  INFO 10868 --- [demo-pool-0] c.s.guns.threads.UseAppliesThread        : Task Thread- Requisition application
2023-07-25 14:10:56.196  INFO 10868 --- [demo-pool-1] c.s.guns.threads.GuiHuanAppliesThread    : Task Thread- Return application
2023-07-25 14:11:06.054  INFO 10868 --- [demo-pool-0] c.stylefeng.guns.modular.utils.HttpUtil  : Resttemplate initialization completed
2023-07-25 14:11:06.215  INFO 10868 --- [demo-pool-1] c.s.guns.threads.GuiHuanAppliesThread    : Task Thread- Return application
2023-07-25 14:11:16.223  INFO 10868 --- [demo-pool-1] c.s.guns.threads.GuiHuanAppliesThread    : Task Thread- Return application
2023-07-25 14:11:17.775  INFO 10868 --- [demo-pool-0] c.s.guns.threads.UseAppliesThread        : Task Thread- Requisition application
2023-07-25 14:11:26.236  INFO 10868 --- [demo-pool-1] c.s.guns.threads.GuiHuanAppliesThread    : Task Thread- Return application
2023-07-25 14:11:27.788  INFO 10868 --- [demo-pool-0] c.stylefeng.guns.modular.utils.HttpUtil  : Resttemplate initialization completed
2023-07-25 14:11:36.254  INFO 10868 --- [demo-pool-1] c.s.guns.threads.GuiHuanAppliesThread    : Task Thread- Return application
2023-07-25 14:11:36.563  INFO 10868 --- [demo-pool-0] c.s.guns.threads.UseAppliesThread        : Task Thread- Requisition application
2023-07-25 14:11:46.271  INFO 10868 --- [demo-pool-1] c.s.guns.threads.GuiHuanAppliesThread    : Task Thread- Return application
2023-07-25 14:11:46.588  INFO 10868 --- [demo-pool-0] c.stylefeng.guns.modular.utils.HttpUtil  : Resttemplate initialization completed
2023-07-25 14:11:55.623  INFO 10868 --- [demo-pool-0] c.s.guns.threads.UseAppliesThread        : Task Thread- Requisition application
2023-07-25 14:11:56.276  INFO 10868 --- [demo-pool-1] c.s.guns.threads.GuiHuanAppliesThread    : Task Thread- Return application
2023-07-25 14:12:05.640  INFO 10868 --- [demo-pool-0] c.stylefeng.guns.modular.utils.HttpUtil  : Resttemplate initialization completed
2023-07-25 14:12:06.293  INFO 10868 --- [demo-pool-1] c.s.guns.threads.GuiHuanAppliesThread    : Task Thread- Return application
2023-07-25 14:12:16.309  INFO 10868 --- [demo-pool-1] c.s.guns.threads.GuiHuanAppliesThread    : Task Thread- Return application
2023-07-25 14:12:21.657 ERROR 10868 --- [http-nio-8099-exec-10] c.s.g.s.c.e.aop.GlobalExceptionHandler   : 运行时异常:

java.lang.NullPointerException: null
	at cn.stylefeng.guns.modular.base.redirect.ApplyController.listSelectApprovedBy(ApplyController.java:143)
	at sun.reflect.NativeMethodAccessorImpl.invoke0(Native Method)
	at sun.reflect.NativeMethodAccessorImpl.invoke(NativeMethodAccessorImpl.java:62)
	at sun.reflect.DelegatingMethodAccessorImpl.invoke(DelegatingMethodAccessorImpl.java:43)
	at java.lang.reflect.Method.invoke(Method.java:498)
	at org.springframework.web.method.support.InvocableHandlerMethod.doInvoke(InvocableHandlerMethod.java:190)
	at org.springframework.web.method.support.InvocableHandlerMethod.invokeForRequest(InvocableHandlerMethod.java:138)
	at org.springframework.web.servlet.mvc.method.annotation.ServletInvocableHandlerMethod.invokeAndHandle(ServletInvocableHandlerMethod.java:104)
	at org.springframework.web.servlet.mvc.method.annotation.RequestMappingHandlerAdapter.invokeHandlerMethod(RequestMappingHandlerAdapter.java:892)
	at org.springframework.web.servlet.mvc.method.annotation.RequestMappingHandlerAdapter.handleInternal(RequestMappingHandlerAdapter.java:797)
	at org.springframework.web.servlet.mvc.method.AbstractHandlerMethodAdapter.handle(AbstractHandlerMethodAdapter.java:87)
	at org.springframework.web.servlet.DispatcherServlet.doDispatch(DispatcherServlet.java:1039)
	at org.springframework.web.servlet.DispatcherServlet.doService(DispatcherServlet.java:942)
	at org.springframework.web.servlet.FrameworkServlet.processRequest(FrameworkServlet.java:1005)
	at org.springframework.web.servlet.FrameworkServlet.doGet(FrameworkServlet.java:897)
	at javax.servlet.http.HttpServlet.service(HttpServlet.java:645)
	at org.springframework.web.servlet.FrameworkServlet.service(FrameworkServlet.java:882)
	at javax.servlet.http.HttpServlet.service(HttpServlet.java:750)
	at org.apache.catalina.core.ApplicationFilterChain.internalDoFilter(ApplicationFilterChain.java:231)
	at org.apache.catalina.core.ApplicationFilterChain.doFilter(ApplicationFilterChain.java:166)
	at org.apache.tomcat.websocket.server.WsFilter.doFilter(WsFilter.java:53)
	at org.apache.catalina.core.ApplicationFilterChain.internalDoFilter(ApplicationFilterChain.java:193)
	at org.apache.catalina.core.ApplicationFilterChain.doFilter(ApplicationFilterChain.java:166)
	at org.springframework.web.filter.OncePerRequestFilter.doFilter(OncePerRequestFilter.java:103)
	at org.apache.catalina.core.ApplicationFilterChain.internalDoFilter(ApplicationFilterChain.java:193)
	at org.apache.catalina.core.ApplicationFilterChain.doFilter(ApplicationFilterChain.java:166)
	at cn.stylefeng.roses.core.xss.XssFilter.doFilter(XssFilter.java:31)
	at org.apache.catalina.core.ApplicationFilterChain.internalDoFilter(ApplicationFilterChain.java:193)
	at org.apache.catalina.core.ApplicationFilterChain.doFilter(ApplicationFilterChain.java:166)
	at com.alibaba.druid.support.http.WebStatFilter.doFilter(WebStatFilter.java:124)
	at org.apache.catalina.core.ApplicationFilterChain.internalDoFilter(ApplicationFilterChain.java:193)
	at org.apache.catalina.core.ApplicationFilterChain.doFilter(ApplicationFilterChain.java:166)
	at org.springframework.security.web.FilterChainProxy$VirtualFilterChain.doFilter(FilterChainProxy.java:320)
	at org.springframework.security.web.access.intercept.FilterSecurityInterceptor.invoke(FilterSecurityInterceptor.java:127)
	at org.springframework.security.web.access.intercept.FilterSecurityInterceptor.doFilter(FilterSecurityInterceptor.java:91)
	at org.springframework.security.web.FilterChainProxy$VirtualFilterChain.doFilter(FilterChainProxy.java:334)
	at org.springframework.security.web.access.ExceptionTranslationFilter.doFilter(ExceptionTranslationFilter.java:119)
	at org.springframework.security.web.FilterChainProxy$VirtualFilterChain.doFilter(FilterChainProxy.java:334)
	at org.springframework.security.web.session.SessionManagementFilter.doFilter(SessionManagementFilter.java:137)
	at org.springframework.security.web.FilterChainProxy$VirtualFilterChain.doFilter(FilterChainProxy.java:334)
	at org.springframework.security.web.authentication.AnonymousAuthenticationFilter.doFilter(AnonymousAuthenticationFilter.java:111)
	at org.springframework.security.web.FilterChainProxy$VirtualFilterChain.doFilter(FilterChainProxy.java:334)
	at org.springframework.security.web.servletapi.SecurityContextHolderAwareRequestFilter.doFilter(SecurityContextHolderAwareRequestFilter.java:170)
	at org.springframework.security.web.FilterChainProxy$VirtualFilterChain.doFilter(FilterChainProxy.java:334)
	at org.springframework.security.web.savedrequest.RequestCacheAwareFilter.doFilter(RequestCacheAwareFilter.java:63)
	at org.springframework.security.web.FilterChainProxy$VirtualFilterChain.doFilter(FilterChainProxy.java:334)
	at cn.stylefeng.guns.sys.core.auth.filter.JwtAuthorizationTokenFilter.doFilterInternal(JwtAuthorizationTokenFilter.java:114)
	at org.springframework.web.filter.OncePerRequestFilter.doFilter(OncePerRequestFilter.java:109)
	at org.springframework.security.web.FilterChainProxy$VirtualFilterChain.doFilter(FilterChainProxy.java:334)
	at org.springframework.web.filter.CorsFilter.doFilterInternal(CorsFilter.java:96)
	at org.springframework.web.filter.OncePerRequestFilter.doFilter(OncePerRequestFilter.java:109)
	at org.springframework.security.web.FilterChainProxy$VirtualFilterChain.doFilter(FilterChainProxy.java:334)
	at org.springframework.security.web.header.HeaderWriterFilter.doFilterInternal(HeaderWriterFilter.java:74)
	at org.springframework.web.filter.OncePerRequestFilter.doFilter(OncePerRequestFilter.java:109)
	at org.springframework.security.web.FilterChainProxy$VirtualFilterChain.doFilter(FilterChainProxy.java:334)
	at org.springframework.security.web.context.SecurityContextPersistenceFilter.doFilter(SecurityContextPersistenceFilter.java:105)
	at org.springframework.security.web.FilterChainProxy$VirtualFilterChain.doFilter(FilterChainProxy.java:334)
	at org.springframework.security.web.context.request.async.WebAsyncManagerIntegrationFilter.doFilterInternal(WebAsyncManagerIntegrationFilter.java:56)
	at org.springframework.web.filter.OncePerRequestFilter.doFilter(OncePerRequestFilter.java:109)
	at org.springframework.security.web.FilterChainProxy$VirtualFilterChain.doFilter(FilterChainProxy.java:334)
	at org.springframework.security.web.FilterChainProxy.doFilterInternal(FilterChainProxy.java:215)
	at org.springframework.security.web.FilterChainProxy.doFilter(FilterChainProxy.java:178)
	at org.springframework.web.filter.DelegatingFilterProxy.invokeDelegate(DelegatingFilterProxy.java:357)
	at org.springframework.web.filter.DelegatingFilterProxy.doFilter(DelegatingFilterProxy.java:270)
	at org.apache.catalina.core.ApplicationFilterChain.internalDoFilter(ApplicationFilterChain.java:193)
	at org.apache.catalina.core.ApplicationFilterChain.doFilter(ApplicationFilterChain.java:166)
	at org.springframework.web.filter.RequestContextFilter.doFilterInternal(RequestContextFilter.java:99)
	at org.springframework.web.filter.OncePerRequestFilter.doFilter(OncePerRequestFilter.java:109)
	at org.apache.catalina.core.ApplicationFilterChain.internalDoFilter(ApplicationFilterChain.java:193)
	at org.apache.catalina.core.ApplicationFilterChain.doFilter(ApplicationFilterChain.java:166)
	at org.springframework.web.filter.FormContentFilter.doFilterInternal(FormContentFilter.java:92)
	at org.springframework.web.filter.OncePerRequestFilter.doFilter(OncePerRequestFilter.java:109)
	at org.apache.catalina.core.ApplicationFilterChain.internalDoFilter(ApplicationFilterChain.java:193)
	at org.apache.catalina.core.ApplicationFilterChain.doFilter(ApplicationFilterChain.java:166)
	at org.springframework.web.filter.HiddenHttpMethodFilter.doFilterInternal(HiddenHttpMethodFilter.java:93)
	at org.springframework.web.filter.OncePerRequestFilter.doFilter(OncePerRequestFilter.java:109)
	at org.apache.catalina.core.ApplicationFilterChain.internalDoFilter(ApplicationFilterChain.java:193)
	at org.apache.catalina.core.ApplicationFilterChain.doFilter(ApplicationFilterChain.java:166)
	at org.springframework.web.filter.CharacterEncodingFilter.doFilterInternal(CharacterEncodingFilter.java:200)
	at org.springframework.web.filter.OncePerRequestFilter.doFilter(OncePerRequestFilter.java:109)
	at org.apache.catalina.core.ApplicationFilterChain.internalDoFilter(ApplicationFilterChain.java:193)
	at org.apache.catalina.core.ApplicationFilterChain.doFilter(ApplicationFilterChain.java:166)
	at org.apache.catalina.core.StandardWrapperValve.invoke(StandardWrapperValve.java:202)
	at org.apache.catalina.core.StandardContextValve.invoke(StandardContextValve.java:96)
	at org.apache.catalina.authenticator.AuthenticatorBase.invoke(AuthenticatorBase.java:490)
	at org.apache.catalina.core.StandardHostValve.invoke(StandardHostValve.java:139)
	at org.apache.catalina.valves.ErrorReportValve.invoke(ErrorReportValve.java:92)
	at org.apache.catalina.core.StandardEngineValve.invoke(StandardEngineValve.java:74)
	at org.apache.catalina.connector.CoyoteAdapter.service(CoyoteAdapter.java:343)
	at org.apache.coyote.http11.Http11Processor.service(Http11Processor.java:408)
	at org.apache.coyote.AbstractProcessorLight.process(AbstractProcessorLight.java:66)
	at org.apache.coyote.AbstractProtocol$ConnectionHandler.process(AbstractProtocol.java:853)
	at org.apache.tomcat.util.net.NioEndpoint$SocketProcessor.doRun(NioEndpoint.java:1587)
	at org.apache.tomcat.util.net.SocketProcessorBase.run(SocketProcessorBase.java:49)
	at java.util.concurrent.ThreadPoolExecutor.runWorker(ThreadPoolExecutor.java:1149)
	at java.util.concurrent.ThreadPoolExecutor$Worker.run(ThreadPoolExecutor.java:624)
	at org.apache.tomcat.util.threads.TaskThread$WrappingRunnable.run(TaskThread.java:61)
	at java.lang.Thread.run(Thread.java:750)

2023-07-25 14:12:23.158  INFO 10868 --- [demo-pool-0] c.s.guns.threads.UseAppliesThread        : Task Thread- Requisition application
2023-07-25 14:12:26.323  INFO 10868 --- [demo-pool-1] c.s.guns.threads.GuiHuanAppliesThread    : Task Thread- Return application
2023-07-25 14:12:33.180  INFO 10868 --- [demo-pool-0] c.stylefeng.guns.modular.utils.HttpUtil  : Resttemplate initialization completed
2023-07-25 14:12:36.329  INFO 10868 --- [demo-pool-1] c.s.guns.threads.GuiHuanAppliesThread    : Task Thread- Return application
2023-07-25 14:12:36.834 ERROR 10868 --- [http-nio-8099-exec-4] c.s.g.s.c.e.aop.GlobalExceptionHandler   : 运行时异常:

java.lang.NullPointerException: null
	at cn.stylefeng.guns.modular.base.redirect.ApplyController.listSelectApprovedBy(ApplyController.java:143)
	at sun.reflect.NativeMethodAccessorImpl.invoke0(Native Method)
	at sun.reflect.NativeMethodAccessorImpl.invoke(NativeMethodAccessorImpl.java:62)
	at sun.reflect.DelegatingMethodAccessorImpl.invoke(DelegatingMethodAccessorImpl.java:43)
	at java.lang.reflect.Method.invoke(Method.java:498)
	at org.springframework.web.method.support.InvocableHandlerMethod.doInvoke(InvocableHandlerMethod.java:190)
	at org.springframework.web.method.support.InvocableHandlerMethod.invokeForRequest(InvocableHandlerMethod.java:138)
	at org.springframework.web.servlet.mvc.method.annotation.ServletInvocableHandlerMethod.invokeAndHandle(ServletInvocableHandlerMethod.java:104)
	at org.springframework.web.servlet.mvc.method.annotation.RequestMappingHandlerAdapter.invokeHandlerMethod(RequestMappingHandlerAdapter.java:892)
	at org.springframework.web.servlet.mvc.method.annotation.RequestMappingHandlerAdapter.handleInternal(RequestMappingHandlerAdapter.java:797)
	at org.springframework.web.servlet.mvc.method.AbstractHandlerMethodAdapter.handle(AbstractHandlerMethodAdapter.java:87)
	at org.springframework.web.servlet.DispatcherServlet.doDispatch(DispatcherServlet.java:1039)
	at org.springframework.web.servlet.DispatcherServlet.doService(DispatcherServlet.java:942)
	at org.springframework.web.servlet.FrameworkServlet.processRequest(FrameworkServlet.java:1005)
	at org.springframework.web.servlet.FrameworkServlet.doGet(FrameworkServlet.java:897)
	at javax.servlet.http.HttpServlet.service(HttpServlet.java:645)
	at org.springframework.web.servlet.FrameworkServlet.service(FrameworkServlet.java:882)
	at javax.servlet.http.HttpServlet.service(HttpServlet.java:750)
	at org.apache.catalina.core.ApplicationFilterChain.internalDoFilter(ApplicationFilterChain.java:231)
	at org.apache.catalina.core.ApplicationFilterChain.doFilter(ApplicationFilterChain.java:166)
	at org.apache.tomcat.websocket.server.WsFilter.doFilter(WsFilter.java:53)
	at org.apache.catalina.core.ApplicationFilterChain.internalDoFilter(ApplicationFilterChain.java:193)
	at org.apache.catalina.core.ApplicationFilterChain.doFilter(ApplicationFilterChain.java:166)
	at org.springframework.web.filter.OncePerRequestFilter.doFilter(OncePerRequestFilter.java:103)
	at org.apache.catalina.core.ApplicationFilterChain.internalDoFilter(ApplicationFilterChain.java:193)
	at org.apache.catalina.core.ApplicationFilterChain.doFilter(ApplicationFilterChain.java:166)
	at cn.stylefeng.roses.core.xss.XssFilter.doFilter(XssFilter.java:31)
	at org.apache.catalina.core.ApplicationFilterChain.internalDoFilter(ApplicationFilterChain.java:193)
	at org.apache.catalina.core.ApplicationFilterChain.doFilter(ApplicationFilterChain.java:166)
	at com.alibaba.druid.support.http.WebStatFilter.doFilter(WebStatFilter.java:124)
	at org.apache.catalina.core.ApplicationFilterChain.internalDoFilter(ApplicationFilterChain.java:193)
	at org.apache.catalina.core.ApplicationFilterChain.doFilter(ApplicationFilterChain.java:166)
	at org.springframework.security.web.FilterChainProxy$VirtualFilterChain.doFilter(FilterChainProxy.java:320)
	at org.springframework.security.web.access.intercept.FilterSecurityInterceptor.invoke(FilterSecurityInterceptor.java:127)
	at org.springframework.security.web.access.intercept.FilterSecurityInterceptor.doFilter(FilterSecurityInterceptor.java:91)
	at org.springframework.security.web.FilterChainProxy$VirtualFilterChain.doFilter(FilterChainProxy.java:334)
	at org.springframework.security.web.access.ExceptionTranslationFilter.doFilter(ExceptionTranslationFilter.java:119)
	at org.springframework.security.web.FilterChainProxy$VirtualFilterChain.doFilter(FilterChainProxy.java:334)
	at org.springframework.security.web.session.SessionManagementFilter.doFilter(SessionManagementFilter.java:137)
	at org.springframework.security.web.FilterChainProxy$VirtualFilterChain.doFilter(FilterChainProxy.java:334)
	at org.springframework.security.web.authentication.AnonymousAuthenticationFilter.doFilter(AnonymousAuthenticationFilter.java:111)
	at org.springframework.security.web.FilterChainProxy$VirtualFilterChain.doFilter(FilterChainProxy.java:334)
	at org.springframework.security.web.servletapi.SecurityContextHolderAwareRequestFilter.doFilter(SecurityContextHolderAwareRequestFilter.java:170)
	at org.springframework.security.web.FilterChainProxy$VirtualFilterChain.doFilter(FilterChainProxy.java:334)
	at org.springframework.security.web.savedrequest.RequestCacheAwareFilter.doFilter(RequestCacheAwareFilter.java:63)
	at org.springframework.security.web.FilterChainProxy$VirtualFilterChain.doFilter(FilterChainProxy.java:334)
	at cn.stylefeng.guns.sys.core.auth.filter.JwtAuthorizationTokenFilter.doFilterInternal(JwtAuthorizationTokenFilter.java:114)
	at org.springframework.web.filter.OncePerRequestFilter.doFilter(OncePerRequestFilter.java:109)
	at org.springframework.security.web.FilterChainProxy$VirtualFilterChain.doFilter(FilterChainProxy.java:334)
	at org.springframework.web.filter.CorsFilter.doFilterInternal(CorsFilter.java:96)
	at org.springframework.web.filter.OncePerRequestFilter.doFilter(OncePerRequestFilter.java:109)
	at org.springframework.security.web.FilterChainProxy$VirtualFilterChain.doFilter(FilterChainProxy.java:334)
	at org.springframework.security.web.header.HeaderWriterFilter.doFilterInternal(HeaderWriterFilter.java:74)
	at org.springframework.web.filter.OncePerRequestFilter.doFilter(OncePerRequestFilter.java:109)
	at org.springframework.security.web.FilterChainProxy$VirtualFilterChain.doFilter(FilterChainProxy.java:334)
	at org.springframework.security.web.context.SecurityContextPersistenceFilter.doFilter(SecurityContextPersistenceFilter.java:105)
	at org.springframework.security.web.FilterChainProxy$VirtualFilterChain.doFilter(FilterChainProxy.java:334)
	at org.springframework.security.web.context.request.async.WebAsyncManagerIntegrationFilter.doFilterInternal(WebAsyncManagerIntegrationFilter.java:56)
	at org.springframework.web.filter.OncePerRequestFilter.doFilter(OncePerRequestFilter.java:109)
	at org.springframework.security.web.FilterChainProxy$VirtualFilterChain.doFilter(FilterChainProxy.java:334)
	at org.springframework.security.web.FilterChainProxy.doFilterInternal(FilterChainProxy.java:215)
	at org.springframework.security.web.FilterChainProxy.doFilter(FilterChainProxy.java:178)
	at org.springframework.web.filter.DelegatingFilterProxy.invokeDelegate(DelegatingFilterProxy.java:357)
	at org.springframework.web.filter.DelegatingFilterProxy.doFilter(DelegatingFilterProxy.java:270)
	at org.apache.catalina.core.ApplicationFilterChain.internalDoFilter(ApplicationFilterChain.java:193)
	at org.apache.catalina.core.ApplicationFilterChain.doFilter(ApplicationFilterChain.java:166)
	at org.springframework.web.filter.RequestContextFilter.doFilterInternal(RequestContextFilter.java:99)
	at org.springframework.web.filter.OncePerRequestFilter.doFilter(OncePerRequestFilter.java:109)
	at org.apache.catalina.core.ApplicationFilterChain.internalDoFilter(ApplicationFilterChain.java:193)
	at org.apache.catalina.core.ApplicationFilterChain.doFilter(ApplicationFilterChain.java:166)
	at org.springframework.web.filter.FormContentFilter.doFilterInternal(FormContentFilter.java:92)
	at org.springframework.web.filter.OncePerRequestFilter.doFilter(OncePerRequestFilter.java:109)
	at org.apache.catalina.core.ApplicationFilterChain.internalDoFilter(ApplicationFilterChain.java:193)
	at org.apache.catalina.core.ApplicationFilterChain.doFilter(ApplicationFilterChain.java:166)
	at org.springframework.web.filter.HiddenHttpMethodFilter.doFilterInternal(HiddenHttpMethodFilter.java:93)
	at org.springframework.web.filter.OncePerRequestFilter.doFilter(OncePerRequestFilter.java:109)
	at org.apache.catalina.core.ApplicationFilterChain.internalDoFilter(ApplicationFilterChain.java:193)
	at org.apache.catalina.core.ApplicationFilterChain.doFilter(ApplicationFilterChain.java:166)
	at org.springframework.web.filter.CharacterEncodingFilter.doFilterInternal(CharacterEncodingFilter.java:200)
	at org.springframework.web.filter.OncePerRequestFilter.doFilter(OncePerRequestFilter.java:109)
	at org.apache.catalina.core.ApplicationFilterChain.internalDoFilter(ApplicationFilterChain.java:193)
	at org.apache.catalina.core.ApplicationFilterChain.doFilter(ApplicationFilterChain.java:166)
	at org.apache.catalina.core.StandardWrapperValve.invoke(StandardWrapperValve.java:202)
	at org.apache.catalina.core.StandardContextValve.invoke(StandardContextValve.java:96)
	at org.apache.catalina.authenticator.AuthenticatorBase.invoke(AuthenticatorBase.java:490)
	at org.apache.catalina.core.StandardHostValve.invoke(StandardHostValve.java:139)
	at org.apache.catalina.valves.ErrorReportValve.invoke(ErrorReportValve.java:92)
	at org.apache.catalina.core.StandardEngineValve.invoke(StandardEngineValve.java:74)
	at org.apache.catalina.connector.CoyoteAdapter.service(CoyoteAdapter.java:343)
	at org.apache.coyote.http11.Http11Processor.service(Http11Processor.java:408)
	at org.apache.coyote.AbstractProcessorLight.process(AbstractProcessorLight.java:66)
	at org.apache.coyote.AbstractProtocol$ConnectionHandler.process(AbstractProtocol.java:853)
	at org.apache.tomcat.util.net.NioEndpoint$SocketProcessor.doRun(NioEndpoint.java:1587)
	at org.apache.tomcat.util.net.SocketProcessorBase.run(SocketProcessorBase.java:49)
	at java.util.concurrent.ThreadPoolExecutor.runWorker(ThreadPoolExecutor.java:1149)
	at java.util.concurrent.ThreadPoolExecutor$Worker.run(ThreadPoolExecutor.java:624)
	at org.apache.tomcat.util.threads.TaskThread$WrappingRunnable.run(TaskThread.java:61)
	at java.lang.Thread.run(Thread.java:750)

2023-07-25 14:12:45.295  INFO 10868 --- [demo-pool-0] c.s.guns.threads.UseAppliesThread        : Task Thread- Requisition application
2023-07-25 14:12:46.334  INFO 10868 --- [demo-pool-1] c.s.guns.threads.GuiHuanAppliesThread    : Task Thread- Return application
2023-07-25 14:12:48.088 ERROR 10868 --- [http-nio-8099-exec-7] c.s.g.s.c.e.aop.GlobalExceptionHandler   : 运行时异常:

java.lang.NullPointerException: null
	at cn.stylefeng.guns.modular.base.redirect.ApplyController.listSelectApprovedBy(ApplyController.java:143)
	at sun.reflect.NativeMethodAccessorImpl.invoke0(Native Method)
	at sun.reflect.NativeMethodAccessorImpl.invoke(NativeMethodAccessorImpl.java:62)
	at sun.reflect.DelegatingMethodAccessorImpl.invoke(DelegatingMethodAccessorImpl.java:43)
	at java.lang.reflect.Method.invoke(Method.java:498)
	at org.springframework.web.method.support.InvocableHandlerMethod.doInvoke(InvocableHandlerMethod.java:190)
	at org.springframework.web.method.support.InvocableHandlerMethod.invokeForRequest(InvocableHandlerMethod.java:138)
	at org.springframework.web.servlet.mvc.method.annotation.ServletInvocableHandlerMethod.invokeAndHandle(ServletInvocableHandlerMethod.java:104)
	at org.springframework.web.servlet.mvc.method.annotation.RequestMappingHandlerAdapter.invokeHandlerMethod(RequestMappingHandlerAdapter.java:892)
	at org.springframework.web.servlet.mvc.method.annotation.RequestMappingHandlerAdapter.handleInternal(RequestMappingHandlerAdapter.java:797)
	at org.springframework.web.servlet.mvc.method.AbstractHandlerMethodAdapter.handle(AbstractHandlerMethodAdapter.java:87)
	at org.springframework.web.servlet.DispatcherServlet.doDispatch(DispatcherServlet.java:1039)
	at org.springframework.web.servlet.DispatcherServlet.doService(DispatcherServlet.java:942)
	at org.springframework.web.servlet.FrameworkServlet.processRequest(FrameworkServlet.java:1005)
	at org.springframework.web.servlet.FrameworkServlet.doGet(FrameworkServlet.java:897)
	at javax.servlet.http.HttpServlet.service(HttpServlet.java:645)
	at org.springframework.web.servlet.FrameworkServlet.service(FrameworkServlet.java:882)
	at javax.servlet.http.HttpServlet.service(HttpServlet.java:750)
	at org.apache.catalina.core.ApplicationFilterChain.internalDoFilter(ApplicationFilterChain.java:231)
	at org.apache.catalina.core.ApplicationFilterChain.doFilter(ApplicationFilterChain.java:166)
	at org.apache.tomcat.websocket.server.WsFilter.doFilter(WsFilter.java:53)
	at org.apache.catalina.core.ApplicationFilterChain.internalDoFilter(ApplicationFilterChain.java:193)
	at org.apache.catalina.core.ApplicationFilterChain.doFilter(ApplicationFilterChain.java:166)
	at org.springframework.web.filter.OncePerRequestFilter.doFilter(OncePerRequestFilter.java:103)
	at org.apache.catalina.core.ApplicationFilterChain.internalDoFilter(ApplicationFilterChain.java:193)
	at org.apache.catalina.core.ApplicationFilterChain.doFilter(ApplicationFilterChain.java:166)
	at cn.stylefeng.roses.core.xss.XssFilter.doFilter(XssFilter.java:31)
	at org.apache.catalina.core.ApplicationFilterChain.internalDoFilter(ApplicationFilterChain.java:193)
	at org.apache.catalina.core.ApplicationFilterChain.doFilter(ApplicationFilterChain.java:166)
	at com.alibaba.druid.support.http.WebStatFilter.doFilter(WebStatFilter.java:124)
	at org.apache.catalina.core.ApplicationFilterChain.internalDoFilter(ApplicationFilterChain.java:193)
	at org.apache.catalina.core.ApplicationFilterChain.doFilter(ApplicationFilterChain.java:166)
	at org.springframework.security.web.FilterChainProxy$VirtualFilterChain.doFilter(FilterChainProxy.java:320)
	at org.springframework.security.web.access.intercept.FilterSecurityInterceptor.invoke(FilterSecurityInterceptor.java:127)
	at org.springframework.security.web.access.intercept.FilterSecurityInterceptor.doFilter(FilterSecurityInterceptor.java:91)
	at org.springframework.security.web.FilterChainProxy$VirtualFilterChain.doFilter(FilterChainProxy.java:334)
	at org.springframework.security.web.access.ExceptionTranslationFilter.doFilter(ExceptionTranslationFilter.java:119)
	at org.springframework.security.web.FilterChainProxy$VirtualFilterChain.doFilter(FilterChainProxy.java:334)
	at org.springframework.security.web.session.SessionManagementFilter.doFilter(SessionManagementFilter.java:137)
	at org.springframework.security.web.FilterChainProxy$VirtualFilterChain.doFilter(FilterChainProxy.java:334)
	at org.springframework.security.web.authentication.AnonymousAuthenticationFilter.doFilter(AnonymousAuthenticationFilter.java:111)
	at org.springframework.security.web.FilterChainProxy$VirtualFilterChain.doFilter(FilterChainProxy.java:334)
	at org.springframework.security.web.servletapi.SecurityContextHolderAwareRequestFilter.doFilter(SecurityContextHolderAwareRequestFilter.java:170)
	at org.springframework.security.web.FilterChainProxy$VirtualFilterChain.doFilter(FilterChainProxy.java:334)
	at org.springframework.security.web.savedrequest.RequestCacheAwareFilter.doFilter(RequestCacheAwareFilter.java:63)
	at org.springframework.security.web.FilterChainProxy$VirtualFilterChain.doFilter(FilterChainProxy.java:334)
	at cn.stylefeng.guns.sys.core.auth.filter.JwtAuthorizationTokenFilter.doFilterInternal(JwtAuthorizationTokenFilter.java:114)
	at org.springframework.web.filter.OncePerRequestFilter.doFilter(OncePerRequestFilter.java:109)
	at org.springframework.security.web.FilterChainProxy$VirtualFilterChain.doFilter(FilterChainProxy.java:334)
	at org.springframework.web.filter.CorsFilter.doFilterInternal(CorsFilter.java:96)
	at org.springframework.web.filter.OncePerRequestFilter.doFilter(OncePerRequestFilter.java:109)
	at org.springframework.security.web.FilterChainProxy$VirtualFilterChain.doFilter(FilterChainProxy.java:334)
	at org.springframework.security.web.header.HeaderWriterFilter.doFilterInternal(HeaderWriterFilter.java:74)
	at org.springframework.web.filter.OncePerRequestFilter.doFilter(OncePerRequestFilter.java:109)
	at org.springframework.security.web.FilterChainProxy$VirtualFilterChain.doFilter(FilterChainProxy.java:334)
	at org.springframework.security.web.context.SecurityContextPersistenceFilter.doFilter(SecurityContextPersistenceFilter.java:105)
	at org.springframework.security.web.FilterChainProxy$VirtualFilterChain.doFilter(FilterChainProxy.java:334)
	at org.springframework.security.web.context.request.async.WebAsyncManagerIntegrationFilter.doFilterInternal(WebAsyncManagerIntegrationFilter.java:56)
	at org.springframework.web.filter.OncePerRequestFilter.doFilter(OncePerRequestFilter.java:109)
	at org.springframework.security.web.FilterChainProxy$VirtualFilterChain.doFilter(FilterChainProxy.java:334)
	at org.springframework.security.web.FilterChainProxy.doFilterInternal(FilterChainProxy.java:215)
	at org.springframework.security.web.FilterChainProxy.doFilter(FilterChainProxy.java:178)
	at org.springframework.web.filter.DelegatingFilterProxy.invokeDelegate(DelegatingFilterProxy.java:357)
	at org.springframework.web.filter.DelegatingFilterProxy.doFilter(DelegatingFilterProxy.java:270)
	at org.apache.catalina.core.ApplicationFilterChain.internalDoFilter(ApplicationFilterChain.java:193)
	at org.apache.catalina.core.ApplicationFilterChain.doFilter(ApplicationFilterChain.java:166)
	at org.springframework.web.filter.RequestContextFilter.doFilterInternal(RequestContextFilter.java:99)
	at org.springframework.web.filter.OncePerRequestFilter.doFilter(OncePerRequestFilter.java:109)
	at org.apache.catalina.core.ApplicationFilterChain.internalDoFilter(ApplicationFilterChain.java:193)
	at org.apache.catalina.core.ApplicationFilterChain.doFilter(ApplicationFilterChain.java:166)
	at org.springframework.web.filter.FormContentFilter.doFilterInternal(FormContentFilter.java:92)
	at org.springframework.web.filter.OncePerRequestFilter.doFilter(OncePerRequestFilter.java:109)
	at org.apache.catalina.core.ApplicationFilterChain.internalDoFilter(ApplicationFilterChain.java:193)
	at org.apache.catalina.core.ApplicationFilterChain.doFilter(ApplicationFilterChain.java:166)
	at org.springframework.web.filter.HiddenHttpMethodFilter.doFilterInternal(HiddenHttpMethodFilter.java:93)
	at org.springframework.web.filter.OncePerRequestFilter.doFilter(OncePerRequestFilter.java:109)
	at org.apache.catalina.core.ApplicationFilterChain.internalDoFilter(ApplicationFilterChain.java:193)
	at org.apache.catalina.core.ApplicationFilterChain.doFilter(ApplicationFilterChain.java:166)
	at org.springframework.web.filter.CharacterEncodingFilter.doFilterInternal(CharacterEncodingFilter.java:200)
	at org.springframework.web.filter.OncePerRequestFilter.doFilter(OncePerRequestFilter.java:109)
	at org.apache.catalina.core.ApplicationFilterChain.internalDoFilter(ApplicationFilterChain.java:193)
	at org.apache.catalina.core.ApplicationFilterChain.doFilter(ApplicationFilterChain.java:166)
	at org.apache.catalina.core.StandardWrapperValve.invoke(StandardWrapperValve.java:202)
	at org.apache.catalina.core.StandardContextValve.invoke(StandardContextValve.java:96)
	at org.apache.catalina.authenticator.AuthenticatorBase.invoke(AuthenticatorBase.java:490)
	at org.apache.catalina.core.StandardHostValve.invoke(StandardHostValve.java:139)
	at org.apache.catalina.valves.ErrorReportValve.invoke(ErrorReportValve.java:92)
	at org.apache.catalina.core.StandardEngineValve.invoke(StandardEngineValve.java:74)
	at org.apache.catalina.connector.CoyoteAdapter.service(CoyoteAdapter.java:343)
	at org.apache.coyote.http11.Http11Processor.service(Http11Processor.java:408)
	at org.apache.coyote.AbstractProcessorLight.process(AbstractProcessorLight.java:66)
	at org.apache.coyote.AbstractProtocol$ConnectionHandler.process(AbstractProtocol.java:853)
	at org.apache.tomcat.util.net.NioEndpoint$SocketProcessor.doRun(NioEndpoint.java:1587)
	at org.apache.tomcat.util.net.SocketProcessorBase.run(SocketProcessorBase.java:49)
	at java.util.concurrent.ThreadPoolExecutor.runWorker(ThreadPoolExecutor.java:1149)
	at java.util.concurrent.ThreadPoolExecutor$Worker.run(ThreadPoolExecutor.java:624)
	at org.apache.tomcat.util.threads.TaskThread$WrappingRunnable.run(TaskThread.java:61)
	at java.lang.Thread.run(Thread.java:750)

2023-07-25 14:12:55.493  INFO 10868 --- [demo-pool-0] c.s.guns.threads.UseAppliesThread        : ApplyType1MaterialName螺丝钉MaterialNumberBJApplyReason测试EmployeeIdadminMaterialQuantity1ProcessNoLC202307255826MaterialSkuluosd123Approver
2023-07-25 14:12:55.505  INFO 10868 --- [demo-pool-0] c.stylefeng.guns.modular.utils.HttpUtil  : Resttemplate initialization completed
2023-07-25 14:12:55.580  INFO 10868 --- [Thread-39] org.quartz.core.QuartzScheduler          : Scheduler quartzScheduler_$_NON_CLUSTERED paused.
2023-07-25 14:12:55.581  INFO 10868 --- [Thread-39] o.s.s.quartz.SchedulerFactoryBean        : Shutting down Quartz Scheduler
2023-07-25 14:12:55.582  INFO 10868 --- [Thread-39] org.quartz.core.QuartzScheduler          : Scheduler quartzScheduler_$_NON_CLUSTERED shutting down.
2023-07-25 14:12:55.582  INFO 10868 --- [Thread-39] org.quartz.core.QuartzScheduler          : Scheduler quartzScheduler_$_NON_CLUSTERED paused.
2023-07-25 14:12:55.584  INFO 10868 --- [Thread-39] org.quartz.core.QuartzScheduler          : Scheduler quartzScheduler_$_NON_CLUSTERED shutdown complete.
2023-07-25 14:12:55.585  INFO 10868 --- [Thread-39] c.a.icatch.imp.TransactionServiceImp     : Transaction Service: Entering shutdown (false, 9223372036854775807)...
2023-07-25 14:12:55.602  INFO 10868 --- [Thread-39] o.s.s.concurrent.ThreadPoolTaskExecutor  : Shutting down ExecutorService 'applicationTaskExecutor'
2023-07-25 14:12:55.611  INFO 10868 --- [Thread-39] c.a.datasource.pool.ConnectionPool       : atomikos connection pool 'master': destroying pool...
2023-07-25 14:12:55.611  WARN 10868 --- [Thread-39] c.a.datasource.pool.ConnectionPool       : atomikos connection pool 'master': connection is still in use on pool destroy: an AtomikosXAPooledConnection with a SessionHandleState with 1 context(s) - please check your shutdown sequence to avoid heuristic termination of ongoing transactions!
2023-07-25 14:12:55.918  INFO 10868 --- [demo-pool-0] c.s.guns.threads.UseAppliesThread        : {"code":"error","requestid":"dbf53b36e3074e04905d7334c4467779","message":"未查询到该员工信息！"}
2023-07-25 14:12:55.920  WARN 10868 --- [demo-pool-0] c.atomikos.jdbc.AbstractDataSourceBean   : AtomikosDataSoureBean 'master': poolSize equals default - this may cause performance problems!
2023-07-25 14:12:55.930  WARN 10868 --- [demo-pool-0] c.atomikos.jdbc.AtomikosConnectionProxy  : atomikos connection proxy for com.alibaba.druid.proxy.jdbc.ConnectionProxyImpl@1581a736: WARNING: transaction manager not running?
2023-07-25 14:12:55.942  WARN 10868 --- [demo-pool-0] c.atomikos.jdbc.AtomikosConnectionProxy  : atomikos connection proxy for com.alibaba.druid.proxy.jdbc.ConnectionProxyImpl@1581a736: WARNING: transaction manager not running?
2023-07-25 14:12:55.942  WARN 10868 --- [demo-pool-0] c.atomikos.jdbc.AtomikosConnectionProxy  : atomikos connection proxy for com.alibaba.druid.proxy.jdbc.ConnectionProxyImpl@1581a736: WARNING: transaction manager not running?
2023-07-25 14:12:55.943  WARN 10868 --- [demo-pool-0] c.atomikos.jdbc.AtomikosConnectionProxy  : atomikos connection proxy for com.alibaba.druid.proxy.jdbc.ConnectionProxyImpl@1581a736: WARNING: transaction manager not running?
2023-07-25 14:12:55.952  INFO 10868 --- [demo-pool-0] c.stylefeng.guns.modular.utils.HttpUtil  : Resttemplate initialization completed
2023-07-25 14:12:56.443  WARN 10868 --- [demo-pool-1] c.atomikos.jdbc.AtomikosConnectionProxy  : atomikos connection proxy for com.alibaba.druid.proxy.jdbc.ConnectionProxyImpl@1581a736: WARNING: transaction manager not running?
2023-07-25 14:12:56.444  WARN 10868 --- [demo-pool-1] c.atomikos.jdbc.AtomikosConnectionProxy  : atomikos connection proxy for com.alibaba.druid.proxy.jdbc.ConnectionProxyImpl@1581a736: WARNING: transaction manager not running?
2023-07-25 14:12:56.445  WARN 10868 --- [demo-pool-1] c.atomikos.jdbc.AtomikosConnectionProxy  : atomikos connection proxy for com.alibaba.druid.proxy.jdbc.ConnectionProxyImpl@1581a736: WARNING: transaction manager not running?
2023-07-25 14:12:56.448  WARN 10868 --- [demo-pool-1] c.atomikos.jdbc.AtomikosConnectionProxy  : atomikos connection proxy for com.alibaba.druid.proxy.jdbc.ConnectionProxyImpl@1581a736: WARNING: transaction manager not running?
2023-07-25 14:12:56.450  INFO 10868 --- [demo-pool-1] c.s.guns.threads.GuiHuanAppliesThread    : Task Thread- Return application
