2022-11-11 09:51:24.865  INFO 11016 --- [demo-pool-1] c.s.guns.threads.GuiHuanAppliesThread    : Task Thread- Return application
2022-11-11 09:51:24.865  INFO 11016 --- [demo-pool-0] c.s.guns.threads.UseAppliesThread        : Task Thread- Requisition application
2022-11-11 09:51:34.883  INFO 11016 --- [demo-pool-1] c.s.guns.threads.GuiHuanAppliesThread    : Task Thread- Return application
2022-11-11 09:51:34.883  INFO 11016 --- [demo-pool-0] c.s.guns.threads.UseAppliesThread        : Task Thread- Requisition application
2022-11-11 09:51:44.891  INFO 11016 --- [demo-pool-1] c.s.guns.threads.GuiHuanAppliesThread    : Task Thread- Return application
2022-11-11 09:51:44.891  INFO 11016 --- [demo-pool-0] c.s.guns.threads.UseAppliesThread        : Task Thread- Requisition application
2022-11-11 09:51:54.900  INFO 11016 --- [demo-pool-1] c.s.guns.threads.GuiHuanAppliesThread    : Task Thread- Return application
2022-11-11 09:51:54.900  INFO 11016 --- [demo-pool-0] c.s.guns.threads.UseAppliesThread        : Task Thread- Requisition application
2022-11-11 09:52:04.905  INFO 11016 --- [demo-pool-0] c.s.guns.threads.UseAppliesThread        : Task Thread- Requisition application
2022-11-11 09:52:04.905  INFO 11016 --- [demo-pool-1] c.s.guns.threads.GuiHuanAppliesThread    : Task Thread- Return application
2022-11-11 09:52:14.919  INFO 11016 --- [demo-pool-0] c.s.guns.threads.UseAppliesThread        : Task Thread- Requisition application
2022-11-11 09:52:14.919  INFO 11016 --- [demo-pool-1] c.s.guns.threads.GuiHuanAppliesThread    : Task Thread- Return application
2022-11-11 09:52:24.936  INFO 11016 --- [demo-pool-0] c.s.guns.threads.UseAppliesThread        : Task Thread- Requisition application
2022-11-11 09:52:24.936  INFO 11016 --- [demo-pool-1] c.s.guns.threads.GuiHuanAppliesThread    : Task Thread- Return application
2022-11-11 09:52:34.955  INFO 11016 --- [demo-pool-1] c.s.guns.threads.GuiHuanAppliesThread    : Task Thread- Return application
2022-11-11 09:52:34.955  INFO 11016 --- [demo-pool-0] c.s.guns.threads.UseAppliesThread        : Task Thread- Requisition application
2022-11-11 09:52:44.979  INFO 11016 --- [demo-pool-1] c.s.guns.threads.GuiHuanAppliesThread    : Task Thread- Return application
2022-11-11 09:52:44.980  INFO 11016 --- [demo-pool-0] c.s.guns.threads.UseAppliesThread        : Task Thread- Requisition application
2022-11-11 09:52:55.003  INFO 11016 --- [demo-pool-1] c.s.guns.threads.GuiHuanAppliesThread    : Task Thread- Return application
2022-11-11 09:52:55.003  INFO 11016 --- [demo-pool-0] c.s.guns.threads.UseAppliesThread        : Task Thread- Requisition application
2022-11-11 09:53:05.010  INFO 11016 --- [demo-pool-0] c.s.guns.threads.UseAppliesThread        : Task Thread- Requisition application
2022-11-11 09:53:05.011  INFO 11016 --- [demo-pool-1] c.s.guns.threads.GuiHuanAppliesThread    : Task Thread- Return application
2022-11-11 09:53:15.015  INFO 11016 --- [demo-pool-1] c.s.guns.threads.GuiHuanAppliesThread    : Task Thread- Return application
2022-11-11 09:53:15.015  INFO 11016 --- [demo-pool-0] c.s.guns.threads.UseAppliesThread        : Task Thread- Requisition application
2022-11-11 09:53:25.021  INFO 11016 --- [demo-pool-1] c.s.guns.threads.GuiHuanAppliesThread    : Task Thread- Return application
2022-11-11 09:53:25.021  INFO 11016 --- [demo-pool-0] c.s.guns.threads.UseAppliesThread        : Task Thread- Requisition application
2022-11-11 09:53:35.033  INFO 11016 --- [demo-pool-0] c.s.guns.threads.UseAppliesThread        : Task Thread- Requisition application
2022-11-11 09:53:35.033  INFO 11016 --- [demo-pool-1] c.s.guns.threads.GuiHuanAppliesThread    : Task Thread- Return application
2022-11-11 09:53:45.047  INFO 11016 --- [demo-pool-1] c.s.guns.threads.GuiHuanAppliesThread    : Task Thread- Return application
2022-11-11 09:53:45.047  INFO 11016 --- [demo-pool-0] c.s.guns.threads.UseAppliesThread        : Task Thread- Requisition application
2022-11-11 09:53:55.054  INFO 11016 --- [demo-pool-1] c.s.guns.threads.GuiHuanAppliesThread    : Task Thread- Return application
2022-11-11 09:53:55.055  INFO 11016 --- [demo-pool-0] c.s.guns.threads.UseAppliesThread        : Task Thread- Requisition application
2022-11-11 09:54:05.072  INFO 11016 --- [demo-pool-1] c.s.guns.threads.GuiHuanAppliesThread    : Task Thread- Return application
2022-11-11 09:54:05.072  INFO 11016 --- [demo-pool-0] c.s.guns.threads.UseAppliesThread        : Task Thread- Requisition application
2022-11-11 09:54:15.085  INFO 11016 --- [demo-pool-0] c.s.guns.threads.UseAppliesThread        : Task Thread- Requisition application
2022-11-11 09:54:15.085  INFO 11016 --- [demo-pool-1] c.s.guns.threads.GuiHuanAppliesThread    : Task Thread- Return application
2022-11-11 09:54:25.097  INFO 11016 --- [demo-pool-1] c.s.guns.threads.GuiHuanAppliesThread    : Task Thread- Return application
2022-11-11 09:54:25.097  INFO 11016 --- [demo-pool-0] c.s.guns.threads.UseAppliesThread        : Task Thread- Requisition application
2022-11-11 09:54:35.111  INFO 11016 --- [demo-pool-0] c.s.guns.threads.UseAppliesThread        : Task Thread- Requisition application
2022-11-11 09:54:35.111  INFO 11016 --- [demo-pool-1] c.s.guns.threads.GuiHuanAppliesThread    : Task Thread- Return application
2022-11-11 09:54:45.128  INFO 11016 --- [demo-pool-1] c.s.guns.threads.GuiHuanAppliesThread    : Task Thread- Return application
2022-11-11 09:54:45.129  INFO 11016 --- [demo-pool-0] c.s.guns.threads.UseAppliesThread        : Task Thread- Requisition application
2022-11-11 09:54:55.139  INFO 11016 --- [demo-pool-1] c.s.guns.threads.GuiHuanAppliesThread    : Task Thread- Return application
2022-11-11 09:54:55.139  INFO 11016 --- [demo-pool-0] c.s.guns.threads.UseAppliesThread        : Task Thread- Requisition application
2022-11-11 09:55:05.155  INFO 11016 --- [demo-pool-1] c.s.guns.threads.GuiHuanAppliesThread    : Task Thread- Return application
2022-11-11 09:55:05.156  INFO 11016 --- [demo-pool-0] c.s.guns.threads.UseAppliesThread        : Task Thread- Requisition application
2022-11-11 09:55:15.168  INFO 11016 --- [demo-pool-1] c.s.guns.threads.GuiHuanAppliesThread    : Task Thread- Return application
2022-11-11 09:55:15.168  INFO 11016 --- [demo-pool-0] c.s.guns.threads.UseAppliesThread        : Task Thread- Requisition application
2022-11-11 09:55:25.175  INFO 11016 --- [demo-pool-1] c.s.guns.threads.GuiHuanAppliesThread    : Task Thread- Return application
2022-11-11 09:55:25.175  INFO 11016 --- [demo-pool-0] c.s.guns.threads.UseAppliesThread        : Task Thread- Requisition application
2022-11-11 09:55:35.192  INFO 11016 --- [demo-pool-1] c.s.guns.threads.GuiHuanAppliesThread    : Task Thread- Return application
2022-11-11 09:55:35.192  INFO 11016 --- [demo-pool-0] c.s.guns.threads.UseAppliesThread        : Task Thread- Requisition application
2022-11-11 09:55:45.213  INFO 11016 --- [demo-pool-1] c.s.guns.threads.GuiHuanAppliesThread    : Task Thread- Return application
2022-11-11 09:55:45.213  INFO 11016 --- [demo-pool-0] c.s.guns.threads.UseAppliesThread        : Task Thread- Requisition application
2022-11-11 09:55:55.227  INFO 11016 --- [demo-pool-1] c.s.guns.threads.GuiHuanAppliesThread    : Task Thread- Return application
2022-11-11 09:55:55.227  INFO 11016 --- [demo-pool-0] c.s.guns.threads.UseAppliesThread        : Task Thread- Requisition application
2022-11-11 09:56:05.237  INFO 11016 --- [demo-pool-1] c.s.guns.threads.GuiHuanAppliesThread    : Task Thread- Return application
2022-11-11 09:56:05.237  INFO 11016 --- [demo-pool-0] c.s.guns.threads.UseAppliesThread        : Task Thread- Requisition application
2022-11-11 09:56:15.247  INFO 11016 --- [demo-pool-0] c.s.guns.threads.UseAppliesThread        : Task Thread- Requisition application
2022-11-11 09:56:15.247  INFO 11016 --- [demo-pool-1] c.s.guns.threads.GuiHuanAppliesThread    : Task Thread- Return application
2022-11-11 09:56:25.258  INFO 11016 --- [demo-pool-0] c.s.guns.threads.UseAppliesThread        : Task Thread- Requisition application
2022-11-11 09:56:25.258  INFO 11016 --- [demo-pool-1] c.s.guns.threads.GuiHuanAppliesThread    : Task Thread- Return application
2022-11-11 09:56:35.271  INFO 11016 --- [demo-pool-1] c.s.guns.threads.GuiHuanAppliesThread    : Task Thread- Return application
2022-11-11 09:56:35.271  INFO 11016 --- [demo-pool-0] c.s.guns.threads.UseAppliesThread        : Task Thread- Requisition application
2022-11-11 09:56:45.285  INFO 11016 --- [demo-pool-1] c.s.guns.threads.GuiHuanAppliesThread    : Task Thread- Return application
2022-11-11 09:56:45.285  INFO 11016 --- [demo-pool-0] c.s.guns.threads.UseAppliesThread        : Task Thread- Requisition application
2022-11-11 09:56:55.298  INFO 11016 --- [demo-pool-0] c.s.guns.threads.UseAppliesThread        : Task Thread- Requisition application
2022-11-11 09:56:55.298  INFO 11016 --- [demo-pool-1] c.s.guns.threads.GuiHuanAppliesThread    : Task Thread- Return application
2022-11-11 09:57:05.302  INFO 11016 --- [demo-pool-1] c.s.guns.threads.GuiHuanAppliesThread    : Task Thread- Return application
2022-11-11 09:57:05.302  INFO 11016 --- [demo-pool-0] c.s.guns.threads.UseAppliesThread        : Task Thread- Requisition application
2022-11-11 09:57:15.311  INFO 11016 --- [demo-pool-0] c.s.guns.threads.UseAppliesThread        : Task Thread- Requisition application
2022-11-11 09:57:15.311  INFO 11016 --- [demo-pool-1] c.s.guns.threads.GuiHuanAppliesThread    : Task Thread- Return application
2022-11-11 09:57:25.328  INFO 11016 --- [demo-pool-1] c.s.guns.threads.GuiHuanAppliesThread    : Task Thread- Return application
2022-11-11 09:57:25.329  INFO 11016 --- [demo-pool-0] c.s.guns.threads.UseAppliesThread        : Task Thread- Requisition application
2022-11-11 09:57:35.332  INFO 11016 --- [demo-pool-1] c.s.guns.threads.GuiHuanAppliesThread    : Task Thread- Return application
2022-11-11 09:57:35.332  INFO 11016 --- [demo-pool-0] c.s.guns.threads.UseAppliesThread        : Task Thread- Requisition application
2022-11-11 09:57:45.354  INFO 11016 --- [demo-pool-1] c.s.guns.threads.GuiHuanAppliesThread    : Task Thread- Return application
2022-11-11 09:57:45.354  INFO 11016 --- [demo-pool-0] c.s.guns.threads.UseAppliesThread        : Task Thread- Requisition application
2022-11-11 09:57:55.366  INFO 11016 --- [demo-pool-1] c.s.guns.threads.GuiHuanAppliesThread    : Task Thread- Return application
2022-11-11 09:57:55.367  INFO 11016 --- [demo-pool-0] c.s.guns.threads.UseAppliesThread        : Task Thread- Requisition application
2022-11-11 09:58:05.380  INFO 11016 --- [demo-pool-0] c.s.guns.threads.UseAppliesThread        : Task Thread- Requisition application
2022-11-11 09:58:05.380  INFO 11016 --- [demo-pool-1] c.s.guns.threads.GuiHuanAppliesThread    : Task Thread- Return application
2022-11-11 09:58:15.393  INFO 11016 --- [demo-pool-0] c.s.guns.threads.UseAppliesThread        : Task Thread- Requisition application
2022-11-11 09:58:15.393  INFO 11016 --- [demo-pool-1] c.s.guns.threads.GuiHuanAppliesThread    : Task Thread- Return application
2022-11-11 09:58:25.402  INFO 11016 --- [demo-pool-0] c.s.guns.threads.UseAppliesThread        : Task Thread- Requisition application
2022-11-11 09:58:25.417  INFO 11016 --- [demo-pool-1] c.s.guns.threads.GuiHuanAppliesThread    : Task Thread- Return application
2022-11-11 09:58:35.413  INFO 11016 --- [demo-pool-0] c.s.guns.threads.UseAppliesThread        : Task Thread- Requisition application
2022-11-11 09:58:35.429  INFO 11016 --- [demo-pool-1] c.s.guns.threads.GuiHuanAppliesThread    : Task Thread- Return application
2022-11-11 09:58:45.420  INFO 11016 --- [demo-pool-0] c.s.guns.threads.UseAppliesThread        : Task Thread- Requisition application
2022-11-11 09:58:45.436  INFO 11016 --- [demo-pool-1] c.s.guns.threads.GuiHuanAppliesThread    : Task Thread- Return application
2022-11-11 09:58:55.435  INFO 11016 --- [demo-pool-0] c.s.guns.threads.UseAppliesThread        : Task Thread- Requisition application
2022-11-11 09:58:55.451  INFO 11016 --- [demo-pool-1] c.s.guns.threads.GuiHuanAppliesThread    : Task Thread- Return application
2022-11-11 09:59:05.443  INFO 11016 --- [demo-pool-0] c.s.guns.threads.UseAppliesThread        : Task Thread- Requisition application
2022-11-11 09:59:05.458  INFO 11016 --- [demo-pool-1] c.s.guns.threads.GuiHuanAppliesThread    : Task Thread- Return application
2022-11-11 09:59:15.449  INFO 11016 --- [demo-pool-0] c.s.guns.threads.UseAppliesThread        : Task Thread- Requisition application
2022-11-11 09:59:15.466  INFO 11016 --- [demo-pool-1] c.s.guns.threads.GuiHuanAppliesThread    : Task Thread- Return application
2022-11-11 09:59:25.467  INFO 11016 --- [demo-pool-0] c.s.guns.threads.UseAppliesThread        : Task Thread- Requisition application
2022-11-11 09:59:25.481  INFO 11016 --- [demo-pool-1] c.s.guns.threads.GuiHuanAppliesThread    : Task Thread- Return application
2022-11-11 09:59:35.484  INFO 11016 --- [demo-pool-0] c.s.guns.threads.UseAppliesThread        : Task Thread- Requisition application
2022-11-11 09:59:35.499  INFO 11016 --- [demo-pool-1] c.s.guns.threads.GuiHuanAppliesThread    : Task Thread- Return application
2022-11-11 09:59:45.501  INFO 11016 --- [demo-pool-0] c.s.guns.threads.UseAppliesThread        : Task Thread- Requisition application
2022-11-11 09:59:45.512  INFO 11016 --- [demo-pool-1] c.s.guns.threads.GuiHuanAppliesThread    : Task Thread- Return application
2022-11-11 09:59:55.512  INFO 11016 --- [demo-pool-0] c.s.guns.threads.UseAppliesThread        : Task Thread- Requisition application
2022-11-11 09:59:55.528  INFO 11016 --- [demo-pool-1] c.s.guns.threads.GuiHuanAppliesThread    : Task Thread- Return application
2022-11-11 10:00:05.538  INFO 11016 --- [demo-pool-0] c.s.guns.threads.UseAppliesThread        : Task Thread- Requisition application
2022-11-11 10:00:05.553  INFO 11016 --- [demo-pool-1] c.s.guns.threads.GuiHuanAppliesThread    : Task Thread- Return application
2022-11-11 10:00:15.547  INFO 11016 --- [demo-pool-0] c.s.guns.threads.UseAppliesThread        : Task Thread- Requisition application
2022-11-11 10:00:15.563  INFO 11016 --- [demo-pool-1] c.s.guns.threads.GuiHuanAppliesThread    : Task Thread- Return application
2022-11-11 10:00:25.562  INFO 11016 --- [demo-pool-0] c.s.guns.threads.UseAppliesThread        : Task Thread- Requisition application
2022-11-11 10:00:25.578  INFO 11016 --- [demo-pool-1] c.s.guns.threads.GuiHuanAppliesThread    : Task Thread- Return application
2022-11-11 10:00:35.582  INFO 11016 --- [demo-pool-0] c.s.guns.threads.UseAppliesThread        : Task Thread- Requisition application
2022-11-11 10:00:35.596  INFO 11016 --- [demo-pool-1] c.s.guns.threads.GuiHuanAppliesThread    : Task Thread- Return application
2022-11-11 10:00:45.598  INFO 11016 --- [demo-pool-0] c.s.guns.threads.UseAppliesThread        : Task Thread- Requisition application
2022-11-11 10:00:45.611  INFO 11016 --- [demo-pool-1] c.s.guns.threads.GuiHuanAppliesThread    : Task Thread- Return application
2022-11-11 10:00:55.603  INFO 11016 --- [demo-pool-0] c.s.guns.threads.UseAppliesThread        : Task Thread- Requisition application
2022-11-11 10:00:55.619  INFO 11016 --- [demo-pool-1] c.s.guns.threads.GuiHuanAppliesThread    : Task Thread- Return application
2022-11-11 10:01:05.618  INFO 11016 --- [demo-pool-0] c.s.guns.threads.UseAppliesThread        : Task Thread- Requisition application
2022-11-11 10:01:05.633  INFO 11016 --- [demo-pool-1] c.s.guns.threads.GuiHuanAppliesThread    : Task Thread- Return application
2022-11-11 10:01:15.622  INFO 11016 --- [demo-pool-0] c.s.guns.threads.UseAppliesThread        : Task Thread- Requisition application
2022-11-11 10:01:15.638  INFO 11016 --- [demo-pool-1] c.s.guns.threads.GuiHuanAppliesThread    : Task Thread- Return application
2022-11-11 10:01:25.635  INFO 11016 --- [demo-pool-0] c.s.guns.threads.UseAppliesThread        : Task Thread- Requisition application
2022-11-11 10:01:25.649  INFO 11016 --- [demo-pool-1] c.s.guns.threads.GuiHuanAppliesThread    : Task Thread- Return application
2022-11-11 10:01:35.640  INFO 11016 --- [demo-pool-0] c.s.guns.threads.UseAppliesThread        : Task Thread- Requisition application
2022-11-11 10:01:35.654  INFO 11016 --- [demo-pool-1] c.s.guns.threads.GuiHuanAppliesThread    : Task Thread- Return application
2022-11-11 10:01:45.649  INFO 11016 --- [demo-pool-0] c.s.guns.threads.UseAppliesThread        : Task Thread- Requisition application
2022-11-11 10:01:45.665  INFO 11016 --- [demo-pool-1] c.s.guns.threads.GuiHuanAppliesThread    : Task Thread- Return application
2022-11-11 10:01:55.653  INFO 11016 --- [demo-pool-0] c.s.guns.threads.UseAppliesThread        : Task Thread- Requisition application
2022-11-11 10:01:55.669  INFO 11016 --- [demo-pool-1] c.s.guns.threads.GuiHuanAppliesThread    : Task Thread- Return application
2022-11-11 10:02:05.670  INFO 11016 --- [demo-pool-0] c.s.guns.threads.UseAppliesThread        : Task Thread- Requisition application
2022-11-11 10:02:05.685  INFO 11016 --- [demo-pool-1] c.s.guns.threads.GuiHuanAppliesThread    : Task Thread- Return application
2022-11-11 10:02:15.678  INFO 11016 --- [demo-pool-0] c.s.guns.threads.UseAppliesThread        : Task Thread- Requisition application
2022-11-11 10:02:15.692  INFO 11016 --- [demo-pool-1] c.s.guns.threads.GuiHuanAppliesThread    : Task Thread- Return application
2022-11-11 10:02:25.694  INFO 11016 --- [demo-pool-0] c.s.guns.threads.UseAppliesThread        : Task Thread- Requisition application
2022-11-11 10:02:25.710  INFO 11016 --- [demo-pool-1] c.s.guns.threads.GuiHuanAppliesThread    : Task Thread- Return application
2022-11-11 10:02:35.700  INFO 11016 --- [demo-pool-0] c.s.guns.threads.UseAppliesThread        : Task Thread- Requisition application
2022-11-11 10:02:35.714  INFO 11016 --- [demo-pool-1] c.s.guns.threads.GuiHuanAppliesThread    : Task Thread- Return application
2022-11-11 10:02:45.704  INFO 11016 --- [demo-pool-0] c.s.guns.threads.UseAppliesThread        : Task Thread- Requisition application
2022-11-11 10:02:45.718  INFO 11016 --- [demo-pool-1] c.s.guns.threads.GuiHuanAppliesThread    : Task Thread- Return application
2022-11-11 10:02:55.718  INFO 11016 --- [demo-pool-0] c.s.guns.threads.UseAppliesThread        : Task Thread- Requisition application
2022-11-11 10:02:55.732  INFO 11016 --- [demo-pool-1] c.s.guns.threads.GuiHuanAppliesThread    : Task Thread- Return application
2022-11-11 10:03:05.734  INFO 11016 --- [demo-pool-0] c.s.guns.threads.UseAppliesThread        : Task Thread- Requisition application
2022-11-11 10:03:05.749  INFO 11016 --- [demo-pool-1] c.s.guns.threads.GuiHuanAppliesThread    : Task Thread- Return application
2022-11-11 10:03:15.749  INFO 11016 --- [demo-pool-0] c.s.guns.threads.UseAppliesThread        : Task Thread- Requisition application
2022-11-11 10:03:15.765  INFO 11016 --- [demo-pool-1] c.s.guns.threads.GuiHuanAppliesThread    : Task Thread- Return application
2022-11-11 10:03:25.763  INFO 11016 --- [demo-pool-0] c.s.guns.threads.UseAppliesThread        : Task Thread- Requisition application
2022-11-11 10:03:25.778  INFO 11016 --- [demo-pool-1] c.s.guns.threads.GuiHuanAppliesThread    : Task Thread- Return application
2022-11-11 10:03:35.775  INFO 11016 --- [demo-pool-0] c.s.guns.threads.UseAppliesThread        : Task Thread- Requisition application
2022-11-11 10:03:35.789  INFO 11016 --- [demo-pool-1] c.s.guns.threads.GuiHuanAppliesThread    : Task Thread- Return application
2022-11-11 10:03:45.797  INFO 11016 --- [demo-pool-0] c.s.guns.threads.UseAppliesThread        : Task Thread- Requisition application
2022-11-11 10:03:45.799  INFO 11016 --- [demo-pool-1] c.s.guns.threads.GuiHuanAppliesThread    : Task Thread- Return application
2022-11-11 10:03:55.803  INFO 11016 --- [demo-pool-1] c.s.guns.threads.GuiHuanAppliesThread    : Task Thread- Return application
2022-11-11 10:03:55.803  INFO 11016 --- [demo-pool-0] c.s.guns.threads.UseAppliesThread        : Task Thread- Requisition application
2022-11-11 10:04:05.807  INFO 11016 --- [demo-pool-1] c.s.guns.threads.GuiHuanAppliesThread    : Task Thread- Return application
2022-11-11 10:04:05.807  INFO 11016 --- [demo-pool-0] c.s.guns.threads.UseAppliesThread        : Task Thread- Requisition application
2022-11-11 10:04:15.811  INFO 11016 --- [demo-pool-1] c.s.guns.threads.GuiHuanAppliesThread    : Task Thread- Return application
2022-11-11 10:04:15.811  INFO 11016 --- [demo-pool-0] c.s.guns.threads.UseAppliesThread        : Task Thread- Requisition application
2022-11-11 10:04:25.823  INFO 11016 --- [demo-pool-0] c.s.guns.threads.UseAppliesThread        : Task Thread- Requisition application
2022-11-11 10:04:25.823  INFO 11016 --- [demo-pool-1] c.s.guns.threads.GuiHuanAppliesThread    : Task Thread- Return application
2022-11-11 10:04:35.834  INFO 11016 --- [demo-pool-1] c.s.guns.threads.GuiHuanAppliesThread    : Task Thread- Return application
2022-11-11 10:04:35.834  INFO 11016 --- [demo-pool-0] c.s.guns.threads.UseAppliesThread        : Task Thread- Requisition application
2022-11-11 10:04:45.845  INFO 11016 --- [demo-pool-1] c.s.guns.threads.GuiHuanAppliesThread    : Task Thread- Return application
2022-11-11 10:04:45.845  INFO 11016 --- [demo-pool-0] c.s.guns.threads.UseAppliesThread        : Task Thread- Requisition application
2022-11-11 10:04:55.859  INFO 11016 --- [demo-pool-1] c.s.guns.threads.GuiHuanAppliesThread    : Task Thread- Return application
2022-11-11 10:04:55.859  INFO 11016 --- [demo-pool-0] c.s.guns.threads.UseAppliesThread        : Task Thread- Requisition application
2022-11-11 10:05:05.875  INFO 11016 --- [demo-pool-1] c.s.guns.threads.GuiHuanAppliesThread    : Task Thread- Return application
2022-11-11 10:05:05.875  INFO 11016 --- [demo-pool-0] c.s.guns.threads.UseAppliesThread        : Task Thread- Requisition application
2022-11-11 10:05:15.887  INFO 11016 --- [demo-pool-0] c.s.guns.threads.UseAppliesThread        : Task Thread- Requisition application
2022-11-11 10:05:15.887  INFO 11016 --- [demo-pool-1] c.s.guns.threads.GuiHuanAppliesThread    : Task Thread- Return application
2022-11-11 10:05:25.898  INFO 11016 --- [demo-pool-0] c.s.guns.threads.UseAppliesThread        : Task Thread- Requisition application
2022-11-11 10:05:25.898  INFO 11016 --- [demo-pool-1] c.s.guns.threads.GuiHuanAppliesThread    : Task Thread- Return application
2022-11-11 10:05:35.912  INFO 11016 --- [demo-pool-1] c.s.guns.threads.GuiHuanAppliesThread    : Task Thread- Return application
2022-11-11 10:05:35.912  INFO 11016 --- [demo-pool-0] c.s.guns.threads.UseAppliesThread        : Task Thread- Requisition application
2022-11-11 10:05:45.923  INFO 11016 --- [demo-pool-1] c.s.guns.threads.GuiHuanAppliesThread    : Task Thread- Return application
2022-11-11 10:05:45.923  INFO 11016 --- [demo-pool-0] c.s.guns.threads.UseAppliesThread        : Task Thread- Requisition application
2022-11-11 10:05:55.941  INFO 11016 --- [demo-pool-1] c.s.guns.threads.GuiHuanAppliesThread    : Task Thread- Return application
2022-11-11 10:05:55.941  INFO 11016 --- [demo-pool-0] c.s.guns.threads.UseAppliesThread        : Task Thread- Requisition application
2022-11-11 10:06:05.955  INFO 11016 --- [demo-pool-1] c.s.guns.threads.GuiHuanAppliesThread    : Task Thread- Return application
2022-11-11 10:06:05.955  INFO 11016 --- [demo-pool-0] c.s.guns.threads.UseAppliesThread        : Task Thread- Requisition application
2022-11-11 10:06:15.969  INFO 11016 --- [demo-pool-1] c.s.guns.threads.GuiHuanAppliesThread    : Task Thread- Return application
2022-11-11 10:06:15.969  INFO 11016 --- [demo-pool-0] c.s.guns.threads.UseAppliesThread        : Task Thread- Requisition application
2022-11-11 10:06:25.981  INFO 11016 --- [demo-pool-1] c.s.guns.threads.GuiHuanAppliesThread    : Task Thread- Return application
2022-11-11 10:06:25.982  INFO 11016 --- [demo-pool-0] c.s.guns.threads.UseAppliesThread        : Task Thread- Requisition application
2022-11-11 10:06:35.989  INFO 11016 --- [demo-pool-1] c.s.guns.threads.GuiHuanAppliesThread    : Task Thread- Return application
2022-11-11 10:06:35.989  INFO 11016 --- [demo-pool-0] c.s.guns.threads.UseAppliesThread        : Task Thread- Requisition application
2022-11-11 10:06:46.001  INFO 11016 --- [demo-pool-1] c.s.guns.threads.GuiHuanAppliesThread    : Task Thread- Return application
2022-11-11 10:06:46.003  INFO 11016 --- [demo-pool-0] c.s.guns.threads.UseAppliesThread        : Task Thread- Requisition application
2022-11-11 10:06:56.015  INFO 11016 --- [demo-pool-1] c.s.guns.threads.GuiHuanAppliesThread    : Task Thread- Return application
2022-11-11 10:06:56.015  INFO 11016 --- [demo-pool-0] c.s.guns.threads.UseAppliesThread        : Task Thread- Requisition application
2022-11-11 10:07:06.026  INFO 11016 --- [demo-pool-1] c.s.guns.threads.GuiHuanAppliesThread    : Task Thread- Return application
2022-11-11 10:07:06.027  INFO 11016 --- [demo-pool-0] c.s.guns.threads.UseAppliesThread        : Task Thread- Requisition application
2022-11-11 10:07:16.047  INFO 11016 --- [demo-pool-1] c.s.guns.threads.GuiHuanAppliesThread    : Task Thread- Return application
2022-11-11 10:07:16.047  INFO 11016 --- [demo-pool-0] c.s.guns.threads.UseAppliesThread        : Task Thread- Requisition application
2022-11-11 10:07:16.294  INFO 11016 --- [Thread-33] org.quartz.core.QuartzScheduler          : Scheduler quartzScheduler_$_NON_CLUSTERED paused.
2022-11-11 10:07:16.295  INFO 11016 --- [Thread-33] o.s.s.quartz.SchedulerFactoryBean        : Shutting down Quartz Scheduler
2022-11-11 10:07:16.296  INFO 11016 --- [Thread-33] org.quartz.core.QuartzScheduler          : Scheduler quartzScheduler_$_NON_CLUSTERED shutting down.
2022-11-11 10:07:16.296  INFO 11016 --- [Thread-33] org.quartz.core.QuartzScheduler          : Scheduler quartzScheduler_$_NON_CLUSTERED paused.
2022-11-11 10:07:16.298  INFO 11016 --- [Thread-33] org.quartz.core.QuartzScheduler          : Scheduler quartzScheduler_$_NON_CLUSTERED shutdown complete.
2022-11-11 10:07:16.299  INFO 11016 --- [Thread-33] c.a.icatch.imp.TransactionServiceImp     : Transaction Service: Entering shutdown (false, 9223372036854775807)...
2022-11-11 10:07:16.329  INFO 11016 --- [Thread-33] o.s.s.concurrent.ThreadPoolTaskExecutor  : Shutting down ExecutorService 'applicationTaskExecutor'
2022-11-11 10:07:16.340  INFO 11016 --- [Thread-33] c.a.datasource.pool.ConnectionPool       : atomikos connection pool 'master': destroying pool...
2022-11-11 10:07:16.340  WARN 11016 --- [Thread-33] c.a.datasource.pool.ConnectionPool       : atomikos connection pool 'master': connection is still in use on pool destroy: an AtomikosXAPooledConnection with a SessionHandleState with 1 context(s) - please check your shutdown sequence to avoid heuristic termination of ongoing transactions!
