2023-04-30 13:30:27.888  INFO 16632 --- [main] cn.stylefeng.guns.GunsApplication        : Starting GunsApplication on DESKTOP-8LEEG3A with PID 16632 (started by 22490 in C:\LOGBOT\1 Project\Projects_2020\LB-SS141G_FAW\trunk\SourceCode\WMS源码\后端\wms\asd_faw_new)
2023-04-30 13:30:27.897  INFO 16632 --- [main] cn.stylefeng.guns.GunsApplication        : The following profiles are active: local
2023-04-30 13:30:34.240  INFO 16632 --- [main] trationDelegate$BeanPostProcessorChecker : Bean 'webConfig' of type [cn.stylefeng.guns.config.web.WebConfig$$EnhancerBySpringCGLIB$$6ba3270b] is not eligible for getting processed by all BeanPostProcessors (for example: not eligible for auto-proxying)
2023-04-30 13:30:34.418  INFO 16632 --- [main] trationDelegate$BeanPostProcessorChecker : Bean 'org.springframework.ws.config.annotation.DelegatingWsConfiguration' of type [org.springframework.ws.config.annotation.DelegatingWsConfiguration$$EnhancerBySpringCGLIB$$a59d4962] is not eligible for getting processed by all BeanPostProcessors (for example: not eligible for auto-proxying)
2023-04-30 13:30:34.461  INFO 16632 --- [main] .w.s.a.s.AnnotationActionEndpointMapping : Supporting [WS-Addressing August 2004, WS-Addressing 1.0]
2023-04-30 13:30:34.470  INFO 16632 --- [main] trationDelegate$BeanPostProcessorChecker : Bean 'druidStatPointcut' of type [org.springframework.aop.support.JdkRegexpMethodPointcut] is not eligible for getting processed by all BeanPostProcessors (for example: not eligible for auto-proxying)
2023-04-30 13:30:34.492  INFO 16632 --- [main] trationDelegate$BeanPostProcessorChecker : Bean 'druidStatInterceptor' of type [com.alibaba.druid.support.spring.stat.DruidStatInterceptor] is not eligible for getting processed by all BeanPostProcessors (for example: not eligible for auto-proxying)
2023-04-30 13:30:34.493  INFO 16632 --- [main] trationDelegate$BeanPostProcessorChecker : Bean 'druidStatAdvisor' of type [org.springframework.aop.support.DefaultPointcutAdvisor] is not eligible for getting processed by all BeanPostProcessors (for example: not eligible for auto-proxying)
2023-04-30 13:30:34.608  INFO 16632 --- [main] trationDelegate$BeanPostProcessorChecker : Bean 'org.springframework.transaction.annotation.ProxyTransactionManagementConfiguration' of type [org.springframework.transaction.annotation.ProxyTransactionManagementConfiguration$$EnhancerBySpringCGLIB$$1058463] is not eligible for getting processed by all BeanPostProcessors (for example: not eligible for auto-proxying)
2023-04-30 13:30:34.858  INFO 16632 --- [main] trationDelegate$BeanPostProcessorChecker : Bean 'org.springframework.security.config.annotation.configuration.ObjectPostProcessorConfiguration' of type [org.springframework.security.config.annotation.configuration.ObjectPostProcessorConfiguration$$EnhancerBySpringCGLIB$$99b34c9d] is not eligible for getting processed by all BeanPostProcessors (for example: not eligible for auto-proxying)
2023-04-30 13:30:34.870  INFO 16632 --- [main] trationDelegate$BeanPostProcessorChecker : Bean 'objectPostProcessor' of type [org.springframework.security.config.annotation.configuration.AutowireBeanFactoryObjectPostProcessor] is not eligible for getting processed by all BeanPostProcessors (for example: not eligible for auto-proxying)
2023-04-30 13:30:34.875  INFO 16632 --- [main] trationDelegate$BeanPostProcessorChecker : Bean 'org.springframework.security.access.expression.method.DefaultMethodSecurityExpressionHandler@6dca31eb' of type [org.springframework.security.access.expression.method.DefaultMethodSecurityExpressionHandler] is not eligible for getting processed by all BeanPostProcessors (for example: not eligible for auto-proxying)
2023-04-30 13:30:34.881  INFO 16632 --- [main] trationDelegate$BeanPostProcessorChecker : Bean 'org.springframework.security.config.annotation.method.configuration.GlobalMethodSecurityConfiguration' of type [org.springframework.security.config.annotation.method.configuration.GlobalMethodSecurityConfiguration$$EnhancerBySpringCGLIB$$be87ef4f] is not eligible for getting processed by all BeanPostProcessors (for example: not eligible for auto-proxying)
2023-04-30 13:30:34.891  INFO 16632 --- [main] trationDelegate$BeanPostProcessorChecker : Bean 'methodSecurityMetadataSource' of type [org.springframework.security.access.method.DelegatingMethodSecurityMetadataSource] is not eligible for getting processed by all BeanPostProcessors (for example: not eligible for auto-proxying)
2023-04-30 13:30:35.563  INFO 16632 --- [main] o.s.b.w.embedded.tomcat.TomcatWebServer  : Tomcat initialized with port(s): 8099 (http)
2023-04-30 13:30:35.620  INFO 16632 --- [main] o.apache.catalina.core.StandardService   : Starting service [Tomcat]
2023-04-30 13:30:35.621  INFO 16632 --- [main] org.apache.catalina.core.StandardEngine  : Starting Servlet engine: [Apache Tomcat/9.0.21]
2023-04-30 13:30:35.983  INFO 16632 --- [main] o.a.c.c.C.[Tomcat].[localhost].[/faw]    : Initializing Spring embedded WebApplicationContext
2023-04-30 13:30:35.983  INFO 16632 --- [main] o.s.web.context.ContextLoader            : Root WebApplicationContext: initialization completed in 7677 ms
2023-04-30 13:30:36.094  WARN 16632 --- [main] c.atomikos.jdbc.AbstractDataSourceBean   : AtomikosDataSoureBean 'master': poolSize equals default - this may cause performance problems!
2023-04-30 13:30:36.470  INFO 16632 --- [main] com.alibaba.druid.pool.DruidDataSource   : {dataSource-1} inited
2023-04-30 13:30:37.648  WARN 16632 --- [main] c.atomikos.jdbc.AtomikosConnectionProxy  : atomikos connection proxy for com.alibaba.druid.proxy.jdbc.ConnectionProxyImpl@1544ded3: WARNING: transaction manager not running?
2023-04-30 13:30:42.108  INFO 16632 --- [main] c.s.guns.base.db.dao.DataBaseInfoDao     : Delete the DatabaseInfo information of the master! delete1Bar!
2023-04-30 13:30:42.171  INFO 16632 --- [main] c.s.guns.base.db.dao.DataBaseInfoDao     : Initialize the DatabaseInfo information of the master! initialization1Bar!
2023-04-30 13:30:43.174  INFO 16632 --- [main] o.s.boot.web.servlet.RegistrationBean    : Servlet CXFServlet was not registered (possibly already registered?)
2023-04-30 13:30:43.952  INFO 16632 --- [main] o.s.s.concurrent.ThreadPoolTaskExecutor  : Initializing ExecutorService 'applicationTaskExecutor'
2023-04-30 13:30:47.094  INFO 16632 --- [main] f.a.AutowiredAnnotationBeanPostProcessor : Autowired annotation is not supported on static fields: private static cn.stylefeng.guns.modular.base.user.service.WmsUserService cn.stylefeng.guns.threads.UseAppliesThread.wmsUserService
2023-04-30 13:30:49.624  INFO 16632 --- [main] o.s.s.web.DefaultSecurityFilterChain     : Creating filter chain: Ant [pattern='/login', POST], []
2023-04-30 13:30:49.625  INFO 16632 --- [main] o.s.s.web.DefaultSecurityFilterChain     : Creating filter chain: Ant [pattern='/assets/**', GET], []
2023-04-30 13:30:49.627  INFO 16632 --- [main] o.s.s.web.DefaultSecurityFilterChain     : Creating filter chain: Ant [pattern='/favicon.ico', GET], []
2023-04-30 13:30:49.627  INFO 16632 --- [main] o.s.s.web.DefaultSecurityFilterChain     : Creating filter chain: Ant [pattern='/activiti-editor/**', GET], []
2023-04-30 13:30:49.836  INFO 16632 --- [main] pertySourcedRequestMappingHandlerMapping : Mapped URL path [/v2/api-docs] onto method [public org.springframework.http.ResponseEntity<springfox.documentation.spring.web.json.Json> springfox.documentation.swagger2.web.Swagger2Controller.getDocumentation(java.lang.String,javax.servlet.http.HttpServletRequest)]
2023-04-30 13:30:50.098  INFO 16632 --- [main] o.s.s.web.DefaultSecurityFilterChain     : Creating filter chain: any request, [org.springframework.security.web.context.request.async.WebAsyncManagerIntegrationFilter@29fc83c5, org.springframework.security.web.context.SecurityContextPersistenceFilter@6a0ee80, org.springframework.security.web.header.HeaderWriterFilter@1e2b37cd, org.springframework.web.filter.CorsFilter@3fb1948c, cn.stylefeng.guns.sys.core.auth.filter.JwtAuthorizationTokenFilter@71eff6a3, org.springframework.security.web.savedrequest.RequestCacheAwareFilter@25c16cf7, org.springframework.security.web.servletapi.SecurityContextHolderAwareRequestFilter@76b019c4, org.springframework.security.web.authentication.AnonymousAuthenticationFilter@7c39193f, org.springframework.security.web.session.SessionManagementFilter@50b4e7b2, org.springframework.security.web.access.ExceptionTranslationFilter@770cbe5d, org.springframework.security.web.access.intercept.FilterSecurityInterceptor@129aaac1]
2023-04-30 13:30:50.390  INFO 16632 --- [main] c.stylefeng.guns.modular.utils.HttpUtil  : Resttemplate initialization completed
2023-04-30 13:30:50.621  INFO 16632 --- [main] o.a.c.w.s.f.ReflectionServiceFactoryBean : Creating Service {http://andot.org/webservice/demo/server}FawApiServiceImplService from class cn.stylefeng.guns.webservice.FawApiService
2023-04-30 13:30:52.862  INFO 16632 --- [main] org.apache.cxf.endpoint.ServerImpl       : Setting the server's publish address to be /fawApiService
2023-04-30 13:30:53.310  INFO 16632 --- [main] c.a.icatch.provider.imp.AssemblerImp     : Loaded jar:file:/C:/Users/22490/.m2/repository/com/atomikos/transactions/4.0.6/transactions-4.0.6.jar!/transactions-defaults.properties
2023-04-30 13:30:53.391  WARN 16632 --- [main] c.a.icatch.provider.imp.AssemblerImp     : Thanks for using Atomikos! Evaluate http://www.atomikos.com/Main/ExtremeTransactions for advanced features and professional support
or register at http://www.atomikos.com/Main/RegisterYourDownload to disable this message and receive FREE tips & advice
2023-04-30 13:30:53.464  INFO 16632 --- [main] c.a.icatch.provider.imp.AssemblerImp     : USING: com.atomikos.icatch.default_max_wait_time_on_shutdown = 9223372036854775807
2023-04-30 13:30:53.480  INFO 16632 --- [main] c.a.icatch.provider.imp.AssemblerImp     : USING: com.atomikos.icatch.allow_subtransactions = true
2023-04-30 13:30:53.481  INFO 16632 --- [main] c.a.icatch.provider.imp.AssemblerImp     : USING: com.atomikos.icatch.recovery_delay = 10000
2023-04-30 13:30:53.522  INFO 16632 --- [main] c.a.icatch.provider.imp.AssemblerImp     : USING: com.atomikos.icatch.automatic_resource_registration = true
2023-04-30 13:30:53.522  INFO 16632 --- [main] c.a.icatch.provider.imp.AssemblerImp     : USING: com.atomikos.icatch.oltp_max_retries = 5
2023-04-30 13:30:53.522  INFO 16632 --- [main] c.a.icatch.provider.imp.AssemblerImp     : USING: com.atomikos.icatch.client_demarcation = false
2023-04-30 13:30:53.522  INFO 16632 --- [main] c.a.icatch.provider.imp.AssemblerImp     : USING: com.atomikos.icatch.threaded_2pc = false
2023-04-30 13:30:53.522  INFO 16632 --- [main] c.a.icatch.provider.imp.AssemblerImp     : USING: com.atomikos.icatch.serial_jta_transactions = true
2023-04-30 13:30:53.522  INFO 16632 --- [main] c.a.icatch.provider.imp.AssemblerImp     : USING: com.atomikos.icatch.log_base_dir = C:\LOGBOT\1 Project\Projects_2020\LB-SS141G_FAW\trunk\SourceCode\WMS源码\后端\wms\asd_faw_new\transaction-logs
2023-04-30 13:30:53.522  INFO 16632 --- [main] c.a.icatch.provider.imp.AssemblerImp     : USING: com.atomikos.icatch.rmi_export_class = none
2023-04-30 13:30:53.523  INFO 16632 --- [main] c.a.icatch.provider.imp.AssemblerImp     : USING: com.atomikos.icatch.max_actives = -1
2023-04-30 13:30:53.530  INFO 16632 --- [main] c.a.icatch.provider.imp.AssemblerImp     : USING: com.atomikos.icatch.checkpoint_interval = 500
2023-04-30 13:30:53.530  INFO 16632 --- [main] c.a.icatch.provider.imp.AssemblerImp     : USING: com.atomikos.icatch.enable_logging = true
2023-04-30 13:30:53.530  INFO 16632 --- [main] c.a.icatch.provider.imp.AssemblerImp     : USING: com.atomikos.icatch.log_base_name = tmlog
2023-04-30 13:30:53.530  INFO 16632 --- [main] c.a.icatch.provider.imp.AssemblerImp     : USING: com.atomikos.icatch.max_timeout = 300000
2023-04-30 13:30:53.531  INFO 16632 --- [main] c.a.icatch.provider.imp.AssemblerImp     : USING: com.atomikos.icatch.trust_client_tm = false
2023-04-30 13:30:53.531  INFO 16632 --- [main] c.a.icatch.provider.imp.AssemblerImp     : USING: java.naming.factory.initial = com.sun.jndi.rmi.registry.RegistryContextFactory
2023-04-30 13:30:53.532  INFO 16632 --- [main] c.a.icatch.provider.imp.AssemblerImp     : USING: com.atomikos.icatch.tm_unique_name = 192.168.133.108.tm
2023-04-30 13:30:53.532  INFO 16632 --- [main] c.a.icatch.provider.imp.AssemblerImp     : USING: com.atomikos.icatch.forget_orphaned_log_entries_delay = 86400000
2023-04-30 13:30:53.532  INFO 16632 --- [main] c.a.icatch.provider.imp.AssemblerImp     : USING: com.atomikos.icatch.oltp_retry_interval = 10000
2023-04-30 13:30:53.533  INFO 16632 --- [main] c.a.icatch.provider.imp.AssemblerImp     : USING: java.naming.provider.url = rmi://localhost:1099
2023-04-30 13:30:53.534  INFO 16632 --- [main] c.a.icatch.provider.imp.AssemblerImp     : USING: com.atomikos.icatch.force_shutdown_on_vm_exit = false
2023-04-30 13:30:53.535  INFO 16632 --- [main] c.a.icatch.provider.imp.AssemblerImp     : USING: com.atomikos.icatch.default_jta_timeout = 300000
2023-04-30 13:30:53.540  INFO 16632 --- [main] c.a.icatch.provider.imp.AssemblerImp     : Using default (local) logging and recovery...
2023-04-30 13:30:53.632  INFO 16632 --- [main] c.a.d.xa.XATransactionalResource         : master: refreshed XAResource
2023-04-30 13:30:54.122  INFO 16632 --- [main] org.quartz.impl.StdSchedulerFactory      : Using default implementation for ThreadExecutor
2023-04-30 13:30:54.151  INFO 16632 --- [main] org.quartz.core.SchedulerSignalerImpl    : Initialized Scheduler Signaller of type: class org.quartz.core.SchedulerSignalerImpl
2023-04-30 13:30:54.152  INFO 16632 --- [main] org.quartz.core.QuartzScheduler          : Quartz Scheduler v.2.3.1 created.
2023-04-30 13:30:54.154  INFO 16632 --- [main] org.quartz.simpl.RAMJobStore             : RAMJobStore initialized.
2023-04-30 13:30:54.156  INFO 16632 --- [main] org.quartz.core.QuartzScheduler          : Scheduler meta-data: Quartz Scheduler (v2.3.1) 'quartzScheduler' with instanceId 'NON_CLUSTERED'
  Scheduler class: 'org.quartz.core.QuartzScheduler' - running locally.
  NOT STARTED.
  Currently in standby mode.
  Number of jobs executed: 0
  Using thread pool 'org.quartz.simpl.SimpleThreadPool' - with 10 threads.
  Using job-store 'org.quartz.simpl.RAMJobStore' - which does not support persistence. and is not clustered.

2023-04-30 13:30:54.156  INFO 16632 --- [main] org.quartz.impl.StdSchedulerFactory      : Quartz scheduler 'quartzScheduler' initialized from an externally provided properties instance.
2023-04-30 13:30:54.156  INFO 16632 --- [main] org.quartz.impl.StdSchedulerFactory      : Quartz scheduler version: 2.3.1
2023-04-30 13:30:54.156  INFO 16632 --- [main] org.quartz.core.QuartzScheduler          : JobFactory set to: org.springframework.scheduling.quartz.SpringBeanJobFactory@695c8b32
2023-04-30 13:30:54.410  INFO 16632 --- [main] d.s.w.p.DocumentationPluginsBootstrapper : Context refreshed
2023-04-30 13:30:54.445  INFO 16632 --- [main] d.s.w.p.DocumentationPluginsBootstrapper : Found 1 custom documentation plugin(s)
2023-04-30 13:30:54.539  INFO 16632 --- [main] s.d.s.w.s.ApiListingReferenceScanner     : Scanning for api listing references
2023-04-30 13:30:55.260  INFO 16632 --- [main] .d.s.w.r.o.CachingOperationNameGenerator : Generating unique operation named: loginUsingGET_1
2023-04-30 13:30:55.270  INFO 16632 --- [main] .d.s.w.r.o.CachingOperationNameGenerator : Generating unique operation named: infoUsingGET_1
2023-04-30 13:30:55.274  INFO 16632 --- [main] .d.s.w.r.o.CachingOperationNameGenerator : Generating unique operation named: loginUsingGET_2
2023-04-30 13:30:55.276  INFO 16632 --- [main] .d.s.w.r.o.CachingOperationNameGenerator : Generating unique operation named: logoutUsingGET_1
2023-04-30 13:30:55.780  INFO 16632 --- [main] .d.s.w.r.o.CachingOperationNameGenerator : Generating unique operation named: closeCabinetUsingGET_1
2023-04-30 13:30:55.964  INFO 16632 --- [main] .d.s.w.r.o.CachingOperationNameGenerator : Generating unique operation named: conformUsingGET_1
2023-04-30 13:30:55.980  INFO 16632 --- [main] .d.s.w.r.o.CachingOperationNameGenerator : Generating unique operation named: queryToolUsingGET_1
2023-04-30 13:30:56.306  INFO 16632 --- [main] .d.s.w.r.o.CachingOperationNameGenerator : Generating unique operation named: queryToolContentUsingGET_1
2023-04-30 13:30:56.359  INFO 16632 --- [main] .d.s.w.r.o.CachingOperationNameGenerator : Generating unique operation named: replenishmentCreateOutTaskUsingGET_1
2023-04-30 13:30:56.398  INFO 16632 --- [main] .d.s.w.r.o.CachingOperationNameGenerator : Generating unique operation named: loginUsingPOST_1
2023-04-30 13:30:56.430  INFO 16632 --- [main] o.s.s.quartz.SchedulerFactoryBean        : Starting Quartz Scheduler now
2023-04-30 13:30:56.430  INFO 16632 --- [main] org.quartz.core.QuartzScheduler          : Scheduler quartzScheduler_$_NON_CLUSTERED started.
2023-04-30 13:30:56.525  INFO 16632 --- [main] o.s.b.w.embedded.tomcat.TomcatWebServer  : Tomcat started on port(s): 8099 (http) with context path '/faw'
2023-04-30 13:30:56.540  INFO 16632 --- [main] cn.stylefeng.guns.GunsApplication        : Started GunsApplication in 29.952 seconds (JVM running for 33.368)
2023-04-30 13:30:56.561  INFO 16632 --- [main] cn.stylefeng.guns.config.AppConfig       : Test Start up complete
2023-04-30 13:30:56.952  INFO 16632 --- [demo-pool-1] c.s.guns.threads.GuiHuanAppliesThread    : Task Thread- Return application
2023-04-30 13:30:56.968  INFO 16632 --- [demo-pool-0] c.s.guns.threads.UseAppliesThread        : Task Thread- Requisition application
2023-04-30 13:30:56.973  INFO 16632 --- [main] c.s.g.s.m.consts.init.SysConfigInit      : Initialization constant17 strip
2023-04-30 13:30:56.977  INFO 16632 --- [main] cn.stylefeng.guns.GunsApplication        : GunsApplication is success!
2023-04-30 13:31:03.954  INFO 16632 --- [http-nio-8099-exec-1] o.a.c.c.C.[Tomcat].[localhost].[/faw]    : Initializing Spring DispatcherServlet 'dispatcherServlet'
2023-04-30 13:31:03.955  INFO 16632 --- [http-nio-8099-exec-1] o.s.web.servlet.DispatcherServlet        : Initializing Servlet 'dispatcherServlet'
2023-04-30 13:31:03.990  INFO 16632 --- [http-nio-8099-exec-1] o.s.web.servlet.DispatcherServlet        : Completed initialization in 34 ms
2023-04-30 13:31:05.869 ERROR 16632 --- [http-nio-8099-exec-9] c.s.guns.base.consts.ConstantsContext    : jwt密钥存在空值！常量名称：GUNS_JWT_SECRET，采用默认值：随机字符串->ov479q63yccbm09zntdiqzeg2ybc8b1p，若想忽略此提示，请在开发管理->系统配置->参数配置，设置相关参数！
2023-04-30 13:31:06.967  INFO 16632 --- [demo-pool-1] c.s.guns.threads.GuiHuanAppliesThread    : Task Thread- Return application
2023-04-30 13:31:06.991  INFO 16632 --- [demo-pool-0] c.s.guns.threads.UseAppliesThread        : Task Thread- Requisition application
2023-04-30 13:31:16.988  INFO 16632 --- [demo-pool-1] c.s.guns.threads.GuiHuanAppliesThread    : Task Thread- Return application
2023-04-30 13:31:17.019  INFO 16632 --- [demo-pool-0] c.s.guns.threads.UseAppliesThread        : Task Thread- Requisition application
2023-04-30 13:31:29.903  INFO 16632 --- [demo-pool-1] c.s.guns.threads.GuiHuanAppliesThread    : Task Thread- Return application
2023-04-30 13:31:34.528  INFO 16632 --- [demo-pool-0] c.s.guns.threads.UseAppliesThread        : Task Thread- Requisition application
2023-04-30 13:31:41.348  INFO 16632 --- [demo-pool-1] c.s.guns.threads.GuiHuanAppliesThread    : Task Thread- Return application
2023-04-30 13:31:49.346  INFO 16632 --- [demo-pool-0] c.s.guns.threads.UseAppliesThread        : Task Thread- Requisition application
2023-04-30 13:31:52.653  INFO 16632 --- [demo-pool-1] c.s.guns.threads.GuiHuanAppliesThread    : Task Thread- Return application
2023-04-30 13:32:03.128  INFO 16632 --- [demo-pool-0] c.s.guns.threads.UseAppliesThread        : Task Thread- Requisition application
2023-04-30 13:32:04.119  INFO 16632 --- [demo-pool-1] c.s.guns.threads.GuiHuanAppliesThread    : Task Thread- Return application
2023-04-30 13:32:13.198  INFO 16632 --- [demo-pool-0] c.s.guns.threads.UseAppliesThread        : Task Thread- Requisition application
2023-04-30 13:32:14.165  INFO 16632 --- [demo-pool-1] c.s.guns.threads.GuiHuanAppliesThread    : Task Thread- Return application
2023-04-30 13:32:23.222  INFO 16632 --- [demo-pool-0] c.s.guns.threads.UseAppliesThread        : Task Thread- Requisition application
2023-04-30 13:32:24.185  INFO 16632 --- [demo-pool-1] c.s.guns.threads.GuiHuanAppliesThread    : Task Thread- Return application
2023-04-30 13:32:33.237  INFO 16632 --- [demo-pool-0] c.s.guns.threads.UseAppliesThread        : Task Thread- Requisition application
2023-04-30 13:32:34.192  INFO 16632 --- [demo-pool-1] c.s.guns.threads.GuiHuanAppliesThread    : Task Thread- Return application
2023-04-30 13:32:43.251  INFO 16632 --- [demo-pool-0] c.s.guns.threads.UseAppliesThread        : Task Thread- Requisition application
2023-04-30 13:32:44.199  INFO 16632 --- [demo-pool-1] c.s.guns.threads.GuiHuanAppliesThread    : Task Thread- Return application
2023-04-30 13:32:53.265  INFO 16632 --- [demo-pool-0] c.s.guns.threads.UseAppliesThread        : Task Thread- Requisition application
2023-04-30 13:32:54.207  INFO 16632 --- [demo-pool-1] c.s.guns.threads.GuiHuanAppliesThread    : Task Thread- Return application
2023-04-30 13:33:03.283  INFO 16632 --- [demo-pool-0] c.s.guns.threads.UseAppliesThread        : Task Thread- Requisition application
2023-04-30 13:33:04.224  INFO 16632 --- [demo-pool-1] c.s.guns.threads.GuiHuanAppliesThread    : Task Thread- Return application
2023-04-30 13:33:13.306  INFO 16632 --- [demo-pool-0] c.s.guns.threads.UseAppliesThread        : Task Thread- Requisition application
2023-04-30 13:33:14.232  INFO 16632 --- [demo-pool-1] c.s.guns.threads.GuiHuanAppliesThread    : Task Thread- Return application
2023-04-30 13:33:23.328  INFO 16632 --- [demo-pool-0] c.s.guns.threads.UseAppliesThread        : Task Thread- Requisition application
2023-04-30 13:33:24.240  INFO 16632 --- [demo-pool-1] c.s.guns.threads.GuiHuanAppliesThread    : Task Thread- Return application
2023-04-30 13:33:33.352  INFO 16632 --- [demo-pool-0] c.s.guns.threads.UseAppliesThread        : Task Thread- Requisition application
2023-04-30 13:33:34.258  INFO 16632 --- [demo-pool-1] c.s.guns.threads.GuiHuanAppliesThread    : Task Thread- Return application
2023-04-30 13:33:43.373  INFO 16632 --- [demo-pool-0] c.s.guns.threads.UseAppliesThread        : Task Thread- Requisition application
2023-04-30 13:33:44.266  INFO 16632 --- [demo-pool-1] c.s.guns.threads.GuiHuanAppliesThread    : Task Thread- Return application
2023-04-30 13:33:53.393  INFO 16632 --- [demo-pool-0] c.s.guns.threads.UseAppliesThread        : Task Thread- Requisition application
2023-04-30 13:33:54.277  INFO 16632 --- [demo-pool-1] c.s.guns.threads.GuiHuanAppliesThread    : Task Thread- Return application
2023-04-30 13:34:03.411  INFO 16632 --- [demo-pool-0] c.s.guns.threads.UseAppliesThread        : Task Thread- Requisition application
2023-04-30 13:34:04.294  INFO 16632 --- [demo-pool-1] c.s.guns.threads.GuiHuanAppliesThread    : Task Thread- Return application
2023-04-30 13:34:13.435  INFO 16632 --- [demo-pool-0] c.s.guns.threads.UseAppliesThread        : Task Thread- Requisition application
2023-04-30 13:34:14.314  INFO 16632 --- [demo-pool-1] c.s.guns.threads.GuiHuanAppliesThread    : Task Thread- Return application
2023-04-30 13:34:23.455  INFO 16632 --- [demo-pool-0] c.s.guns.threads.UseAppliesThread        : Task Thread- Requisition application
2023-04-30 13:34:24.319  INFO 16632 --- [demo-pool-1] c.s.guns.threads.GuiHuanAppliesThread    : Task Thread- Return application
2023-04-30 13:34:33.466  INFO 16632 --- [demo-pool-0] c.s.guns.threads.UseAppliesThread        : Task Thread- Requisition application
2023-04-30 13:34:34.331  INFO 16632 --- [demo-pool-1] c.s.guns.threads.GuiHuanAppliesThread    : Task Thread- Return application
2023-04-30 13:34:43.489  INFO 16632 --- [demo-pool-0] c.s.guns.threads.UseAppliesThread        : Task Thread- Requisition application
2023-04-30 13:34:44.342  INFO 16632 --- [demo-pool-1] c.s.guns.threads.GuiHuanAppliesThread    : Task Thread- Return application
2023-04-30 13:34:53.513  INFO 16632 --- [demo-pool-0] c.s.guns.threads.UseAppliesThread        : Task Thread- Requisition application
2023-04-30 13:34:54.348  INFO 16632 --- [demo-pool-1] c.s.guns.threads.GuiHuanAppliesThread    : Task Thread- Return application
2023-04-30 13:35:03.526  INFO 16632 --- [demo-pool-0] c.s.guns.threads.UseAppliesThread        : Task Thread- Requisition application
2023-04-30 13:35:04.364  INFO 16632 --- [demo-pool-1] c.s.guns.threads.GuiHuanAppliesThread    : Task Thread- Return application
2023-04-30 13:35:13.547  INFO 16632 --- [demo-pool-0] c.s.guns.threads.UseAppliesThread        : Task Thread- Requisition application
2023-04-30 13:35:14.377  INFO 16632 --- [demo-pool-1] c.s.guns.threads.GuiHuanAppliesThread    : Task Thread- Return application
2023-04-30 13:35:23.565  INFO 16632 --- [demo-pool-0] c.s.guns.threads.UseAppliesThread        : Task Thread- Requisition application
2023-04-30 13:35:24.382  INFO 16632 --- [demo-pool-1] c.s.guns.threads.GuiHuanAppliesThread    : Task Thread- Return application
2023-04-30 13:35:33.583  INFO 16632 --- [demo-pool-0] c.s.guns.threads.UseAppliesThread        : Task Thread- Requisition application
2023-04-30 13:35:34.395  INFO 16632 --- [demo-pool-1] c.s.guns.threads.GuiHuanAppliesThread    : Task Thread- Return application
2023-04-30 13:35:43.598  INFO 16632 --- [demo-pool-0] c.s.guns.threads.UseAppliesThread        : Task Thread- Requisition application
2023-04-30 13:35:44.404  INFO 16632 --- [demo-pool-1] c.s.guns.threads.GuiHuanAppliesThread    : Task Thread- Return application
2023-04-30 13:35:53.609  INFO 16632 --- [demo-pool-0] c.s.guns.threads.UseAppliesThread        : Task Thread- Requisition application
2023-04-30 13:35:54.417  INFO 16632 --- [demo-pool-1] c.s.guns.threads.GuiHuanAppliesThread    : Task Thread- Return application
2023-04-30 13:36:03.628  INFO 16632 --- [demo-pool-0] c.s.guns.threads.UseAppliesThread        : Task Thread- Requisition application
2023-04-30 13:36:04.432  INFO 16632 --- [demo-pool-1] c.s.guns.threads.GuiHuanAppliesThread    : Task Thread- Return application
2023-04-30 13:36:13.646  INFO 16632 --- [demo-pool-0] c.s.guns.threads.UseAppliesThread        : Task Thread- Requisition application
2023-04-30 13:36:14.441  INFO 16632 --- [demo-pool-1] c.s.guns.threads.GuiHuanAppliesThread    : Task Thread- Return application
2023-04-30 13:36:23.670  INFO 16632 --- [demo-pool-0] c.s.guns.threads.UseAppliesThread        : Task Thread- Requisition application
2023-04-30 13:36:24.452  INFO 16632 --- [demo-pool-1] c.s.guns.threads.GuiHuanAppliesThread    : Task Thread- Return application
2023-04-30 13:36:33.686  INFO 16632 --- [demo-pool-0] c.s.guns.threads.UseAppliesThread        : Task Thread- Requisition application
2023-04-30 13:36:34.463  INFO 16632 --- [demo-pool-1] c.s.guns.threads.GuiHuanAppliesThread    : Task Thread- Return application
2023-04-30 13:36:43.701  INFO 16632 --- [demo-pool-0] c.s.guns.threads.UseAppliesThread        : Task Thread- Requisition application
2023-04-30 13:36:44.476  INFO 16632 --- [demo-pool-1] c.s.guns.threads.GuiHuanAppliesThread    : Task Thread- Return application
2023-04-30 13:36:53.715  INFO 16632 --- [demo-pool-0] c.s.guns.threads.UseAppliesThread        : Task Thread- Requisition application
2023-04-30 13:36:54.487  INFO 16632 --- [demo-pool-1] c.s.guns.threads.GuiHuanAppliesThread    : Task Thread- Return application
2023-04-30 13:37:03.736  INFO 16632 --- [demo-pool-0] c.s.guns.threads.UseAppliesThread        : Task Thread- Requisition application
2023-04-30 13:37:04.492  INFO 16632 --- [demo-pool-1] c.s.guns.threads.GuiHuanAppliesThread    : Task Thread- Return application
2023-04-30 13:37:13.752  INFO 16632 --- [demo-pool-0] c.s.guns.threads.UseAppliesThread        : Task Thread- Requisition application
2023-04-30 13:37:14.501  INFO 16632 --- [demo-pool-1] c.s.guns.threads.GuiHuanAppliesThread    : Task Thread- Return application
2023-04-30 13:37:23.771  INFO 16632 --- [demo-pool-0] c.s.guns.threads.UseAppliesThread        : Task Thread- Requisition application
2023-04-30 13:37:24.514  INFO 16632 --- [demo-pool-1] c.s.guns.threads.GuiHuanAppliesThread    : Task Thread- Return application
2023-04-30 13:37:33.885  INFO 16632 --- [demo-pool-0] c.s.guns.threads.UseAppliesThread        : Task Thread- Requisition application
2023-04-30 13:37:35.806  INFO 16632 --- [demo-pool-1] c.s.guns.threads.GuiHuanAppliesThread    : Task Thread- Return application
2023-04-30 13:37:48.013  INFO 16632 --- [demo-pool-1] c.s.guns.threads.GuiHuanAppliesThread    : Task Thread- Return application
2023-04-30 13:37:48.018  INFO 16632 --- [demo-pool-0] c.s.guns.threads.UseAppliesThread        : Task Thread- Requisition application
2023-04-30 13:37:48.281  INFO 16632 --- [http-nio-8099-exec-9] c.s.guns.webservice.FawApiServiceImpl    : --setPurchaseOrder--
2023-04-30 13:37:48.282  INFO 16632 --- [http-nio-8099-exec-9] c.s.guns.webservice.FawApiServiceImpl    : MsgHeader(messageID=fb3b3617-c73b-40cf-8cab-e44941262760, interfaceID=ERP-TWMS-002, transID=fb3b3617-c73b-40cf-8cab-e44941262760, sender=JF_ERP, receiver=JF_TWMS, count=87, comment=PUR_ORDER)
2023-04-30 13:37:48.282  INFO 16632 --- [http-nio-8099-exec-9] c.s.guns.webservice.FawApiServiceImpl    : MsgBodyErp(yqjfPurchaseOrderInfo=[YQJFPurchaseOrderInfo(client=800, purDocItemNO=58125, purDocNO=PO230406000017, purchaseReqNO=PR230329000009, itemNO=02473, PURStockBillID=73459667, buyListStrDes=专项费用类采购订单SC, createdBy=吴长福, createdDate=2023-04-06T00:00:00, docDate=2023-04-10T00:00:00, estimatedPriceIndic=, itemDeliveryDate=2023-04-25T00:00:00, matBrand=, mtlNO=8WBS001472, netValue=62.12, ordPriceUnit=PC, ordType=CGSC, plant=R06, price=15.53, promotion=, proposerDesc=郭丽, proposerID=GUOL, purGrp=ZD1, purGrpDesc=一般材料采购二室-吴长福, purOrg=Z32, purdocheaderid=56110845, purdocitemid=73459667, quantity=4, remark=, remark1=, storeLocation=R06GZ11, vendorDesc=吉林信达, vendorNO=BA226, phone=, reqPhone=, plantDes=, storeLocationDes=, sizecoL=, unitDes=件, createdByDesc=, stateDesc=, DI_OPERTYPE=I, DI_BATCHNO=6764401, DI_UPDATETIME=2023-04-10T00:00:00), YQJFPurchaseOrderInfo(client=800, purDocItemNO=58128, purDocNO=PO230406000017, purchaseReqNO=PR230329000009, itemNO=02476, PURStockBillID=73459670, buyListStrDes=专项费用类采购订单SC, createdBy=吴长福, createdDate=2023-04-06T00:00:00, docDate=2023-04-10T00:00:00, estimatedPriceIndic=, itemDeliveryDate=2023-04-25T00:00:00, matBrand=, mtlNO=8WBS001475, netValue=93.2, ordPriceUnit=PC, ordType=CGSC, plant=R06, price=23.3, promotion=, proposerDesc=郭丽, proposerID=GUOL, purGrp=ZD1, purGrpDesc=一般材料采购二室-吴长福, purOrg=Z32, purdocheaderid=56110845, purdocitemid=73459670, quantity=4, remark=, remark1=, storeLocation=R06GZ11, vendorDesc=吉林信达, vendorNO=BA226, phone=, reqPhone=, plantDes=, storeLocationDes=, sizecoL=, unitDes=件, createdByDesc=, stateDesc=, DI_OPERTYPE=I, DI_BATCHNO=6764401, DI_UPDATETIME=2023-04-10T00:00:00), YQJFPurchaseOrderInfo(client=800, purDocItemNO=58127, purDocNO=PO230406000017, purchaseReqNO=PR230329000009, itemNO=02475, PURStockBillID=73459669, buyListStrDes=专项费用类采购订单SC, createdBy=吴长福, createdDate=2023-04-06T00:00:00, docDate=2023-04-10T00:00:00, estimatedPriceIndic=, itemDeliveryDate=2023-04-25T00:00:00, matBrand=, mtlNO=8WBS001474, netValue=85.48, ordPriceUnit=PC, ordType=CGSC, plant=R06, price=21.37, promotion=, proposerDesc=郭丽, proposerID=GUOL, purGrp=ZD1, purGrpDesc=一般材料采购二室-吴长福, purOrg=Z32, purdocheaderid=56110845, purdocitemid=73459669, quantity=4, remark=, remark1=, storeLocation=R06GZ11, vendorDesc=吉林信达, vendorNO=BA226, phone=, reqPhone=, plantDes=, storeLocationDes=, sizecoL=, unitDes=件, createdByDesc=, stateDesc=, DI_OPERTYPE=I, DI_BATCHNO=6764401, DI_UPDATETIME=2023-04-10T00:00:00), YQJFPurchaseOrderInfo(client=800, purDocItemNO=58132, purDocNO=PO230406000017, purchaseReqNO=PR230329000009, itemNO=02480, PURStockBillID=73459674, buyListStrDes=专项费用类采购订单SC, createdBy=吴长福, createdDate=2023-04-06T00:00:00, docDate=2023-04-10T00:00:00, estimatedPriceIndic=, itemDeliveryDate=2023-04-25T00:00:00, matBrand=, mtlNO=8WBS001198, netValue=274.77, ordPriceUnit=GE, ordType=CGSC, plant=R06, price=91.59, promotion=, proposerDesc=郭丽, proposerID=GUOL, purGrp=ZD1, purGrpDesc=一般材料采购二室-吴长福, purOrg=Z32, purdocheaderid=56110845, purdocitemid=73459674, quantity=3, remark=, remark1=, storeLocation=R06GZ11, vendorDesc=吉林信达, vendorNO=BA226, phone=, reqPhone=, plantDes=, storeLocationDes=, sizecoL=, unitDes=个, createdByDesc=, stateDesc=, DI_OPERTYPE=I, DI_BATCHNO=6764401, DI_UPDATETIME=2023-04-10T00:00:00), YQJFPurchaseOrderInfo(client=800, purDocItemNO=58126, purDocNO=PO230406000017, purchaseReqNO=PR230329000009, itemNO=02474, PURStockBillID=73459668, buyListStrDes=专项费用类采购订单SC, createdBy=吴长福, createdDate=2023-04-06T00:00:00, docDate=2023-04-10T00:00:00, estimatedPriceIndic=, itemDeliveryDate=2023-04-25T00:00:00, matBrand=, mtlNO=8WBS001405, netValue=187.8, ordPriceUnit=PC, ordType=CGSC, plant=R06, price=18.78, promotion=, proposerDesc=郭丽, proposerID=GUOL, purGrp=ZD1, purGrpDesc=一般材料采购二室-吴长福, purOrg=Z32, purdocheaderid=56110845, purdocitemid=73459668, quantity=10, remark=, remark1=, storeLocation=R06GZ11, vendorDesc=吉林信达, vendorNO=BA226, phone=, reqPhone=, plantDes=, storeLocationDes=, sizecoL=, unitDes=件, createdByDesc=, stateDesc=, DI_OPERTYPE=I, DI_BATCHNO=6764401, DI_UPDATETIME=2023-04-10T00:00:00), YQJFPurchaseOrderInfo(client=800, purDocItemNO=58131, purDocNO=PO230406000017, purchaseReqNO=PR230329000009, itemNO=02479, PURStockBillID=73459673, buyListStrDes=专项费用类采购订单SC, createdBy=吴长福, createdDate=2023-04-06T00:00:00, docDate=2023-04-10T00:00:00, estimatedPriceIndic=, itemDeliveryDate=2023-04-25T00:00:00, matBrand=, mtlNO=8WBS001192, netValue=92.82, ordPriceUnit=GE, ordType=CGSC, plant=R06, price=46.41, promotion=, proposerDesc=郭丽, proposerID=GUOL, purGrp=ZD1, purGrpDesc=一般材料采购二室-吴长福, purOrg=Z32, purdocheaderid=56110845, purdocitemid=73459673, quantity=2, remark=, remark1=, storeLocation=R06GZ11, vendorDesc=吉林信达, vendorNO=BA226, phone=, reqPhone=, plantDes=, storeLocationDes=, sizecoL=, unitDes=个, createdByDesc=, stateDesc=, DI_OPERTYPE=I, DI_BATCHNO=6764401, DI_UPDATETIME=2023-04-10T00:00:00), YQJFPurchaseOrderInfo(client=800, purDocItemNO=58129, purDocNO=PO230406000017, purchaseReqNO=PR230329000009, itemNO=02477, PURStockBillID=73459671, buyListStrDes=专项费用类采购订单SC, createdBy=吴长福, createdDate=2023-04-06T00:00:00, docDate=2023-04-10T00:00:00, estimatedPriceIndic=, itemDeliveryDate=2023-04-25T00:00:00, matBrand=, mtlNO=8WBS001476, netValue=252.2, ordPriceUnit=PC, ordType=CGSC, plant=R06, price=25.22, promotion=, proposerDesc=郭丽, proposerID=GUOL, purGrp=ZD1, purGrpDesc=一般材料采购二室-吴长福, purOrg=Z32, purdocheaderid=56110845, purdocitemid=73459671, quantity=10, remark=, remark1=, storeLocation=R06GZ11, vendorDesc=吉林信达, vendorNO=BA226, phone=, reqPhone=, plantDes=, storeLocationDes=, sizecoL=, unitDes=件, createdByDesc=, stateDesc=, DI_OPERTYPE=I, DI_BATCHNO=6764401, DI_UPDATETIME=2023-04-10T00:00:00), YQJFPurchaseOrderInfo(client=800, purDocItemNO=58130, purDocNO=PO230406000017, purchaseReqNO=PR230329000009, itemNO=02478, PURStockBillID=73459672, buyListStrDes=专项费用类采购订单SC, createdBy=吴长福, createdDate=2023-04-06T00:00:00, docDate=2023-04-10T00:00:00, estimatedPriceIndic=, itemDeliveryDate=2023-04-25T00:00:00, matBrand=, mtlNO=8WBS001404, netValue=131.82, ordPriceUnit=PC, ordType=CGSC, plant=R06, price=43.94, promotion=, proposerDesc=郭丽, proposerID=GUOL, purGrp=ZD1, purGrpDesc=一般材料采购二室-吴长福, purOrg=Z32, purdocheaderid=56110845, purdocitemid=73459672, quantity=3, remark=, remark1=, storeLocation=R06GZ11, vendorDesc=吉林信达, vendorNO=BA226, phone=, reqPhone=, plantDes=, storeLocationDes=, sizecoL=, unitDes=件, createdByDesc=, stateDesc=, DI_OPERTYPE=I, DI_BATCHNO=6764401, DI_UPDATETIME=2023-04-10T00:00:00), YQJFPurchaseOrderInfo(client=800, purDocItemNO=58134, purDocNO=PO230406000017, purchaseReqNO=PR230329000009, itemNO=02482, PURStockBillID=73459676, buyListStrDes=专项费用类采购订单SC, createdBy=吴长福, createdDate=2023-04-06T00:00:00, docDate=2023-04-10T00:00:00, estimatedPriceIndic=, itemDeliveryDate=2023-04-25T00:00:00, matBrand=, mtlNO=8WBS001406, netValue=471.9, ordPriceUnit=PC, ordType=CGSC, plant=R06, price=47.19, promotion=, proposerDesc=郭丽, proposerID=GUOL, purGrp=ZD1, purGrpDesc=一般材料采购二室-吴长福, purOrg=Z32, purdocheaderid=56110845, purdocitemid=73459676, quantity=10, remark=, remark1=, storeLocation=R06GZ11, vendorDesc=吉林信达, vendorNO=BA226, phone=, reqPhone=, plantDes=, storeLocationDes=, sizecoL=, unitDes=件, createdByDesc=, stateDesc=, DI_OPERTYPE=I, DI_BATCHNO=6764401, DI_UPDATETIME=2023-04-10T00:00:00), YQJFPurchaseOrderInfo(client=800, purDocItemNO=58133, purDocNO=PO230406000017, purchaseReqNO=PR230329000009, itemNO=02481, PURStockBillID=73459675, buyListStrDes=专项费用类采购订单SC, createdBy=吴长福, createdDate=2023-04-06T00:00:00, docDate=2023-04-10T00:00:00, estimatedPriceIndic=, itemDeliveryDate=2023-04-25T00:00:00, matBrand=, mtlNO=8WSC000092, netValue=1581.9, ordPriceUnit=PC, ordType=CGSC, plant=R06, price=105.46, promotion=, proposerDesc=郭丽, proposerID=GUOL, purGrp=ZD1, purGrpDesc=一般材料采购二室-吴长福, purOrg=Z32, purdocheaderid=56110845, purdocitemid=73459675, quantity=15, remark=, remark1=, storeLocation=R06GZ11, vendorDesc=吉林信达, vendorNO=BA226, phone=, reqPhone=, plantDes=, storeLocationDes=, sizecoL=, unitDes=件, createdByDesc=, stateDesc=, DI_OPERTYPE=I, DI_BATCHNO=6764401, DI_UPDATETIME=2023-04-10T00:00:00), YQJFPurchaseOrderInfo(client=800, purDocItemNO=58135, purDocNO=PO230406000017, purchaseReqNO=PR230329000009, itemNO=02483, PURStockBillID=73459677, buyListStrDes=专项费用类采购订单SC, createdBy=吴长福, createdDate=2023-04-06T00:00:00, docDate=2023-04-10T00:00:00, estimatedPriceIndic=, itemDeliveryDate=2023-04-25T00:00:00, matBrand=, mtlNO=8WQZ000494, netValue=180.15, ordPriceUnit=GE, ordType=CGSC, plant=R06, price=36.03, promotion=, proposerDesc=郭丽, proposerID=GUOL, purGrp=ZD1, purGrpDesc=一般材料采购二室-吴长福, purOrg=Z32, purdocheaderid=56110845, purdocitemid=73459677, quantity=5, remark=, remark1=, storeLocation=R06GZ11, vendorDesc=吉林信达, vendorNO=BA226, phone=, reqPhone=, plantDes=, storeLocationDes=, sizecoL=, unitDes=个, createdByDesc=, stateDesc=, DI_OPERTYPE=I, DI_BATCHNO=6764401, DI_UPDATETIME=2023-04-10T00:00:00), YQJFPurchaseOrderInfo(client=800, purDocItemNO=58124, purDocNO=PO230406000017, purchaseReqNO=PR230329000009, itemNO=02472, PURStockBillID=73459666, buyListStrDes=专项费用类采购订单SC, createdBy=吴长福, createdDate=2023-04-06T00:00:00, docDate=2023-04-10T00:00:00, estimatedPriceIndic=, itemDeliveryDate=2023-04-25T00:00:00, matBrand=, mtlNO=8WBS001471, netValue=51.76, ordPriceUnit=PC, ordType=CGSC, plant=R06, price=12.94, promotion=, proposerDesc=郭丽, proposerID=GUOL, purGrp=ZD1, purGrpDesc=一般材料采购二室-吴长福, purOrg=Z32, purdocheaderid=56110845, purdocitemid=73459666, quantity=4, remark=, remark1=, storeLocation=R06GZ11, vendorDesc=吉林信达, vendorNO=BA226, phone=, reqPhone=, plantDes=, storeLocationDes=, sizecoL=, unitDes=件, createdByDesc=, stateDesc=, DI_OPERTYPE=I, DI_BATCHNO=6764401, DI_UPDATETIME=2023-04-10T00:00:00)])
2023-04-30 13:37:48.325  INFO 16632 --- [http-nio-8099-exec-9] c.s.guns.webservice.FawApiServiceImpl    : --OVER--
2023-04-30 13:38:00.102  INFO 16632 --- [demo-pool-1] c.s.guns.threads.GuiHuanAppliesThread    : Task Thread- Return application
2023-04-30 13:38:02.625  INFO 16632 --- [demo-pool-0] c.s.guns.threads.UseAppliesThread        : Task Thread- Requisition application
2023-04-30 13:38:11.549  INFO 16632 --- [demo-pool-1] c.s.guns.threads.GuiHuanAppliesThread    : Task Thread- Return application
2023-04-30 13:38:19.271  INFO 16632 --- [demo-pool-0] c.s.guns.threads.UseAppliesThread        : Task Thread- Requisition application
2023-04-30 13:38:20.725  INFO 16632 --- [http-nio-8099-exec-10] c.s.guns.webservice.FawApiServiceImpl    : --setPurchaseOrder--
2023-04-30 13:38:20.757  INFO 16632 --- [http-nio-8099-exec-10] c.s.guns.webservice.FawApiServiceImpl    : MsgHeader(messageID=fb3b3617-c73b-40cf-8cab-e44941262760, interfaceID=ERP-TWMS-002, transID=fb3b3617-c73b-40cf-8cab-e44941262760, sender=JF_ERP, receiver=JF_TWMS, count=87, comment=PUR_ORDER)
2023-04-30 13:38:20.866  INFO 16632 --- [http-nio-8099-exec-10] c.s.guns.webservice.FawApiServiceImpl    : MsgBodyErp(yqjfPurchaseOrderInfo=[YQJFPurchaseOrderInfo(client=800, purDocItemNO=58125, purDocNO=PO230406000017, purchaseReqNO=PR230329000009, itemNO=02473, PURStockBillID=73459667, buyListStrDes=专项费用类采购订单SC, createdBy=吴长福, createdDate=2023-04-06T00:00:00, docDate=2023-04-10T00:00:00, estimatedPriceIndic=, itemDeliveryDate=2023-04-25T00:00:00, matBrand=, mtlNO=8WBS001472, netValue=62.12, ordPriceUnit=PC, ordType=CGSC, plant=R06, price=15.53, promotion=, proposerDesc=郭丽, proposerID=GUOL, purGrp=ZD1, purGrpDesc=一般材料采购二室-吴长福, purOrg=Z32, purdocheaderid=56110845, purdocitemid=73459667, quantity=4, remark=, remark1=, storeLocation=R06GZ11, vendorDesc=吉林信达, vendorNO=BA226, phone=, reqPhone=, plantDes=, storeLocationDes=, sizecoL=, unitDes=件, createdByDesc=, stateDesc=, DI_OPERTYPE=I, DI_BATCHNO=6764401, DI_UPDATETIME=2023-04-10T00:00:00), YQJFPurchaseOrderInfo(client=800, purDocItemNO=58128, purDocNO=PO230406000017, purchaseReqNO=PR230329000009, itemNO=02476, PURStockBillID=73459670, buyListStrDes=专项费用类采购订单SC, createdBy=吴长福, createdDate=2023-04-06T00:00:00, docDate=2023-04-10T00:00:00, estimatedPriceIndic=, itemDeliveryDate=2023-04-25T00:00:00, matBrand=, mtlNO=8WBS001475, netValue=93.2, ordPriceUnit=PC, ordType=CGSC, plant=R06, price=23.3, promotion=, proposerDesc=郭丽, proposerID=GUOL, purGrp=ZD1, purGrpDesc=一般材料采购二室-吴长福, purOrg=Z32, purdocheaderid=56110845, purdocitemid=73459670, quantity=4, remark=, remark1=, storeLocation=R06GZ11, vendorDesc=吉林信达, vendorNO=BA226, phone=, reqPhone=, plantDes=, storeLocationDes=, sizecoL=, unitDes=件, createdByDesc=, stateDesc=, DI_OPERTYPE=I, DI_BATCHNO=6764401, DI_UPDATETIME=2023-04-10T00:00:00), YQJFPurchaseOrderInfo(client=800, purDocItemNO=58127, purDocNO=PO230406000017, purchaseReqNO=PR230329000009, itemNO=02475, PURStockBillID=73459669, buyListStrDes=专项费用类采购订单SC, createdBy=吴长福, createdDate=2023-04-06T00:00:00, docDate=2023-04-10T00:00:00, estimatedPriceIndic=, itemDeliveryDate=2023-04-25T00:00:00, matBrand=, mtlNO=8WBS001474, netValue=85.48, ordPriceUnit=PC, ordType=CGSC, plant=R06, price=21.37, promotion=, proposerDesc=郭丽, proposerID=GUOL, purGrp=ZD1, purGrpDesc=一般材料采购二室-吴长福, purOrg=Z32, purdocheaderid=56110845, purdocitemid=73459669, quantity=4, remark=, remark1=, storeLocation=R06GZ11, vendorDesc=吉林信达, vendorNO=BA226, phone=, reqPhone=, plantDes=, storeLocationDes=, sizecoL=, unitDes=件, createdByDesc=, stateDesc=, DI_OPERTYPE=I, DI_BATCHNO=6764401, DI_UPDATETIME=2023-04-10T00:00:00), YQJFPurchaseOrderInfo(client=800, purDocItemNO=58132, purDocNO=PO230406000017, purchaseReqNO=PR230329000009, itemNO=02480, PURStockBillID=73459674, buyListStrDes=专项费用类采购订单SC, createdBy=吴长福, createdDate=2023-04-06T00:00:00, docDate=2023-04-10T00:00:00, estimatedPriceIndic=, itemDeliveryDate=2023-04-25T00:00:00, matBrand=, mtlNO=8WBS001198, netValue=274.77, ordPriceUnit=GE, ordType=CGSC, plant=R06, price=91.59, promotion=, proposerDesc=郭丽, proposerID=GUOL, purGrp=ZD1, purGrpDesc=一般材料采购二室-吴长福, purOrg=Z32, purdocheaderid=56110845, purdocitemid=73459674, quantity=3, remark=, remark1=, storeLocation=R06GZ11, vendorDesc=吉林信达, vendorNO=BA226, phone=, reqPhone=, plantDes=, storeLocationDes=, sizecoL=, unitDes=个, createdByDesc=, stateDesc=, DI_OPERTYPE=I, DI_BATCHNO=6764401, DI_UPDATETIME=2023-04-10T00:00:00), YQJFPurchaseOrderInfo(client=800, purDocItemNO=58126, purDocNO=PO230406000017, purchaseReqNO=PR230329000009, itemNO=02474, PURStockBillID=73459668, buyListStrDes=专项费用类采购订单SC, createdBy=吴长福, createdDate=2023-04-06T00:00:00, docDate=2023-04-10T00:00:00, estimatedPriceIndic=, itemDeliveryDate=2023-04-25T00:00:00, matBrand=, mtlNO=8WBS001405, netValue=187.8, ordPriceUnit=PC, ordType=CGSC, plant=R06, price=18.78, promotion=, proposerDesc=郭丽, proposerID=GUOL, purGrp=ZD1, purGrpDesc=一般材料采购二室-吴长福, purOrg=Z32, purdocheaderid=56110845, purdocitemid=73459668, quantity=10, remark=, remark1=, storeLocation=R06GZ11, vendorDesc=吉林信达, vendorNO=BA226, phone=, reqPhone=, plantDes=, storeLocationDes=, sizecoL=, unitDes=件, createdByDesc=, stateDesc=, DI_OPERTYPE=I, DI_BATCHNO=6764401, DI_UPDATETIME=2023-04-10T00:00:00), YQJFPurchaseOrderInfo(client=800, purDocItemNO=58131, purDocNO=PO230406000017, purchaseReqNO=PR230329000009, itemNO=02479, PURStockBillID=73459673, buyListStrDes=专项费用类采购订单SC, createdBy=吴长福, createdDate=2023-04-06T00:00:00, docDate=2023-04-10T00:00:00, estimatedPriceIndic=, itemDeliveryDate=2023-04-25T00:00:00, matBrand=, mtlNO=8WBS001192, netValue=92.82, ordPriceUnit=GE, ordType=CGSC, plant=R06, price=46.41, promotion=, proposerDesc=郭丽, proposerID=GUOL, purGrp=ZD1, purGrpDesc=一般材料采购二室-吴长福, purOrg=Z32, purdocheaderid=56110845, purdocitemid=73459673, quantity=2, remark=, remark1=, storeLocation=R06GZ11, vendorDesc=吉林信达, vendorNO=BA226, phone=, reqPhone=, plantDes=, storeLocationDes=, sizecoL=, unitDes=个, createdByDesc=, stateDesc=, DI_OPERTYPE=I, DI_BATCHNO=6764401, DI_UPDATETIME=2023-04-10T00:00:00), YQJFPurchaseOrderInfo(client=800, purDocItemNO=58129, purDocNO=PO230406000017, purchaseReqNO=PR230329000009, itemNO=02477, PURStockBillID=73459671, buyListStrDes=专项费用类采购订单SC, createdBy=吴长福, createdDate=2023-04-06T00:00:00, docDate=2023-04-10T00:00:00, estimatedPriceIndic=, itemDeliveryDate=2023-04-25T00:00:00, matBrand=, mtlNO=8WBS001476, netValue=252.2, ordPriceUnit=PC, ordType=CGSC, plant=R06, price=25.22, promotion=, proposerDesc=郭丽, proposerID=GUOL, purGrp=ZD1, purGrpDesc=一般材料采购二室-吴长福, purOrg=Z32, purdocheaderid=56110845, purdocitemid=73459671, quantity=10, remark=, remark1=, storeLocation=R06GZ11, vendorDesc=吉林信达, vendorNO=BA226, phone=, reqPhone=, plantDes=, storeLocationDes=, sizecoL=, unitDes=件, createdByDesc=, stateDesc=, DI_OPERTYPE=I, DI_BATCHNO=6764401, DI_UPDATETIME=2023-04-10T00:00:00), YQJFPurchaseOrderInfo(client=800, purDocItemNO=58130, purDocNO=PO230406000017, purchaseReqNO=PR230329000009, itemNO=02478, PURStockBillID=73459672, buyListStrDes=专项费用类采购订单SC, createdBy=吴长福, createdDate=2023-04-06T00:00:00, docDate=2023-04-10T00:00:00, estimatedPriceIndic=, itemDeliveryDate=2023-04-25T00:00:00, matBrand=, mtlNO=8WBS001404, netValue=131.82, ordPriceUnit=PC, ordType=CGSC, plant=R06, price=43.94, promotion=, proposerDesc=郭丽, proposerID=GUOL, purGrp=ZD1, purGrpDesc=一般材料采购二室-吴长福, purOrg=Z32, purdocheaderid=56110845, purdocitemid=73459672, quantity=3, remark=, remark1=, storeLocation=R06GZ11, vendorDesc=吉林信达, vendorNO=BA226, phone=, reqPhone=, plantDes=, storeLocationDes=, sizecoL=, unitDes=件, createdByDesc=, stateDesc=, DI_OPERTYPE=I, DI_BATCHNO=6764401, DI_UPDATETIME=2023-04-10T00:00:00), YQJFPurchaseOrderInfo(client=800, purDocItemNO=58134, purDocNO=PO230406000017, purchaseReqNO=PR230329000009, itemNO=02482, PURStockBillID=73459676, buyListStrDes=专项费用类采购订单SC, createdBy=吴长福, createdDate=2023-04-06T00:00:00, docDate=2023-04-10T00:00:00, estimatedPriceIndic=, itemDeliveryDate=2023-04-25T00:00:00, matBrand=, mtlNO=8WBS001406, netValue=471.9, ordPriceUnit=PC, ordType=CGSC, plant=R06, price=47.19, promotion=, proposerDesc=郭丽, proposerID=GUOL, purGrp=ZD1, purGrpDesc=一般材料采购二室-吴长福, purOrg=Z32, purdocheaderid=56110845, purdocitemid=73459676, quantity=10, remark=, remark1=, storeLocation=R06GZ11, vendorDesc=吉林信达, vendorNO=BA226, phone=, reqPhone=, plantDes=, storeLocationDes=, sizecoL=, unitDes=件, createdByDesc=, stateDesc=, DI_OPERTYPE=I, DI_BATCHNO=6764401, DI_UPDATETIME=2023-04-10T00:00:00), YQJFPurchaseOrderInfo(client=800, purDocItemNO=58133, purDocNO=PO230406000017, purchaseReqNO=PR230329000009, itemNO=02481, PURStockBillID=73459675, buyListStrDes=专项费用类采购订单SC, createdBy=吴长福, createdDate=2023-04-06T00:00:00, docDate=2023-04-10T00:00:00, estimatedPriceIndic=, itemDeliveryDate=2023-04-25T00:00:00, matBrand=, mtlNO=8WSC000092, netValue=1581.9, ordPriceUnit=PC, ordType=CGSC, plant=R06, price=105.46, promotion=, proposerDesc=郭丽, proposerID=GUOL, purGrp=ZD1, purGrpDesc=一般材料采购二室-吴长福, purOrg=Z32, purdocheaderid=56110845, purdocitemid=73459675, quantity=15, remark=, remark1=, storeLocation=R06GZ11, vendorDesc=吉林信达, vendorNO=BA226, phone=, reqPhone=, plantDes=, storeLocationDes=, sizecoL=, unitDes=件, createdByDesc=, stateDesc=, DI_OPERTYPE=I, DI_BATCHNO=6764401, DI_UPDATETIME=2023-04-10T00:00:00), YQJFPurchaseOrderInfo(client=800, purDocItemNO=58135, purDocNO=PO230406000017, purchaseReqNO=PR230329000009, itemNO=02483, PURStockBillID=73459677, buyListStrDes=专项费用类采购订单SC, createdBy=吴长福, createdDate=2023-04-06T00:00:00, docDate=2023-04-10T00:00:00, estimatedPriceIndic=, itemDeliveryDate=2023-04-25T00:00:00, matBrand=, mtlNO=8WQZ000494, netValue=180.15, ordPriceUnit=GE, ordType=CGSC, plant=R06, price=36.03, promotion=, proposerDesc=郭丽, proposerID=GUOL, purGrp=ZD1, purGrpDesc=一般材料采购二室-吴长福, purOrg=Z32, purdocheaderid=56110845, purdocitemid=73459677, quantity=5, remark=, remark1=, storeLocation=R06GZ11, vendorDesc=吉林信达, vendorNO=BA226, phone=, reqPhone=, plantDes=, storeLocationDes=, sizecoL=, unitDes=个, createdByDesc=, stateDesc=, DI_OPERTYPE=I, DI_BATCHNO=6764401, DI_UPDATETIME=2023-04-10T00:00:00), YQJFPurchaseOrderInfo(client=800, purDocItemNO=58124, purDocNO=PO230406000017, purchaseReqNO=PR230329000009, itemNO=02472, PURStockBillID=73459666, buyListStrDes=专项费用类采购订单SC, createdBy=吴长福, createdDate=2023-04-06T00:00:00, docDate=2023-04-10T00:00:00, estimatedPriceIndic=, itemDeliveryDate=2023-04-25T00:00:00, matBrand=, mtlNO=8WBS001471, netValue=51.76, ordPriceUnit=PC, ordType=CGSC, plant=R06, price=12.94, promotion=, proposerDesc=郭丽, proposerID=GUOL, purGrp=ZD1, purGrpDesc=一般材料采购二室-吴长福, purOrg=Z32, purdocheaderid=56110845, purdocitemid=73459666, quantity=4, remark=, remark1=, storeLocation=R06GZ11, vendorDesc=吉林信达, vendorNO=BA226, phone=, reqPhone=, plantDes=, storeLocationDes=, sizecoL=, unitDes=件, createdByDesc=, stateDesc=, DI_OPERTYPE=I, DI_BATCHNO=6764401, DI_UPDATETIME=2023-04-10T00:00:00)])
2023-04-30 13:38:23.625  INFO 16632 --- [demo-pool-1] c.s.guns.threads.GuiHuanAppliesThread    : Task Thread- Return application
2023-04-30 13:39:12.667  INFO 16632 --- [demo-pool-1] c.s.guns.threads.GuiHuanAppliesThread    : Task Thread- Return application
2023-04-30 13:39:21.286  INFO 16632 --- [demo-pool-0] c.s.guns.threads.UseAppliesThread        : Task Thread- Requisition application
2023-04-30 13:39:24.466  INFO 16632 --- [http-nio-8099-exec-10] c.s.guns.webservice.FawApiServiceImpl    : --OVER--
2023-04-30 13:39:26.004  INFO 16632 --- [demo-pool-1] c.s.guns.threads.GuiHuanAppliesThread    : Task Thread- Return application
2023-04-30 13:39:37.980  INFO 16632 --- [demo-pool-1] c.s.guns.threads.GuiHuanAppliesThread    : Task Thread- Return application
2023-04-30 13:39:38.906  INFO 16632 --- [demo-pool-0] c.s.guns.threads.UseAppliesThread        : Task Thread- Requisition application
2023-04-30 13:39:49.349  INFO 16632 --- [demo-pool-1] c.s.guns.threads.GuiHuanAppliesThread    : Task Thread- Return application
2023-04-30 13:39:52.550  INFO 16632 --- [demo-pool-0] c.s.guns.threads.UseAppliesThread        : Task Thread- Requisition application
2023-04-30 13:40:00.631  INFO 16632 --- [demo-pool-1] c.s.guns.threads.GuiHuanAppliesThread    : Task Thread- Return application
2023-04-30 13:40:06.302  INFO 16632 --- [demo-pool-0] c.s.guns.threads.UseAppliesThread        : Task Thread- Requisition application
2023-04-30 13:40:11.870  INFO 16632 --- [demo-pool-1] c.s.guns.threads.GuiHuanAppliesThread    : Task Thread- Return application
2023-04-30 13:40:19.752  INFO 16632 --- [demo-pool-0] c.s.guns.threads.UseAppliesThread        : Task Thread- Requisition application
2023-04-30 13:40:23.256  INFO 16632 --- [demo-pool-1] c.s.guns.threads.GuiHuanAppliesThread    : Task Thread- Return application
2023-04-30 13:40:33.305  INFO 16632 --- [demo-pool-0] c.s.guns.threads.UseAppliesThread        : Task Thread- Requisition application
2023-04-30 13:40:33.608  INFO 16632 --- [demo-pool-1] c.s.guns.threads.GuiHuanAppliesThread    : Task Thread- Return application
2023-04-30 13:40:43.361  INFO 16632 --- [demo-pool-0] c.s.guns.threads.UseAppliesThread        : Task Thread- Requisition application
2023-04-30 13:40:43.618  INFO 16632 --- [demo-pool-1] c.s.guns.threads.GuiHuanAppliesThread    : Task Thread- Return application
2023-04-30 13:40:53.377  INFO 16632 --- [demo-pool-0] c.s.guns.threads.UseAppliesThread        : Task Thread- Requisition application
2023-04-30 13:40:53.636  INFO 16632 --- [demo-pool-1] c.s.guns.threads.GuiHuanAppliesThread    : Task Thread- Return application
2023-04-30 13:41:09.693  INFO 16632 --- [http-nio-8099-exec-7] c.s.guns.webservice.FawApiServiceImpl    : --setPurchaseOrder--
2023-04-30 13:41:09.772  INFO 16632 --- [http-nio-8099-exec-7] c.s.guns.webservice.FawApiServiceImpl    : MsgHeader(messageID=fb3b3617-c73b-40cf-8cab-e44941262760, interfaceID=ERP-TWMS-002, transID=fb3b3617-c73b-40cf-8cab-e44941262760, sender=JF_ERP, receiver=JF_TWMS, count=87, comment=PUR_ORDER)
2023-04-30 13:41:10.064  INFO 16632 --- [http-nio-8099-exec-7] c.s.guns.webservice.FawApiServiceImpl    : MsgBodyErp(yqjfPurchaseOrderInfo=[YQJFPurchaseOrderInfo(client=800, purDocItemNO=58125, purDocNO=PO230406000017, purchaseReqNO=PR230329000009, itemNO=02473, PURStockBillID=73459667, buyListStrDes=专项费用类采购订单SC, createdBy=吴长福, createdDate=2023-04-06T00:00:00, docDate=2023-04-10T00:00:00, estimatedPriceIndic=, itemDeliveryDate=2023-04-25T00:00:00, matBrand=, mtlNO=8WBS001472, netValue=62.12, ordPriceUnit=PC, ordType=CGSC, plant=R06, price=15.53, promotion=, proposerDesc=郭丽, proposerID=GUOL, purGrp=ZD1, purGrpDesc=一般材料采购二室-吴长福, purOrg=Z32, purdocheaderid=56110845, purdocitemid=73459667, quantity=4, remark=, remark1=, storeLocation=R06GZ11, vendorDesc=吉林信达, vendorNO=BA226, phone=, reqPhone=, plantDes=, storeLocationDes=, sizecoL=, unitDes=件, createdByDesc=, stateDesc=, DI_OPERTYPE=I, DI_BATCHNO=6764401, DI_UPDATETIME=2023-04-10T00:00:00), YQJFPurchaseOrderInfo(client=800, purDocItemNO=58128, purDocNO=PO230406000017, purchaseReqNO=PR230329000009, itemNO=02476, PURStockBillID=73459670, buyListStrDes=专项费用类采购订单SC, createdBy=吴长福, createdDate=2023-04-06T00:00:00, docDate=2023-04-10T00:00:00, estimatedPriceIndic=, itemDeliveryDate=2023-04-25T00:00:00, matBrand=, mtlNO=8WBS001475, netValue=93.2, ordPriceUnit=PC, ordType=CGSC, plant=R06, price=23.3, promotion=, proposerDesc=郭丽, proposerID=GUOL, purGrp=ZD1, purGrpDesc=一般材料采购二室-吴长福, purOrg=Z32, purdocheaderid=56110845, purdocitemid=73459670, quantity=4, remark=, remark1=, storeLocation=R06GZ11, vendorDesc=吉林信达, vendorNO=BA226, phone=, reqPhone=, plantDes=, storeLocationDes=, sizecoL=, unitDes=件, createdByDesc=, stateDesc=, DI_OPERTYPE=I, DI_BATCHNO=6764401, DI_UPDATETIME=2023-04-10T00:00:00), YQJFPurchaseOrderInfo(client=800, purDocItemNO=58127, purDocNO=PO230406000017, purchaseReqNO=PR230329000009, itemNO=02475, PURStockBillID=73459669, buyListStrDes=专项费用类采购订单SC, createdBy=吴长福, createdDate=2023-04-06T00:00:00, docDate=2023-04-10T00:00:00, estimatedPriceIndic=, itemDeliveryDate=2023-04-25T00:00:00, matBrand=, mtlNO=8WBS001474, netValue=85.48, ordPriceUnit=PC, ordType=CGSC, plant=R06, price=21.37, promotion=, proposerDesc=郭丽, proposerID=GUOL, purGrp=ZD1, purGrpDesc=一般材料采购二室-吴长福, purOrg=Z32, purdocheaderid=56110845, purdocitemid=73459669, quantity=4, remark=, remark1=, storeLocation=R06GZ11, vendorDesc=吉林信达, vendorNO=BA226, phone=, reqPhone=, plantDes=, storeLocationDes=, sizecoL=, unitDes=件, createdByDesc=, stateDesc=, DI_OPERTYPE=I, DI_BATCHNO=6764401, DI_UPDATETIME=2023-04-10T00:00:00), YQJFPurchaseOrderInfo(client=800, purDocItemNO=58132, purDocNO=PO230406000017, purchaseReqNO=PR230329000009, itemNO=02480, PURStockBillID=73459674, buyListStrDes=专项费用类采购订单SC, createdBy=吴长福, createdDate=2023-04-06T00:00:00, docDate=2023-04-10T00:00:00, estimatedPriceIndic=, itemDeliveryDate=2023-04-25T00:00:00, matBrand=, mtlNO=8WBS001198, netValue=274.77, ordPriceUnit=GE, ordType=CGSC, plant=R06, price=91.59, promotion=, proposerDesc=郭丽, proposerID=GUOL, purGrp=ZD1, purGrpDesc=一般材料采购二室-吴长福, purOrg=Z32, purdocheaderid=56110845, purdocitemid=73459674, quantity=3, remark=, remark1=, storeLocation=R06GZ11, vendorDesc=吉林信达, vendorNO=BA226, phone=, reqPhone=, plantDes=, storeLocationDes=, sizecoL=, unitDes=个, createdByDesc=, stateDesc=, DI_OPERTYPE=I, DI_BATCHNO=6764401, DI_UPDATETIME=2023-04-10T00:00:00), YQJFPurchaseOrderInfo(client=800, purDocItemNO=58126, purDocNO=PO230406000017, purchaseReqNO=PR230329000009, itemNO=02474, PURStockBillID=73459668, buyListStrDes=专项费用类采购订单SC, createdBy=吴长福, createdDate=2023-04-06T00:00:00, docDate=2023-04-10T00:00:00, estimatedPriceIndic=, itemDeliveryDate=2023-04-25T00:00:00, matBrand=, mtlNO=8WBS001405, netValue=187.8, ordPriceUnit=PC, ordType=CGSC, plant=R06, price=18.78, promotion=, proposerDesc=郭丽, proposerID=GUOL, purGrp=ZD1, purGrpDesc=一般材料采购二室-吴长福, purOrg=Z32, purdocheaderid=56110845, purdocitemid=73459668, quantity=10, remark=, remark1=, storeLocation=R06GZ11, vendorDesc=吉林信达, vendorNO=BA226, phone=, reqPhone=, plantDes=, storeLocationDes=, sizecoL=, unitDes=件, createdByDesc=, stateDesc=, DI_OPERTYPE=I, DI_BATCHNO=6764401, DI_UPDATETIME=2023-04-10T00:00:00), YQJFPurchaseOrderInfo(client=800, purDocItemNO=58131, purDocNO=PO230406000017, purchaseReqNO=PR230329000009, itemNO=02479, PURStockBillID=73459673, buyListStrDes=专项费用类采购订单SC, createdBy=吴长福, createdDate=2023-04-06T00:00:00, docDate=2023-04-10T00:00:00, estimatedPriceIndic=, itemDeliveryDate=2023-04-25T00:00:00, matBrand=, mtlNO=8WBS001192, netValue=92.82, ordPriceUnit=GE, ordType=CGSC, plant=R06, price=46.41, promotion=, proposerDesc=郭丽, proposerID=GUOL, purGrp=ZD1, purGrpDesc=一般材料采购二室-吴长福, purOrg=Z32, purdocheaderid=56110845, purdocitemid=73459673, quantity=2, remark=, remark1=, storeLocation=R06GZ11, vendorDesc=吉林信达, vendorNO=BA226, phone=, reqPhone=, plantDes=, storeLocationDes=, sizecoL=, unitDes=个, createdByDesc=, stateDesc=, DI_OPERTYPE=I, DI_BATCHNO=6764401, DI_UPDATETIME=2023-04-10T00:00:00), YQJFPurchaseOrderInfo(client=800, purDocItemNO=58129, purDocNO=PO230406000017, purchaseReqNO=PR230329000009, itemNO=02477, PURStockBillID=73459671, buyListStrDes=专项费用类采购订单SC, createdBy=吴长福, createdDate=2023-04-06T00:00:00, docDate=2023-04-10T00:00:00, estimatedPriceIndic=, itemDeliveryDate=2023-04-25T00:00:00, matBrand=, mtlNO=8WBS001476, netValue=252.2, ordPriceUnit=PC, ordType=CGSC, plant=R06, price=25.22, promotion=, proposerDesc=郭丽, proposerID=GUOL, purGrp=ZD1, purGrpDesc=一般材料采购二室-吴长福, purOrg=Z32, purdocheaderid=56110845, purdocitemid=73459671, quantity=10, remark=, remark1=, storeLocation=R06GZ11, vendorDesc=吉林信达, vendorNO=BA226, phone=, reqPhone=, plantDes=, storeLocationDes=, sizecoL=, unitDes=件, createdByDesc=, stateDesc=, DI_OPERTYPE=I, DI_BATCHNO=6764401, DI_UPDATETIME=2023-04-10T00:00:00), YQJFPurchaseOrderInfo(client=800, purDocItemNO=58130, purDocNO=PO230406000017, purchaseReqNO=PR230329000009, itemNO=02478, PURStockBillID=73459672, buyListStrDes=专项费用类采购订单SC, createdBy=吴长福, createdDate=2023-04-06T00:00:00, docDate=2023-04-10T00:00:00, estimatedPriceIndic=, itemDeliveryDate=2023-04-25T00:00:00, matBrand=, mtlNO=8WBS001404, netValue=131.82, ordPriceUnit=PC, ordType=CGSC, plant=R06, price=43.94, promotion=, proposerDesc=郭丽, proposerID=GUOL, purGrp=ZD1, purGrpDesc=一般材料采购二室-吴长福, purOrg=Z32, purdocheaderid=56110845, purdocitemid=73459672, quantity=3, remark=, remark1=, storeLocation=R06GZ11, vendorDesc=吉林信达, vendorNO=BA226, phone=, reqPhone=, plantDes=, storeLocationDes=, sizecoL=, unitDes=件, createdByDesc=, stateDesc=, DI_OPERTYPE=I, DI_BATCHNO=6764401, DI_UPDATETIME=2023-04-10T00:00:00), YQJFPurchaseOrderInfo(client=800, purDocItemNO=58134, purDocNO=PO230406000017, purchaseReqNO=PR230329000009, itemNO=02482, PURStockBillID=73459676, buyListStrDes=专项费用类采购订单SC, createdBy=吴长福, createdDate=2023-04-06T00:00:00, docDate=2023-04-10T00:00:00, estimatedPriceIndic=, itemDeliveryDate=2023-04-25T00:00:00, matBrand=, mtlNO=8WBS001406, netValue=471.9, ordPriceUnit=PC, ordType=CGSC, plant=R06, price=47.19, promotion=, proposerDesc=郭丽, proposerID=GUOL, purGrp=ZD1, purGrpDesc=一般材料采购二室-吴长福, purOrg=Z32, purdocheaderid=56110845, purdocitemid=73459676, quantity=10, remark=, remark1=, storeLocation=R06GZ11, vendorDesc=吉林信达, vendorNO=BA226, phone=, reqPhone=, plantDes=, storeLocationDes=, sizecoL=, unitDes=件, createdByDesc=, stateDesc=, DI_OPERTYPE=I, DI_BATCHNO=6764401, DI_UPDATETIME=2023-04-10T00:00:00), YQJFPurchaseOrderInfo(client=800, purDocItemNO=58133, purDocNO=PO230406000017, purchaseReqNO=PR230329000009, itemNO=02481, PURStockBillID=73459675, buyListStrDes=专项费用类采购订单SC, createdBy=吴长福, createdDate=2023-04-06T00:00:00, docDate=2023-04-10T00:00:00, estimatedPriceIndic=, itemDeliveryDate=2023-04-25T00:00:00, matBrand=, mtlNO=8WSC000092, netValue=1581.9, ordPriceUnit=PC, ordType=CGSC, plant=R06, price=105.46, promotion=, proposerDesc=郭丽, proposerID=GUOL, purGrp=ZD1, purGrpDesc=一般材料采购二室-吴长福, purOrg=Z32, purdocheaderid=56110845, purdocitemid=73459675, quantity=15, remark=, remark1=, storeLocation=R06GZ11, vendorDesc=吉林信达, vendorNO=BA226, phone=, reqPhone=, plantDes=, storeLocationDes=, sizecoL=, unitDes=件, createdByDesc=, stateDesc=, DI_OPERTYPE=I, DI_BATCHNO=6764401, DI_UPDATETIME=2023-04-10T00:00:00), YQJFPurchaseOrderInfo(client=800, purDocItemNO=58135, purDocNO=PO230406000017, purchaseReqNO=PR230329000009, itemNO=02483, PURStockBillID=73459677, buyListStrDes=专项费用类采购订单SC, createdBy=吴长福, createdDate=2023-04-06T00:00:00, docDate=2023-04-10T00:00:00, estimatedPriceIndic=, itemDeliveryDate=2023-04-25T00:00:00, matBrand=, mtlNO=8WQZ000494, netValue=180.15, ordPriceUnit=GE, ordType=CGSC, plant=R06, price=36.03, promotion=, proposerDesc=郭丽, proposerID=GUOL, purGrp=ZD1, purGrpDesc=一般材料采购二室-吴长福, purOrg=Z32, purdocheaderid=56110845, purdocitemid=73459677, quantity=5, remark=, remark1=, storeLocation=R06GZ11, vendorDesc=吉林信达, vendorNO=BA226, phone=, reqPhone=, plantDes=, storeLocationDes=, sizecoL=, unitDes=个, createdByDesc=, stateDesc=, DI_OPERTYPE=I, DI_BATCHNO=6764401, DI_UPDATETIME=2023-04-10T00:00:00), YQJFPurchaseOrderInfo(client=800, purDocItemNO=58124, purDocNO=PO230406000017, purchaseReqNO=PR230329000009, itemNO=02472, PURStockBillID=73459666, buyListStrDes=专项费用类采购订单SC, createdBy=吴长福, createdDate=2023-04-06T00:00:00, docDate=2023-04-10T00:00:00, estimatedPriceIndic=, itemDeliveryDate=2023-04-25T00:00:00, matBrand=, mtlNO=8WBS001471, netValue=51.76, ordPriceUnit=PC, ordType=CGSC, plant=R06, price=12.94, promotion=, proposerDesc=郭丽, proposerID=GUOL, purGrp=ZD1, purGrpDesc=一般材料采购二室-吴长福, purOrg=Z32, purdocheaderid=56110845, purdocitemid=73459666, quantity=4, remark=, remark1=, storeLocation=R06GZ11, vendorDesc=吉林信达, vendorNO=BA226, phone=, reqPhone=, plantDes=, storeLocationDes=, sizecoL=, unitDes=件, createdByDesc=, stateDesc=, DI_OPERTYPE=I, DI_BATCHNO=6764401, DI_UPDATETIME=2023-04-10T00:00:00)])
2023-04-30 13:41:10.154  INFO 16632 --- [demo-pool-1] c.s.guns.threads.GuiHuanAppliesThread    : Task Thread- Return application
2023-04-30 13:41:18.532  INFO 16632 --- [demo-pool-0] c.s.guns.threads.UseAppliesThread        : Task Thread- Requisition application
2023-04-30 13:41:22.388  INFO 16632 --- [demo-pool-1] c.s.guns.threads.GuiHuanAppliesThread    : Task Thread- Return application
2023-04-30 13:41:39.820  INFO 16632 --- [demo-pool-1] c.s.guns.threads.GuiHuanAppliesThread    : Task Thread- Return application
2023-04-30 13:41:39.821  INFO 16632 --- [demo-pool-0] c.s.guns.threads.UseAppliesThread        : Task Thread- Requisition application
2023-04-30 13:41:43.173  INFO 16632 --- [http-nio-8099-exec-7] c.s.guns.webservice.FawApiServiceImpl    : --OVER--
2023-04-30 13:41:47.817  INFO 16632 --- [Thread-51] org.quartz.core.QuartzScheduler          : Scheduler quartzScheduler_$_NON_CLUSTERED paused.
2023-04-30 13:41:47.818  INFO 16632 --- [Thread-51] o.s.s.quartz.SchedulerFactoryBean        : Shutting down Quartz Scheduler
2023-04-30 13:41:47.818  INFO 16632 --- [Thread-51] org.quartz.core.QuartzScheduler          : Scheduler quartzScheduler_$_NON_CLUSTERED shutting down.
2023-04-30 13:41:47.819  INFO 16632 --- [Thread-51] org.quartz.core.QuartzScheduler          : Scheduler quartzScheduler_$_NON_CLUSTERED paused.
2023-04-30 13:41:47.819  INFO 16632 --- [Thread-51] org.quartz.core.QuartzScheduler          : Scheduler quartzScheduler_$_NON_CLUSTERED shutdown complete.
2023-04-30 13:41:47.820  INFO 16632 --- [Thread-51] c.a.icatch.imp.TransactionServiceImp     : Transaction Service: Entering shutdown (false, 9223372036854775807)...
2023-04-30 13:41:47.830  INFO 16632 --- [Thread-51] o.s.s.concurrent.ThreadPoolTaskExecutor  : Shutting down ExecutorService 'applicationTaskExecutor'
2023-04-30 13:41:47.836  INFO 16632 --- [Thread-51] c.a.datasource.pool.ConnectionPool       : atomikos connection pool 'master': destroying pool...
2023-04-30 13:41:47.836  WARN 16632 --- [Thread-51] c.a.datasource.pool.ConnectionPool       : atomikos connection pool 'master': connection is still in use on pool destroy: an AtomikosXAPooledConnection with a SessionHandleState with 1 context(s) - please check your shutdown sequence to avoid heuristic termination of ongoing transactions!
