2022-05-12 08:38:17.391  INFO 8936 --- [main] cn.stylefeng.guns.GunsApplication        : Starting GunsApplication on LAPTOP-P46VT7JU with PID 8936 (started by 爱仕达 in D:\项目资料\一汽解放智能柜\asd-faw)
2022-05-12 08:38:19.368  INFO 8936 --- [main] cn.stylefeng.guns.GunsApplication        : The following profiles are active: local
2022-05-12 08:38:29.969  INFO 8936 --- [main] trationDelegate$BeanPostProcessorChecker : Bean 'webConfig' of type [cn.stylefeng.guns.config.web.WebConfig$$EnhancerBySpringCGLIB$$cde2ce07] is not eligible for getting processed by all BeanPostProcessors (for example: not eligible for auto-proxying)
2022-05-12 08:38:30.231  INFO 8936 --- [main] trationDelegate$BeanPostProcessorChecker : Bean 'org.springframework.ws.config.annotation.DelegatingWsConfiguration' of type [org.springframework.ws.config.annotation.DelegatingWsConfiguration$$EnhancerBySpringCGLIB$$7dcf05e] is not eligible for getting processed by all BeanPostProcessors (for example: not eligible for auto-proxying)
2022-05-12 08:38:30.276  INFO 8936 --- [main] .w.s.a.s.AnnotationActionEndpointMapping : Supporting [WS-Addressing August 2004, WS-Addressing 1.0]
2022-05-12 08:38:30.283  INFO 8936 --- [main] trationDelegate$BeanPostProcessorChecker : Bean 'druidStatPointcut' of type [org.springframework.aop.support.JdkRegexpMethodPointcut] is not eligible for getting processed by all BeanPostProcessors (for example: not eligible for auto-proxying)
2022-05-12 08:38:30.296  INFO 8936 --- [main] trationDelegate$BeanPostProcessorChecker : Bean 'druidStatInterceptor' of type [com.alibaba.druid.support.spring.stat.DruidStatInterceptor] is not eligible for getting processed by all BeanPostProcessors (for example: not eligible for auto-proxying)
2022-05-12 08:38:30.297  INFO 8936 --- [main] trationDelegate$BeanPostProcessorChecker : Bean 'druidStatAdvisor' of type [org.springframework.aop.support.DefaultPointcutAdvisor] is not eligible for getting processed by all BeanPostProcessors (for example: not eligible for auto-proxying)
2022-05-12 08:38:30.393  INFO 8936 --- [main] trationDelegate$BeanPostProcessorChecker : Bean 'org.springframework.transaction.annotation.ProxyTransactionManagementConfiguration' of type [org.springframework.transaction.annotation.ProxyTransactionManagementConfiguration$$EnhancerBySpringCGLIB$$63452b5f] is not eligible for getting processed by all BeanPostProcessors (for example: not eligible for auto-proxying)
2022-05-12 08:38:30.609  INFO 8936 --- [main] trationDelegate$BeanPostProcessorChecker : Bean 'org.springframework.security.config.annotation.configuration.ObjectPostProcessorConfiguration' of type [org.springframework.security.config.annotation.configuration.ObjectPostProcessorConfiguration$$EnhancerBySpringCGLIB$$fbf2f399] is not eligible for getting processed by all BeanPostProcessors (for example: not eligible for auto-proxying)
2022-05-12 08:38:30.618  INFO 8936 --- [main] trationDelegate$BeanPostProcessorChecker : Bean 'objectPostProcessor' of type [org.springframework.security.config.annotation.configuration.AutowireBeanFactoryObjectPostProcessor] is not eligible for getting processed by all BeanPostProcessors (for example: not eligible for auto-proxying)
2022-05-12 08:38:30.622  INFO 8936 --- [main] trationDelegate$BeanPostProcessorChecker : Bean 'org.springframework.security.access.expression.method.DefaultMethodSecurityExpressionHandler@42ea7565' of type [org.springframework.security.access.expression.method.DefaultMethodSecurityExpressionHandler] is not eligible for getting processed by all BeanPostProcessors (for example: not eligible for auto-proxying)
2022-05-12 08:38:30.628  INFO 8936 --- [main] trationDelegate$BeanPostProcessorChecker : Bean 'org.springframework.security.config.annotation.method.configuration.GlobalMethodSecurityConfiguration' of type [org.springframework.security.config.annotation.method.configuration.GlobalMethodSecurityConfiguration$$EnhancerBySpringCGLIB$$20c7964b] is not eligible for getting processed by all BeanPostProcessors (for example: not eligible for auto-proxying)
2022-05-12 08:38:30.636  INFO 8936 --- [main] trationDelegate$BeanPostProcessorChecker : Bean 'methodSecurityMetadataSource' of type [org.springframework.security.access.method.DelegatingMethodSecurityMetadataSource] is not eligible for getting processed by all BeanPostProcessors (for example: not eligible for auto-proxying)
2022-05-12 08:38:31.296  INFO 8936 --- [main] o.s.b.w.embedded.tomcat.TomcatWebServer  : Tomcat initialized with port(s): 8099 (http)
2022-05-12 08:38:31.356  INFO 8936 --- [main] o.apache.catalina.core.StandardService   : Starting service [Tomcat]
2022-05-12 08:38:31.357  INFO 8936 --- [main] org.apache.catalina.core.StandardEngine  : Starting Servlet engine: [Apache Tomcat/9.0.21]
2022-05-12 08:38:31.609  INFO 8936 --- [main] o.a.c.c.C.[Tomcat].[localhost].[/faw]    : Initializing Spring embedded WebApplicationContext
2022-05-12 08:38:31.609  INFO 8936 --- [main] o.s.web.context.ContextLoader            : Root WebApplicationContext: initialization completed in 11777 ms
2022-05-12 08:38:31.716  WARN 8936 --- [main] c.atomikos.jdbc.AbstractDataSourceBean   : AtomikosDataSoureBean 'master': poolSize equals default - this may cause performance problems!
2022-05-12 08:38:34.846  INFO 8936 --- [main] com.alibaba.druid.pool.DruidDataSource   : {dataSource-1} inited
2022-05-12 08:38:35.387  WARN 8936 --- [main] c.atomikos.jdbc.AtomikosConnectionProxy  : atomikos connection proxy for com.alibaba.druid.proxy.jdbc.ConnectionProxyImpl@45e140ae: WARNING: transaction manager not running?
2022-05-12 08:38:42.671  INFO 8936 --- [main] c.s.guns.base.db.dao.DataBaseInfoDao     : 删除master的databaseInfo信息！删除1条！
2022-05-12 08:38:43.448  INFO 8936 --- [main] c.s.guns.base.db.dao.DataBaseInfoDao     : 初始化master的databaseInfo信息！初始化1条！
2022-05-12 08:38:45.166  INFO 8936 --- [main] o.s.boot.web.servlet.RegistrationBean    : Servlet CXFServlet was not registered (possibly already registered?)
2022-05-12 08:38:46.183  INFO 8936 --- [main] o.s.s.concurrent.ThreadPoolTaskExecutor  : Initializing ExecutorService 'applicationTaskExecutor'
2022-05-12 08:38:50.231  INFO 8936 --- [main] o.s.s.web.DefaultSecurityFilterChain     : Creating filter chain: Ant [pattern='/login', POST], []
2022-05-12 08:38:50.231  INFO 8936 --- [main] o.s.s.web.DefaultSecurityFilterChain     : Creating filter chain: Ant [pattern='/assets/**', GET], []
2022-05-12 08:38:50.232  INFO 8936 --- [main] o.s.s.web.DefaultSecurityFilterChain     : Creating filter chain: Ant [pattern='/favicon.ico', GET], []
2022-05-12 08:38:50.232  INFO 8936 --- [main] o.s.s.web.DefaultSecurityFilterChain     : Creating filter chain: Ant [pattern='/activiti-editor/**', GET], []
2022-05-12 08:38:50.311  INFO 8936 --- [main] pertySourcedRequestMappingHandlerMapping : Mapped URL path [/v2/api-docs] onto method [public org.springframework.http.ResponseEntity<springfox.documentation.spring.web.json.Json> springfox.documentation.swagger2.web.Swagger2Controller.getDocumentation(java.lang.String,javax.servlet.http.HttpServletRequest)]
2022-05-12 08:38:50.416  INFO 8936 --- [main] o.s.s.web.DefaultSecurityFilterChain     : Creating filter chain: any request, [org.springframework.security.web.context.request.async.WebAsyncManagerIntegrationFilter@9746157, org.springframework.security.web.context.SecurityContextPersistenceFilter@7d47b021, org.springframework.security.web.header.HeaderWriterFilter@3c4c7e51, org.springframework.web.filter.CorsFilter@10ad95cd, cn.stylefeng.guns.sys.core.auth.filter.JwtAuthorizationTokenFilter@4768b95c, org.springframework.security.web.savedrequest.RequestCacheAwareFilter@40cb95c1, org.springframework.security.web.servletapi.SecurityContextHolderAwareRequestFilter@118e2487, org.springframework.security.web.authentication.AnonymousAuthenticationFilter@69fd99c1, org.springframework.security.web.session.SessionManagementFilter@6dbeaef8, org.springframework.security.web.access.ExceptionTranslationFilter@5a8656a2, org.springframework.security.web.access.intercept.FilterSecurityInterceptor@20556566]
2022-05-12 08:38:50.609  INFO 8936 --- [main] c.stylefeng.guns.modular.utils.HttpUtil  : RestTemplate初始化完成
2022-05-12 08:38:50.734  INFO 8936 --- [main] o.a.c.w.s.f.ReflectionServiceFactoryBean : Creating Service {http://andot.org/webservice/demo/server}FawApiServiceImplService from class cn.stylefeng.guns.webservice.FawApiService
2022-05-12 08:38:51.776  INFO 8936 --- [main] org.apache.cxf.endpoint.ServerImpl       : Setting the server's publish address to be /fawApiService
2022-05-12 08:38:51.986  INFO 8936 --- [main] c.a.icatch.provider.imp.AssemblerImp     : Loaded jar:file:/D:/MAVEN/LocalWarehouse/com/atomikos/transactions/4.0.6/transactions-4.0.6.jar!/transactions-defaults.properties
2022-05-12 08:38:51.990  WARN 8936 --- [main] c.a.icatch.provider.imp.AssemblerImp     : Thanks for using Atomikos! Evaluate http://www.atomikos.com/Main/ExtremeTransactions for advanced features and professional support
or register at http://www.atomikos.com/Main/RegisterYourDownload to disable this message and receive FREE tips & advice
2022-05-12 08:38:52.006  INFO 8936 --- [main] c.a.icatch.provider.imp.AssemblerImp     : USING: com.atomikos.icatch.default_max_wait_time_on_shutdown = 9223372036854775807
2022-05-12 08:38:52.006  INFO 8936 --- [main] c.a.icatch.provider.imp.AssemblerImp     : USING: com.atomikos.icatch.allow_subtransactions = true
2022-05-12 08:38:52.007  INFO 8936 --- [main] c.a.icatch.provider.imp.AssemblerImp     : USING: com.atomikos.icatch.recovery_delay = 10000
2022-05-12 08:38:52.007  INFO 8936 --- [main] c.a.icatch.provider.imp.AssemblerImp     : USING: com.atomikos.icatch.automatic_resource_registration = true
2022-05-12 08:38:52.007  INFO 8936 --- [main] c.a.icatch.provider.imp.AssemblerImp     : USING: com.atomikos.icatch.oltp_max_retries = 5
2022-05-12 08:38:52.007  INFO 8936 --- [main] c.a.icatch.provider.imp.AssemblerImp     : USING: com.atomikos.icatch.client_demarcation = false
2022-05-12 08:38:52.007  INFO 8936 --- [main] c.a.icatch.provider.imp.AssemblerImp     : USING: com.atomikos.icatch.threaded_2pc = false
2022-05-12 08:38:52.007  INFO 8936 --- [main] c.a.icatch.provider.imp.AssemblerImp     : USING: com.atomikos.icatch.serial_jta_transactions = true
2022-05-12 08:38:52.007  INFO 8936 --- [main] c.a.icatch.provider.imp.AssemblerImp     : USING: com.atomikos.icatch.log_base_dir = D:\项目资料\一汽解放智能柜\asd-faw\transaction-logs
2022-05-12 08:38:52.007  INFO 8936 --- [main] c.a.icatch.provider.imp.AssemblerImp     : USING: com.atomikos.icatch.rmi_export_class = none
2022-05-12 08:38:52.007  INFO 8936 --- [main] c.a.icatch.provider.imp.AssemblerImp     : USING: com.atomikos.icatch.max_actives = -1
2022-05-12 08:38:52.007  INFO 8936 --- [main] c.a.icatch.provider.imp.AssemblerImp     : USING: com.atomikos.icatch.checkpoint_interval = 500
2022-05-12 08:38:52.007  INFO 8936 --- [main] c.a.icatch.provider.imp.AssemblerImp     : USING: com.atomikos.icatch.enable_logging = true
2022-05-12 08:38:52.007  INFO 8936 --- [main] c.a.icatch.provider.imp.AssemblerImp     : USING: com.atomikos.icatch.log_base_name = tmlog
2022-05-12 08:38:52.008  INFO 8936 --- [main] c.a.icatch.provider.imp.AssemblerImp     : USING: com.atomikos.icatch.max_timeout = 300000
2022-05-12 08:38:52.008  INFO 8936 --- [main] c.a.icatch.provider.imp.AssemblerImp     : USING: com.atomikos.icatch.trust_client_tm = false
2022-05-12 08:38:52.008  INFO 8936 --- [main] c.a.icatch.provider.imp.AssemblerImp     : USING: java.naming.factory.initial = com.sun.jndi.rmi.registry.RegistryContextFactory
2022-05-12 08:38:52.008  INFO 8936 --- [main] c.a.icatch.provider.imp.AssemblerImp     : USING: com.atomikos.icatch.tm_unique_name = 20.0.1.24.tm
2022-05-12 08:38:52.008  INFO 8936 --- [main] c.a.icatch.provider.imp.AssemblerImp     : USING: com.atomikos.icatch.forget_orphaned_log_entries_delay = 86400000
2022-05-12 08:38:52.008  INFO 8936 --- [main] c.a.icatch.provider.imp.AssemblerImp     : USING: com.atomikos.icatch.oltp_retry_interval = 10000
2022-05-12 08:38:52.008  INFO 8936 --- [main] c.a.icatch.provider.imp.AssemblerImp     : USING: java.naming.provider.url = rmi://localhost:1099
2022-05-12 08:38:52.008  INFO 8936 --- [main] c.a.icatch.provider.imp.AssemblerImp     : USING: com.atomikos.icatch.force_shutdown_on_vm_exit = false
2022-05-12 08:38:52.008  INFO 8936 --- [main] c.a.icatch.provider.imp.AssemblerImp     : USING: com.atomikos.icatch.default_jta_timeout = 300000
2022-05-12 08:38:52.009  INFO 8936 --- [main] c.a.icatch.provider.imp.AssemblerImp     : Using default (local) logging and recovery...
2022-05-12 08:38:52.147  INFO 8936 --- [main] c.a.d.xa.XATransactionalResource         : master: refreshed XAResource
2022-05-12 08:38:53.255  INFO 8936 --- [main] org.quartz.impl.StdSchedulerFactory      : Using default implementation for ThreadExecutor
2022-05-12 08:38:53.303  INFO 8936 --- [main] org.quartz.core.SchedulerSignalerImpl    : Initialized Scheduler Signaller of type: class org.quartz.core.SchedulerSignalerImpl
2022-05-12 08:38:53.304  INFO 8936 --- [main] org.quartz.core.QuartzScheduler          : Quartz Scheduler v.2.3.1 created.
2022-05-12 08:38:53.304  INFO 8936 --- [main] org.quartz.simpl.RAMJobStore             : RAMJobStore initialized.
2022-05-12 08:38:53.305  INFO 8936 --- [main] org.quartz.core.QuartzScheduler          : Scheduler meta-data: Quartz Scheduler (v2.3.1) 'quartzScheduler' with instanceId 'NON_CLUSTERED'
  Scheduler class: 'org.quartz.core.QuartzScheduler' - running locally.
  NOT STARTED.
  Currently in standby mode.
  Number of jobs executed: 0
  Using thread pool 'org.quartz.simpl.SimpleThreadPool' - with 10 threads.
  Using job-store 'org.quartz.simpl.RAMJobStore' - which does not support persistence. and is not clustered.

2022-05-12 08:38:53.305  INFO 8936 --- [main] org.quartz.impl.StdSchedulerFactory      : Quartz scheduler 'quartzScheduler' initialized from an externally provided properties instance.
2022-05-12 08:38:53.305  INFO 8936 --- [main] org.quartz.impl.StdSchedulerFactory      : Quartz scheduler version: 2.3.1
2022-05-12 08:38:53.305  INFO 8936 --- [main] org.quartz.core.QuartzScheduler          : JobFactory set to: org.springframework.scheduling.quartz.SpringBeanJobFactory@6f7a65e
2022-05-12 08:38:53.649  INFO 8936 --- [main] d.s.w.p.DocumentationPluginsBootstrapper : Context refreshed
2022-05-12 08:38:53.779  INFO 8936 --- [main] d.s.w.p.DocumentationPluginsBootstrapper : Found 1 custom documentation plugin(s)
2022-05-12 08:38:53.892  INFO 8936 --- [main] s.d.s.w.s.ApiListingReferenceScanner     : Scanning for api listing references
2022-05-12 08:38:54.225  INFO 8936 --- [main] .d.s.w.r.o.CachingOperationNameGenerator : Generating unique operation named: loginUsingGET_1
2022-05-12 08:38:54.227  INFO 8936 --- [main] .d.s.w.r.o.CachingOperationNameGenerator : Generating unique operation named: infoUsingGET_1
2022-05-12 08:38:54.248  INFO 8936 --- [main] .d.s.w.r.o.CachingOperationNameGenerator : Generating unique operation named: loginUsingGET_2
2022-05-12 08:38:54.249  INFO 8936 --- [main] .d.s.w.r.o.CachingOperationNameGenerator : Generating unique operation named: logoutUsingGET_1
2022-05-12 08:38:54.399  INFO 8936 --- [main] .d.s.w.r.o.CachingOperationNameGenerator : Generating unique operation named: closeCabinetUsingGET_1
2022-05-12 08:38:54.423  INFO 8936 --- [main] .d.s.w.r.o.CachingOperationNameGenerator : Generating unique operation named: conformUsingGET_1
2022-05-12 08:38:54.438  INFO 8936 --- [main] .d.s.w.r.o.CachingOperationNameGenerator : Generating unique operation named: queryToolUsingGET_1
2022-05-12 08:38:54.900  INFO 8936 --- [main] .d.s.w.r.o.CachingOperationNameGenerator : Generating unique operation named: queryToolContentUsingGET_1
2022-05-12 08:38:55.122  INFO 8936 --- [main] .d.s.w.r.o.CachingOperationNameGenerator : Generating unique operation named: loginUsingPOST_1
2022-05-12 08:38:55.150  INFO 8936 --- [main] o.s.s.quartz.SchedulerFactoryBean        : Starting Quartz Scheduler now
2022-05-12 08:38:55.150  INFO 8936 --- [main] org.quartz.core.QuartzScheduler          : Scheduler quartzScheduler_$_NON_CLUSTERED started.
2022-05-12 08:38:55.254  INFO 8936 --- [main] o.s.b.w.embedded.tomcat.TomcatWebServer  : Tomcat started on port(s): 8099 (http) with context path '/faw'
2022-05-12 08:38:55.257  INFO 8936 --- [main] cn.stylefeng.guns.GunsApplication        : Started GunsApplication in 39.124 seconds (JVM running for 42.948)
2022-05-12 08:38:55.261  INFO 8936 --- [main] cn.stylefeng.guns.config.AppConfig       : Test Start up complete
2022-05-12 09:23:09.342  INFO 8936 --- [http-nio-8099-exec-1] o.a.c.c.C.[Tomcat].[localhost].[/faw]    : Initializing Spring DispatcherServlet 'dispatcherServlet'
2022-05-12 09:23:09.344  INFO 8936 --- [http-nio-8099-exec-1] o.s.web.servlet.DispatcherServlet        : Initializing Servlet 'dispatcherServlet'
2022-05-12 09:23:09.409  INFO 8936 --- [http-nio-8099-exec-1] o.s.web.servlet.DispatcherServlet        : Completed initialization in 65 ms
2022-05-12 09:23:09.490 ERROR 8936 --- [http-nio-8099-exec-4] c.s.guns.base.consts.ConstantsContext    : 获取token的header标识为空！常量名称：GUNS_TOKEN_HEADER_NAME，采用默认值：Authorization，若想忽略此提示，请在开发管理->系统配置->参数配置，设置相关参数！
2022-05-12 09:23:09.490 ERROR 8936 --- [http-nio-8099-exec-1] c.s.guns.base.consts.ConstantsContext    : 获取token的header标识为空！常量名称：GUNS_TOKEN_HEADER_NAME，采用默认值：Authorization，若想忽略此提示，请在开发管理->系统配置->参数配置，设置相关参数！
2022-05-12 09:23:10.237  INFO 8936 --- [http-nio-8099-exec-4] c.s.g.modular.utils.WebSocket.WebSocket  : 有新连接加入：0，当前在线人数为：1
2022-05-12 09:23:10.244  INFO 8936 --- [http-nio-8099-exec-4] c.s.g.modular.utils.WebSocket.WebSocket  : 服务端收到客户端[0]的消息:2
2022-05-12 09:23:10.262  INFO 8936 --- [http-nio-8099-exec-4] c.s.g.modular.utils.WebSocket.WebSocket  : 服务端给客户端[0]发送消息ok
2022-05-12 10:10:52.899  INFO 8936 --- [http-nio-8099-exec-9] c.s.g.modular.utils.WebSocket.WebSocket  : 有一连接关闭：0，当前在线人数为：0
2022-05-12 10:10:53.092  INFO 8936 --- [http-nio-8099-exec-8] c.s.g.modular.utils.WebSocket.WebSocket  : 有新连接加入：1，当前在线人数为：1
2022-05-12 10:10:53.095  INFO 8936 --- [http-nio-8099-exec-2] c.s.g.modular.utils.WebSocket.WebSocket  : 服务端收到客户端[1]的消息:2
2022-05-12 10:10:53.095  INFO 8936 --- [http-nio-8099-exec-2] c.s.g.modular.utils.WebSocket.WebSocket  : 服务端给客户端[1]发送消息ok
2022-05-12 10:51:38.688  INFO 60108 --- [main] cn.stylefeng.guns.GunsApplication        : Starting GunsApplication on LAPTOP-P46VT7JU with PID 60108 (started by 爱仕达 in D:\项目资料\一汽解放智能柜\asd-faw)
2022-05-12 10:51:38.692  INFO 60108 --- [main] cn.stylefeng.guns.GunsApplication        : The following profiles are active: local
2022-05-12 10:51:45.882  INFO 60108 --- [main] trationDelegate$BeanPostProcessorChecker : Bean 'webConfig' of type [cn.stylefeng.guns.config.web.WebConfig$$EnhancerBySpringCGLIB$$8bd55900] is not eligible for getting processed by all BeanPostProcessors (for example: not eligible for auto-proxying)
2022-05-12 10:51:45.951  INFO 60108 --- [main] trationDelegate$BeanPostProcessorChecker : Bean 'org.springframework.ws.config.annotation.DelegatingWsConfiguration' of type [org.springframework.ws.config.annotation.DelegatingWsConfiguration$$EnhancerBySpringCGLIB$$c5cf7b57] is not eligible for getting processed by all BeanPostProcessors (for example: not eligible for auto-proxying)
2022-05-12 10:51:45.969  INFO 60108 --- [main] .w.s.a.s.AnnotationActionEndpointMapping : Supporting [WS-Addressing August 2004, WS-Addressing 1.0]
2022-05-12 10:51:45.973  INFO 60108 --- [main] trationDelegate$BeanPostProcessorChecker : Bean 'druidStatPointcut' of type [org.springframework.aop.support.JdkRegexpMethodPointcut] is not eligible for getting processed by all BeanPostProcessors (for example: not eligible for auto-proxying)
2022-05-12 10:51:46.015  INFO 60108 --- [main] trationDelegate$BeanPostProcessorChecker : Bean 'druidStatInterceptor' of type [com.alibaba.druid.support.spring.stat.DruidStatInterceptor] is not eligible for getting processed by all BeanPostProcessors (for example: not eligible for auto-proxying)
2022-05-12 10:51:46.015  INFO 60108 --- [main] trationDelegate$BeanPostProcessorChecker : Bean 'druidStatAdvisor' of type [org.springframework.aop.support.DefaultPointcutAdvisor] is not eligible for getting processed by all BeanPostProcessors (for example: not eligible for auto-proxying)
2022-05-12 10:51:46.062  INFO 60108 --- [main] trationDelegate$BeanPostProcessorChecker : Bean 'org.springframework.transaction.annotation.ProxyTransactionManagementConfiguration' of type [org.springframework.transaction.annotation.ProxyTransactionManagementConfiguration$$EnhancerBySpringCGLIB$$2137b658] is not eligible for getting processed by all BeanPostProcessors (for example: not eligible for auto-proxying)
2022-05-12 10:51:46.153  INFO 60108 --- [main] trationDelegate$BeanPostProcessorChecker : Bean 'org.springframework.security.config.annotation.configuration.ObjectPostProcessorConfiguration' of type [org.springframework.security.config.annotation.configuration.ObjectPostProcessorConfiguration$$EnhancerBySpringCGLIB$$b9e57e92] is not eligible for getting processed by all BeanPostProcessors (for example: not eligible for auto-proxying)
2022-05-12 10:51:46.159  INFO 60108 --- [main] trationDelegate$BeanPostProcessorChecker : Bean 'objectPostProcessor' of type [org.springframework.security.config.annotation.configuration.AutowireBeanFactoryObjectPostProcessor] is not eligible for getting processed by all BeanPostProcessors (for example: not eligible for auto-proxying)
2022-05-12 10:51:46.162  INFO 60108 --- [main] trationDelegate$BeanPostProcessorChecker : Bean 'org.springframework.security.access.expression.method.DefaultMethodSecurityExpressionHandler@456f7d9e' of type [org.springframework.security.access.expression.method.DefaultMethodSecurityExpressionHandler] is not eligible for getting processed by all BeanPostProcessors (for example: not eligible for auto-proxying)
2022-05-12 10:51:46.162  INFO 60108 --- [main] trationDelegate$BeanPostProcessorChecker : Bean 'org.springframework.security.config.annotation.method.configuration.GlobalMethodSecurityConfiguration' of type [org.springframework.security.config.annotation.method.configuration.GlobalMethodSecurityConfiguration$$EnhancerBySpringCGLIB$$deba2144] is not eligible for getting processed by all BeanPostProcessors (for example: not eligible for auto-proxying)
2022-05-12 10:51:46.167  INFO 60108 --- [main] trationDelegate$BeanPostProcessorChecker : Bean 'methodSecurityMetadataSource' of type [org.springframework.security.access.method.DelegatingMethodSecurityMetadataSource] is not eligible for getting processed by all BeanPostProcessors (for example: not eligible for auto-proxying)
2022-05-12 10:51:46.778  INFO 60108 --- [main] o.s.b.w.embedded.tomcat.TomcatWebServer  : Tomcat initialized with port(s): 8099 (http)
2022-05-12 10:51:46.810  INFO 60108 --- [main] o.apache.catalina.core.StandardService   : Starting service [Tomcat]
2022-05-12 10:51:46.811  INFO 60108 --- [main] org.apache.catalina.core.StandardEngine  : Starting Servlet engine: [Apache Tomcat/9.0.21]
2022-05-12 10:51:46.952  INFO 60108 --- [main] o.a.c.c.C.[Tomcat].[localhost].[/faw]    : Initializing Spring embedded WebApplicationContext
2022-05-12 10:51:46.953  INFO 60108 --- [main] o.s.web.context.ContextLoader            : Root WebApplicationContext: initialization completed in 7890 ms
2022-05-12 10:51:47.010  WARN 60108 --- [main] c.atomikos.jdbc.AbstractDataSourceBean   : AtomikosDataSoureBean 'master': poolSize equals default - this may cause performance problems!
2022-05-12 10:51:48.024  INFO 60108 --- [main] com.alibaba.druid.pool.DruidDataSource   : {dataSource-1} inited
2022-05-12 10:51:48.453  WARN 60108 --- [main] c.atomikos.jdbc.AtomikosConnectionProxy  : atomikos connection proxy for com.alibaba.druid.proxy.jdbc.ConnectionProxyImpl@15369d73: WARNING: transaction manager not running?
2022-05-12 10:51:52.740  INFO 60108 --- [main] c.s.guns.base.db.dao.DataBaseInfoDao     : 删除master的databaseInfo信息！删除1条！
2022-05-12 10:51:52.786  INFO 60108 --- [main] c.s.guns.base.db.dao.DataBaseInfoDao     : 初始化master的databaseInfo信息！初始化1条！
2022-05-12 10:51:53.370  INFO 60108 --- [main] o.s.boot.web.servlet.RegistrationBean    : Servlet CXFServlet was not registered (possibly already registered?)
2022-05-12 10:51:53.882  INFO 60108 --- [main] o.s.s.concurrent.ThreadPoolTaskExecutor  : Initializing ExecutorService 'applicationTaskExecutor'
2022-05-12 10:51:56.105  INFO 60108 --- [main] o.s.s.web.DefaultSecurityFilterChain     : Creating filter chain: Ant [pattern='/login', POST], []
2022-05-12 10:51:56.105  INFO 60108 --- [main] o.s.s.web.DefaultSecurityFilterChain     : Creating filter chain: Ant [pattern='/assets/**', GET], []
2022-05-12 10:51:56.105  INFO 60108 --- [main] o.s.s.web.DefaultSecurityFilterChain     : Creating filter chain: Ant [pattern='/favicon.ico', GET], []
2022-05-12 10:51:56.105  INFO 60108 --- [main] o.s.s.web.DefaultSecurityFilterChain     : Creating filter chain: Ant [pattern='/activiti-editor/**', GET], []
2022-05-12 10:51:56.141  INFO 60108 --- [main] pertySourcedRequestMappingHandlerMapping : Mapped URL path [/v2/api-docs] onto method [public org.springframework.http.ResponseEntity<springfox.documentation.spring.web.json.Json> springfox.documentation.swagger2.web.Swagger2Controller.getDocumentation(java.lang.String,javax.servlet.http.HttpServletRequest)]
2022-05-12 10:51:56.205  INFO 60108 --- [main] o.s.s.web.DefaultSecurityFilterChain     : Creating filter chain: any request, [org.springframework.security.web.context.request.async.WebAsyncManagerIntegrationFilter@64f33dee, org.springframework.security.web.context.SecurityContextPersistenceFilter@77f529a6, org.springframework.security.web.header.HeaderWriterFilter@54970127, org.springframework.web.filter.CorsFilter@61c58320, cn.stylefeng.guns.sys.core.auth.filter.JwtAuthorizationTokenFilter@1dbff71c, org.springframework.security.web.savedrequest.RequestCacheAwareFilter@6516181f, org.springframework.security.web.servletapi.SecurityContextHolderAwareRequestFilter@37ade216, org.springframework.security.web.authentication.AnonymousAuthenticationFilter@10e4ee33, org.springframework.security.web.session.SessionManagementFilter@1e429f56, org.springframework.security.web.access.ExceptionTranslationFilter@1aa31454, org.springframework.security.web.access.intercept.FilterSecurityInterceptor@9746157]
2022-05-12 10:51:56.271  INFO 60108 --- [main] c.stylefeng.guns.modular.utils.HttpUtil  : RestTemplate初始化完成
2022-05-12 10:51:56.346  INFO 60108 --- [main] o.a.c.w.s.f.ReflectionServiceFactoryBean : Creating Service {http://andot.org/webservice/demo/server}FawApiServiceImplService from class cn.stylefeng.guns.webservice.FawApiService
2022-05-12 10:51:56.886  INFO 60108 --- [main] org.apache.cxf.endpoint.ServerImpl       : Setting the server's publish address to be /fawApiService
2022-05-12 10:51:57.006  INFO 60108 --- [main] c.a.icatch.provider.imp.AssemblerImp     : Loaded jar:file:/D:/MAVEN/LocalWarehouse/com/atomikos/transactions/4.0.6/transactions-4.0.6.jar!/transactions-defaults.properties
2022-05-12 10:51:57.008  WARN 60108 --- [main] c.a.icatch.provider.imp.AssemblerImp     : Thanks for using Atomikos! Evaluate http://www.atomikos.com/Main/ExtremeTransactions for advanced features and professional support
or register at http://www.atomikos.com/Main/RegisterYourDownload to disable this message and receive FREE tips & advice
2022-05-12 10:51:57.012  INFO 60108 --- [main] c.a.icatch.provider.imp.AssemblerImp     : USING: com.atomikos.icatch.default_max_wait_time_on_shutdown = 9223372036854775807
2022-05-12 10:51:57.012  INFO 60108 --- [main] c.a.icatch.provider.imp.AssemblerImp     : USING: com.atomikos.icatch.allow_subtransactions = true
2022-05-12 10:51:57.012  INFO 60108 --- [main] c.a.icatch.provider.imp.AssemblerImp     : USING: com.atomikos.icatch.recovery_delay = 10000
2022-05-12 10:51:57.012  INFO 60108 --- [main] c.a.icatch.provider.imp.AssemblerImp     : USING: com.atomikos.icatch.automatic_resource_registration = true
2022-05-12 10:51:57.012  INFO 60108 --- [main] c.a.icatch.provider.imp.AssemblerImp     : USING: com.atomikos.icatch.oltp_max_retries = 5
2022-05-12 10:51:57.012  INFO 60108 --- [main] c.a.icatch.provider.imp.AssemblerImp     : USING: com.atomikos.icatch.client_demarcation = false
2022-05-12 10:51:57.012  INFO 60108 --- [main] c.a.icatch.provider.imp.AssemblerImp     : USING: com.atomikos.icatch.threaded_2pc = false
2022-05-12 10:51:57.013  INFO 60108 --- [main] c.a.icatch.provider.imp.AssemblerImp     : USING: com.atomikos.icatch.serial_jta_transactions = true
2022-05-12 10:51:57.013  INFO 60108 --- [main] c.a.icatch.provider.imp.AssemblerImp     : USING: com.atomikos.icatch.log_base_dir = D:\项目资料\一汽解放智能柜\asd-faw\transaction-logs
2022-05-12 10:51:57.013  INFO 60108 --- [main] c.a.icatch.provider.imp.AssemblerImp     : USING: com.atomikos.icatch.rmi_export_class = none
2022-05-12 10:51:57.013  INFO 60108 --- [main] c.a.icatch.provider.imp.AssemblerImp     : USING: com.atomikos.icatch.max_actives = -1
2022-05-12 10:51:57.013  INFO 60108 --- [main] c.a.icatch.provider.imp.AssemblerImp     : USING: com.atomikos.icatch.checkpoint_interval = 500
2022-05-12 10:51:57.013  INFO 60108 --- [main] c.a.icatch.provider.imp.AssemblerImp     : USING: com.atomikos.icatch.enable_logging = true
2022-05-12 10:51:57.013  INFO 60108 --- [main] c.a.icatch.provider.imp.AssemblerImp     : USING: com.atomikos.icatch.log_base_name = tmlog
2022-05-12 10:51:57.013  INFO 60108 --- [main] c.a.icatch.provider.imp.AssemblerImp     : USING: com.atomikos.icatch.max_timeout = 300000
2022-05-12 10:51:57.013  INFO 60108 --- [main] c.a.icatch.provider.imp.AssemblerImp     : USING: com.atomikos.icatch.trust_client_tm = false
2022-05-12 10:51:57.013  INFO 60108 --- [main] c.a.icatch.provider.imp.AssemblerImp     : USING: java.naming.factory.initial = com.sun.jndi.rmi.registry.RegistryContextFactory
2022-05-12 10:51:57.013  INFO 60108 --- [main] c.a.icatch.provider.imp.AssemblerImp     : USING: com.atomikos.icatch.tm_unique_name = 20.0.1.24.tm
2022-05-12 10:51:57.013  INFO 60108 --- [main] c.a.icatch.provider.imp.AssemblerImp     : USING: com.atomikos.icatch.forget_orphaned_log_entries_delay = 86400000
2022-05-12 10:51:57.013  INFO 60108 --- [main] c.a.icatch.provider.imp.AssemblerImp     : USING: com.atomikos.icatch.oltp_retry_interval = 10000
2022-05-12 10:51:57.013  INFO 60108 --- [main] c.a.icatch.provider.imp.AssemblerImp     : USING: java.naming.provider.url = rmi://localhost:1099
2022-05-12 10:51:57.013  INFO 60108 --- [main] c.a.icatch.provider.imp.AssemblerImp     : USING: com.atomikos.icatch.force_shutdown_on_vm_exit = false
2022-05-12 10:51:57.013  INFO 60108 --- [main] c.a.icatch.provider.imp.AssemblerImp     : USING: com.atomikos.icatch.default_jta_timeout = 300000
2022-05-12 10:51:57.014  INFO 60108 --- [main] c.a.icatch.provider.imp.AssemblerImp     : Using default (local) logging and recovery...
2022-05-12 10:51:57.160  INFO 60108 --- [main] c.a.d.xa.XATransactionalResource         : master: refreshed XAResource
2022-05-12 10:51:57.296  INFO 60108 --- [main] org.quartz.impl.StdSchedulerFactory      : Using default implementation for ThreadExecutor
2022-05-12 10:51:57.304  INFO 60108 --- [main] org.quartz.core.SchedulerSignalerImpl    : Initialized Scheduler Signaller of type: class org.quartz.core.SchedulerSignalerImpl
2022-05-12 10:51:57.304  INFO 60108 --- [main] org.quartz.core.QuartzScheduler          : Quartz Scheduler v.2.3.1 created.
2022-05-12 10:51:57.305  INFO 60108 --- [main] org.quartz.simpl.RAMJobStore             : RAMJobStore initialized.
2022-05-12 10:51:57.305  INFO 60108 --- [main] org.quartz.core.QuartzScheduler          : Scheduler meta-data: Quartz Scheduler (v2.3.1) 'quartzScheduler' with instanceId 'NON_CLUSTERED'
  Scheduler class: 'org.quartz.core.QuartzScheduler' - running locally.
  NOT STARTED.
  Currently in standby mode.
  Number of jobs executed: 0
  Using thread pool 'org.quartz.simpl.SimpleThreadPool' - with 10 threads.
  Using job-store 'org.quartz.simpl.RAMJobStore' - which does not support persistence. and is not clustered.

2022-05-12 10:51:57.306  INFO 60108 --- [main] org.quartz.impl.StdSchedulerFactory      : Quartz scheduler 'quartzScheduler' initialized from an externally provided properties instance.
2022-05-12 10:51:57.306  INFO 60108 --- [main] org.quartz.impl.StdSchedulerFactory      : Quartz scheduler version: 2.3.1
2022-05-12 10:51:57.306  INFO 60108 --- [main] org.quartz.core.QuartzScheduler          : JobFactory set to: org.springframework.scheduling.quartz.SpringBeanJobFactory@5eae392d
2022-05-12 10:51:57.464  INFO 60108 --- [main] d.s.w.p.DocumentationPluginsBootstrapper : Context refreshed
2022-05-12 10:51:57.489  INFO 60108 --- [main] d.s.w.p.DocumentationPluginsBootstrapper : Found 1 custom documentation plugin(s)
2022-05-12 10:51:57.531  INFO 60108 --- [main] s.d.s.w.s.ApiListingReferenceScanner     : Scanning for api listing references
2022-05-12 10:51:57.687  INFO 60108 --- [main] .d.s.w.r.o.CachingOperationNameGenerator : Generating unique operation named: loginUsingGET_1
2022-05-12 10:51:57.689  INFO 60108 --- [main] .d.s.w.r.o.CachingOperationNameGenerator : Generating unique operation named: infoUsingGET_1
2022-05-12 10:51:57.690  INFO 60108 --- [main] .d.s.w.r.o.CachingOperationNameGenerator : Generating unique operation named: loginUsingGET_2
2022-05-12 10:51:57.691  INFO 60108 --- [main] .d.s.w.r.o.CachingOperationNameGenerator : Generating unique operation named: logoutUsingGET_1
2022-05-12 10:51:57.749  INFO 60108 --- [main] .d.s.w.r.o.CachingOperationNameGenerator : Generating unique operation named: closeCabinetUsingGET_1
2022-05-12 10:51:57.758  INFO 60108 --- [main] .d.s.w.r.o.CachingOperationNameGenerator : Generating unique operation named: conformUsingGET_1
2022-05-12 10:51:57.762  INFO 60108 --- [main] .d.s.w.r.o.CachingOperationNameGenerator : Generating unique operation named: queryToolUsingGET_1
2022-05-12 10:51:57.876  INFO 60108 --- [main] .d.s.w.r.o.CachingOperationNameGenerator : Generating unique operation named: queryToolContentUsingGET_1
2022-05-12 10:51:57.907  INFO 60108 --- [main] .d.s.w.r.o.CachingOperationNameGenerator : Generating unique operation named: loginUsingPOST_1
2022-05-12 10:51:57.919  INFO 60108 --- [main] o.s.s.quartz.SchedulerFactoryBean        : Starting Quartz Scheduler now
2022-05-12 10:51:57.920  INFO 60108 --- [main] org.quartz.core.QuartzScheduler          : Scheduler quartzScheduler_$_NON_CLUSTERED started.
2022-05-12 10:51:57.957  INFO 60108 --- [main] o.s.b.w.embedded.tomcat.TomcatWebServer  : Tomcat started on port(s): 8099 (http) with context path '/faw'
2022-05-12 10:51:57.960  INFO 60108 --- [main] cn.stylefeng.guns.GunsApplication        : Started GunsApplication in 20.246 seconds (JVM running for 22.409)
2022-05-12 10:51:57.963  INFO 60108 --- [main] cn.stylefeng.guns.config.AppConfig       : Test Start up complete
2022-05-12 10:52:07.031  INFO 60108 --- [http-nio-8099-exec-1] o.a.c.c.C.[Tomcat].[localhost].[/faw]    : Initializing Spring DispatcherServlet 'dispatcherServlet'
2022-05-12 10:52:07.031  INFO 60108 --- [http-nio-8099-exec-1] o.s.web.servlet.DispatcherServlet        : Initializing Servlet 'dispatcherServlet'
2022-05-12 10:52:07.047  INFO 60108 --- [http-nio-8099-exec-1] o.s.web.servlet.DispatcherServlet        : Completed initialization in 16 ms
2022-05-12 10:52:07.096 ERROR 60108 --- [http-nio-8099-exec-1] c.s.guns.base.consts.ConstantsContext    : 获取token的header标识为空！常量名称：GUNS_TOKEN_HEADER_NAME，采用默认值：Authorization，若想忽略此提示，请在开发管理->系统配置->参数配置，设置相关参数！
2022-05-12 10:52:07.277  INFO 60108 --- [http-nio-8099-exec-1] c.s.g.modular.utils.WebSocket.WebSocket  : 有新连接加入：0，当前在线人数为：1
2022-05-12 10:52:07.280  INFO 60108 --- [http-nio-8099-exec-1] c.s.g.modular.utils.WebSocket.WebSocket  : 服务端收到客户端[0]的消息:2
2022-05-12 10:52:07.287  INFO 60108 --- [http-nio-8099-exec-1] c.s.g.modular.utils.WebSocket.WebSocket  : 服务端给客户端[0]发送消息ok
2022-05-12 10:52:11.200  INFO 60108 --- [pool-2-thread-1] c.s.g.m.o.service.WarehouseService       : 出库请求参数为{OutfeedId=044789518173, Type=3, Batch=1, Qty=1, LatticeType=, SortingPosition=AH1-PLA-A12, Sku=EmptyBox, BoxType=}
2022-05-12 10:52:11.203  INFO 60108 --- [pool-2-thread-1] c.stylefeng.guns.modular.utils.HttpUtil  : RestTemplate初始化完成
2022-05-12 10:52:22.015  INFO 60108 --- [http-nio-8099-exec-5] c.s.g.modular.utils.WebSocket.WebSocket  : 有一连接关闭：0，当前在线人数为：0
2022-05-12 10:52:22.237  INFO 60108 --- [http-nio-8099-exec-1] c.s.g.modular.utils.WebSocket.WebSocket  : 有新连接加入：1，当前在线人数为：1
2022-05-12 10:52:22.244  INFO 60108 --- [http-nio-8099-exec-3] c.s.g.modular.utils.WebSocket.WebSocket  : 服务端收到客户端[1]的消息:2
2022-05-12 10:52:22.244  INFO 60108 --- [http-nio-8099-exec-3] c.s.g.modular.utils.WebSocket.WebSocket  : 服务端给客户端[1]发送消息ok
2022-05-12 10:52:23.474  INFO 60108 --- [http-nio-8099-exec-6] c.s.g.modular.utils.WebSocket.WebSocket  : 有一连接关闭：1，当前在线人数为：0
2022-05-12 10:52:23.560  INFO 60108 --- [http-nio-8099-exec-8] c.s.g.modular.utils.WebSocket.WebSocket  : 有新连接加入：2，当前在线人数为：1
2022-05-12 10:52:23.561  INFO 60108 --- [http-nio-8099-exec-9] c.s.g.modular.utils.WebSocket.WebSocket  : 服务端收到客户端[2]的消息:2
2022-05-12 10:52:23.561  INFO 60108 --- [http-nio-8099-exec-9] c.s.g.modular.utils.WebSocket.WebSocket  : 服务端给客户端[2]发送消息ok
2022-05-12 10:52:24.348  INFO 60108 --- [http-nio-8099-exec-4] c.s.g.modular.utils.WebSocket.WebSocket  : 有一连接关闭：2，当前在线人数为：0
2022-05-12 10:52:24.429  INFO 60108 --- [http-nio-8099-exec-3] c.s.g.modular.utils.WebSocket.WebSocket  : 有新连接加入：3，当前在线人数为：1
2022-05-12 10:52:24.434  INFO 60108 --- [http-nio-8099-exec-2] c.s.g.modular.utils.WebSocket.WebSocket  : 服务端收到客户端[3]的消息:2
2022-05-12 10:52:24.435  INFO 60108 --- [http-nio-8099-exec-2] c.s.g.modular.utils.WebSocket.WebSocket  : 服务端给客户端[3]发送消息ok
2022-05-12 10:53:56.165  INFO 60108 --- [http-nio-8099-exec-8] c.s.g.modular.utils.WebSocket.WebSocket  : 有一连接关闭：3，当前在线人数为：0
2022-05-12 10:53:56.304  INFO 60108 --- [http-nio-8099-exec-6] c.s.g.modular.utils.WebSocket.WebSocket  : 有新连接加入：4，当前在线人数为：1
2022-05-12 10:53:56.307  INFO 60108 --- [http-nio-8099-exec-10] c.s.g.modular.utils.WebSocket.WebSocket  : 服务端收到客户端[4]的消息:2
2022-05-12 10:53:56.308  INFO 60108 --- [http-nio-8099-exec-10] c.s.g.modular.utils.WebSocket.WebSocket  : 服务端给客户端[4]发送消息ok
2022-05-12 10:56:38.321  INFO 60108 --- [pool-2-thread-3] c.s.g.m.o.service.WarehouseService       : 出库请求参数为{OutfeedId=408699952519, Type=3, Batch=1, Qty=1, LatticeType=, SortingPosition=AH1-PLA-A12, Sku=EmptyBox, BoxType=}
2022-05-12 10:56:38.324  INFO 60108 --- [pool-2-thread-3] c.stylefeng.guns.modular.utils.HttpUtil  : RestTemplate初始化完成
2022-05-12 11:37:00.301 ERROR 60108 --- [http-nio-8099-exec-6] c.s.guns.base.consts.ConstantsContext    : jwt密钥存在空值！常量名称：GUNS_JWT_SECRET，采用默认值：随机字符串->p22w3amhfgt6rlj72gwbaqctofghfz7a，若想忽略此提示，请在开发管理->系统配置->参数配置，设置相关参数！
2022-05-12 11:37:00.699 ERROR 60108 --- [http-nio-8099-exec-6] c.s.guns.base.consts.ConstantsContext    : 系统常量存在空值！常量名称：GUNS_SYSTEM_RELEASE_VERSION，采用默认值：guns，若想忽略此提示，请在开发管理->系统配置->参数配置，设置相关参数！
2022-05-12 11:37:00.699 ERROR 60108 --- [http-nio-8099-exec-6] c.s.guns.base.consts.ConstantsContext    : 系统常量存在空值！常量名称：GUNS_SYSTEM_RELEASE_VERSION，采用默认值：guns，若想忽略此提示，请在开发管理->系统配置->参数配置，设置相关参数！
2022-05-12 11:37:00.700 ERROR 60108 --- [http-nio-8099-exec-6] c.s.guns.base.consts.ConstantsContext    : 系统常量存在空值！常量名称：GUNS_TENANT_OPEN，采用默认值：DISABLE，若想忽略此提示，请在开发管理->系统配置->参数配置，设置相关参数！
2022-05-12 11:37:00.720 ERROR 60108 --- [http-nio-8099-exec-6] c.s.guns.base.consts.ConstantsContext    : 系统常量存在空值！常量名称：GUNS_SYSTEM_RELEASE_VERSION，采用默认值：guns，若想忽略此提示，请在开发管理->系统配置->参数配置，设置相关参数！
2022-05-12 11:37:00.721 ERROR 60108 --- [http-nio-8099-exec-6] c.s.guns.base.consts.ConstantsContext    : 系统常量存在空值！常量名称：GUNS_SYSTEM_RELEASE_VERSION，采用默认值：guns，若想忽略此提示，请在开发管理->系统配置->参数配置，设置相关参数！
2022-05-12 11:37:00.721 ERROR 60108 --- [http-nio-8099-exec-6] c.s.guns.base.consts.ConstantsContext    : 系统常量存在空值！常量名称：GUNS_SYSTEM_RELEASE_VERSION，采用默认值：guns，若想忽略此提示，请在开发管理->系统配置->参数配置，设置相关参数！
2022-05-12 11:37:00.721 ERROR 60108 --- [http-nio-8099-exec-6] c.s.guns.base.consts.ConstantsContext    : 系统常量存在空值！常量名称：GUNS_TENANT_OPEN，采用默认值：DISABLE，若想忽略此提示，请在开发管理->系统配置->参数配置，设置相关参数！
2022-05-12 11:37:00.721 ERROR 60108 --- [http-nio-8099-exec-6] c.s.guns.base.consts.ConstantsContext    : 系统常量存在空值！常量名称：GUNS_TENANT_OPEN，采用默认值：DISABLE，若想忽略此提示，请在开发管理->系统配置->参数配置，设置相关参数！
2022-05-12 11:37:07.346 ERROR 60108 --- [http-nio-8099-exec-2] c.s.guns.base.consts.ConstantsContext    : jwt密钥存在空值！常量名称：GUNS_JWT_SECRET_EXPIRE，采用默认值：1天，若想忽略此提示，请在开发管理->系统配置->参数配置，设置相关参数！
2022-05-12 11:37:07.585 ERROR 60108 --- [http-nio-8099-exec-6] c.s.guns.base.consts.ConstantsContext    : 系统常量存在空值！常量名称：GUNS_OAUTH2_PREFIX，采用默认值：oauth2，若想忽略此提示，请在开发管理->系统配置->参数配置，设置相关参数！
2022-05-12 11:37:07.600 ERROR 60108 --- [http-nio-8099-exec-6] c.s.guns.base.consts.ConstantsContext    : 系统常量存在空值！常量名称：GUNS_SYSTEM_RELEASE_VERSION，采用默认值：guns，若想忽略此提示，请在开发管理->系统配置->参数配置，设置相关参数！
2022-05-12 11:37:07.600 ERROR 60108 --- [http-nio-8099-exec-6] c.s.guns.base.consts.ConstantsContext    : 系统常量存在空值！常量名称：GUNS_SYSTEM_RELEASE_VERSION，采用默认值：guns，若想忽略此提示，请在开发管理->系统配置->参数配置，设置相关参数！
2022-05-12 11:37:07.654 ERROR 60108 --- [http-nio-8099-exec-6] c.s.guns.base.consts.ConstantsContext    : 系统常量存在空值！常量名称：GUNS_SYSTEM_RELEASE_VERSION，采用默认值：guns，若想忽略此提示，请在开发管理->系统配置->参数配置，设置相关参数！
2022-05-12 11:37:07.654 ERROR 60108 --- [http-nio-8099-exec-6] c.s.guns.base.consts.ConstantsContext    : 系统常量存在空值！常量名称：GUNS_SYSTEM_RELEASE_VERSION，采用默认值：guns，若想忽略此提示，请在开发管理->系统配置->参数配置，设置相关参数！
2022-05-12 11:37:07.654 ERROR 60108 --- [http-nio-8099-exec-6] c.s.guns.base.consts.ConstantsContext    : 系统常量存在空值！常量名称：GUNS_SYSTEM_RELEASE_VERSION，采用默认值：guns，若想忽略此提示，请在开发管理->系统配置->参数配置，设置相关参数！
2022-05-12 11:37:07.840 ERROR 60108 --- [http-nio-8099-exec-5] c.s.guns.base.consts.ConstantsContext    : 系统常量存在空值！常量名称：GUNS_DEFAULT_PASSWORD，采用默认密码：111111，若想忽略此提示，请在开发管理->系统配置->参数配置，设置相关参数！
2022-05-12 11:37:07.840 ERROR 60108 --- [http-nio-8099-exec-5] c.s.guns.base.consts.ConstantsContext    : 系统常量存在空值！常量名称：GUNS_SYSTEM_RELEASE_VERSION，采用默认值：guns，若想忽略此提示，请在开发管理->系统配置->参数配置，设置相关参数！
2022-05-12 11:37:07.841 ERROR 60108 --- [http-nio-8099-exec-5] c.s.guns.base.consts.ConstantsContext    : 系统常量存在空值！常量名称：GUNS_SYSTEM_RELEASE_VERSION，采用默认值：guns，若想忽略此提示，请在开发管理->系统配置->参数配置，设置相关参数！
2022-05-12 11:37:07.841 ERROR 60108 --- [http-nio-8099-exec-5] c.s.guns.base.consts.ConstantsContext    : 系统常量存在空值！常量名称：GUNS_SYSTEM_RELEASE_VERSION，采用默认值：guns，若想忽略此提示，请在开发管理->系统配置->参数配置，设置相关参数！
2022-05-12 11:37:07.841 ERROR 60108 --- [http-nio-8099-exec-5] c.s.guns.base.consts.ConstantsContext    : 系统常量存在空值！常量名称：GUNS_SYSTEM_RELEASE_VERSION，采用默认值：guns，若想忽略此提示，请在开发管理->系统配置->参数配置，设置相关参数！
2022-05-12 11:37:07.841 ERROR 60108 --- [http-nio-8099-exec-5] c.s.guns.base.consts.ConstantsContext    : 系统常量存在空值！常量名称：GUNS_SYSTEM_RELEASE_VERSION，采用默认值：guns，若想忽略此提示，请在开发管理->系统配置->参数配置，设置相关参数！
2022-05-12 11:37:07.841 ERROR 60108 --- [http-nio-8099-exec-5] c.s.guns.base.consts.ConstantsContext    : 系统常量存在空值！常量名称：GUNS_SYSTEM_RELEASE_VERSION，采用默认值：guns，若想忽略此提示，请在开发管理->系统配置->参数配置，设置相关参数！
2022-05-12 11:37:07.841 ERROR 60108 --- [http-nio-8099-exec-5] c.s.guns.base.consts.ConstantsContext    : 系统常量存在空值！常量名称：GUNS_SYSTEM_RELEASE_VERSION，采用默认值：guns，若想忽略此提示，请在开发管理->系统配置->参数配置，设置相关参数！
2022-05-12 11:37:07.841 ERROR 60108 --- [http-nio-8099-exec-5] c.s.guns.base.consts.ConstantsContext    : 系统常量存在空值！常量名称：GUNS_SYSTEM_RELEASE_VERSION，采用默认值：guns，若想忽略此提示，请在开发管理->系统配置->参数配置，设置相关参数！
2022-05-12 11:37:07.841 ERROR 60108 --- [http-nio-8099-exec-5] c.s.guns.base.consts.ConstantsContext    : 系统常量存在空值！常量名称：GUNS_SYSTEM_RELEASE_VERSION，采用默认值：guns，若想忽略此提示，请在开发管理->系统配置->参数配置，设置相关参数！
2022-05-12 11:37:07.841 ERROR 60108 --- [http-nio-8099-exec-5] c.s.guns.base.consts.ConstantsContext    : 系统常量存在空值！常量名称：GUNS_SYSTEM_RELEASE_VERSION，采用默认值：guns，若想忽略此提示，请在开发管理->系统配置->参数配置，设置相关参数！
2022-05-12 11:37:07.842 ERROR 60108 --- [http-nio-8099-exec-5] c.s.guns.base.consts.ConstantsContext    : 系统常量存在空值！常量名称：GUNS_SYSTEM_RELEASE_VERSION，采用默认值：guns，若想忽略此提示，请在开发管理->系统配置->参数配置，设置相关参数！
2022-05-12 11:37:33.808 ERROR 60108 --- [http-nio-8099-exec-1] c.s.guns.base.consts.ConstantsContext    : 系统常量存在空值！常量名称：GUNS_SYSTEM_RELEASE_VERSION，采用默认值：guns，若想忽略此提示，请在开发管理->系统配置->参数配置，设置相关参数！
2022-05-12 11:37:33.809 ERROR 60108 --- [http-nio-8099-exec-1] c.s.guns.base.consts.ConstantsContext    : 系统常量存在空值！常量名称：GUNS_SYSTEM_RELEASE_VERSION，采用默认值：guns，若想忽略此提示，请在开发管理->系统配置->参数配置，设置相关参数！
2022-05-12 11:37:33.809 ERROR 60108 --- [http-nio-8099-exec-1] c.s.guns.base.consts.ConstantsContext    : 系统常量存在空值！常量名称：GUNS_SYSTEM_RELEASE_VERSION，采用默认值：guns，若想忽略此提示，请在开发管理->系统配置->参数配置，设置相关参数！
2022-05-12 11:37:33.809 ERROR 60108 --- [http-nio-8099-exec-1] c.s.guns.base.consts.ConstantsContext    : 系统常量存在空值！常量名称：GUNS_SYSTEM_RELEASE_VERSION，采用默认值：guns，若想忽略此提示，请在开发管理->系统配置->参数配置，设置相关参数！
2022-05-12 11:37:33.809 ERROR 60108 --- [http-nio-8099-exec-1] c.s.guns.base.consts.ConstantsContext    : 系统常量存在空值！常量名称：GUNS_SYSTEM_RELEASE_VERSION，采用默认值：guns，若想忽略此提示，请在开发管理->系统配置->参数配置，设置相关参数！
2022-05-12 11:37:33.809 ERROR 60108 --- [http-nio-8099-exec-1] c.s.guns.base.consts.ConstantsContext    : 系统常量存在空值！常量名称：GUNS_SYSTEM_RELEASE_VERSION，采用默认值：guns，若想忽略此提示，请在开发管理->系统配置->参数配置，设置相关参数！
2022-05-12 11:37:33.809 ERROR 60108 --- [http-nio-8099-exec-1] c.s.guns.base.consts.ConstantsContext    : 系统常量存在空值！常量名称：GUNS_SYSTEM_RELEASE_VERSION，采用默认值：guns，若想忽略此提示，请在开发管理->系统配置->参数配置，设置相关参数！
2022-05-12 13:50:34.813  INFO 60108 --- [http-nio-8099-exec-7] c.s.g.modular.utils.WebSocket.WebSocket  : 有一连接关闭：4，当前在线人数为：0
2022-05-12 14:02:49.506  INFO 50008 --- [main] cn.stylefeng.guns.GunsApplication        : Starting GunsApplication on LAPTOP-P46VT7JU with PID 50008 (started by 爱仕达 in D:\项目资料\一汽解放智能柜\asd-faw)
2022-05-12 14:02:49.509  INFO 50008 --- [main] cn.stylefeng.guns.GunsApplication        : The following profiles are active: local
2022-05-12 14:02:52.822  INFO 50008 --- [main] trationDelegate$BeanPostProcessorChecker : Bean 'webConfig' of type [cn.stylefeng.guns.config.web.WebConfig$$EnhancerBySpringCGLIB$$2e16aad9] is not eligible for getting processed by all BeanPostProcessors (for example: not eligible for auto-proxying)
2022-05-12 14:02:52.889  INFO 50008 --- [main] trationDelegate$BeanPostProcessorChecker : Bean 'org.springframework.ws.config.annotation.DelegatingWsConfiguration' of type [org.springframework.ws.config.annotation.DelegatingWsConfiguration$$EnhancerBySpringCGLIB$$6810cd30] is not eligible for getting processed by all BeanPostProcessors (for example: not eligible for auto-proxying)
2022-05-12 14:02:52.909  INFO 50008 --- [main] .w.s.a.s.AnnotationActionEndpointMapping : Supporting [WS-Addressing August 2004, WS-Addressing 1.0]
2022-05-12 14:02:52.913  INFO 50008 --- [main] trationDelegate$BeanPostProcessorChecker : Bean 'druidStatPointcut' of type [org.springframework.aop.support.JdkRegexpMethodPointcut] is not eligible for getting processed by all BeanPostProcessors (for example: not eligible for auto-proxying)
2022-05-12 14:02:52.918  INFO 50008 --- [main] trationDelegate$BeanPostProcessorChecker : Bean 'druidStatInterceptor' of type [com.alibaba.druid.support.spring.stat.DruidStatInterceptor] is not eligible for getting processed by all BeanPostProcessors (for example: not eligible for auto-proxying)
2022-05-12 14:02:52.919  INFO 50008 --- [main] trationDelegate$BeanPostProcessorChecker : Bean 'druidStatAdvisor' of type [org.springframework.aop.support.DefaultPointcutAdvisor] is not eligible for getting processed by all BeanPostProcessors (for example: not eligible for auto-proxying)
2022-05-12 14:02:52.966  INFO 50008 --- [main] trationDelegate$BeanPostProcessorChecker : Bean 'org.springframework.transaction.annotation.ProxyTransactionManagementConfiguration' of type [org.springframework.transaction.annotation.ProxyTransactionManagementConfiguration$$EnhancerBySpringCGLIB$$c3790831] is not eligible for getting processed by all BeanPostProcessors (for example: not eligible for auto-proxying)
2022-05-12 14:02:53.058  INFO 50008 --- [main] trationDelegate$BeanPostProcessorChecker : Bean 'org.springframework.security.config.annotation.configuration.ObjectPostProcessorConfiguration' of type [org.springframework.security.config.annotation.configuration.ObjectPostProcessorConfiguration$$EnhancerBySpringCGLIB$$5c26d06b] is not eligible for getting processed by all BeanPostProcessors (for example: not eligible for auto-proxying)
2022-05-12 14:02:53.063  INFO 50008 --- [main] trationDelegate$BeanPostProcessorChecker : Bean 'objectPostProcessor' of type [org.springframework.security.config.annotation.configuration.AutowireBeanFactoryObjectPostProcessor] is not eligible for getting processed by all BeanPostProcessors (for example: not eligible for auto-proxying)
2022-05-12 14:02:53.065  INFO 50008 --- [main] trationDelegate$BeanPostProcessorChecker : Bean 'org.springframework.security.access.expression.method.DefaultMethodSecurityExpressionHandler@7e8279e5' of type [org.springframework.security.access.expression.method.DefaultMethodSecurityExpressionHandler] is not eligible for getting processed by all BeanPostProcessors (for example: not eligible for auto-proxying)
2022-05-12 14:02:53.071  INFO 50008 --- [main] trationDelegate$BeanPostProcessorChecker : Bean 'org.springframework.security.config.annotation.method.configuration.GlobalMethodSecurityConfiguration' of type [org.springframework.security.config.annotation.method.configuration.GlobalMethodSecurityConfiguration$$EnhancerBySpringCGLIB$$80fb731d] is not eligible for getting processed by all BeanPostProcessors (for example: not eligible for auto-proxying)
2022-05-12 14:02:53.078  INFO 50008 --- [main] trationDelegate$BeanPostProcessorChecker : Bean 'methodSecurityMetadataSource' of type [org.springframework.security.access.method.DelegatingMethodSecurityMetadataSource] is not eligible for getting processed by all BeanPostProcessors (for example: not eligible for auto-proxying)
2022-05-12 14:02:53.366  INFO 50008 --- [main] o.s.b.w.embedded.tomcat.TomcatWebServer  : Tomcat initialized with port(s): 8099 (http)
2022-05-12 14:02:53.398  INFO 50008 --- [main] o.apache.catalina.core.StandardService   : Starting service [Tomcat]
2022-05-12 14:02:53.398  INFO 50008 --- [main] org.apache.catalina.core.StandardEngine  : Starting Servlet engine: [Apache Tomcat/9.0.21]
2022-05-12 14:02:53.551  INFO 50008 --- [main] o.a.c.c.C.[Tomcat].[localhost].[/faw]    : Initializing Spring embedded WebApplicationContext
2022-05-12 14:02:53.551  INFO 50008 --- [main] o.s.web.context.ContextLoader            : Root WebApplicationContext: initialization completed in 3689 ms
2022-05-12 14:02:53.614  WARN 50008 --- [main] c.atomikos.jdbc.AbstractDataSourceBean   : AtomikosDataSoureBean 'master': poolSize equals default - this may cause performance problems!
2022-05-12 14:02:54.652  INFO 50008 --- [main] com.alibaba.druid.pool.DruidDataSource   : {dataSource-1} inited
2022-05-12 14:02:54.983  WARN 50008 --- [main] c.atomikos.jdbc.AtomikosConnectionProxy  : atomikos connection proxy for com.alibaba.druid.proxy.jdbc.ConnectionProxyImpl@5345dfe8: WARNING: transaction manager not running?
2022-05-12 14:02:59.884  INFO 50008 --- [main] c.s.guns.base.db.dao.DataBaseInfoDao     : 删除master的databaseInfo信息！删除1条！
2022-05-12 14:02:59.946  INFO 50008 --- [main] c.s.guns.base.db.dao.DataBaseInfoDao     : 初始化master的databaseInfo信息！初始化1条！
2022-05-12 14:03:00.744  INFO 50008 --- [main] o.s.boot.web.servlet.RegistrationBean    : Servlet CXFServlet was not registered (possibly already registered?)
2022-05-12 14:03:01.416  INFO 50008 --- [main] o.s.s.concurrent.ThreadPoolTaskExecutor  : Initializing ExecutorService 'applicationTaskExecutor'
2022-05-12 14:03:04.407  INFO 50008 --- [main] o.s.s.web.DefaultSecurityFilterChain     : Creating filter chain: Ant [pattern='/login', POST], []
2022-05-12 14:03:04.407  INFO 50008 --- [main] o.s.s.web.DefaultSecurityFilterChain     : Creating filter chain: Ant [pattern='/assets/**', GET], []
2022-05-12 14:03:04.408  INFO 50008 --- [main] o.s.s.web.DefaultSecurityFilterChain     : Creating filter chain: Ant [pattern='/favicon.ico', GET], []
2022-05-12 14:03:04.408  INFO 50008 --- [main] o.s.s.web.DefaultSecurityFilterChain     : Creating filter chain: Ant [pattern='/activiti-editor/**', GET], []
2022-05-12 14:03:04.462  INFO 50008 --- [main] pertySourcedRequestMappingHandlerMapping : Mapped URL path [/v2/api-docs] onto method [public org.springframework.http.ResponseEntity<springfox.documentation.spring.web.json.Json> springfox.documentation.swagger2.web.Swagger2Controller.getDocumentation(java.lang.String,javax.servlet.http.HttpServletRequest)]
2022-05-12 14:03:04.546  INFO 50008 --- [main] o.s.s.web.DefaultSecurityFilterChain     : Creating filter chain: any request, [org.springframework.security.web.context.request.async.WebAsyncManagerIntegrationFilter@3de383f7, org.springframework.security.web.context.SecurityContextPersistenceFilter@1df32c09, org.springframework.security.web.header.HeaderWriterFilter@27055a2a, org.springframework.web.filter.CorsFilter@33ccead, cn.stylefeng.guns.sys.core.auth.filter.JwtAuthorizationTokenFilter@340c57e0, org.springframework.security.web.savedrequest.RequestCacheAwareFilter@5a8656a2, org.springframework.security.web.servletapi.SecurityContextHolderAwareRequestFilter@3700994c, org.springframework.security.web.authentication.AnonymousAuthenticationFilter@42ebece0, org.springframework.security.web.session.SessionManagementFilter@3b77940f, org.springframework.security.web.access.ExceptionTranslationFilter@5807ea46, org.springframework.security.web.access.intercept.FilterSecurityInterceptor@57cff804]
2022-05-12 14:03:04.666  INFO 50008 --- [main] c.stylefeng.guns.modular.utils.HttpUtil  : RestTemplate初始化完成
2022-05-12 14:03:04.825  INFO 50008 --- [main] o.a.c.w.s.f.ReflectionServiceFactoryBean : Creating Service {http://andot.org/webservice/demo/server}FawApiServiceImplService from class cn.stylefeng.guns.webservice.FawApiService
2022-05-12 14:03:05.462  INFO 50008 --- [main] org.apache.cxf.endpoint.ServerImpl       : Setting the server's publish address to be /fawApiService
2022-05-12 14:03:05.583  INFO 50008 --- [main] c.a.icatch.provider.imp.AssemblerImp     : Loaded jar:file:/D:/MAVEN/LocalWarehouse/com/atomikos/transactions/4.0.6/transactions-4.0.6.jar!/transactions-defaults.properties
2022-05-12 14:03:05.586  WARN 50008 --- [main] c.a.icatch.provider.imp.AssemblerImp     : Thanks for using Atomikos! Evaluate http://www.atomikos.com/Main/ExtremeTransactions for advanced features and professional support
or register at http://www.atomikos.com/Main/RegisterYourDownload to disable this message and receive FREE tips & advice
2022-05-12 14:03:05.589  INFO 50008 --- [main] c.a.icatch.provider.imp.AssemblerImp     : USING: com.atomikos.icatch.default_max_wait_time_on_shutdown = 9223372036854775807
2022-05-12 14:03:05.590  INFO 50008 --- [main] c.a.icatch.provider.imp.AssemblerImp     : USING: com.atomikos.icatch.allow_subtransactions = true
2022-05-12 14:03:05.590  INFO 50008 --- [main] c.a.icatch.provider.imp.AssemblerImp     : USING: com.atomikos.icatch.recovery_delay = 10000
2022-05-12 14:03:05.590  INFO 50008 --- [main] c.a.icatch.provider.imp.AssemblerImp     : USING: com.atomikos.icatch.automatic_resource_registration = true
2022-05-12 14:03:05.590  INFO 50008 --- [main] c.a.icatch.provider.imp.AssemblerImp     : USING: com.atomikos.icatch.oltp_max_retries = 5
2022-05-12 14:03:05.590  INFO 50008 --- [main] c.a.icatch.provider.imp.AssemblerImp     : USING: com.atomikos.icatch.client_demarcation = false
2022-05-12 14:03:05.590  INFO 50008 --- [main] c.a.icatch.provider.imp.AssemblerImp     : USING: com.atomikos.icatch.threaded_2pc = false
2022-05-12 14:03:05.590  INFO 50008 --- [main] c.a.icatch.provider.imp.AssemblerImp     : USING: com.atomikos.icatch.serial_jta_transactions = true
2022-05-12 14:03:05.590  INFO 50008 --- [main] c.a.icatch.provider.imp.AssemblerImp     : USING: com.atomikos.icatch.log_base_dir = D:\项目资料\一汽解放智能柜\asd-faw\transaction-logs
2022-05-12 14:03:05.590  INFO 50008 --- [main] c.a.icatch.provider.imp.AssemblerImp     : USING: com.atomikos.icatch.rmi_export_class = none
2022-05-12 14:03:05.590  INFO 50008 --- [main] c.a.icatch.provider.imp.AssemblerImp     : USING: com.atomikos.icatch.max_actives = -1
2022-05-12 14:03:05.590  INFO 50008 --- [main] c.a.icatch.provider.imp.AssemblerImp     : USING: com.atomikos.icatch.checkpoint_interval = 500
2022-05-12 14:03:05.590  INFO 50008 --- [main] c.a.icatch.provider.imp.AssemblerImp     : USING: com.atomikos.icatch.enable_logging = true
2022-05-12 14:03:05.590  INFO 50008 --- [main] c.a.icatch.provider.imp.AssemblerImp     : USING: com.atomikos.icatch.log_base_name = tmlog
2022-05-12 14:03:05.591  INFO 50008 --- [main] c.a.icatch.provider.imp.AssemblerImp     : USING: com.atomikos.icatch.max_timeout = 300000
2022-05-12 14:03:05.591  INFO 50008 --- [main] c.a.icatch.provider.imp.AssemblerImp     : USING: com.atomikos.icatch.trust_client_tm = false
2022-05-12 14:03:05.591  INFO 50008 --- [main] c.a.icatch.provider.imp.AssemblerImp     : USING: java.naming.factory.initial = com.sun.jndi.rmi.registry.RegistryContextFactory
2022-05-12 14:03:05.591  INFO 50008 --- [main] c.a.icatch.provider.imp.AssemblerImp     : USING: com.atomikos.icatch.tm_unique_name = 20.0.1.24.tm
2022-05-12 14:03:05.591  INFO 50008 --- [main] c.a.icatch.provider.imp.AssemblerImp     : USING: com.atomikos.icatch.forget_orphaned_log_entries_delay = 86400000
2022-05-12 14:03:05.591  INFO 50008 --- [main] c.a.icatch.provider.imp.AssemblerImp     : USING: com.atomikos.icatch.oltp_retry_interval = 10000
2022-05-12 14:03:05.591  INFO 50008 --- [main] c.a.icatch.provider.imp.AssemblerImp     : USING: java.naming.provider.url = rmi://localhost:1099
2022-05-12 14:03:05.591  INFO 50008 --- [main] c.a.icatch.provider.imp.AssemblerImp     : USING: com.atomikos.icatch.force_shutdown_on_vm_exit = false
2022-05-12 14:03:05.591  INFO 50008 --- [main] c.a.icatch.provider.imp.AssemblerImp     : USING: com.atomikos.icatch.default_jta_timeout = 300000
2022-05-12 14:03:05.592  INFO 50008 --- [main] c.a.icatch.provider.imp.AssemblerImp     : Using default (local) logging and recovery...
2022-05-12 14:03:05.706  INFO 50008 --- [main] c.a.d.xa.XATransactionalResource         : master: refreshed XAResource
2022-05-12 14:03:05.922  INFO 50008 --- [main] org.quartz.impl.StdSchedulerFactory      : Using default implementation for ThreadExecutor
2022-05-12 14:03:05.940  INFO 50008 --- [main] org.quartz.core.SchedulerSignalerImpl    : Initialized Scheduler Signaller of type: class org.quartz.core.SchedulerSignalerImpl
2022-05-12 14:03:05.940  INFO 50008 --- [main] org.quartz.core.QuartzScheduler          : Quartz Scheduler v.2.3.1 created.
2022-05-12 14:03:05.941  INFO 50008 --- [main] org.quartz.simpl.RAMJobStore             : RAMJobStore initialized.
2022-05-12 14:03:05.941  INFO 50008 --- [main] org.quartz.core.QuartzScheduler          : Scheduler meta-data: Quartz Scheduler (v2.3.1) 'quartzScheduler' with instanceId 'NON_CLUSTERED'
  Scheduler class: 'org.quartz.core.QuartzScheduler' - running locally.
  NOT STARTED.
  Currently in standby mode.
  Number of jobs executed: 0
  Using thread pool 'org.quartz.simpl.SimpleThreadPool' - with 10 threads.
  Using job-store 'org.quartz.simpl.RAMJobStore' - which does not support persistence. and is not clustered.

2022-05-12 14:03:05.941  INFO 50008 --- [main] org.quartz.impl.StdSchedulerFactory      : Quartz scheduler 'quartzScheduler' initialized from an externally provided properties instance.
2022-05-12 14:03:05.942  INFO 50008 --- [main] org.quartz.impl.StdSchedulerFactory      : Quartz scheduler version: 2.3.1
2022-05-12 14:03:05.942  INFO 50008 --- [main] org.quartz.core.QuartzScheduler          : JobFactory set to: org.springframework.scheduling.quartz.SpringBeanJobFactory@7bc6b117
2022-05-12 14:03:06.164  INFO 50008 --- [main] d.s.w.p.DocumentationPluginsBootstrapper : Context refreshed
2022-05-12 14:03:06.353  INFO 50008 --- [main] d.s.w.p.DocumentationPluginsBootstrapper : Found 1 custom documentation plugin(s)
2022-05-12 14:03:06.403  INFO 50008 --- [main] s.d.s.w.s.ApiListingReferenceScanner     : Scanning for api listing references
2022-05-12 14:03:06.602  INFO 50008 --- [main] .d.s.w.r.o.CachingOperationNameGenerator : Generating unique operation named: loginUsingGET_1
2022-05-12 14:03:06.604  INFO 50008 --- [main] .d.s.w.r.o.CachingOperationNameGenerator : Generating unique operation named: infoUsingGET_1
2022-05-12 14:03:06.606  INFO 50008 --- [main] .d.s.w.r.o.CachingOperationNameGenerator : Generating unique operation named: loginUsingGET_2
2022-05-12 14:03:06.608  INFO 50008 --- [main] .d.s.w.r.o.CachingOperationNameGenerator : Generating unique operation named: logoutUsingGET_1
2022-05-12 14:03:06.680  INFO 50008 --- [main] .d.s.w.r.o.CachingOperationNameGenerator : Generating unique operation named: closeCabinetUsingGET_1
2022-05-12 14:03:06.690  INFO 50008 --- [main] .d.s.w.r.o.CachingOperationNameGenerator : Generating unique operation named: conformUsingGET_1
2022-05-12 14:03:06.696  INFO 50008 --- [main] .d.s.w.r.o.CachingOperationNameGenerator : Generating unique operation named: queryToolUsingGET_1
2022-05-12 14:03:06.836  INFO 50008 --- [main] .d.s.w.r.o.CachingOperationNameGenerator : Generating unique operation named: queryToolContentUsingGET_1
2022-05-12 14:03:06.882  INFO 50008 --- [main] .d.s.w.r.o.CachingOperationNameGenerator : Generating unique operation named: loginUsingPOST_1
2022-05-12 14:03:06.900  INFO 50008 --- [main] o.s.s.quartz.SchedulerFactoryBean        : Starting Quartz Scheduler now
2022-05-12 14:03:06.900  INFO 50008 --- [main] org.quartz.core.QuartzScheduler          : Scheduler quartzScheduler_$_NON_CLUSTERED started.
2022-05-12 14:03:06.960  INFO 50008 --- [main] o.s.b.w.embedded.tomcat.TomcatWebServer  : Tomcat started on port(s): 8099 (http) with context path '/faw'
2022-05-12 14:03:06.963  INFO 50008 --- [main] cn.stylefeng.guns.GunsApplication        : Started GunsApplication in 18.261 seconds (JVM running for 20.209)
2022-05-12 14:03:06.967  INFO 50008 --- [main] cn.stylefeng.guns.config.AppConfig       : Test Start up complete
2022-05-12 14:03:27.513  INFO 50008 --- [http-nio-8099-exec-2] o.a.c.c.C.[Tomcat].[localhost].[/faw]    : Initializing Spring DispatcherServlet 'dispatcherServlet'
2022-05-12 14:03:27.514  INFO 50008 --- [http-nio-8099-exec-2] o.s.web.servlet.DispatcherServlet        : Initializing Servlet 'dispatcherServlet'
2022-05-12 14:03:27.526  INFO 50008 --- [http-nio-8099-exec-2] o.s.web.servlet.DispatcherServlet        : Completed initialization in 12 ms
2022-05-12 14:03:27.540 ERROR 50008 --- [http-nio-8099-exec-2] c.s.guns.base.consts.ConstantsContext    : 获取token的header标识为空！常量名称：GUNS_TOKEN_HEADER_NAME，采用默认值：Authorization，若想忽略此提示，请在开发管理->系统配置->参数配置，设置相关参数！
2022-05-12 14:03:27.541 ERROR 50008 --- [http-nio-8099-exec-2] c.s.guns.base.consts.ConstantsContext    : jwt密钥存在空值！常量名称：GUNS_JWT_SECRET，采用默认值：随机字符串->vgiyskm70d1yebjqy463ffn941nuya3l，若想忽略此提示，请在开发管理->系统配置->参数配置，设置相关参数！
2022-05-12 14:03:27.767 ERROR 50008 --- [http-nio-8099-exec-2] c.s.guns.base.consts.ConstantsContext    : 系统常量存在空值！常量名称：GUNS_SYSTEM_RELEASE_VERSION，采用默认值：guns，若想忽略此提示，请在开发管理->系统配置->参数配置，设置相关参数！
2022-05-12 14:03:27.767 ERROR 50008 --- [http-nio-8099-exec-2] c.s.guns.base.consts.ConstantsContext    : 系统常量存在空值！常量名称：GUNS_SYSTEM_RELEASE_VERSION，采用默认值：guns，若想忽略此提示，请在开发管理->系统配置->参数配置，设置相关参数！
2022-05-12 14:03:27.767 ERROR 50008 --- [http-nio-8099-exec-2] c.s.guns.base.consts.ConstantsContext    : 系统常量存在空值！常量名称：GUNS_TENANT_OPEN，采用默认值：DISABLE，若想忽略此提示，请在开发管理->系统配置->参数配置，设置相关参数！
2022-05-12 14:03:27.769 ERROR 50008 --- [http-nio-8099-exec-2] c.s.guns.base.consts.ConstantsContext    : 系统常量存在空值！常量名称：GUNS_SYSTEM_RELEASE_VERSION，采用默认值：guns，若想忽略此提示，请在开发管理->系统配置->参数配置，设置相关参数！
2022-05-12 14:03:27.769 ERROR 50008 --- [http-nio-8099-exec-2] c.s.guns.base.consts.ConstantsContext    : 系统常量存在空值！常量名称：GUNS_SYSTEM_RELEASE_VERSION，采用默认值：guns，若想忽略此提示，请在开发管理->系统配置->参数配置，设置相关参数！
2022-05-12 14:03:27.769 ERROR 50008 --- [http-nio-8099-exec-2] c.s.guns.base.consts.ConstantsContext    : 系统常量存在空值！常量名称：GUNS_SYSTEM_RELEASE_VERSION，采用默认值：guns，若想忽略此提示，请在开发管理->系统配置->参数配置，设置相关参数！
2022-05-12 14:03:27.769 ERROR 50008 --- [http-nio-8099-exec-2] c.s.guns.base.consts.ConstantsContext    : 系统常量存在空值！常量名称：GUNS_TENANT_OPEN，采用默认值：DISABLE，若想忽略此提示，请在开发管理->系统配置->参数配置，设置相关参数！
2022-05-12 14:03:27.769 ERROR 50008 --- [http-nio-8099-exec-2] c.s.guns.base.consts.ConstantsContext    : 系统常量存在空值！常量名称：GUNS_TENANT_OPEN，采用默认值：DISABLE，若想忽略此提示，请在开发管理->系统配置->参数配置，设置相关参数！
2022-05-12 14:03:34.763 ERROR 50008 --- [http-nio-8099-exec-10] c.s.guns.base.consts.ConstantsContext    : jwt密钥存在空值！常量名称：GUNS_JWT_SECRET_EXPIRE，采用默认值：1天，若想忽略此提示，请在开发管理->系统配置->参数配置，设置相关参数！
2022-05-12 14:03:35.024 ERROR 50008 --- [http-nio-8099-exec-2] c.s.guns.base.consts.ConstantsContext    : 系统常量存在空值！常量名称：GUNS_OAUTH2_PREFIX，采用默认值：oauth2，若想忽略此提示，请在开发管理->系统配置->参数配置，设置相关参数！
2022-05-12 14:03:35.047 ERROR 50008 --- [http-nio-8099-exec-2] c.s.guns.base.consts.ConstantsContext    : 系统常量存在空值！常量名称：GUNS_SYSTEM_RELEASE_VERSION，采用默认值：guns，若想忽略此提示，请在开发管理->系统配置->参数配置，设置相关参数！
2022-05-12 14:03:35.047 ERROR 50008 --- [http-nio-8099-exec-2] c.s.guns.base.consts.ConstantsContext    : 系统常量存在空值！常量名称：GUNS_SYSTEM_RELEASE_VERSION，采用默认值：guns，若想忽略此提示，请在开发管理->系统配置->参数配置，设置相关参数！
2022-05-12 14:03:35.106 ERROR 50008 --- [http-nio-8099-exec-2] c.s.guns.base.consts.ConstantsContext    : 系统常量存在空值！常量名称：GUNS_SYSTEM_RELEASE_VERSION，采用默认值：guns，若想忽略此提示，请在开发管理->系统配置->参数配置，设置相关参数！
2022-05-12 14:03:35.106 ERROR 50008 --- [http-nio-8099-exec-2] c.s.guns.base.consts.ConstantsContext    : 系统常量存在空值！常量名称：GUNS_SYSTEM_RELEASE_VERSION，采用默认值：guns，若想忽略此提示，请在开发管理->系统配置->参数配置，设置相关参数！
2022-05-12 14:03:35.107 ERROR 50008 --- [http-nio-8099-exec-2] c.s.guns.base.consts.ConstantsContext    : 系统常量存在空值！常量名称：GUNS_SYSTEM_RELEASE_VERSION，采用默认值：guns，若想忽略此提示，请在开发管理->系统配置->参数配置，设置相关参数！
2022-05-12 14:03:35.361 ERROR 50008 --- [http-nio-8099-exec-7] c.s.guns.base.consts.ConstantsContext    : 系统常量存在空值！常量名称：GUNS_DEFAULT_PASSWORD，采用默认密码：111111，若想忽略此提示，请在开发管理->系统配置->参数配置，设置相关参数！
2022-05-12 14:03:35.362 ERROR 50008 --- [http-nio-8099-exec-7] c.s.guns.base.consts.ConstantsContext    : 系统常量存在空值！常量名称：GUNS_SYSTEM_RELEASE_VERSION，采用默认值：guns，若想忽略此提示，请在开发管理->系统配置->参数配置，设置相关参数！
2022-05-12 14:03:35.362 ERROR 50008 --- [http-nio-8099-exec-7] c.s.guns.base.consts.ConstantsContext    : 系统常量存在空值！常量名称：GUNS_SYSTEM_RELEASE_VERSION，采用默认值：guns，若想忽略此提示，请在开发管理->系统配置->参数配置，设置相关参数！
2022-05-12 14:03:35.362 ERROR 50008 --- [http-nio-8099-exec-7] c.s.guns.base.consts.ConstantsContext    : 系统常量存在空值！常量名称：GUNS_SYSTEM_RELEASE_VERSION，采用默认值：guns，若想忽略此提示，请在开发管理->系统配置->参数配置，设置相关参数！
2022-05-12 14:03:35.362 ERROR 50008 --- [http-nio-8099-exec-7] c.s.guns.base.consts.ConstantsContext    : 系统常量存在空值！常量名称：GUNS_SYSTEM_RELEASE_VERSION，采用默认值：guns，若想忽略此提示，请在开发管理->系统配置->参数配置，设置相关参数！
2022-05-12 14:03:35.362 ERROR 50008 --- [http-nio-8099-exec-7] c.s.guns.base.consts.ConstantsContext    : 系统常量存在空值！常量名称：GUNS_SYSTEM_RELEASE_VERSION，采用默认值：guns，若想忽略此提示，请在开发管理->系统配置->参数配置，设置相关参数！
2022-05-12 14:03:35.363 ERROR 50008 --- [http-nio-8099-exec-7] c.s.guns.base.consts.ConstantsContext    : 系统常量存在空值！常量名称：GUNS_SYSTEM_RELEASE_VERSION，采用默认值：guns，若想忽略此提示，请在开发管理->系统配置->参数配置，设置相关参数！
2022-05-12 14:03:35.363 ERROR 50008 --- [http-nio-8099-exec-7] c.s.guns.base.consts.ConstantsContext    : 系统常量存在空值！常量名称：GUNS_SYSTEM_RELEASE_VERSION，采用默认值：guns，若想忽略此提示，请在开发管理->系统配置->参数配置，设置相关参数！
2022-05-12 14:03:35.363 ERROR 50008 --- [http-nio-8099-exec-7] c.s.guns.base.consts.ConstantsContext    : 系统常量存在空值！常量名称：GUNS_SYSTEM_RELEASE_VERSION，采用默认值：guns，若想忽略此提示，请在开发管理->系统配置->参数配置，设置相关参数！
2022-05-12 14:03:35.363 ERROR 50008 --- [http-nio-8099-exec-7] c.s.guns.base.consts.ConstantsContext    : 系统常量存在空值！常量名称：GUNS_SYSTEM_RELEASE_VERSION，采用默认值：guns，若想忽略此提示，请在开发管理->系统配置->参数配置，设置相关参数！
2022-05-12 14:03:35.363 ERROR 50008 --- [http-nio-8099-exec-7] c.s.guns.base.consts.ConstantsContext    : 系统常量存在空值！常量名称：GUNS_SYSTEM_RELEASE_VERSION，采用默认值：guns，若想忽略此提示，请在开发管理->系统配置->参数配置，设置相关参数！
2022-05-12 14:03:35.363 ERROR 50008 --- [http-nio-8099-exec-7] c.s.guns.base.consts.ConstantsContext    : 系统常量存在空值！常量名称：GUNS_SYSTEM_RELEASE_VERSION，采用默认值：guns，若想忽略此提示，请在开发管理->系统配置->参数配置，设置相关参数！
2022-05-12 14:04:10.641 ERROR 50008 --- [http-nio-8099-exec-7] c.s.guns.base.consts.ConstantsContext    : 系统常量存在空值！常量名称：GUNS_SYSTEM_RELEASE_VERSION，采用默认值：guns，若想忽略此提示，请在开发管理->系统配置->参数配置，设置相关参数！
2022-05-12 14:04:10.642 ERROR 50008 --- [http-nio-8099-exec-7] c.s.guns.base.consts.ConstantsContext    : 系统常量存在空值！常量名称：GUNS_SYSTEM_RELEASE_VERSION，采用默认值：guns，若想忽略此提示，请在开发管理->系统配置->参数配置，设置相关参数！
2022-05-12 14:04:10.642 ERROR 50008 --- [http-nio-8099-exec-7] c.s.guns.base.consts.ConstantsContext    : 系统常量存在空值！常量名称：GUNS_SYSTEM_RELEASE_VERSION，采用默认值：guns，若想忽略此提示，请在开发管理->系统配置->参数配置，设置相关参数！
2022-05-12 14:04:10.643 ERROR 50008 --- [http-nio-8099-exec-7] c.s.guns.base.consts.ConstantsContext    : 系统常量存在空值！常量名称：GUNS_SYSTEM_RELEASE_VERSION，采用默认值：guns，若想忽略此提示，请在开发管理->系统配置->参数配置，设置相关参数！
2022-05-12 14:04:10.643 ERROR 50008 --- [http-nio-8099-exec-7] c.s.guns.base.consts.ConstantsContext    : 系统常量存在空值！常量名称：GUNS_SYSTEM_RELEASE_VERSION，采用默认值：guns，若想忽略此提示，请在开发管理->系统配置->参数配置，设置相关参数！
2022-05-12 14:04:10.644 ERROR 50008 --- [http-nio-8099-exec-7] c.s.guns.base.consts.ConstantsContext    : 系统常量存在空值！常量名称：GUNS_SYSTEM_RELEASE_VERSION，采用默认值：guns，若想忽略此提示，请在开发管理->系统配置->参数配置，设置相关参数！
2022-05-12 14:04:10.644 ERROR 50008 --- [http-nio-8099-exec-7] c.s.guns.base.consts.ConstantsContext    : 系统常量存在空值！常量名称：GUNS_SYSTEM_RELEASE_VERSION，采用默认值：guns，若想忽略此提示，请在开发管理->系统配置->参数配置，设置相关参数！
2022-05-12 16:50:39.855  INFO 50008 --- [http-nio-8099-exec-9] c.s.g.modular.utils.WebSocket.WebSocket  : 有新连接加入：0，当前在线人数为：1
2022-05-12 16:50:39.872  INFO 50008 --- [http-nio-8099-exec-9] c.s.g.modular.utils.WebSocket.WebSocket  : 服务端收到客户端[0]的消息:2
2022-05-12 16:50:39.890  INFO 50008 --- [http-nio-8099-exec-9] c.s.g.modular.utils.WebSocket.WebSocket  : 服务端给客户端[0]发送消息ok
2022-05-12 17:02:57.051  INFO 50008 --- [pool-2-thread-1] c.s.g.m.o.service.WarehouseService       : 出库请求参数为{OutfeedId=211371159458, Type=2, Batch=2, Qty=4, LatticeType=, SortingPosition=AH1-PLA-A12, Sku=003, BoxType=}
2022-05-12 17:02:57.064  INFO 50008 --- [pool-2-thread-1] c.stylefeng.guns.modular.utils.HttpUtil  : RestTemplate初始化完成
2022-05-12 17:16:21.808  INFO 50008 --- [pool-2-thread-3] c.s.g.m.o.service.WarehouseService       : 出库请求参数为{OutfeedId=978802314987, Type=3, Batch=1, Qty=1, LatticeType=, SortingPosition=AH1-PLA-A12, Sku=EmptyBox, BoxType=}
2022-05-12 17:16:21.811  INFO 50008 --- [pool-2-thread-3] c.stylefeng.guns.modular.utils.HttpUtil  : RestTemplate初始化完成
2022-05-12 17:16:37.504  INFO 50008 --- [http-nio-8099-exec-3] c.s.g.modular.utils.WebSocket.WebSocket  : 有一连接关闭：0，当前在线人数为：0
2022-05-12 17:16:37.671  INFO 50008 --- [http-nio-8099-exec-8] c.s.g.modular.utils.WebSocket.WebSocket  : 有新连接加入：1，当前在线人数为：1
2022-05-12 17:16:37.673  INFO 50008 --- [http-nio-8099-exec-10] c.s.g.modular.utils.WebSocket.WebSocket  : 服务端收到客户端[1]的消息:2
2022-05-12 17:16:37.674  INFO 50008 --- [http-nio-8099-exec-10] c.s.g.modular.utils.WebSocket.WebSocket  : 服务端给客户端[1]发送消息ok
2022-05-12 17:16:38.459  INFO 50008 --- [http-nio-8099-exec-9] c.s.g.modular.utils.WebSocket.WebSocket  : 有一连接关闭：1，当前在线人数为：0
2022-05-12 17:16:38.625  INFO 50008 --- [http-nio-8099-exec-4] c.s.g.modular.utils.WebSocket.WebSocket  : 有新连接加入：2，当前在线人数为：1
2022-05-12 17:16:38.629  INFO 50008 --- [http-nio-8099-exec-7] c.s.g.modular.utils.WebSocket.WebSocket  : 服务端收到客户端[2]的消息:2
2022-05-12 17:16:38.630  INFO 50008 --- [http-nio-8099-exec-7] c.s.g.modular.utils.WebSocket.WebSocket  : 服务端给客户端[2]发送消息ok
2022-05-12 17:16:38.780  INFO 50008 --- [http-nio-8099-exec-6] c.s.g.modular.utils.WebSocket.WebSocket  : 有一连接关闭：2，当前在线人数为：0
2022-05-12 17:16:38.866  INFO 50008 --- [http-nio-8099-exec-10] c.s.g.modular.utils.WebSocket.WebSocket  : 有新连接加入：3，当前在线人数为：1
2022-05-12 17:16:38.869  INFO 50008 --- [http-nio-8099-exec-1] c.s.g.modular.utils.WebSocket.WebSocket  : 服务端收到客户端[3]的消息:2
2022-05-12 17:16:38.869  INFO 50008 --- [http-nio-8099-exec-1] c.s.g.modular.utils.WebSocket.WebSocket  : 服务端给客户端[3]发送消息ok
2022-05-12 17:16:38.999  INFO 50008 --- [http-nio-8099-exec-2] c.s.g.modular.utils.WebSocket.WebSocket  : 有一连接关闭：3，当前在线人数为：0
2022-05-12 17:16:39.080  INFO 50008 --- [http-nio-8099-exec-7] c.s.g.modular.utils.WebSocket.WebSocket  : 有新连接加入：4，当前在线人数为：1
2022-05-12 17:16:39.086  INFO 50008 --- [http-nio-8099-exec-3] c.s.g.modular.utils.WebSocket.WebSocket  : 服务端收到客户端[4]的消息:2
2022-05-12 17:16:39.086  INFO 50008 --- [http-nio-8099-exec-3] c.s.g.modular.utils.WebSocket.WebSocket  : 服务端给客户端[4]发送消息ok
2022-05-12 17:16:39.132  INFO 50008 --- [http-nio-8099-exec-5] c.s.g.modular.utils.WebSocket.WebSocket  : 有一连接关闭：4，当前在线人数为：0
2022-05-12 17:16:39.212  INFO 50008 --- [http-nio-8099-exec-1] c.s.g.modular.utils.WebSocket.WebSocket  : 有新连接加入：5，当前在线人数为：1
2022-05-12 17:16:39.215  INFO 50008 --- [http-nio-8099-exec-9] c.s.g.modular.utils.WebSocket.WebSocket  : 服务端收到客户端[5]的消息:2
2022-05-12 17:16:39.215  INFO 50008 --- [http-nio-8099-exec-9] c.s.g.modular.utils.WebSocket.WebSocket  : 服务端给客户端[5]发送消息ok
2022-05-12 17:16:39.322  INFO 50008 --- [http-nio-8099-exec-8] c.s.g.modular.utils.WebSocket.WebSocket  : 有一连接关闭：5，当前在线人数为：0
2022-05-12 17:16:39.384  INFO 50008 --- [http-nio-8099-exec-3] c.s.g.modular.utils.WebSocket.WebSocket  : 有新连接加入：6，当前在线人数为：1
2022-05-12 17:16:39.386  INFO 50008 --- [http-nio-8099-exec-6] c.s.g.modular.utils.WebSocket.WebSocket  : 服务端收到客户端[6]的消息:2
2022-05-12 17:16:39.386  INFO 50008 --- [http-nio-8099-exec-6] c.s.g.modular.utils.WebSocket.WebSocket  : 服务端给客户端[6]发送消息ok
2022-05-12 17:16:39.434  INFO 50008 --- [http-nio-8099-exec-4] c.s.g.modular.utils.WebSocket.WebSocket  : 有一连接关闭：6，当前在线人数为：0
2022-05-12 17:16:39.520  INFO 50008 --- [http-nio-8099-exec-9] c.s.g.modular.utils.WebSocket.WebSocket  : 有新连接加入：7，当前在线人数为：1
2022-05-12 17:16:39.527  INFO 50008 --- [http-nio-8099-exec-2] c.s.g.modular.utils.WebSocket.WebSocket  : 服务端收到客户端[7]的消息:2
2022-05-12 17:16:39.528  INFO 50008 --- [http-nio-8099-exec-2] c.s.g.modular.utils.WebSocket.WebSocket  : 服务端给客户端[7]发送消息ok
2022-05-12 17:16:39.653  INFO 50008 --- [http-nio-8099-exec-10] c.s.g.modular.utils.WebSocket.WebSocket  : 有一连接关闭：7，当前在线人数为：0
2022-05-12 17:16:39.723  INFO 50008 --- [http-nio-8099-exec-6] c.s.g.modular.utils.WebSocket.WebSocket  : 有新连接加入：8，当前在线人数为：1
2022-05-12 17:16:39.725  INFO 50008 --- [http-nio-8099-exec-5] c.s.g.modular.utils.WebSocket.WebSocket  : 服务端收到客户端[8]的消息:2
2022-05-12 17:16:39.725  INFO 50008 --- [http-nio-8099-exec-5] c.s.g.modular.utils.WebSocket.WebSocket  : 服务端给客户端[8]发送消息ok
2022-05-12 17:16:39.846  INFO 50008 --- [http-nio-8099-exec-7] c.s.g.modular.utils.WebSocket.WebSocket  : 有一连接关闭：8，当前在线人数为：0
2022-05-12 17:16:39.910  INFO 50008 --- [http-nio-8099-exec-2] c.s.g.modular.utils.WebSocket.WebSocket  : 有新连接加入：9，当前在线人数为：1
2022-05-12 17:16:39.914  INFO 50008 --- [http-nio-8099-exec-8] c.s.g.modular.utils.WebSocket.WebSocket  : 服务端收到客户端[9]的消息:2
2022-05-12 17:16:39.914  INFO 50008 --- [http-nio-8099-exec-8] c.s.g.modular.utils.WebSocket.WebSocket  : 服务端给客户端[9]发送消息ok
2022-05-12 17:16:40.061  INFO 50008 --- [http-nio-8099-exec-1] c.s.g.modular.utils.WebSocket.WebSocket  : 有一连接关闭：9，当前在线人数为：0
2022-05-12 17:16:40.129  INFO 50008 --- [http-nio-8099-exec-5] c.s.g.modular.utils.WebSocket.WebSocket  : 有新连接加入：a，当前在线人数为：1
2022-05-12 17:16:40.145  INFO 50008 --- [http-nio-8099-exec-7] c.s.g.modular.utils.WebSocket.WebSocket  : 服务端收到客户端[a]的消息:2
2022-05-12 17:16:40.146  INFO 50008 --- [http-nio-8099-exec-7] c.s.g.modular.utils.WebSocket.WebSocket  : 服务端给客户端[a]发送消息ok
2022-05-12 17:16:40.242  INFO 50008 --- [http-nio-8099-exec-3] c.s.g.modular.utils.WebSocket.WebSocket  : 有一连接关闭：a，当前在线人数为：0
2022-05-12 17:16:40.353  INFO 50008 --- [http-nio-8099-exec-8] c.s.g.modular.utils.WebSocket.WebSocket  : 有新连接加入：b，当前在线人数为：1
2022-05-12 17:16:40.355  INFO 50008 --- [http-nio-8099-exec-10] c.s.g.modular.utils.WebSocket.WebSocket  : 服务端收到客户端[b]的消息:2
2022-05-12 17:16:40.355  INFO 50008 --- [http-nio-8099-exec-10] c.s.g.modular.utils.WebSocket.WebSocket  : 服务端给客户端[b]发送消息ok
2022-05-12 17:16:42.029  INFO 50008 --- [http-nio-8099-exec-4] c.s.g.modular.utils.WebSocket.WebSocket  : 有一连接关闭：b，当前在线人数为：0
2022-05-12 17:16:47.091  INFO 50008 --- [http-nio-8099-exec-9] c.s.g.modular.utils.WebSocket.WebSocket  : 有新连接加入：c，当前在线人数为：1
2022-05-12 17:16:47.113  INFO 50008 --- [http-nio-8099-exec-3] c.s.g.modular.utils.WebSocket.WebSocket  : 服务端收到客户端[c]的消息:2
2022-05-12 17:16:47.114  INFO 50008 --- [http-nio-8099-exec-3] c.s.g.modular.utils.WebSocket.WebSocket  : 服务端给客户端[c]发送消息ok
2022-05-12 17:17:40.576  INFO 50008 --- [pool-2-thread-2] c.s.g.m.o.service.WarehouseService       : 出库请求参数为{OutfeedId=986411951508, Type=3, Batch=1, Qty=1, LatticeType=, SortingPosition=AH1-PLA-A12, Sku=EmptyBox, BoxType=}
2022-05-12 17:17:40.579  INFO 50008 --- [pool-2-thread-2] c.stylefeng.guns.modular.utils.HttpUtil  : RestTemplate初始化完成
2022-05-12 17:18:44.000  INFO 50008 --- [http-nio-8099-exec-5] c.s.g.modular.utils.WebSocket.WebSocket  : 有一连接关闭：c，当前在线人数为：0
