2023-04-08 22:34:05.613  INFO 35176 --- [demo-pool-0] c.s.guns.threads.UseAppliesThread        : Task Thread- Requisition application
2023-04-08 22:34:08.965  INFO 35176 --- [demo-pool-1] c.s.guns.threads.GuiHuanAppliesThread    : Task Thread- Return application
2023-04-08 22:34:24.839  INFO 35176 --- [demo-pool-0] c.s.guns.threads.UseAppliesThread        : Task Thread- Requisition application
2023-04-08 22:34:28.087  INFO 35176 --- [demo-pool-1] c.s.guns.threads.GuiHuanAppliesThread    : Task Thread- Return application
2023-04-08 22:34:40.994  INFO 35176 --- [demo-pool-0] c.s.guns.threads.UseAppliesThread        : Task Thread- Requisition application
2023-04-08 22:34:45.041  INFO 35176 --- [demo-pool-1] c.s.guns.threads.GuiHuanAppliesThread    : Task Thread- Return application
2023-04-08 22:34:57.087  INFO 35176 --- [demo-pool-0] c.s.guns.threads.UseAppliesThread        : Task Thread- Requisition application
2023-04-08 22:35:27.421  INFO 35176 --- [demo-pool-1] c.s.guns.threads.GuiHuanAppliesThread    : Task Thread- Return application
2023-04-08 22:35:27.505  INFO 35176 --- [demo-pool-0] c.s.guns.threads.UseAppliesThread        : Task Thread- Requisition application
2023-04-08 22:35:42.947  INFO 35176 --- [demo-pool-0] c.s.guns.threads.UseAppliesThread        : Task Thread- Requisition application
2023-04-08 22:35:43.684  INFO 35176 --- [demo-pool-1] c.s.guns.threads.GuiHuanAppliesThread    : Task Thread- Return application
2023-04-08 22:35:54.925  INFO 35176 --- [demo-pool-0] c.s.guns.threads.UseAppliesThread        : Task Thread- Requisition application
2023-04-08 22:35:54.925  INFO 35176 --- [demo-pool-1] c.s.guns.threads.GuiHuanAppliesThread    : Task Thread- Return application
2023-04-08 22:35:55.013  INFO 35176 --- [Thread-37] org.quartz.core.QuartzScheduler          : Scheduler quartzScheduler_$_NON_CLUSTERED paused.
2023-04-08 22:35:55.015  INFO 35176 --- [Thread-37] o.s.s.quartz.SchedulerFactoryBean        : Shutting down Quartz Scheduler
2023-04-08 22:35:55.015  INFO 35176 --- [Thread-37] org.quartz.core.QuartzScheduler          : Scheduler quartzScheduler_$_NON_CLUSTERED shutting down.
2023-04-08 22:35:55.016  INFO 35176 --- [Thread-37] org.quartz.core.QuartzScheduler          : Scheduler quartzScheduler_$_NON_CLUSTERED paused.
2023-04-08 22:35:55.017  INFO 35176 --- [Thread-37] org.quartz.core.QuartzScheduler          : Scheduler quartzScheduler_$_NON_CLUSTERED shutdown complete.
2023-04-08 22:35:55.018  INFO 35176 --- [Thread-37] c.a.icatch.imp.TransactionServiceImp     : Transaction Service: Entering shutdown (false, 9223372036854775807)...
2023-04-08 22:35:55.032  INFO 35176 --- [Thread-37] o.s.s.concurrent.ThreadPoolTaskExecutor  : Shutting down ExecutorService 'applicationTaskExecutor'
2023-04-08 22:35:55.041  INFO 35176 --- [Thread-37] c.a.datasource.pool.ConnectionPool       : atomikos connection pool 'master': destroying pool...
2023-04-08 22:35:55.041  WARN 35176 --- [Thread-37] c.a.datasource.pool.ConnectionPool       : atomikos connection pool 'master': connection is still in use on pool destroy: an AtomikosXAPooledConnection with a SessionHandleState with 1 context(s) - please check your shutdown sequence to avoid heuristic termination of ongoing transactions!
2023-04-08 22:38:12.371  INFO 27068 --- [main] cn.stylefeng.guns.GunsApplication        : Starting GunsApplication on DESKTOP-8LEEG3A with PID 27068 (started by 22490 in C:\LOGBOT\1 Project\Projects_2020\LB-SS141G_FAW\trunk\SourceCode\WMS源码\后端\wms\asd_faw_new)
2023-04-08 22:38:12.382  INFO 27068 --- [main] cn.stylefeng.guns.GunsApplication        : The following profiles are active: local
2023-04-08 22:38:19.333  INFO 27068 --- [main] trationDelegate$BeanPostProcessorChecker : Bean 'webConfig' of type [cn.stylefeng.guns.config.web.WebConfig$$EnhancerBySpringCGLIB$$81d00689] is not eligible for getting processed by all BeanPostProcessors (for example: not eligible for auto-proxying)
2023-04-08 22:38:19.503  INFO 27068 --- [main] trationDelegate$BeanPostProcessorChecker : Bean 'org.springframework.ws.config.annotation.DelegatingWsConfiguration' of type [org.springframework.ws.config.annotation.DelegatingWsConfiguration$$EnhancerBySpringCGLIB$$bbca28e0] is not eligible for getting processed by all BeanPostProcessors (for example: not eligible for auto-proxying)
2023-04-08 22:38:19.578  INFO 27068 --- [main] .w.s.a.s.AnnotationActionEndpointMapping : Supporting [WS-Addressing August 2004, WS-Addressing 1.0]
2023-04-08 22:38:19.584  INFO 27068 --- [main] trationDelegate$BeanPostProcessorChecker : Bean 'druidStatPointcut' of type [org.springframework.aop.support.JdkRegexpMethodPointcut] is not eligible for getting processed by all BeanPostProcessors (for example: not eligible for auto-proxying)
2023-04-08 22:38:19.601  INFO 27068 --- [main] trationDelegate$BeanPostProcessorChecker : Bean 'druidStatInterceptor' of type [com.alibaba.druid.support.spring.stat.DruidStatInterceptor] is not eligible for getting processed by all BeanPostProcessors (for example: not eligible for auto-proxying)
2023-04-08 22:38:19.601  INFO 27068 --- [main] trationDelegate$BeanPostProcessorChecker : Bean 'druidStatAdvisor' of type [org.springframework.aop.support.DefaultPointcutAdvisor] is not eligible for getting processed by all BeanPostProcessors (for example: not eligible for auto-proxying)
2023-04-08 22:38:19.687  INFO 27068 --- [main] trationDelegate$BeanPostProcessorChecker : Bean 'org.springframework.transaction.annotation.ProxyTransactionManagementConfiguration' of type [org.springframework.transaction.annotation.ProxyTransactionManagementConfiguration$$EnhancerBySpringCGLIB$$173263e1] is not eligible for getting processed by all BeanPostProcessors (for example: not eligible for auto-proxying)
2023-04-08 22:38:20.135  INFO 27068 --- [main] trationDelegate$BeanPostProcessorChecker : Bean 'org.springframework.security.config.annotation.configuration.ObjectPostProcessorConfiguration' of type [org.springframework.security.config.annotation.configuration.ObjectPostProcessorConfiguration$$EnhancerBySpringCGLIB$$afe02c1b] is not eligible for getting processed by all BeanPostProcessors (for example: not eligible for auto-proxying)
2023-04-08 22:38:20.146  INFO 27068 --- [main] trationDelegate$BeanPostProcessorChecker : Bean 'objectPostProcessor' of type [org.springframework.security.config.annotation.configuration.AutowireBeanFactoryObjectPostProcessor] is not eligible for getting processed by all BeanPostProcessors (for example: not eligible for auto-proxying)
2023-04-08 22:38:20.152  INFO 27068 --- [main] trationDelegate$BeanPostProcessorChecker : Bean 'org.springframework.security.access.expression.method.DefaultMethodSecurityExpressionHandler@6d6f6860' of type [org.springframework.security.access.expression.method.DefaultMethodSecurityExpressionHandler] is not eligible for getting processed by all BeanPostProcessors (for example: not eligible for auto-proxying)
2023-04-08 22:38:20.153  INFO 27068 --- [main] trationDelegate$BeanPostProcessorChecker : Bean 'org.springframework.security.config.annotation.method.configuration.GlobalMethodSecurityConfiguration' of type [org.springframework.security.config.annotation.method.configuration.GlobalMethodSecurityConfiguration$$EnhancerBySpringCGLIB$$d4b4cecd] is not eligible for getting processed by all BeanPostProcessors (for example: not eligible for auto-proxying)
2023-04-08 22:38:20.161  INFO 27068 --- [main] trationDelegate$BeanPostProcessorChecker : Bean 'methodSecurityMetadataSource' of type [org.springframework.security.access.method.DelegatingMethodSecurityMetadataSource] is not eligible for getting processed by all BeanPostProcessors (for example: not eligible for auto-proxying)
2023-04-08 22:38:20.901  INFO 27068 --- [main] o.s.b.w.embedded.tomcat.TomcatWebServer  : Tomcat initialized with port(s): 8099 (http)
2023-04-08 22:38:20.972  INFO 27068 --- [main] o.apache.catalina.core.StandardService   : Starting service [Tomcat]
2023-04-08 22:38:20.974  INFO 27068 --- [main] org.apache.catalina.core.StandardEngine  : Starting Servlet engine: [Apache Tomcat/9.0.21]
2023-04-08 22:38:21.376  INFO 27068 --- [main] o.a.c.c.C.[Tomcat].[localhost].[/faw]    : Initializing Spring embedded WebApplicationContext
2023-04-08 22:38:21.377  INFO 27068 --- [main] o.s.web.context.ContextLoader            : Root WebApplicationContext: initialization completed in 8497 ms
2023-04-08 22:38:21.563  WARN 27068 --- [main] c.atomikos.jdbc.AbstractDataSourceBean   : AtomikosDataSoureBean 'master': poolSize equals default - this may cause performance problems!
2023-04-08 22:38:22.086  INFO 27068 --- [main] com.alibaba.druid.pool.DruidDataSource   : {dataSource-1} inited
2023-04-08 22:38:23.708  WARN 27068 --- [main] c.atomikos.jdbc.AtomikosConnectionProxy  : atomikos connection proxy for com.alibaba.druid.proxy.jdbc.ConnectionProxyImpl@615b5480: WARNING: transaction manager not running?
2023-04-08 22:39:09.826  INFO 27068 --- [main] c.s.guns.base.db.dao.DataBaseInfoDao     : Delete the DatabaseInfo information of the master! delete1Bar!
2023-04-08 22:39:09.895  INFO 27068 --- [main] c.s.guns.base.db.dao.DataBaseInfoDao     : Initialize the DatabaseInfo information of the master! initialization1Bar!
2023-04-08 22:39:10.977  INFO 27068 --- [main] o.s.boot.web.servlet.RegistrationBean    : Servlet CXFServlet was not registered (possibly already registered?)
2023-04-08 22:39:11.625  INFO 27068 --- [main] o.s.s.concurrent.ThreadPoolTaskExecutor  : Initializing ExecutorService 'applicationTaskExecutor'
2023-04-08 22:39:14.461  INFO 27068 --- [main] o.s.s.web.DefaultSecurityFilterChain     : Creating filter chain: Ant [pattern='/login', POST], []
2023-04-08 22:39:14.462  INFO 27068 --- [main] o.s.s.web.DefaultSecurityFilterChain     : Creating filter chain: Ant [pattern='/assets/**', GET], []
2023-04-08 22:39:14.462  INFO 27068 --- [main] o.s.s.web.DefaultSecurityFilterChain     : Creating filter chain: Ant [pattern='/favicon.ico', GET], []
2023-04-08 22:39:14.463  INFO 27068 --- [main] o.s.s.web.DefaultSecurityFilterChain     : Creating filter chain: Ant [pattern='/activiti-editor/**', GET], []
2023-04-08 22:39:14.541  INFO 27068 --- [main] pertySourcedRequestMappingHandlerMapping : Mapped URL path [/v2/api-docs] onto method [public org.springframework.http.ResponseEntity<springfox.documentation.spring.web.json.Json> springfox.documentation.swagger2.web.Swagger2Controller.getDocumentation(java.lang.String,javax.servlet.http.HttpServletRequest)]
2023-04-08 22:39:14.645  INFO 27068 --- [main] o.s.s.web.DefaultSecurityFilterChain     : Creating filter chain: any request, [org.springframework.security.web.context.request.async.WebAsyncManagerIntegrationFilter@520ec7a7, org.springframework.security.web.context.SecurityContextPersistenceFilter@1322b542, org.springframework.security.web.header.HeaderWriterFilter@b5311cb, org.springframework.web.filter.CorsFilter@53551fef, cn.stylefeng.guns.sys.core.auth.filter.JwtAuthorizationTokenFilter@3dad535f, org.springframework.security.web.savedrequest.RequestCacheAwareFilter@284b487f, org.springframework.security.web.servletapi.SecurityContextHolderAwareRequestFilter@240291d9, org.springframework.security.web.authentication.AnonymousAuthenticationFilter@7d5d77a6, org.springframework.security.web.session.SessionManagementFilter@5c3924fd, org.springframework.security.web.access.ExceptionTranslationFilter@6e12f38c, org.springframework.security.web.access.intercept.FilterSecurityInterceptor@5274830e]
2023-04-08 22:39:14.818  INFO 27068 --- [main] c.stylefeng.guns.modular.utils.HttpUtil  : Resttemplate initialization completed
2023-04-08 22:39:14.939  INFO 27068 --- [main] o.a.c.w.s.f.ReflectionServiceFactoryBean : Creating Service {http://andot.org/webservice/demo/server}FawApiServiceImplService from class cn.stylefeng.guns.webservice.FawApiService
2023-04-08 22:39:15.931  INFO 27068 --- [main] org.apache.cxf.endpoint.ServerImpl       : Setting the server's publish address to be /fawApiService
2023-04-08 22:39:16.154  INFO 27068 --- [main] c.a.icatch.provider.imp.AssemblerImp     : Loaded jar:file:/C:/Users/22490/.m2/repository/com/atomikos/transactions/4.0.6/transactions-4.0.6.jar!/transactions-defaults.properties
2023-04-08 22:39:16.160  WARN 27068 --- [main] c.a.icatch.provider.imp.AssemblerImp     : Thanks for using Atomikos! Evaluate http://www.atomikos.com/Main/ExtremeTransactions for advanced features and professional support
or register at http://www.atomikos.com/Main/RegisterYourDownload to disable this message and receive FREE tips & advice
2023-04-08 22:39:16.166  INFO 27068 --- [main] c.a.icatch.provider.imp.AssemblerImp     : USING: com.atomikos.icatch.default_max_wait_time_on_shutdown = 9223372036854775807
2023-04-08 22:39:16.167  INFO 27068 --- [main] c.a.icatch.provider.imp.AssemblerImp     : USING: com.atomikos.icatch.allow_subtransactions = true
2023-04-08 22:39:16.167  INFO 27068 --- [main] c.a.icatch.provider.imp.AssemblerImp     : USING: com.atomikos.icatch.recovery_delay = 10000
2023-04-08 22:39:16.168  INFO 27068 --- [main] c.a.icatch.provider.imp.AssemblerImp     : USING: com.atomikos.icatch.automatic_resource_registration = true
2023-04-08 22:39:16.168  INFO 27068 --- [main] c.a.icatch.provider.imp.AssemblerImp     : USING: com.atomikos.icatch.oltp_max_retries = 5
2023-04-08 22:39:16.168  INFO 27068 --- [main] c.a.icatch.provider.imp.AssemblerImp     : USING: com.atomikos.icatch.client_demarcation = false
2023-04-08 22:39:16.168  INFO 27068 --- [main] c.a.icatch.provider.imp.AssemblerImp     : USING: com.atomikos.icatch.threaded_2pc = false
2023-04-08 22:39:16.168  INFO 27068 --- [main] c.a.icatch.provider.imp.AssemblerImp     : USING: com.atomikos.icatch.serial_jta_transactions = true
2023-04-08 22:39:16.168  INFO 27068 --- [main] c.a.icatch.provider.imp.AssemblerImp     : USING: com.atomikos.icatch.log_base_dir = C:\LOGBOT\1 Project\Projects_2020\LB-SS141G_FAW\trunk\SourceCode\WMS源码\后端\wms\asd_faw_new\transaction-logs
2023-04-08 22:39:16.168  INFO 27068 --- [main] c.a.icatch.provider.imp.AssemblerImp     : USING: com.atomikos.icatch.rmi_export_class = none
2023-04-08 22:39:16.168  INFO 27068 --- [main] c.a.icatch.provider.imp.AssemblerImp     : USING: com.atomikos.icatch.max_actives = -1
2023-04-08 22:39:16.169  INFO 27068 --- [main] c.a.icatch.provider.imp.AssemblerImp     : USING: com.atomikos.icatch.checkpoint_interval = 500
2023-04-08 22:39:16.169  INFO 27068 --- [main] c.a.icatch.provider.imp.AssemblerImp     : USING: com.atomikos.icatch.enable_logging = true
2023-04-08 22:39:16.169  INFO 27068 --- [main] c.a.icatch.provider.imp.AssemblerImp     : USING: com.atomikos.icatch.log_base_name = tmlog
2023-04-08 22:39:16.169  INFO 27068 --- [main] c.a.icatch.provider.imp.AssemblerImp     : USING: com.atomikos.icatch.max_timeout = 300000
2023-04-08 22:39:16.169  INFO 27068 --- [main] c.a.icatch.provider.imp.AssemblerImp     : USING: com.atomikos.icatch.trust_client_tm = false
2023-04-08 22:39:16.169  INFO 27068 --- [main] c.a.icatch.provider.imp.AssemblerImp     : USING: java.naming.factory.initial = com.sun.jndi.rmi.registry.RegistryContextFactory
2023-04-08 22:39:16.170  INFO 27068 --- [main] c.a.icatch.provider.imp.AssemblerImp     : USING: com.atomikos.icatch.tm_unique_name = 192.168.1.4.tm
2023-04-08 22:39:16.170  INFO 27068 --- [main] c.a.icatch.provider.imp.AssemblerImp     : USING: com.atomikos.icatch.forget_orphaned_log_entries_delay = 86400000
2023-04-08 22:39:16.170  INFO 27068 --- [main] c.a.icatch.provider.imp.AssemblerImp     : USING: com.atomikos.icatch.oltp_retry_interval = 10000
2023-04-08 22:39:16.170  INFO 27068 --- [main] c.a.icatch.provider.imp.AssemblerImp     : USING: java.naming.provider.url = rmi://localhost:1099
2023-04-08 22:39:16.170  INFO 27068 --- [main] c.a.icatch.provider.imp.AssemblerImp     : USING: com.atomikos.icatch.force_shutdown_on_vm_exit = false
2023-04-08 22:39:16.170  INFO 27068 --- [main] c.a.icatch.provider.imp.AssemblerImp     : USING: com.atomikos.icatch.default_jta_timeout = 300000
2023-04-08 22:39:16.172  INFO 27068 --- [main] c.a.icatch.provider.imp.AssemblerImp     : Using default (local) logging and recovery...
2023-04-08 22:39:16.211  INFO 27068 --- [main] c.a.d.xa.XATransactionalResource         : master: refreshed XAResource
2023-04-08 22:39:16.486  INFO 27068 --- [main] org.quartz.impl.StdSchedulerFactory      : Using default implementation for ThreadExecutor
2023-04-08 22:39:16.503  INFO 27068 --- [main] org.quartz.core.SchedulerSignalerImpl    : Initialized Scheduler Signaller of type: class org.quartz.core.SchedulerSignalerImpl
2023-04-08 22:39:16.504  INFO 27068 --- [main] org.quartz.core.QuartzScheduler          : Quartz Scheduler v.2.3.1 created.
2023-04-08 22:39:16.506  INFO 27068 --- [main] org.quartz.simpl.RAMJobStore             : RAMJobStore initialized.
2023-04-08 22:39:16.507  INFO 27068 --- [main] org.quartz.core.QuartzScheduler          : Scheduler meta-data: Quartz Scheduler (v2.3.1) 'quartzScheduler' with instanceId 'NON_CLUSTERED'
  Scheduler class: 'org.quartz.core.QuartzScheduler' - running locally.
  NOT STARTED.
  Currently in standby mode.
  Number of jobs executed: 0
  Using thread pool 'org.quartz.simpl.SimpleThreadPool' - with 10 threads.
  Using job-store 'org.quartz.simpl.RAMJobStore' - which does not support persistence. and is not clustered.

2023-04-08 22:39:16.507  INFO 27068 --- [main] org.quartz.impl.StdSchedulerFactory      : Quartz scheduler 'quartzScheduler' initialized from an externally provided properties instance.
2023-04-08 22:39:16.507  INFO 27068 --- [main] org.quartz.impl.StdSchedulerFactory      : Quartz scheduler version: 2.3.1
2023-04-08 22:39:16.507  INFO 27068 --- [main] org.quartz.core.QuartzScheduler          : JobFactory set to: org.springframework.scheduling.quartz.SpringBeanJobFactory@504274c1
2023-04-08 22:39:16.779  INFO 27068 --- [main] d.s.w.p.DocumentationPluginsBootstrapper : Context refreshed
2023-04-08 22:39:16.822  INFO 27068 --- [main] d.s.w.p.DocumentationPluginsBootstrapper : Found 1 custom documentation plugin(s)
2023-04-08 22:39:16.885  INFO 27068 --- [main] s.d.s.w.s.ApiListingReferenceScanner     : Scanning for api listing references
2023-04-08 22:39:17.146  INFO 27068 --- [main] .d.s.w.r.o.CachingOperationNameGenerator : Generating unique operation named: loginUsingGET_1
2023-04-08 22:39:17.148  INFO 27068 --- [main] .d.s.w.r.o.CachingOperationNameGenerator : Generating unique operation named: infoUsingGET_1
2023-04-08 22:39:17.152  INFO 27068 --- [main] .d.s.w.r.o.CachingOperationNameGenerator : Generating unique operation named: loginUsingGET_2
2023-04-08 22:39:17.153  INFO 27068 --- [main] .d.s.w.r.o.CachingOperationNameGenerator : Generating unique operation named: logoutUsingGET_1
2023-04-08 22:39:17.248  INFO 27068 --- [main] .d.s.w.r.o.CachingOperationNameGenerator : Generating unique operation named: closeCabinetUsingGET_1
2023-04-08 22:39:17.266  INFO 27068 --- [main] .d.s.w.r.o.CachingOperationNameGenerator : Generating unique operation named: conformUsingGET_1
2023-04-08 22:39:17.272  INFO 27068 --- [main] .d.s.w.r.o.CachingOperationNameGenerator : Generating unique operation named: queryToolUsingGET_1
2023-04-08 22:39:17.469  INFO 27068 --- [main] .d.s.w.r.o.CachingOperationNameGenerator : Generating unique operation named: queryToolContentUsingGET_1
2023-04-08 22:39:17.497  INFO 27068 --- [main] .d.s.w.r.o.CachingOperationNameGenerator : Generating unique operation named: replenishmentCreateOutTaskUsingGET_1
2023-04-08 22:39:17.516  INFO 27068 --- [main] .d.s.w.r.o.CachingOperationNameGenerator : Generating unique operation named: loginUsingPOST_1
2023-04-08 22:39:17.533  INFO 27068 --- [main] o.s.s.quartz.SchedulerFactoryBean        : Starting Quartz Scheduler now
2023-04-08 22:39:17.534  INFO 27068 --- [main] org.quartz.core.QuartzScheduler          : Scheduler quartzScheduler_$_NON_CLUSTERED started.
2023-04-08 22:39:17.594  INFO 27068 --- [main] o.s.b.w.embedded.tomcat.TomcatWebServer  : Tomcat started on port(s): 8099 (http) with context path '/faw'
2023-04-08 22:39:17.599  INFO 27068 --- [main] cn.stylefeng.guns.GunsApplication        : Started GunsApplication in 66.522 seconds (JVM running for 70.016)
2023-04-08 22:39:17.608  INFO 27068 --- [main] cn.stylefeng.guns.config.AppConfig       : Test Start up complete
2023-04-08 22:39:17.845  INFO 27068 --- [demo-pool-0] c.s.guns.threads.UseAppliesThread        : Task Thread- Requisition application
2023-04-08 22:39:17.845  INFO 27068 --- [demo-pool-1] c.s.guns.threads.GuiHuanAppliesThread    : Task Thread- Return application
2023-04-08 22:39:17.852  INFO 27068 --- [main] c.s.g.s.m.consts.init.SysConfigInit      : Initialization constant17 strip
2023-04-08 22:39:17.854  INFO 27068 --- [main] cn.stylefeng.guns.GunsApplication        : GunsApplication is success!
2023-04-08 22:39:21.280  INFO 27068 --- [http-nio-8099-exec-1] o.a.c.c.C.[Tomcat].[localhost].[/faw]    : Initializing Spring DispatcherServlet 'dispatcherServlet'
2023-04-08 22:39:21.281  INFO 27068 --- [http-nio-8099-exec-1] o.s.web.servlet.DispatcherServlet        : Initializing Servlet 'dispatcherServlet'
2023-04-08 22:39:21.301  INFO 27068 --- [http-nio-8099-exec-1] o.s.web.servlet.DispatcherServlet        : Completed initialization in 20 ms
2023-04-08 22:39:27.856  INFO 27068 --- [demo-pool-1] c.s.guns.threads.GuiHuanAppliesThread    : Task Thread- Return application
2023-04-08 22:39:27.856  INFO 27068 --- [demo-pool-0] c.s.guns.threads.UseAppliesThread        : Task Thread- Requisition application
2023-04-08 22:39:42.935  INFO 27068 --- [demo-pool-1] c.s.guns.threads.GuiHuanAppliesThread    : Task Thread- Return application
2023-04-08 22:39:43.005  INFO 27068 --- [demo-pool-0] c.s.guns.threads.UseAppliesThread        : Task Thread- Requisition application
2023-04-08 22:39:47.618  WARN 27068 --- [http-nio-8099-exec-5] o.a.cxf.phase.PhaseInterceptorChain      : Interceptor for {http://andot.org/webservice/demo/server}FawApiServiceImplService has thrown exception, unwinding now

org.apache.cxf.binding.soap.SoapFault: Invalid SOAP Envelope name
	at org.apache.cxf.binding.soap.interceptor.ReadHeadersInterceptor.readVersion(ReadHeadersInterceptor.java:137)
	at org.apache.cxf.binding.soap.interceptor.ReadHeadersInterceptor.handleMessage(ReadHeadersInterceptor.java:175)
	at org.apache.cxf.binding.soap.interceptor.ReadHeadersInterceptor.handleMessage(ReadHeadersInterceptor.java:70)
	at org.apache.cxf.phase.PhaseInterceptorChain.doIntercept(PhaseInterceptorChain.java:308)
	at org.apache.cxf.transport.ChainInitiationObserver.onMessage(ChainInitiationObserver.java:121)
	at org.apache.cxf.transport.http.AbstractHTTPDestination.invoke(AbstractHTTPDestination.java:267)
	at org.apache.cxf.transport.servlet.ServletController.invokeDestination(ServletController.java:234)
	at org.apache.cxf.transport.servlet.ServletController.invoke(ServletController.java:208)
	at org.apache.cxf.transport.servlet.ServletController.invoke(ServletController.java:160)
	at org.apache.cxf.transport.servlet.CXFNonSpringServlet.invoke(CXFNonSpringServlet.java:216)
	at org.apache.cxf.transport.servlet.AbstractHTTPServlet.handleRequest(AbstractHTTPServlet.java:301)
	at org.apache.cxf.transport.servlet.AbstractHTTPServlet.doPost(AbstractHTTPServlet.java:220)
	at javax.servlet.http.HttpServlet.service(HttpServlet.java:665)
	at org.apache.cxf.transport.servlet.AbstractHTTPServlet.service(AbstractHTTPServlet.java:276)
	at org.apache.catalina.core.ApplicationFilterChain.internalDoFilter(ApplicationFilterChain.java:231)
	at org.apache.catalina.core.ApplicationFilterChain.doFilter(ApplicationFilterChain.java:166)
	at org.apache.tomcat.websocket.server.WsFilter.doFilter(WsFilter.java:53)
	at org.apache.catalina.core.ApplicationFilterChain.internalDoFilter(ApplicationFilterChain.java:193)
	at org.apache.catalina.core.ApplicationFilterChain.doFilter(ApplicationFilterChain.java:166)
	at org.springframework.web.filter.OncePerRequestFilter.doFilter(OncePerRequestFilter.java:103)
	at org.apache.catalina.core.ApplicationFilterChain.internalDoFilter(ApplicationFilterChain.java:193)
	at org.apache.catalina.core.ApplicationFilterChain.doFilter(ApplicationFilterChain.java:166)
	at cn.stylefeng.roses.core.xss.XssFilter.doFilter(XssFilter.java:31)
	at org.apache.catalina.core.ApplicationFilterChain.internalDoFilter(ApplicationFilterChain.java:193)
	at org.apache.catalina.core.ApplicationFilterChain.doFilter(ApplicationFilterChain.java:166)
	at com.alibaba.druid.support.http.WebStatFilter.doFilter(WebStatFilter.java:124)
	at org.apache.catalina.core.ApplicationFilterChain.internalDoFilter(ApplicationFilterChain.java:193)
	at org.apache.catalina.core.ApplicationFilterChain.doFilter(ApplicationFilterChain.java:166)
	at org.springframework.security.web.FilterChainProxy$VirtualFilterChain.doFilter(FilterChainProxy.java:320)
	at org.springframework.security.web.access.intercept.FilterSecurityInterceptor.invoke(FilterSecurityInterceptor.java:127)
	at org.springframework.security.web.access.intercept.FilterSecurityInterceptor.doFilter(FilterSecurityInterceptor.java:91)
	at org.springframework.security.web.FilterChainProxy$VirtualFilterChain.doFilter(FilterChainProxy.java:334)
	at org.springframework.security.web.access.ExceptionTranslationFilter.doFilter(ExceptionTranslationFilter.java:119)
	at org.springframework.security.web.FilterChainProxy$VirtualFilterChain.doFilter(FilterChainProxy.java:334)
	at org.springframework.security.web.session.SessionManagementFilter.doFilter(SessionManagementFilter.java:137)
	at org.springframework.security.web.FilterChainProxy$VirtualFilterChain.doFilter(FilterChainProxy.java:334)
	at org.springframework.security.web.authentication.AnonymousAuthenticationFilter.doFilter(AnonymousAuthenticationFilter.java:111)
	at org.springframework.security.web.FilterChainProxy$VirtualFilterChain.doFilter(FilterChainProxy.java:334)
	at org.springframework.security.web.servletapi.SecurityContextHolderAwareRequestFilter.doFilter(SecurityContextHolderAwareRequestFilter.java:170)
	at org.springframework.security.web.FilterChainProxy$VirtualFilterChain.doFilter(FilterChainProxy.java:334)
	at org.springframework.security.web.savedrequest.RequestCacheAwareFilter.doFilter(RequestCacheAwareFilter.java:63)
	at org.springframework.security.web.FilterChainProxy$VirtualFilterChain.doFilter(FilterChainProxy.java:334)
	at cn.stylefeng.guns.sys.core.auth.filter.JwtAuthorizationTokenFilter.doFilterInternal(JwtAuthorizationTokenFilter.java:114)
	at org.springframework.web.filter.OncePerRequestFilter.doFilter(OncePerRequestFilter.java:109)
	at org.springframework.security.web.FilterChainProxy$VirtualFilterChain.doFilter(FilterChainProxy.java:334)
	at org.springframework.web.filter.CorsFilter.doFilterInternal(CorsFilter.java:96)
	at org.springframework.web.filter.OncePerRequestFilter.doFilter(OncePerRequestFilter.java:109)
	at org.springframework.security.web.FilterChainProxy$VirtualFilterChain.doFilter(FilterChainProxy.java:334)
	at org.springframework.security.web.header.HeaderWriterFilter.doFilterInternal(HeaderWriterFilter.java:74)
	at org.springframework.web.filter.OncePerRequestFilter.doFilter(OncePerRequestFilter.java:109)
	at org.springframework.security.web.FilterChainProxy$VirtualFilterChain.doFilter(FilterChainProxy.java:334)
	at org.springframework.security.web.context.SecurityContextPersistenceFilter.doFilter(SecurityContextPersistenceFilter.java:105)
	at org.springframework.security.web.FilterChainProxy$VirtualFilterChain.doFilter(FilterChainProxy.java:334)
	at org.springframework.security.web.context.request.async.WebAsyncManagerIntegrationFilter.doFilterInternal(WebAsyncManagerIntegrationFilter.java:56)
	at org.springframework.web.filter.OncePerRequestFilter.doFilter(OncePerRequestFilter.java:109)
	at org.springframework.security.web.FilterChainProxy$VirtualFilterChain.doFilter(FilterChainProxy.java:334)
	at org.springframework.security.web.FilterChainProxy.doFilterInternal(FilterChainProxy.java:215)
	at org.springframework.security.web.FilterChainProxy.doFilter(FilterChainProxy.java:178)
	at org.springframework.web.filter.DelegatingFilterProxy.invokeDelegate(DelegatingFilterProxy.java:357)
	at org.springframework.web.filter.DelegatingFilterProxy.doFilter(DelegatingFilterProxy.java:270)
	at org.apache.catalina.core.ApplicationFilterChain.internalDoFilter(ApplicationFilterChain.java:193)
	at org.apache.catalina.core.ApplicationFilterChain.doFilter(ApplicationFilterChain.java:166)
	at org.springframework.web.filter.RequestContextFilter.doFilterInternal(RequestContextFilter.java:99)
	at org.springframework.web.filter.OncePerRequestFilter.doFilter(OncePerRequestFilter.java:109)
	at org.apache.catalina.core.ApplicationFilterChain.internalDoFilter(ApplicationFilterChain.java:193)
	at org.apache.catalina.core.ApplicationFilterChain.doFilter(ApplicationFilterChain.java:166)
	at org.springframework.web.filter.FormContentFilter.doFilterInternal(FormContentFilter.java:92)
	at org.springframework.web.filter.OncePerRequestFilter.doFilter(OncePerRequestFilter.java:109)
	at org.apache.catalina.core.ApplicationFilterChain.internalDoFilter(ApplicationFilterChain.java:193)
	at org.apache.catalina.core.ApplicationFilterChain.doFilter(ApplicationFilterChain.java:166)
	at org.springframework.web.filter.HiddenHttpMethodFilter.doFilterInternal(HiddenHttpMethodFilter.java:93)
	at org.springframework.web.filter.OncePerRequestFilter.doFilter(OncePerRequestFilter.java:109)
	at org.apache.catalina.core.ApplicationFilterChain.internalDoFilter(ApplicationFilterChain.java:193)
	at org.apache.catalina.core.ApplicationFilterChain.doFilter(ApplicationFilterChain.java:166)
	at org.springframework.web.filter.CharacterEncodingFilter.doFilterInternal(CharacterEncodingFilter.java:200)
	at org.springframework.web.filter.OncePerRequestFilter.doFilter(OncePerRequestFilter.java:109)
	at org.apache.catalina.core.ApplicationFilterChain.internalDoFilter(ApplicationFilterChain.java:193)
	at org.apache.catalina.core.ApplicationFilterChain.doFilter(ApplicationFilterChain.java:166)
	at org.apache.catalina.core.StandardWrapperValve.invoke(StandardWrapperValve.java:202)
	at org.apache.catalina.core.StandardContextValve.invoke(StandardContextValve.java:96)
	at org.apache.catalina.authenticator.AuthenticatorBase.invoke(AuthenticatorBase.java:490)
	at org.apache.catalina.core.StandardHostValve.invoke(StandardHostValve.java:139)
	at org.apache.catalina.valves.ErrorReportValve.invoke(ErrorReportValve.java:92)
	at org.apache.catalina.core.StandardEngineValve.invoke(StandardEngineValve.java:74)
	at org.apache.catalina.connector.CoyoteAdapter.service(CoyoteAdapter.java:343)
	at org.apache.coyote.http11.Http11Processor.service(Http11Processor.java:408)
	at org.apache.coyote.AbstractProcessorLight.process(AbstractProcessorLight.java:66)
	at org.apache.coyote.AbstractProtocol$ConnectionHandler.process(AbstractProtocol.java:853)
	at org.apache.tomcat.util.net.NioEndpoint$SocketProcessor.doRun(NioEndpoint.java:1587)
	at org.apache.tomcat.util.net.SocketProcessorBase.run(SocketProcessorBase.java:49)
	at java.util.concurrent.ThreadPoolExecutor.runWorker(ThreadPoolExecutor.java:1149)
	at java.util.concurrent.ThreadPoolExecutor$Worker.run(ThreadPoolExecutor.java:624)
	at org.apache.tomcat.util.threads.TaskThread$WrappingRunnable.run(TaskThread.java:61)
	at java.lang.Thread.run(Thread.java:750)

2023-04-08 22:39:55.251  WARN 27068 --- [http-nio-8099-exec-7] o.a.cxf.phase.PhaseInterceptorChain      : Interceptor for {http://andot.org/webservice/demo/server}FawApiServiceImplService has thrown exception, unwinding now

org.apache.cxf.binding.soap.SoapFault: Invalid SOAP Envelope name
	at org.apache.cxf.binding.soap.interceptor.ReadHeadersInterceptor.readVersion(ReadHeadersInterceptor.java:137)
	at org.apache.cxf.binding.soap.interceptor.ReadHeadersInterceptor.handleMessage(ReadHeadersInterceptor.java:175)
	at org.apache.cxf.binding.soap.interceptor.ReadHeadersInterceptor.handleMessage(ReadHeadersInterceptor.java:70)
	at org.apache.cxf.phase.PhaseInterceptorChain.doIntercept(PhaseInterceptorChain.java:308)
	at org.apache.cxf.transport.ChainInitiationObserver.onMessage(ChainInitiationObserver.java:121)
	at org.apache.cxf.transport.http.AbstractHTTPDestination.invoke(AbstractHTTPDestination.java:267)
	at org.apache.cxf.transport.servlet.ServletController.invokeDestination(ServletController.java:234)
	at org.apache.cxf.transport.servlet.ServletController.invoke(ServletController.java:208)
	at org.apache.cxf.transport.servlet.ServletController.invoke(ServletController.java:160)
	at org.apache.cxf.transport.servlet.CXFNonSpringServlet.invoke(CXFNonSpringServlet.java:216)
	at org.apache.cxf.transport.servlet.AbstractHTTPServlet.handleRequest(AbstractHTTPServlet.java:301)
	at org.apache.cxf.transport.servlet.AbstractHTTPServlet.doPost(AbstractHTTPServlet.java:220)
	at javax.servlet.http.HttpServlet.service(HttpServlet.java:665)
	at org.apache.cxf.transport.servlet.AbstractHTTPServlet.service(AbstractHTTPServlet.java:276)
	at org.apache.catalina.core.ApplicationFilterChain.internalDoFilter(ApplicationFilterChain.java:231)
	at org.apache.catalina.core.ApplicationFilterChain.doFilter(ApplicationFilterChain.java:166)
	at org.apache.tomcat.websocket.server.WsFilter.doFilter(WsFilter.java:53)
	at org.apache.catalina.core.ApplicationFilterChain.internalDoFilter(ApplicationFilterChain.java:193)
	at org.apache.catalina.core.ApplicationFilterChain.doFilter(ApplicationFilterChain.java:166)
	at org.springframework.web.filter.OncePerRequestFilter.doFilter(OncePerRequestFilter.java:103)
	at org.apache.catalina.core.ApplicationFilterChain.internalDoFilter(ApplicationFilterChain.java:193)
	at org.apache.catalina.core.ApplicationFilterChain.doFilter(ApplicationFilterChain.java:166)
	at cn.stylefeng.roses.core.xss.XssFilter.doFilter(XssFilter.java:31)
	at org.apache.catalina.core.ApplicationFilterChain.internalDoFilter(ApplicationFilterChain.java:193)
	at org.apache.catalina.core.ApplicationFilterChain.doFilter(ApplicationFilterChain.java:166)
	at com.alibaba.druid.support.http.WebStatFilter.doFilter(WebStatFilter.java:124)
	at org.apache.catalina.core.ApplicationFilterChain.internalDoFilter(ApplicationFilterChain.java:193)
	at org.apache.catalina.core.ApplicationFilterChain.doFilter(ApplicationFilterChain.java:166)
	at org.springframework.security.web.FilterChainProxy$VirtualFilterChain.doFilter(FilterChainProxy.java:320)
	at org.springframework.security.web.access.intercept.FilterSecurityInterceptor.invoke(FilterSecurityInterceptor.java:127)
	at org.springframework.security.web.access.intercept.FilterSecurityInterceptor.doFilter(FilterSecurityInterceptor.java:91)
	at org.springframework.security.web.FilterChainProxy$VirtualFilterChain.doFilter(FilterChainProxy.java:334)
	at org.springframework.security.web.access.ExceptionTranslationFilter.doFilter(ExceptionTranslationFilter.java:119)
	at org.springframework.security.web.FilterChainProxy$VirtualFilterChain.doFilter(FilterChainProxy.java:334)
	at org.springframework.security.web.session.SessionManagementFilter.doFilter(SessionManagementFilter.java:137)
	at org.springframework.security.web.FilterChainProxy$VirtualFilterChain.doFilter(FilterChainProxy.java:334)
	at org.springframework.security.web.authentication.AnonymousAuthenticationFilter.doFilter(AnonymousAuthenticationFilter.java:111)
	at org.springframework.security.web.FilterChainProxy$VirtualFilterChain.doFilter(FilterChainProxy.java:334)
	at org.springframework.security.web.servletapi.SecurityContextHolderAwareRequestFilter.doFilter(SecurityContextHolderAwareRequestFilter.java:170)
	at org.springframework.security.web.FilterChainProxy$VirtualFilterChain.doFilter(FilterChainProxy.java:334)
	at org.springframework.security.web.savedrequest.RequestCacheAwareFilter.doFilter(RequestCacheAwareFilter.java:63)
	at org.springframework.security.web.FilterChainProxy$VirtualFilterChain.doFilter(FilterChainProxy.java:334)
	at cn.stylefeng.guns.sys.core.auth.filter.JwtAuthorizationTokenFilter.doFilterInternal(JwtAuthorizationTokenFilter.java:114)
	at org.springframework.web.filter.OncePerRequestFilter.doFilter(OncePerRequestFilter.java:109)
	at org.springframework.security.web.FilterChainProxy$VirtualFilterChain.doFilter(FilterChainProxy.java:334)
	at org.springframework.web.filter.CorsFilter.doFilterInternal(CorsFilter.java:96)
	at org.springframework.web.filter.OncePerRequestFilter.doFilter(OncePerRequestFilter.java:109)
	at org.springframework.security.web.FilterChainProxy$VirtualFilterChain.doFilter(FilterChainProxy.java:334)
	at org.springframework.security.web.header.HeaderWriterFilter.doFilterInternal(HeaderWriterFilter.java:74)
	at org.springframework.web.filter.OncePerRequestFilter.doFilter(OncePerRequestFilter.java:109)
	at org.springframework.security.web.FilterChainProxy$VirtualFilterChain.doFilter(FilterChainProxy.java:334)
	at org.springframework.security.web.context.SecurityContextPersistenceFilter.doFilter(SecurityContextPersistenceFilter.java:105)
	at org.springframework.security.web.FilterChainProxy$VirtualFilterChain.doFilter(FilterChainProxy.java:334)
	at org.springframework.security.web.context.request.async.WebAsyncManagerIntegrationFilter.doFilterInternal(WebAsyncManagerIntegrationFilter.java:56)
	at org.springframework.web.filter.OncePerRequestFilter.doFilter(OncePerRequestFilter.java:109)
	at org.springframework.security.web.FilterChainProxy$VirtualFilterChain.doFilter(FilterChainProxy.java:334)
	at org.springframework.security.web.FilterChainProxy.doFilterInternal(FilterChainProxy.java:215)
	at org.springframework.security.web.FilterChainProxy.doFilter(FilterChainProxy.java:178)
	at org.springframework.web.filter.DelegatingFilterProxy.invokeDelegate(DelegatingFilterProxy.java:357)
	at org.springframework.web.filter.DelegatingFilterProxy.doFilter(DelegatingFilterProxy.java:270)
	at org.apache.catalina.core.ApplicationFilterChain.internalDoFilter(ApplicationFilterChain.java:193)
	at org.apache.catalina.core.ApplicationFilterChain.doFilter(ApplicationFilterChain.java:166)
	at org.springframework.web.filter.RequestContextFilter.doFilterInternal(RequestContextFilter.java:99)
	at org.springframework.web.filter.OncePerRequestFilter.doFilter(OncePerRequestFilter.java:109)
	at org.apache.catalina.core.ApplicationFilterChain.internalDoFilter(ApplicationFilterChain.java:193)
	at org.apache.catalina.core.ApplicationFilterChain.doFilter(ApplicationFilterChain.java:166)
	at org.springframework.web.filter.FormContentFilter.doFilterInternal(FormContentFilter.java:92)
	at org.springframework.web.filter.OncePerRequestFilter.doFilter(OncePerRequestFilter.java:109)
	at org.apache.catalina.core.ApplicationFilterChain.internalDoFilter(ApplicationFilterChain.java:193)
	at org.apache.catalina.core.ApplicationFilterChain.doFilter(ApplicationFilterChain.java:166)
	at org.springframework.web.filter.HiddenHttpMethodFilter.doFilterInternal(HiddenHttpMethodFilter.java:93)
	at org.springframework.web.filter.OncePerRequestFilter.doFilter(OncePerRequestFilter.java:109)
	at org.apache.catalina.core.ApplicationFilterChain.internalDoFilter(ApplicationFilterChain.java:193)
	at org.apache.catalina.core.ApplicationFilterChain.doFilter(ApplicationFilterChain.java:166)
	at org.springframework.web.filter.CharacterEncodingFilter.doFilterInternal(CharacterEncodingFilter.java:200)
	at org.springframework.web.filter.OncePerRequestFilter.doFilter(OncePerRequestFilter.java:109)
	at org.apache.catalina.core.ApplicationFilterChain.internalDoFilter(ApplicationFilterChain.java:193)
	at org.apache.catalina.core.ApplicationFilterChain.doFilter(ApplicationFilterChain.java:166)
	at org.apache.catalina.core.StandardWrapperValve.invoke(StandardWrapperValve.java:202)
	at org.apache.catalina.core.StandardContextValve.invoke(StandardContextValve.java:96)
	at org.apache.catalina.authenticator.AuthenticatorBase.invoke(AuthenticatorBase.java:490)
	at org.apache.catalina.core.StandardHostValve.invoke(StandardHostValve.java:139)
	at org.apache.catalina.valves.ErrorReportValve.invoke(ErrorReportValve.java:92)
	at org.apache.catalina.core.StandardEngineValve.invoke(StandardEngineValve.java:74)
	at org.apache.catalina.connector.CoyoteAdapter.service(CoyoteAdapter.java:343)
	at org.apache.coyote.http11.Http11Processor.service(Http11Processor.java:408)
	at org.apache.coyote.AbstractProcessorLight.process(AbstractProcessorLight.java:66)
	at org.apache.coyote.AbstractProtocol$ConnectionHandler.process(AbstractProtocol.java:853)
	at org.apache.tomcat.util.net.NioEndpoint$SocketProcessor.doRun(NioEndpoint.java:1587)
	at org.apache.tomcat.util.net.SocketProcessorBase.run(SocketProcessorBase.java:49)
	at java.util.concurrent.ThreadPoolExecutor.runWorker(ThreadPoolExecutor.java:1149)
	at java.util.concurrent.ThreadPoolExecutor$Worker.run(ThreadPoolExecutor.java:624)
	at org.apache.tomcat.util.threads.TaskThread$WrappingRunnable.run(TaskThread.java:61)
	at java.lang.Thread.run(Thread.java:750)

2023-04-08 22:39:58.057  INFO 27068 --- [demo-pool-1] c.s.guns.threads.GuiHuanAppliesThread    : Task Thread- Return application
2023-04-08 22:39:58.356  INFO 27068 --- [demo-pool-0] c.s.guns.threads.UseAppliesThread        : Task Thread- Requisition application
2023-04-08 22:40:11.467  INFO 27068 --- [demo-pool-1] c.s.guns.threads.GuiHuanAppliesThread    : Task Thread- Return application
2023-04-08 22:40:11.737  INFO 27068 --- [demo-pool-0] c.s.guns.threads.UseAppliesThread        : Task Thread- Requisition application
2023-04-08 22:40:14.067  WARN 27068 --- [http-nio-8099-exec-9] o.a.cxf.phase.PhaseInterceptorChain      : Interceptor for {http://andot.org/webservice/demo/server}FawApiServiceImplService has thrown exception, unwinding now

org.apache.cxf.binding.soap.SoapFault: Invalid SOAP Envelope name
	at org.apache.cxf.binding.soap.interceptor.ReadHeadersInterceptor.readVersion(ReadHeadersInterceptor.java:137)
	at org.apache.cxf.binding.soap.interceptor.ReadHeadersInterceptor.handleMessage(ReadHeadersInterceptor.java:175)
	at org.apache.cxf.binding.soap.interceptor.ReadHeadersInterceptor.handleMessage(ReadHeadersInterceptor.java:70)
	at org.apache.cxf.phase.PhaseInterceptorChain.doIntercept(PhaseInterceptorChain.java:308)
	at org.apache.cxf.transport.ChainInitiationObserver.onMessage(ChainInitiationObserver.java:121)
	at org.apache.cxf.transport.http.AbstractHTTPDestination.invoke(AbstractHTTPDestination.java:267)
	at org.apache.cxf.transport.servlet.ServletController.invokeDestination(ServletController.java:234)
	at org.apache.cxf.transport.servlet.ServletController.invoke(ServletController.java:208)
	at org.apache.cxf.transport.servlet.ServletController.invoke(ServletController.java:160)
	at org.apache.cxf.transport.servlet.CXFNonSpringServlet.invoke(CXFNonSpringServlet.java:216)
	at org.apache.cxf.transport.servlet.AbstractHTTPServlet.handleRequest(AbstractHTTPServlet.java:301)
	at org.apache.cxf.transport.servlet.AbstractHTTPServlet.doPost(AbstractHTTPServlet.java:220)
	at javax.servlet.http.HttpServlet.service(HttpServlet.java:665)
	at org.apache.cxf.transport.servlet.AbstractHTTPServlet.service(AbstractHTTPServlet.java:276)
	at org.apache.catalina.core.ApplicationFilterChain.internalDoFilter(ApplicationFilterChain.java:231)
	at org.apache.catalina.core.ApplicationFilterChain.doFilter(ApplicationFilterChain.java:166)
	at org.apache.tomcat.websocket.server.WsFilter.doFilter(WsFilter.java:53)
	at org.apache.catalina.core.ApplicationFilterChain.internalDoFilter(ApplicationFilterChain.java:193)
	at org.apache.catalina.core.ApplicationFilterChain.doFilter(ApplicationFilterChain.java:166)
	at org.springframework.web.filter.OncePerRequestFilter.doFilter(OncePerRequestFilter.java:103)
	at org.apache.catalina.core.ApplicationFilterChain.internalDoFilter(ApplicationFilterChain.java:193)
	at org.apache.catalina.core.ApplicationFilterChain.doFilter(ApplicationFilterChain.java:166)
	at cn.stylefeng.roses.core.xss.XssFilter.doFilter(XssFilter.java:31)
	at org.apache.catalina.core.ApplicationFilterChain.internalDoFilter(ApplicationFilterChain.java:193)
	at org.apache.catalina.core.ApplicationFilterChain.doFilter(ApplicationFilterChain.java:166)
	at com.alibaba.druid.support.http.WebStatFilter.doFilter(WebStatFilter.java:124)
	at org.apache.catalina.core.ApplicationFilterChain.internalDoFilter(ApplicationFilterChain.java:193)
	at org.apache.catalina.core.ApplicationFilterChain.doFilter(ApplicationFilterChain.java:166)
	at org.springframework.security.web.FilterChainProxy$VirtualFilterChain.doFilter(FilterChainProxy.java:320)
	at org.springframework.security.web.access.intercept.FilterSecurityInterceptor.invoke(FilterSecurityInterceptor.java:127)
	at org.springframework.security.web.access.intercept.FilterSecurityInterceptor.doFilter(FilterSecurityInterceptor.java:91)
	at org.springframework.security.web.FilterChainProxy$VirtualFilterChain.doFilter(FilterChainProxy.java:334)
	at org.springframework.security.web.access.ExceptionTranslationFilter.doFilter(ExceptionTranslationFilter.java:119)
	at org.springframework.security.web.FilterChainProxy$VirtualFilterChain.doFilter(FilterChainProxy.java:334)
	at org.springframework.security.web.session.SessionManagementFilter.doFilter(SessionManagementFilter.java:137)
	at org.springframework.security.web.FilterChainProxy$VirtualFilterChain.doFilter(FilterChainProxy.java:334)
	at org.springframework.security.web.authentication.AnonymousAuthenticationFilter.doFilter(AnonymousAuthenticationFilter.java:111)
	at org.springframework.security.web.FilterChainProxy$VirtualFilterChain.doFilter(FilterChainProxy.java:334)
	at org.springframework.security.web.servletapi.SecurityContextHolderAwareRequestFilter.doFilter(SecurityContextHolderAwareRequestFilter.java:170)
	at org.springframework.security.web.FilterChainProxy$VirtualFilterChain.doFilter(FilterChainProxy.java:334)
	at org.springframework.security.web.savedrequest.RequestCacheAwareFilter.doFilter(RequestCacheAwareFilter.java:63)
	at org.springframework.security.web.FilterChainProxy$VirtualFilterChain.doFilter(FilterChainProxy.java:334)
	at cn.stylefeng.guns.sys.core.auth.filter.JwtAuthorizationTokenFilter.doFilterInternal(JwtAuthorizationTokenFilter.java:114)
	at org.springframework.web.filter.OncePerRequestFilter.doFilter(OncePerRequestFilter.java:109)
	at org.springframework.security.web.FilterChainProxy$VirtualFilterChain.doFilter(FilterChainProxy.java:334)
	at org.springframework.web.filter.CorsFilter.doFilterInternal(CorsFilter.java:96)
	at org.springframework.web.filter.OncePerRequestFilter.doFilter(OncePerRequestFilter.java:109)
	at org.springframework.security.web.FilterChainProxy$VirtualFilterChain.doFilter(FilterChainProxy.java:334)
	at org.springframework.security.web.header.HeaderWriterFilter.doFilterInternal(HeaderWriterFilter.java:74)
	at org.springframework.web.filter.OncePerRequestFilter.doFilter(OncePerRequestFilter.java:109)
	at org.springframework.security.web.FilterChainProxy$VirtualFilterChain.doFilter(FilterChainProxy.java:334)
	at org.springframework.security.web.context.SecurityContextPersistenceFilter.doFilter(SecurityContextPersistenceFilter.java:105)
	at org.springframework.security.web.FilterChainProxy$VirtualFilterChain.doFilter(FilterChainProxy.java:334)
	at org.springframework.security.web.context.request.async.WebAsyncManagerIntegrationFilter.doFilterInternal(WebAsyncManagerIntegrationFilter.java:56)
	at org.springframework.web.filter.OncePerRequestFilter.doFilter(OncePerRequestFilter.java:109)
	at org.springframework.security.web.FilterChainProxy$VirtualFilterChain.doFilter(FilterChainProxy.java:334)
	at org.springframework.security.web.FilterChainProxy.doFilterInternal(FilterChainProxy.java:215)
	at org.springframework.security.web.FilterChainProxy.doFilter(FilterChainProxy.java:178)
	at org.springframework.web.filter.DelegatingFilterProxy.invokeDelegate(DelegatingFilterProxy.java:357)
	at org.springframework.web.filter.DelegatingFilterProxy.doFilter(DelegatingFilterProxy.java:270)
	at org.apache.catalina.core.ApplicationFilterChain.internalDoFilter(ApplicationFilterChain.java:193)
	at org.apache.catalina.core.ApplicationFilterChain.doFilter(ApplicationFilterChain.java:166)
	at org.springframework.web.filter.RequestContextFilter.doFilterInternal(RequestContextFilter.java:99)
	at org.springframework.web.filter.OncePerRequestFilter.doFilter(OncePerRequestFilter.java:109)
	at org.apache.catalina.core.ApplicationFilterChain.internalDoFilter(ApplicationFilterChain.java:193)
	at org.apache.catalina.core.ApplicationFilterChain.doFilter(ApplicationFilterChain.java:166)
	at org.springframework.web.filter.FormContentFilter.doFilterInternal(FormContentFilter.java:92)
	at org.springframework.web.filter.OncePerRequestFilter.doFilter(OncePerRequestFilter.java:109)
	at org.apache.catalina.core.ApplicationFilterChain.internalDoFilter(ApplicationFilterChain.java:193)
	at org.apache.catalina.core.ApplicationFilterChain.doFilter(ApplicationFilterChain.java:166)
	at org.springframework.web.filter.HiddenHttpMethodFilter.doFilterInternal(HiddenHttpMethodFilter.java:93)
	at org.springframework.web.filter.OncePerRequestFilter.doFilter(OncePerRequestFilter.java:109)
	at org.apache.catalina.core.ApplicationFilterChain.internalDoFilter(ApplicationFilterChain.java:193)
	at org.apache.catalina.core.ApplicationFilterChain.doFilter(ApplicationFilterChain.java:166)
	at org.springframework.web.filter.CharacterEncodingFilter.doFilterInternal(CharacterEncodingFilter.java:200)
	at org.springframework.web.filter.OncePerRequestFilter.doFilter(OncePerRequestFilter.java:109)
	at org.apache.catalina.core.ApplicationFilterChain.internalDoFilter(ApplicationFilterChain.java:193)
	at org.apache.catalina.core.ApplicationFilterChain.doFilter(ApplicationFilterChain.java:166)
	at org.apache.catalina.core.StandardWrapperValve.invoke(StandardWrapperValve.java:202)
	at org.apache.catalina.core.StandardContextValve.invoke(StandardContextValve.java:96)
	at org.apache.catalina.authenticator.AuthenticatorBase.invoke(AuthenticatorBase.java:490)
	at org.apache.catalina.core.StandardHostValve.invoke(StandardHostValve.java:139)
	at org.apache.catalina.valves.ErrorReportValve.invoke(ErrorReportValve.java:92)
	at org.apache.catalina.core.StandardEngineValve.invoke(StandardEngineValve.java:74)
	at org.apache.catalina.connector.CoyoteAdapter.service(CoyoteAdapter.java:343)
	at org.apache.coyote.http11.Http11Processor.service(Http11Processor.java:408)
	at org.apache.coyote.AbstractProcessorLight.process(AbstractProcessorLight.java:66)
	at org.apache.coyote.AbstractProtocol$ConnectionHandler.process(AbstractProtocol.java:853)
	at org.apache.tomcat.util.net.NioEndpoint$SocketProcessor.doRun(NioEndpoint.java:1587)
	at org.apache.tomcat.util.net.SocketProcessorBase.run(SocketProcessorBase.java:49)
	at java.util.concurrent.ThreadPoolExecutor.runWorker(ThreadPoolExecutor.java:1149)
	at java.util.concurrent.ThreadPoolExecutor$Worker.run(ThreadPoolExecutor.java:624)
	at org.apache.tomcat.util.threads.TaskThread$WrappingRunnable.run(TaskThread.java:61)
	at java.lang.Thread.run(Thread.java:750)

2023-04-08 22:40:27.012  INFO 27068 --- [demo-pool-1] c.s.guns.threads.GuiHuanAppliesThread    : Task Thread- Return application
2023-04-08 22:40:27.189  INFO 27068 --- [demo-pool-0] c.s.guns.threads.UseAppliesThread        : Task Thread- Requisition application
2023-04-08 22:40:40.386  INFO 27068 --- [demo-pool-1] c.s.guns.threads.GuiHuanAppliesThread    : Task Thread- Return application
2023-04-08 22:40:40.611  INFO 27068 --- [demo-pool-0] c.s.guns.threads.UseAppliesThread        : Task Thread- Requisition application
2023-04-08 22:40:54.514  INFO 27068 --- [demo-pool-1] c.s.guns.threads.GuiHuanAppliesThread    : Task Thread- Return application
2023-04-08 22:40:54.608  INFO 27068 --- [demo-pool-0] c.s.guns.threads.UseAppliesThread        : Task Thread- Requisition application
2023-04-08 22:41:07.709  INFO 27068 --- [demo-pool-1] c.s.guns.threads.GuiHuanAppliesThread    : Task Thread- Return application
2023-04-08 22:41:07.840  INFO 27068 --- [demo-pool-0] c.s.guns.threads.UseAppliesThread        : Task Thread- Requisition application
2023-04-08 22:41:22.048  INFO 27068 --- [demo-pool-1] c.s.guns.threads.GuiHuanAppliesThread    : Task Thread- Return application
2023-04-08 22:41:22.189  INFO 27068 --- [demo-pool-0] c.s.guns.threads.UseAppliesThread        : Task Thread- Requisition application
2023-04-08 22:41:34.799  INFO 27068 --- [demo-pool-1] c.s.guns.threads.GuiHuanAppliesThread    : Task Thread- Return application
2023-04-08 22:41:34.930  INFO 27068 --- [demo-pool-0] c.s.guns.threads.UseAppliesThread        : Task Thread- Requisition application
2023-04-08 22:41:47.491  INFO 27068 --- [demo-pool-1] c.s.guns.threads.GuiHuanAppliesThread    : Task Thread- Return application
2023-04-08 22:41:47.642  INFO 27068 --- [demo-pool-0] c.s.guns.threads.UseAppliesThread        : Task Thread- Requisition application
2023-04-08 22:42:00.018  INFO 27068 --- [demo-pool-1] c.s.guns.threads.GuiHuanAppliesThread    : Task Thread- Return application
2023-04-08 22:42:00.215  INFO 27068 --- [demo-pool-0] c.s.guns.threads.UseAppliesThread        : Task Thread- Requisition application
2023-04-08 22:42:12.370  INFO 27068 --- [demo-pool-1] c.s.guns.threads.GuiHuanAppliesThread    : Task Thread- Return application
2023-04-08 22:42:12.591  INFO 27068 --- [demo-pool-0] c.s.guns.threads.UseAppliesThread        : Task Thread- Requisition application
2023-04-08 22:42:24.851  INFO 27068 --- [demo-pool-1] c.s.guns.threads.GuiHuanAppliesThread    : Task Thread- Return application
2023-04-08 22:42:25.103  INFO 27068 --- [demo-pool-0] c.s.guns.threads.UseAppliesThread        : Task Thread- Requisition application
2023-04-08 22:42:37.498  INFO 27068 --- [demo-pool-1] c.s.guns.threads.GuiHuanAppliesThread    : Task Thread- Return application
2023-04-08 22:42:37.789  INFO 27068 --- [demo-pool-0] c.s.guns.threads.UseAppliesThread        : Task Thread- Requisition application
2023-04-08 22:42:50.193  INFO 27068 --- [demo-pool-1] c.s.guns.threads.GuiHuanAppliesThread    : Task Thread- Return application
2023-04-08 22:42:50.487  INFO 27068 --- [demo-pool-0] c.s.guns.threads.UseAppliesThread        : Task Thread- Requisition application
2023-04-08 22:43:02.337  INFO 27068 --- [demo-pool-1] c.s.guns.threads.GuiHuanAppliesThread    : Task Thread- Return application
2023-04-08 22:43:02.636  INFO 27068 --- [demo-pool-0] c.s.guns.threads.UseAppliesThread        : Task Thread- Requisition application
2023-04-08 22:43:14.857  INFO 27068 --- [demo-pool-1] c.s.guns.threads.GuiHuanAppliesThread    : Task Thread- Return application
2023-04-08 22:43:15.186  INFO 27068 --- [demo-pool-0] c.s.guns.threads.UseAppliesThread        : Task Thread- Requisition application
2023-04-08 22:43:27.254  INFO 27068 --- [demo-pool-1] c.s.guns.threads.GuiHuanAppliesThread    : Task Thread- Return application
2023-04-08 22:43:27.604  INFO 27068 --- [demo-pool-0] c.s.guns.threads.UseAppliesThread        : Task Thread- Requisition application
2023-04-08 22:43:39.468  INFO 27068 --- [demo-pool-1] c.s.guns.threads.GuiHuanAppliesThread    : Task Thread- Return application
2023-04-08 22:43:39.821  INFO 27068 --- [demo-pool-0] c.s.guns.threads.UseAppliesThread        : Task Thread- Requisition application
2023-04-08 22:43:52.170  INFO 27068 --- [demo-pool-1] c.s.guns.threads.GuiHuanAppliesThread    : Task Thread- Return application
2023-04-08 22:43:52.554  INFO 27068 --- [demo-pool-0] c.s.guns.threads.UseAppliesThread        : Task Thread- Requisition application
2023-04-08 22:44:07.319  INFO 27068 --- [demo-pool-1] c.s.guns.threads.GuiHuanAppliesThread    : Task Thread- Return application
2023-04-08 22:44:07.637  INFO 27068 --- [demo-pool-0] c.s.guns.threads.UseAppliesThread        : Task Thread- Requisition application
2023-04-08 22:44:20.314  INFO 27068 --- [demo-pool-1] c.s.guns.threads.GuiHuanAppliesThread    : Task Thread- Return application
2023-04-08 22:44:20.661  INFO 27068 --- [demo-pool-0] c.s.guns.threads.UseAppliesThread        : Task Thread- Requisition application
2023-04-08 22:44:33.305  INFO 27068 --- [demo-pool-1] c.s.guns.threads.GuiHuanAppliesThread    : Task Thread- Return application
2023-04-08 22:44:33.710  INFO 27068 --- [demo-pool-0] c.s.guns.threads.UseAppliesThread        : Task Thread- Requisition application
2023-04-08 22:44:47.257  INFO 27068 --- [demo-pool-1] c.s.guns.threads.GuiHuanAppliesThread    : Task Thread- Return application
2023-04-08 22:44:47.812  INFO 27068 --- [demo-pool-0] c.s.guns.threads.UseAppliesThread        : Task Thread- Requisition application
2023-04-08 22:45:00.274  INFO 27068 --- [demo-pool-1] c.s.guns.threads.GuiHuanAppliesThread    : Task Thread- Return application
2023-04-08 22:45:00.854  INFO 27068 --- [demo-pool-0] c.s.guns.threads.UseAppliesThread        : Task Thread- Requisition application
2023-04-08 22:45:13.088  INFO 27068 --- [demo-pool-1] c.s.guns.threads.GuiHuanAppliesThread    : Task Thread- Return application
2023-04-08 22:45:13.603  INFO 27068 --- [demo-pool-0] c.s.guns.threads.UseAppliesThread        : Task Thread- Requisition application
2023-04-08 22:45:25.593  INFO 27068 --- [demo-pool-1] c.s.guns.threads.GuiHuanAppliesThread    : Task Thread- Return application
2023-04-08 22:45:26.164  INFO 27068 --- [demo-pool-0] c.s.guns.threads.UseAppliesThread        : Task Thread- Requisition application
2023-04-08 22:45:38.218  INFO 27068 --- [demo-pool-1] c.s.guns.threads.GuiHuanAppliesThread    : Task Thread- Return application
2023-04-08 22:45:38.702  INFO 27068 --- [demo-pool-0] c.s.guns.threads.UseAppliesThread        : Task Thread- Requisition application
2023-04-08 22:45:51.009  INFO 27068 --- [demo-pool-1] c.s.guns.threads.GuiHuanAppliesThread    : Task Thread- Return application
2023-04-08 22:45:51.505  INFO 27068 --- [demo-pool-0] c.s.guns.threads.UseAppliesThread        : Task Thread- Requisition application
