2023-04-28 09:09:29.874  INFO 12788 --- [main] cn.stylefeng.guns.GunsApplication        : Starting GunsApplication on DESKTOP-8LEEG3A with PID 12788 (started by 22490 in C:\LOGBOT\1 Project\Projects_2020\LB-SS141G_FAW\trunk\SourceCode\WMS源码\后端\wms\asd_faw_new)
2023-04-28 09:09:29.889  INFO 12788 --- [main] cn.stylefeng.guns.GunsApplication        : The following profiles are active: local
2023-04-28 09:09:38.532  INFO 12788 --- [main] trationDelegate$BeanPostProcessorChecker : Bean 'webConfig' of type [cn.stylefeng.guns.config.web.WebConfig$$EnhancerBySpringCGLIB$$12a76dda] is not eligible for getting processed by all BeanPostProcessors (for example: not eligible for auto-proxying)
2023-04-28 09:09:38.724  INFO 12788 --- [main] trationDelegate$BeanPostProcessorChecker : Bean 'org.springframework.ws.config.annotation.DelegatingWsConfiguration' of type [org.springframework.ws.config.annotation.DelegatingWsConfiguration$$EnhancerBySpringCGLIB$$4ca19031] is not eligible for getting processed by all BeanPostProcessors (for example: not eligible for auto-proxying)
2023-04-28 09:09:38.769  INFO 12788 --- [main] .w.s.a.s.AnnotationActionEndpointMapping : Supporting [WS-Addressing August 2004, WS-Addressing 1.0]
2023-04-28 09:09:38.778  INFO 12788 --- [main] trationDelegate$BeanPostProcessorChecker : Bean 'druidStatPointcut' of type [org.springframework.aop.support.JdkRegexpMethodPointcut] is not eligible for getting processed by all BeanPostProcessors (for example: not eligible for auto-proxying)
2023-04-28 09:09:38.796  INFO 12788 --- [main] trationDelegate$BeanPostProcessorChecker : Bean 'druidStatInterceptor' of type [com.alibaba.druid.support.spring.stat.DruidStatInterceptor] is not eligible for getting processed by all BeanPostProcessors (for example: not eligible for auto-proxying)
2023-04-28 09:09:38.797  INFO 12788 --- [main] trationDelegate$BeanPostProcessorChecker : Bean 'druidStatAdvisor' of type [org.springframework.aop.support.DefaultPointcutAdvisor] is not eligible for getting processed by all BeanPostProcessors (for example: not eligible for auto-proxying)
2023-04-28 09:09:38.897  INFO 12788 --- [main] trationDelegate$BeanPostProcessorChecker : Bean 'org.springframework.transaction.annotation.ProxyTransactionManagementConfiguration' of type [org.springframework.transaction.annotation.ProxyTransactionManagementConfiguration$$EnhancerBySpringCGLIB$$a809cb32] is not eligible for getting processed by all BeanPostProcessors (for example: not eligible for auto-proxying)
2023-04-28 09:09:39.113  INFO 12788 --- [main] trationDelegate$BeanPostProcessorChecker : Bean 'org.springframework.security.config.annotation.configuration.ObjectPostProcessorConfiguration' of type [org.springframework.security.config.annotation.configuration.ObjectPostProcessorConfiguration$$EnhancerBySpringCGLIB$$40b7936c] is not eligible for getting processed by all BeanPostProcessors (for example: not eligible for auto-proxying)
2023-04-28 09:09:39.123  INFO 12788 --- [main] trationDelegate$BeanPostProcessorChecker : Bean 'objectPostProcessor' of type [org.springframework.security.config.annotation.configuration.AutowireBeanFactoryObjectPostProcessor] is not eligible for getting processed by all BeanPostProcessors (for example: not eligible for auto-proxying)
2023-04-28 09:09:39.127  INFO 12788 --- [main] trationDelegate$BeanPostProcessorChecker : Bean 'org.springframework.security.access.expression.method.DefaultMethodSecurityExpressionHandler@794f11cd' of type [org.springframework.security.access.expression.method.DefaultMethodSecurityExpressionHandler] is not eligible for getting processed by all BeanPostProcessors (for example: not eligible for auto-proxying)
2023-04-28 09:09:39.132  INFO 12788 --- [main] trationDelegate$BeanPostProcessorChecker : Bean 'org.springframework.security.config.annotation.method.configuration.GlobalMethodSecurityConfiguration' of type [org.springframework.security.config.annotation.method.configuration.GlobalMethodSecurityConfiguration$$EnhancerBySpringCGLIB$$658c361e] is not eligible for getting processed by all BeanPostProcessors (for example: not eligible for auto-proxying)
2023-04-28 09:09:39.141  INFO 12788 --- [main] trationDelegate$BeanPostProcessorChecker : Bean 'methodSecurityMetadataSource' of type [org.springframework.security.access.method.DelegatingMethodSecurityMetadataSource] is not eligible for getting processed by all BeanPostProcessors (for example: not eligible for auto-proxying)
2023-04-28 09:09:39.771  INFO 12788 --- [main] o.s.b.w.embedded.tomcat.TomcatWebServer  : Tomcat initialized with port(s): 8099 (http)
2023-04-28 09:09:39.829  INFO 12788 --- [main] o.apache.catalina.core.StandardService   : Starting service [Tomcat]
2023-04-28 09:09:39.830  INFO 12788 --- [main] org.apache.catalina.core.StandardEngine  : Starting Servlet engine: [Apache Tomcat/9.0.21]
2023-04-28 09:09:40.239  INFO 12788 --- [main] o.a.c.c.C.[Tomcat].[localhost].[/faw]    : Initializing Spring embedded WebApplicationContext
2023-04-28 09:09:40.239  INFO 12788 --- [main] o.s.web.context.ContextLoader            : Root WebApplicationContext: initialization completed in 9473 ms
2023-04-28 09:09:40.420  WARN 12788 --- [main] c.atomikos.jdbc.AbstractDataSourceBean   : AtomikosDataSoureBean 'master': poolSize equals default - this may cause performance problems!
2023-04-28 09:09:42.770  INFO 12788 --- [main] com.alibaba.druid.pool.DruidDataSource   : {dataSource-1} inited
2023-04-28 09:09:43.878  WARN 12788 --- [main] c.atomikos.jdbc.AtomikosConnectionProxy  : atomikos connection proxy for com.alibaba.druid.proxy.jdbc.ConnectionProxyImpl@10fb4575: WARNING: transaction manager not running?
2023-04-28 09:10:41.882  INFO 12788 --- [main] c.s.guns.base.db.dao.DataBaseInfoDao     : Delete the DatabaseInfo information of the master! delete1Bar!
2023-04-28 09:10:42.268  INFO 12788 --- [main] c.s.guns.base.db.dao.DataBaseInfoDao     : Initialize the DatabaseInfo information of the master! initialization1Bar!
2023-04-28 09:10:46.281  INFO 12788 --- [main] o.s.boot.web.servlet.RegistrationBean    : Servlet CXFServlet was not registered (possibly already registered?)
2023-04-28 09:10:48.539  INFO 12788 --- [main] o.s.s.concurrent.ThreadPoolTaskExecutor  : Initializing ExecutorService 'applicationTaskExecutor'
2023-04-28 09:10:50.628  INFO 12788 --- [main] f.a.AutowiredAnnotationBeanPostProcessor : Autowired annotation is not supported on static fields: private static cn.stylefeng.guns.modular.base.user.service.WmsUserService cn.stylefeng.guns.threads.UseAppliesThread.wmsUserService
2023-04-28 09:10:52.055  INFO 12788 --- [main] o.s.s.web.DefaultSecurityFilterChain     : Creating filter chain: Ant [pattern='/login', POST], []
2023-04-28 09:10:52.056  INFO 12788 --- [main] o.s.s.web.DefaultSecurityFilterChain     : Creating filter chain: Ant [pattern='/assets/**', GET], []
2023-04-28 09:10:52.057  INFO 12788 --- [main] o.s.s.web.DefaultSecurityFilterChain     : Creating filter chain: Ant [pattern='/favicon.ico', GET], []
2023-04-28 09:10:52.057  INFO 12788 --- [main] o.s.s.web.DefaultSecurityFilterChain     : Creating filter chain: Ant [pattern='/activiti-editor/**', GET], []
2023-04-28 09:10:52.153  INFO 12788 --- [main] pertySourcedRequestMappingHandlerMapping : Mapped URL path [/v2/api-docs] onto method [public org.springframework.http.ResponseEntity<springfox.documentation.spring.web.json.Json> springfox.documentation.swagger2.web.Swagger2Controller.getDocumentation(java.lang.String,javax.servlet.http.HttpServletRequest)]
2023-04-28 09:10:52.275  INFO 12788 --- [main] o.s.s.web.DefaultSecurityFilterChain     : Creating filter chain: any request, [org.springframework.security.web.context.request.async.WebAsyncManagerIntegrationFilter@767cc126, org.springframework.security.web.context.SecurityContextPersistenceFilter@49c4118b, org.springframework.security.web.header.HeaderWriterFilter@68de8522, org.springframework.web.filter.CorsFilter@6bfdaed7, cn.stylefeng.guns.sys.core.auth.filter.JwtAuthorizationTokenFilter@624d778e, org.springframework.security.web.savedrequest.RequestCacheAwareFilter@182dcd2b, org.springframework.security.web.servletapi.SecurityContextHolderAwareRequestFilter@abf1816, org.springframework.security.web.authentication.AnonymousAuthenticationFilter@272c5abd, org.springframework.security.web.session.SessionManagementFilter@238280df, org.springframework.security.web.access.ExceptionTranslationFilter@3879feec, org.springframework.security.web.access.intercept.FilterSecurityInterceptor@44a98a23]
2023-04-28 09:10:52.444  INFO 12788 --- [main] c.stylefeng.guns.modular.utils.HttpUtil  : Resttemplate initialization completed
2023-04-28 09:10:52.585  INFO 12788 --- [main] o.a.c.w.s.f.ReflectionServiceFactoryBean : Creating Service {http://andot.org/webservice/demo/server}FawApiServiceImplService from class cn.stylefeng.guns.webservice.FawApiService
2023-04-28 09:10:53.705  INFO 12788 --- [main] org.apache.cxf.endpoint.ServerImpl       : Setting the server's publish address to be /fawApiService
2023-04-28 09:10:53.967  INFO 12788 --- [main] c.a.icatch.provider.imp.AssemblerImp     : Loaded jar:file:/C:/Users/22490/.m2/repository/com/atomikos/transactions/4.0.6/transactions-4.0.6.jar!/transactions-defaults.properties
2023-04-28 09:10:53.975  WARN 12788 --- [main] c.a.icatch.provider.imp.AssemblerImp     : Thanks for using Atomikos! Evaluate http://www.atomikos.com/Main/ExtremeTransactions for advanced features and professional support
or register at http://www.atomikos.com/Main/RegisterYourDownload to disable this message and receive FREE tips & advice
2023-04-28 09:10:53.982  INFO 12788 --- [main] c.a.icatch.provider.imp.AssemblerImp     : USING: com.atomikos.icatch.default_max_wait_time_on_shutdown = 9223372036854775807
2023-04-28 09:10:53.983  INFO 12788 --- [main] c.a.icatch.provider.imp.AssemblerImp     : USING: com.atomikos.icatch.allow_subtransactions = true
2023-04-28 09:10:53.983  INFO 12788 --- [main] c.a.icatch.provider.imp.AssemblerImp     : USING: com.atomikos.icatch.recovery_delay = 10000
2023-04-28 09:10:53.984  INFO 12788 --- [main] c.a.icatch.provider.imp.AssemblerImp     : USING: com.atomikos.icatch.automatic_resource_registration = true
2023-04-28 09:10:53.984  INFO 12788 --- [main] c.a.icatch.provider.imp.AssemblerImp     : USING: com.atomikos.icatch.oltp_max_retries = 5
2023-04-28 09:10:53.984  INFO 12788 --- [main] c.a.icatch.provider.imp.AssemblerImp     : USING: com.atomikos.icatch.client_demarcation = false
2023-04-28 09:10:53.984  INFO 12788 --- [main] c.a.icatch.provider.imp.AssemblerImp     : USING: com.atomikos.icatch.threaded_2pc = false
2023-04-28 09:10:53.984  INFO 12788 --- [main] c.a.icatch.provider.imp.AssemblerImp     : USING: com.atomikos.icatch.serial_jta_transactions = true
2023-04-28 09:10:53.984  INFO 12788 --- [main] c.a.icatch.provider.imp.AssemblerImp     : USING: com.atomikos.icatch.log_base_dir = C:\LOGBOT\1 Project\Projects_2020\LB-SS141G_FAW\trunk\SourceCode\WMS源码\后端\wms\asd_faw_new\transaction-logs
2023-04-28 09:10:53.984  INFO 12788 --- [main] c.a.icatch.provider.imp.AssemblerImp     : USING: com.atomikos.icatch.rmi_export_class = none
2023-04-28 09:10:53.984  INFO 12788 --- [main] c.a.icatch.provider.imp.AssemblerImp     : USING: com.atomikos.icatch.max_actives = -1
2023-04-28 09:10:53.986  INFO 12788 --- [main] c.a.icatch.provider.imp.AssemblerImp     : USING: com.atomikos.icatch.checkpoint_interval = 500
2023-04-28 09:10:53.986  INFO 12788 --- [main] c.a.icatch.provider.imp.AssemblerImp     : USING: com.atomikos.icatch.enable_logging = true
2023-04-28 09:10:53.986  INFO 12788 --- [main] c.a.icatch.provider.imp.AssemblerImp     : USING: com.atomikos.icatch.log_base_name = tmlog
2023-04-28 09:10:53.986  INFO 12788 --- [main] c.a.icatch.provider.imp.AssemblerImp     : USING: com.atomikos.icatch.max_timeout = 300000
2023-04-28 09:10:53.986  INFO 12788 --- [main] c.a.icatch.provider.imp.AssemblerImp     : USING: com.atomikos.icatch.trust_client_tm = false
2023-04-28 09:10:53.986  INFO 12788 --- [main] c.a.icatch.provider.imp.AssemblerImp     : USING: java.naming.factory.initial = com.sun.jndi.rmi.registry.RegistryContextFactory
2023-04-28 09:10:53.986  INFO 12788 --- [main] c.a.icatch.provider.imp.AssemblerImp     : USING: com.atomikos.icatch.tm_unique_name = 192.168.1.6.tm
2023-04-28 09:10:53.986  INFO 12788 --- [main] c.a.icatch.provider.imp.AssemblerImp     : USING: com.atomikos.icatch.forget_orphaned_log_entries_delay = 86400000
2023-04-28 09:10:53.986  INFO 12788 --- [main] c.a.icatch.provider.imp.AssemblerImp     : USING: com.atomikos.icatch.oltp_retry_interval = 10000
2023-04-28 09:10:53.986  INFO 12788 --- [main] c.a.icatch.provider.imp.AssemblerImp     : USING: java.naming.provider.url = rmi://localhost:1099
2023-04-28 09:10:53.986  INFO 12788 --- [main] c.a.icatch.provider.imp.AssemblerImp     : USING: com.atomikos.icatch.force_shutdown_on_vm_exit = false
2023-04-28 09:10:53.987  INFO 12788 --- [main] c.a.icatch.provider.imp.AssemblerImp     : USING: com.atomikos.icatch.default_jta_timeout = 300000
2023-04-28 09:10:53.989  INFO 12788 --- [main] c.a.icatch.provider.imp.AssemblerImp     : Using default (local) logging and recovery...
2023-04-28 09:10:54.032  INFO 12788 --- [main] c.a.d.xa.XATransactionalResource         : master: refreshed XAResource
2023-04-28 09:10:54.312  INFO 12788 --- [main] org.quartz.impl.StdSchedulerFactory      : Using default implementation for ThreadExecutor
2023-04-28 09:10:54.333  INFO 12788 --- [main] org.quartz.core.SchedulerSignalerImpl    : Initialized Scheduler Signaller of type: class org.quartz.core.SchedulerSignalerImpl
2023-04-28 09:10:54.334  INFO 12788 --- [main] org.quartz.core.QuartzScheduler          : Quartz Scheduler v.2.3.1 created.
2023-04-28 09:10:54.335  INFO 12788 --- [main] org.quartz.simpl.RAMJobStore             : RAMJobStore initialized.
2023-04-28 09:10:54.337  INFO 12788 --- [main] org.quartz.core.QuartzScheduler          : Scheduler meta-data: Quartz Scheduler (v2.3.1) 'quartzScheduler' with instanceId 'NON_CLUSTERED'
  Scheduler class: 'org.quartz.core.QuartzScheduler' - running locally.
  NOT STARTED.
  Currently in standby mode.
  Number of jobs executed: 0
  Using thread pool 'org.quartz.simpl.SimpleThreadPool' - with 10 threads.
  Using job-store 'org.quartz.simpl.RAMJobStore' - which does not support persistence. and is not clustered.

2023-04-28 09:10:54.337  INFO 12788 --- [main] org.quartz.impl.StdSchedulerFactory      : Quartz scheduler 'quartzScheduler' initialized from an externally provided properties instance.
2023-04-28 09:10:54.337  INFO 12788 --- [main] org.quartz.impl.StdSchedulerFactory      : Quartz scheduler version: 2.3.1
2023-04-28 09:10:54.337  INFO 12788 --- [main] org.quartz.core.QuartzScheduler          : JobFactory set to: org.springframework.scheduling.quartz.SpringBeanJobFactory@1399ad68
2023-04-28 09:10:54.582  INFO 12788 --- [main] d.s.w.p.DocumentationPluginsBootstrapper : Context refreshed
2023-04-28 09:10:54.620  INFO 12788 --- [main] d.s.w.p.DocumentationPluginsBootstrapper : Found 1 custom documentation plugin(s)
2023-04-28 09:10:54.692  INFO 12788 --- [main] s.d.s.w.s.ApiListingReferenceScanner     : Scanning for api listing references
2023-04-28 09:10:54.939  INFO 12788 --- [main] .d.s.w.r.o.CachingOperationNameGenerator : Generating unique operation named: loginUsingGET_1
2023-04-28 09:10:54.941  INFO 12788 --- [main] .d.s.w.r.o.CachingOperationNameGenerator : Generating unique operation named: infoUsingGET_1
2023-04-28 09:10:54.944  INFO 12788 --- [main] .d.s.w.r.o.CachingOperationNameGenerator : Generating unique operation named: loginUsingGET_2
2023-04-28 09:10:54.946  INFO 12788 --- [main] .d.s.w.r.o.CachingOperationNameGenerator : Generating unique operation named: logoutUsingGET_1
2023-04-28 09:10:55.048  INFO 12788 --- [main] .d.s.w.r.o.CachingOperationNameGenerator : Generating unique operation named: closeCabinetUsingGET_1
2023-04-28 09:10:55.064  INFO 12788 --- [main] .d.s.w.r.o.CachingOperationNameGenerator : Generating unique operation named: conformUsingGET_1
2023-04-28 09:10:55.072  INFO 12788 --- [main] .d.s.w.r.o.CachingOperationNameGenerator : Generating unique operation named: queryToolUsingGET_1
2023-04-28 09:10:55.251  INFO 12788 --- [main] .d.s.w.r.o.CachingOperationNameGenerator : Generating unique operation named: queryToolContentUsingGET_1
2023-04-28 09:10:55.283  INFO 12788 --- [main] .d.s.w.r.o.CachingOperationNameGenerator : Generating unique operation named: replenishmentCreateOutTaskUsingGET_1
2023-04-28 09:10:55.307  INFO 12788 --- [main] .d.s.w.r.o.CachingOperationNameGenerator : Generating unique operation named: loginUsingPOST_1
2023-04-28 09:10:55.330  INFO 12788 --- [main] o.s.s.quartz.SchedulerFactoryBean        : Starting Quartz Scheduler now
2023-04-28 09:10:55.331  INFO 12788 --- [main] org.quartz.core.QuartzScheduler          : Scheduler quartzScheduler_$_NON_CLUSTERED started.
2023-04-28 09:10:55.412  INFO 12788 --- [main] o.s.b.w.embedded.tomcat.TomcatWebServer  : Tomcat started on port(s): 8099 (http) with context path '/faw'
2023-04-28 09:10:55.419  INFO 12788 --- [main] cn.stylefeng.guns.GunsApplication        : Started GunsApplication in 88.137 seconds (JVM running for 92.137)
2023-04-28 09:10:55.429  INFO 12788 --- [main] cn.stylefeng.guns.config.AppConfig       : Test Start up complete
2023-04-28 09:10:55.718  INFO 12788 --- [demo-pool-1] c.s.guns.threads.GuiHuanAppliesThread    : Task Thread- Return application
2023-04-28 09:10:55.729  INFO 12788 --- [main] c.s.g.s.m.consts.init.SysConfigInit      : Initialization constant17 strip
2023-04-28 09:10:55.729  INFO 12788 --- [demo-pool-0] c.s.guns.threads.UseAppliesThread        : Task Thread- Requisition application
2023-04-28 09:10:55.733  INFO 12788 --- [main] cn.stylefeng.guns.GunsApplication        : GunsApplication is success!
2023-04-28 09:11:05.725  INFO 12788 --- [demo-pool-1] c.s.guns.threads.GuiHuanAppliesThread    : Task Thread- Return application
2023-04-28 09:11:05.755  INFO 12788 --- [demo-pool-0] c.s.guns.threads.UseAppliesThread        : Task Thread- Requisition application
2023-04-28 09:11:15.931  INFO 12788 --- [demo-pool-1] c.s.guns.threads.GuiHuanAppliesThread    : Task Thread- Return application
2023-04-28 09:11:15.937  INFO 12788 --- [demo-pool-0] c.s.guns.threads.UseAppliesThread        : Task Thread- Requisition application
2023-04-28 09:11:25.944  INFO 12788 --- [demo-pool-1] c.s.guns.threads.GuiHuanAppliesThread    : Task Thread- Return application
2023-04-28 09:11:25.957  INFO 12788 --- [demo-pool-0] c.s.guns.threads.UseAppliesThread        : Task Thread- Requisition application
2023-04-28 09:11:35.954  INFO 12788 --- [demo-pool-1] c.s.guns.threads.GuiHuanAppliesThread    : Task Thread- Return application
2023-04-28 09:11:35.977  INFO 12788 --- [demo-pool-0] c.s.guns.threads.UseAppliesThread        : Task Thread- Requisition application
2023-04-28 09:11:45.980  INFO 12788 --- [demo-pool-1] c.s.guns.threads.GuiHuanAppliesThread    : Task Thread- Return application
2023-04-28 09:11:46.005  INFO 12788 --- [demo-pool-0] c.s.guns.threads.UseAppliesThread        : Task Thread- Requisition application
2023-04-28 09:11:55.993  INFO 12788 --- [demo-pool-1] c.s.guns.threads.GuiHuanAppliesThread    : Task Thread- Return application
2023-04-28 09:11:56.035  INFO 12788 --- [demo-pool-0] c.s.guns.threads.UseAppliesThread        : Task Thread- Requisition application
2023-04-28 09:12:06.011  INFO 12788 --- [demo-pool-1] c.s.guns.threads.GuiHuanAppliesThread    : Task Thread- Return application
2023-04-28 09:12:06.053  INFO 12788 --- [demo-pool-0] c.s.guns.threads.UseAppliesThread        : Task Thread- Requisition application
2023-04-28 09:12:16.028  INFO 12788 --- [demo-pool-1] c.s.guns.threads.GuiHuanAppliesThread    : Task Thread- Return application
2023-04-28 09:12:16.064  INFO 12788 --- [demo-pool-0] c.s.guns.threads.UseAppliesThread        : Task Thread- Requisition application
2023-04-28 09:12:26.034  INFO 12788 --- [demo-pool-1] c.s.guns.threads.GuiHuanAppliesThread    : Task Thread- Return application
2023-04-28 09:12:26.090  INFO 12788 --- [demo-pool-0] c.s.guns.threads.UseAppliesThread        : Task Thread- Requisition application
2023-04-28 09:12:36.043  INFO 12788 --- [demo-pool-1] c.s.guns.threads.GuiHuanAppliesThread    : Task Thread- Return application
2023-04-28 09:12:36.108  INFO 12788 --- [demo-pool-0] c.s.guns.threads.UseAppliesThread        : Task Thread- Requisition application
2023-04-28 09:12:46.057  INFO 12788 --- [demo-pool-1] c.s.guns.threads.GuiHuanAppliesThread    : Task Thread- Return application
2023-04-28 09:12:46.126  INFO 12788 --- [demo-pool-0] c.s.guns.threads.UseAppliesThread        : Task Thread- Requisition application
2023-04-28 09:12:56.064  INFO 12788 --- [demo-pool-1] c.s.guns.threads.GuiHuanAppliesThread    : Task Thread- Return application
2023-04-28 09:12:56.148  INFO 12788 --- [demo-pool-0] c.s.guns.threads.UseAppliesThread        : Task Thread- Requisition application
2023-04-28 09:13:06.073  INFO 12788 --- [demo-pool-1] c.s.guns.threads.GuiHuanAppliesThread    : Task Thread- Return application
2023-04-28 09:13:06.174  INFO 12788 --- [demo-pool-0] c.s.guns.threads.UseAppliesThread        : Task Thread- Requisition application
2023-04-28 09:13:16.087  INFO 12788 --- [demo-pool-1] c.s.guns.threads.GuiHuanAppliesThread    : Task Thread- Return application
2023-04-28 09:13:16.187  INFO 12788 --- [demo-pool-0] c.s.guns.threads.UseAppliesThread        : Task Thread- Requisition application
2023-04-28 09:13:26.099  INFO 12788 --- [demo-pool-1] c.s.guns.threads.GuiHuanAppliesThread    : Task Thread- Return application
2023-04-28 09:13:26.216  INFO 12788 --- [demo-pool-0] c.s.guns.threads.UseAppliesThread        : Task Thread- Requisition application
2023-04-28 09:13:36.120  INFO 12788 --- [demo-pool-1] c.s.guns.threads.GuiHuanAppliesThread    : Task Thread- Return application
2023-04-28 09:13:36.233  INFO 12788 --- [demo-pool-0] c.s.guns.threads.UseAppliesThread        : Task Thread- Requisition application
2023-04-28 09:13:46.139  INFO 12788 --- [demo-pool-1] c.s.guns.threads.GuiHuanAppliesThread    : Task Thread- Return application
2023-04-28 09:13:46.254  INFO 12788 --- [demo-pool-0] c.s.guns.threads.UseAppliesThread        : Task Thread- Requisition application
2023-04-28 09:13:56.148  INFO 12788 --- [demo-pool-1] c.s.guns.threads.GuiHuanAppliesThread    : Task Thread- Return application
2023-04-28 09:13:56.279  INFO 12788 --- [demo-pool-0] c.s.guns.threads.UseAppliesThread        : Task Thread- Requisition application
2023-04-28 09:14:06.167  INFO 12788 --- [demo-pool-1] c.s.guns.threads.GuiHuanAppliesThread    : Task Thread- Return application
2023-04-28 09:14:06.296  INFO 12788 --- [demo-pool-0] c.s.guns.threads.UseAppliesThread        : Task Thread- Requisition application
2023-04-28 09:14:16.184  INFO 12788 --- [demo-pool-1] c.s.guns.threads.GuiHuanAppliesThread    : Task Thread- Return application
2023-04-28 09:14:16.316  INFO 12788 --- [demo-pool-0] c.s.guns.threads.UseAppliesThread        : Task Thread- Requisition application
2023-04-28 09:14:26.200  INFO 12788 --- [demo-pool-1] c.s.guns.threads.GuiHuanAppliesThread    : Task Thread- Return application
2023-04-28 09:14:26.333  INFO 12788 --- [demo-pool-0] c.s.guns.threads.UseAppliesThread        : Task Thread- Requisition application
2023-04-28 09:14:36.204  INFO 12788 --- [demo-pool-1] c.s.guns.threads.GuiHuanAppliesThread    : Task Thread- Return application
2023-04-28 09:14:36.352  INFO 12788 --- [demo-pool-0] c.s.guns.threads.UseAppliesThread        : Task Thread- Requisition application
2023-04-28 09:14:46.216  INFO 12788 --- [demo-pool-1] c.s.guns.threads.GuiHuanAppliesThread    : Task Thread- Return application
2023-04-28 09:14:46.363  INFO 12788 --- [demo-pool-0] c.s.guns.threads.UseAppliesThread        : Task Thread- Requisition application
2023-04-28 09:14:56.231  INFO 12788 --- [demo-pool-1] c.s.guns.threads.GuiHuanAppliesThread    : Task Thread- Return application
2023-04-28 09:14:56.377  INFO 12788 --- [demo-pool-0] c.s.guns.threads.UseAppliesThread        : Task Thread- Requisition application
2023-04-28 09:15:06.240  INFO 12788 --- [demo-pool-1] c.s.guns.threads.GuiHuanAppliesThread    : Task Thread- Return application
2023-04-28 09:15:06.403  INFO 12788 --- [demo-pool-0] c.s.guns.threads.UseAppliesThread        : Task Thread- Requisition application
2023-04-28 09:15:16.260  INFO 12788 --- [demo-pool-1] c.s.guns.threads.GuiHuanAppliesThread    : Task Thread- Return application
2023-04-28 09:15:16.426  INFO 12788 --- [demo-pool-0] c.s.guns.threads.UseAppliesThread        : Task Thread- Requisition application
2023-04-28 09:15:26.266  INFO 12788 --- [demo-pool-1] c.s.guns.threads.GuiHuanAppliesThread    : Task Thread- Return application
2023-04-28 09:15:26.446  INFO 12788 --- [demo-pool-0] c.s.guns.threads.UseAppliesThread        : Task Thread- Requisition application
2023-04-28 09:15:36.274  INFO 12788 --- [demo-pool-1] c.s.guns.threads.GuiHuanAppliesThread    : Task Thread- Return application
2023-04-28 09:15:36.464  INFO 12788 --- [demo-pool-0] c.s.guns.threads.UseAppliesThread        : Task Thread- Requisition application
2023-04-28 09:15:46.292  INFO 12788 --- [demo-pool-1] c.s.guns.threads.GuiHuanAppliesThread    : Task Thread- Return application
2023-04-28 09:15:46.485  INFO 12788 --- [demo-pool-0] c.s.guns.threads.UseAppliesThread        : Task Thread- Requisition application
2023-04-28 09:15:56.309  INFO 12788 --- [demo-pool-1] c.s.guns.threads.GuiHuanAppliesThread    : Task Thread- Return application
2023-04-28 09:15:56.501  INFO 12788 --- [demo-pool-0] c.s.guns.threads.UseAppliesThread        : Task Thread- Requisition application
2023-04-28 09:16:06.324  INFO 12788 --- [demo-pool-1] c.s.guns.threads.GuiHuanAppliesThread    : Task Thread- Return application
2023-04-28 09:16:06.524  INFO 12788 --- [demo-pool-0] c.s.guns.threads.UseAppliesThread        : Task Thread- Requisition application
2023-04-28 09:16:16.341  INFO 12788 --- [demo-pool-1] c.s.guns.threads.GuiHuanAppliesThread    : Task Thread- Return application
2023-04-28 09:16:16.548  INFO 12788 --- [demo-pool-0] c.s.guns.threads.UseAppliesThread        : Task Thread- Requisition application
2023-04-28 09:16:26.360  INFO 12788 --- [demo-pool-1] c.s.guns.threads.GuiHuanAppliesThread    : Task Thread- Return application
2023-04-28 09:16:26.572  INFO 12788 --- [demo-pool-0] c.s.guns.threads.UseAppliesThread        : Task Thread- Requisition application
2023-04-28 09:16:36.372  INFO 12788 --- [demo-pool-1] c.s.guns.threads.GuiHuanAppliesThread    : Task Thread- Return application
2023-04-28 09:16:36.597  INFO 12788 --- [demo-pool-0] c.s.guns.threads.UseAppliesThread        : Task Thread- Requisition application
2023-04-28 09:16:46.383  INFO 12788 --- [demo-pool-1] c.s.guns.threads.GuiHuanAppliesThread    : Task Thread- Return application
2023-04-28 09:16:46.607  INFO 12788 --- [demo-pool-0] c.s.guns.threads.UseAppliesThread        : Task Thread- Requisition application
2023-04-28 09:16:56.400  INFO 12788 --- [demo-pool-1] c.s.guns.threads.GuiHuanAppliesThread    : Task Thread- Return application
2023-04-28 09:16:56.628  INFO 12788 --- [demo-pool-0] c.s.guns.threads.UseAppliesThread        : Task Thread- Requisition application
2023-04-28 09:17:06.409  INFO 12788 --- [demo-pool-1] c.s.guns.threads.GuiHuanAppliesThread    : Task Thread- Return application
2023-04-28 09:17:06.698  INFO 12788 --- [demo-pool-0] c.s.guns.threads.UseAppliesThread        : Task Thread- Requisition application
2023-04-28 09:17:16.419  INFO 12788 --- [demo-pool-1] c.s.guns.threads.GuiHuanAppliesThread    : Task Thread- Return application
2023-04-28 09:17:16.750  INFO 12788 --- [demo-pool-0] c.s.guns.threads.UseAppliesThread        : Task Thread- Requisition application
2023-04-28 09:17:26.433  INFO 12788 --- [demo-pool-1] c.s.guns.threads.GuiHuanAppliesThread    : Task Thread- Return application
2023-04-28 09:17:26.771  INFO 12788 --- [demo-pool-0] c.s.guns.threads.UseAppliesThread        : Task Thread- Requisition application
2023-04-28 09:17:36.442  INFO 12788 --- [demo-pool-1] c.s.guns.threads.GuiHuanAppliesThread    : Task Thread- Return application
2023-04-28 09:17:36.793  INFO 12788 --- [demo-pool-0] c.s.guns.threads.UseAppliesThread        : Task Thread- Requisition application
2023-04-28 09:17:46.459  INFO 12788 --- [demo-pool-1] c.s.guns.threads.GuiHuanAppliesThread    : Task Thread- Return application
2023-04-28 09:17:46.807  INFO 12788 --- [demo-pool-0] c.s.guns.threads.UseAppliesThread        : Task Thread- Requisition application
2023-04-28 09:17:56.472  INFO 12788 --- [demo-pool-1] c.s.guns.threads.GuiHuanAppliesThread    : Task Thread- Return application
2023-04-28 09:17:56.832  INFO 12788 --- [demo-pool-0] c.s.guns.threads.UseAppliesThread        : Task Thread- Requisition application
2023-04-28 09:18:06.476  INFO 12788 --- [demo-pool-1] c.s.guns.threads.GuiHuanAppliesThread    : Task Thread- Return application
2023-04-28 09:18:06.863  INFO 12788 --- [demo-pool-0] c.s.guns.threads.UseAppliesThread        : Task Thread- Requisition application
2023-04-28 09:18:16.492  INFO 12788 --- [demo-pool-1] c.s.guns.threads.GuiHuanAppliesThread    : Task Thread- Return application
2023-04-28 09:18:16.886  INFO 12788 --- [demo-pool-0] c.s.guns.threads.UseAppliesThread        : Task Thread- Requisition application
2023-04-28 09:18:26.600  INFO 12788 --- [demo-pool-1] c.s.guns.threads.GuiHuanAppliesThread    : Task Thread- Return application
2023-04-28 09:18:26.899  INFO 12788 --- [demo-pool-0] c.s.guns.threads.UseAppliesThread        : Task Thread- Requisition application
2023-04-28 09:18:36.610  INFO 12788 --- [demo-pool-1] c.s.guns.threads.GuiHuanAppliesThread    : Task Thread- Return application
2023-04-28 09:18:36.923  INFO 12788 --- [demo-pool-0] c.s.guns.threads.UseAppliesThread        : Task Thread- Requisition application
2023-04-28 09:18:46.624  INFO 12788 --- [demo-pool-1] c.s.guns.threads.GuiHuanAppliesThread    : Task Thread- Return application
2023-04-28 09:18:46.990  INFO 12788 --- [demo-pool-0] c.s.guns.threads.UseAppliesThread        : Task Thread- Requisition application
2023-04-28 09:18:56.639  INFO 12788 --- [demo-pool-1] c.s.guns.threads.GuiHuanAppliesThread    : Task Thread- Return application
2023-04-28 09:18:57.000  INFO 12788 --- [demo-pool-0] c.s.guns.threads.UseAppliesThread        : Task Thread- Requisition application
2023-04-28 09:19:06.648  INFO 12788 --- [demo-pool-1] c.s.guns.threads.GuiHuanAppliesThread    : Task Thread- Return application
2023-04-28 09:19:07.009  INFO 12788 --- [demo-pool-0] c.s.guns.threads.UseAppliesThread        : Task Thread- Requisition application
2023-04-28 09:19:16.656  INFO 12788 --- [demo-pool-1] c.s.guns.threads.GuiHuanAppliesThread    : Task Thread- Return application
2023-04-28 09:19:17.023  INFO 12788 --- [demo-pool-0] c.s.guns.threads.UseAppliesThread        : Task Thread- Requisition application
2023-04-28 09:19:26.669  INFO 12788 --- [demo-pool-1] c.s.guns.threads.GuiHuanAppliesThread    : Task Thread- Return application
2023-04-28 09:19:27.050  INFO 12788 --- [demo-pool-0] c.s.guns.threads.UseAppliesThread        : Task Thread- Requisition application
2023-04-28 09:19:36.687  INFO 12788 --- [demo-pool-1] c.s.guns.threads.GuiHuanAppliesThread    : Task Thread- Return application
2023-04-28 09:19:37.079  INFO 12788 --- [demo-pool-0] c.s.guns.threads.UseAppliesThread        : Task Thread- Requisition application
2023-04-28 09:19:46.696  INFO 12788 --- [demo-pool-1] c.s.guns.threads.GuiHuanAppliesThread    : Task Thread- Return application
2023-04-28 09:19:47.112  INFO 12788 --- [demo-pool-0] c.s.guns.threads.UseAppliesThread        : Task Thread- Requisition application
2023-04-28 09:19:56.750  INFO 12788 --- [demo-pool-1] c.s.guns.threads.GuiHuanAppliesThread    : Task Thread- Return application
2023-04-28 09:19:57.125  INFO 12788 --- [demo-pool-0] c.s.guns.threads.UseAppliesThread        : Task Thread- Requisition application
2023-04-28 09:20:06.766  INFO 12788 --- [demo-pool-1] c.s.guns.threads.GuiHuanAppliesThread    : Task Thread- Return application
2023-04-28 09:20:07.145  INFO 12788 --- [demo-pool-0] c.s.guns.threads.UseAppliesThread        : Task Thread- Requisition application
2023-04-28 09:20:16.784  INFO 12788 --- [demo-pool-1] c.s.guns.threads.GuiHuanAppliesThread    : Task Thread- Return application
2023-04-28 09:20:17.165  INFO 12788 --- [demo-pool-0] c.s.guns.threads.UseAppliesThread        : Task Thread- Requisition application
2023-04-28 09:20:26.802  INFO 12788 --- [demo-pool-1] c.s.guns.threads.GuiHuanAppliesThread    : Task Thread- Return application
2023-04-28 09:20:27.178  INFO 12788 --- [demo-pool-0] c.s.guns.threads.UseAppliesThread        : Task Thread- Requisition application
2023-04-28 09:20:36.820  INFO 12788 --- [demo-pool-1] c.s.guns.threads.GuiHuanAppliesThread    : Task Thread- Return application
2023-04-28 09:20:37.200  INFO 12788 --- [demo-pool-0] c.s.guns.threads.UseAppliesThread        : Task Thread- Requisition application
2023-04-28 09:20:46.837  INFO 12788 --- [demo-pool-1] c.s.guns.threads.GuiHuanAppliesThread    : Task Thread- Return application
2023-04-28 09:20:47.214  INFO 12788 --- [demo-pool-0] c.s.guns.threads.UseAppliesThread        : Task Thread- Requisition application
2023-04-28 09:20:56.847  INFO 12788 --- [demo-pool-1] c.s.guns.threads.GuiHuanAppliesThread    : Task Thread- Return application
2023-04-28 09:20:57.231  INFO 12788 --- [demo-pool-0] c.s.guns.threads.UseAppliesThread        : Task Thread- Requisition application
2023-04-28 09:21:06.856  INFO 12788 --- [demo-pool-1] c.s.guns.threads.GuiHuanAppliesThread    : Task Thread- Return application
2023-04-28 09:21:07.255  INFO 12788 --- [demo-pool-0] c.s.guns.threads.UseAppliesThread        : Task Thread- Requisition application
2023-04-28 09:21:16.874  INFO 12788 --- [demo-pool-1] c.s.guns.threads.GuiHuanAppliesThread    : Task Thread- Return application
2023-04-28 09:21:17.265  INFO 12788 --- [demo-pool-0] c.s.guns.threads.UseAppliesThread        : Task Thread- Requisition application
2023-04-28 09:21:26.891  INFO 12788 --- [demo-pool-1] c.s.guns.threads.GuiHuanAppliesThread    : Task Thread- Return application
2023-04-28 09:21:27.289  INFO 12788 --- [demo-pool-0] c.s.guns.threads.UseAppliesThread        : Task Thread- Requisition application
2023-04-28 09:21:36.905  INFO 12788 --- [demo-pool-1] c.s.guns.threads.GuiHuanAppliesThread    : Task Thread- Return application
2023-04-28 09:21:37.314  INFO 12788 --- [demo-pool-0] c.s.guns.threads.UseAppliesThread        : Task Thread- Requisition application
2023-04-28 09:21:46.916  INFO 12788 --- [demo-pool-1] c.s.guns.threads.GuiHuanAppliesThread    : Task Thread- Return application
2023-04-28 09:21:47.323  INFO 12788 --- [demo-pool-0] c.s.guns.threads.UseAppliesThread        : Task Thread- Requisition application
2023-04-28 09:21:56.922  INFO 12788 --- [demo-pool-1] c.s.guns.threads.GuiHuanAppliesThread    : Task Thread- Return application
2023-04-28 09:21:57.345  INFO 12788 --- [demo-pool-0] c.s.guns.threads.UseAppliesThread        : Task Thread- Requisition application
2023-04-28 09:22:06.939  INFO 12788 --- [demo-pool-1] c.s.guns.threads.GuiHuanAppliesThread    : Task Thread- Return application
2023-04-28 09:22:07.361  INFO 12788 --- [demo-pool-0] c.s.guns.threads.UseAppliesThread        : Task Thread- Requisition application
2023-04-28 09:22:16.950  INFO 12788 --- [demo-pool-1] c.s.guns.threads.GuiHuanAppliesThread    : Task Thread- Return application
2023-04-28 09:22:17.372  INFO 12788 --- [demo-pool-0] c.s.guns.threads.UseAppliesThread        : Task Thread- Requisition application
2023-04-28 09:22:26.960  INFO 12788 --- [demo-pool-1] c.s.guns.threads.GuiHuanAppliesThread    : Task Thread- Return application
2023-04-28 09:22:27.386  INFO 12788 --- [demo-pool-0] c.s.guns.threads.UseAppliesThread        : Task Thread- Requisition application
2023-04-28 09:22:36.971  INFO 12788 --- [demo-pool-1] c.s.guns.threads.GuiHuanAppliesThread    : Task Thread- Return application
2023-04-28 09:22:37.406  INFO 12788 --- [demo-pool-0] c.s.guns.threads.UseAppliesThread        : Task Thread- Requisition application
2023-04-28 09:22:46.986  INFO 12788 --- [demo-pool-1] c.s.guns.threads.GuiHuanAppliesThread    : Task Thread- Return application
2023-04-28 09:22:47.427  INFO 12788 --- [demo-pool-0] c.s.guns.threads.UseAppliesThread        : Task Thread- Requisition application
2023-04-28 09:22:57.002  INFO 12788 --- [demo-pool-1] c.s.guns.threads.GuiHuanAppliesThread    : Task Thread- Return application
2023-04-28 09:22:57.461  INFO 12788 --- [demo-pool-0] c.s.guns.threads.UseAppliesThread        : Task Thread- Requisition application
2023-04-28 09:23:07.012  INFO 12788 --- [demo-pool-1] c.s.guns.threads.GuiHuanAppliesThread    : Task Thread- Return application
2023-04-28 09:23:07.477  INFO 12788 --- [demo-pool-0] c.s.guns.threads.UseAppliesThread        : Task Thread- Requisition application
2023-04-28 09:23:16.219  INFO 12788 --- [Thread-124] org.quartz.core.QuartzScheduler          : Scheduler quartzScheduler_$_NON_CLUSTERED paused.
2023-04-28 09:23:16.219  INFO 12788 --- [Thread-124] o.s.s.quartz.SchedulerFactoryBean        : Shutting down Quartz Scheduler
2023-04-28 09:23:16.220  INFO 12788 --- [Thread-124] org.quartz.core.QuartzScheduler          : Scheduler quartzScheduler_$_NON_CLUSTERED shutting down.
2023-04-28 09:23:16.220  INFO 12788 --- [Thread-124] org.quartz.core.QuartzScheduler          : Scheduler quartzScheduler_$_NON_CLUSTERED paused.
2023-04-28 09:23:16.223  INFO 12788 --- [Thread-124] org.quartz.core.QuartzScheduler          : Scheduler quartzScheduler_$_NON_CLUSTERED shutdown complete.
2023-04-28 09:23:16.225  INFO 12788 --- [Thread-124] c.a.icatch.imp.TransactionServiceImp     : Transaction Service: Entering shutdown (false, 9223372036854775807)...
2023-04-28 09:23:16.243  INFO 12788 --- [Thread-124] o.s.s.concurrent.ThreadPoolTaskExecutor  : Shutting down ExecutorService 'applicationTaskExecutor'
2023-04-28 09:23:16.250  INFO 12788 --- [Thread-124] c.a.datasource.pool.ConnectionPool       : atomikos connection pool 'master': destroying pool...
2023-04-28 09:23:16.251  WARN 12788 --- [Thread-124] c.a.datasource.pool.ConnectionPool       : atomikos connection pool 'master': connection is still in use on pool destroy: an AtomikosXAPooledConnection with a SessionHandleState with 1 context(s) - please check your shutdown sequence to avoid heuristic termination of ongoing transactions!
