2022-07-20 13:26:18.483  INFO 23784 --- [main] cn.stylefeng.guns.GunsApplication        : Starting GunsApplication on LAPTOP-P46VT7JU with PID 23784 (started by 爱仕达 in D:\项目资料\一汽解放智能柜\asd_faw_new)
2022-07-20 13:26:18.559  INFO 23784 --- [main] cn.stylefeng.guns.GunsApplication        : The following profiles are active: local
2022-07-20 13:26:40.985  INFO 23784 --- [main] trationDelegate$BeanPostProcessorChecker : Bean 'webConfig' of type [cn.stylefeng.guns.config.web.WebConfig$$EnhancerBySpringCGLIB$$2ca7a66d] is not eligible for getting processed by all BeanPostProcessors (for example: not eligible for auto-proxying)
2022-07-20 13:26:41.259  INFO 23784 --- [main] trationDelegate$BeanPostProcessorChecker : Bean 'org.springframework.ws.config.annotation.DelegatingWsConfiguration' of type [org.springframework.ws.config.annotation.DelegatingWsConfiguration$$EnhancerBySpringCGLIB$$66a1c8c4] is not eligible for getting processed by all BeanPostProcessors (for example: not eligible for auto-proxying)
2022-07-20 13:26:41.311  INFO 23784 --- [main] .w.s.a.s.AnnotationActionEndpointMapping : Supporting [WS-Addressing August 2004, WS-Addressing 1.0]
2022-07-20 13:26:41.315  INFO 23784 --- [main] trationDelegate$BeanPostProcessorChecker : Bean 'druidStatPointcut' of type [org.springframework.aop.support.JdkRegexpMethodPointcut] is not eligible for getting processed by all BeanPostProcessors (for example: not eligible for auto-proxying)
2022-07-20 13:26:41.562  INFO 23784 --- [main] trationDelegate$BeanPostProcessorChecker : Bean 'druidStatInterceptor' of type [com.alibaba.druid.support.spring.stat.DruidStatInterceptor] is not eligible for getting processed by all BeanPostProcessors (for example: not eligible for auto-proxying)
2022-07-20 13:26:41.562  INFO 23784 --- [main] trationDelegate$BeanPostProcessorChecker : Bean 'druidStatAdvisor' of type [org.springframework.aop.support.DefaultPointcutAdvisor] is not eligible for getting processed by all BeanPostProcessors (for example: not eligible for auto-proxying)
2022-07-20 13:26:41.894  INFO 23784 --- [main] trationDelegate$BeanPostProcessorChecker : Bean 'org.springframework.transaction.annotation.ProxyTransactionManagementConfiguration' of type [org.springframework.transaction.annotation.ProxyTransactionManagementConfiguration$$EnhancerBySpringCGLIB$$c20a03c5] is not eligible for getting processed by all BeanPostProcessors (for example: not eligible for auto-proxying)
2022-07-20 13:26:42.538  INFO 23784 --- [main] trationDelegate$BeanPostProcessorChecker : Bean 'org.springframework.security.config.annotation.configuration.ObjectPostProcessorConfiguration' of type [org.springframework.security.config.annotation.configuration.ObjectPostProcessorConfiguration$$EnhancerBySpringCGLIB$$5ab7cbff] is not eligible for getting processed by all BeanPostProcessors (for example: not eligible for auto-proxying)
2022-07-20 13:26:42.543  INFO 23784 --- [main] trationDelegate$BeanPostProcessorChecker : Bean 'objectPostProcessor' of type [org.springframework.security.config.annotation.configuration.AutowireBeanFactoryObjectPostProcessor] is not eligible for getting processed by all BeanPostProcessors (for example: not eligible for auto-proxying)
2022-07-20 13:26:42.545  INFO 23784 --- [main] trationDelegate$BeanPostProcessorChecker : Bean 'org.springframework.security.access.expression.method.DefaultMethodSecurityExpressionHandler@8f40022' of type [org.springframework.security.access.expression.method.DefaultMethodSecurityExpressionHandler] is not eligible for getting processed by all BeanPostProcessors (for example: not eligible for auto-proxying)
2022-07-20 13:26:42.549  INFO 23784 --- [main] trationDelegate$BeanPostProcessorChecker : Bean 'org.springframework.security.config.annotation.method.configuration.GlobalMethodSecurityConfiguration' of type [org.springframework.security.config.annotation.method.configuration.GlobalMethodSecurityConfiguration$$EnhancerBySpringCGLIB$$7f8c6eb1] is not eligible for getting processed by all BeanPostProcessors (for example: not eligible for auto-proxying)
2022-07-20 13:26:42.555  INFO 23784 --- [main] trationDelegate$BeanPostProcessorChecker : Bean 'methodSecurityMetadataSource' of type [org.springframework.security.access.method.DelegatingMethodSecurityMetadataSource] is not eligible for getting processed by all BeanPostProcessors (for example: not eligible for auto-proxying)
2022-07-20 13:26:43.645  INFO 23784 --- [main] o.s.b.w.embedded.tomcat.TomcatWebServer  : Tomcat initialized with port(s): 8099 (http)
2022-07-20 13:26:43.752  INFO 23784 --- [main] o.apache.catalina.core.StandardService   : Starting service [Tomcat]
2022-07-20 13:26:43.752  INFO 23784 --- [main] org.apache.catalina.core.StandardEngine  : Starting Servlet engine: [Apache Tomcat/9.0.21]
2022-07-20 13:26:43.890  INFO 23784 --- [main] o.a.c.c.C.[Tomcat].[localhost].[/faw]    : Initializing Spring embedded WebApplicationContext
2022-07-20 13:26:43.891  INFO 23784 --- [main] o.s.web.context.ContextLoader            : Root WebApplicationContext: initialization completed in 24889 ms
2022-07-20 13:26:43.962  WARN 23784 --- [main] c.atomikos.jdbc.AbstractDataSourceBean   : AtomikosDataSoureBean 'master': poolSize equals default - this may cause performance problems!
2022-07-20 13:26:46.011  INFO 23784 --- [main] com.alibaba.druid.pool.DruidDataSource   : {dataSource-1} inited
2022-07-20 13:26:47.224  WARN 23784 --- [main] c.atomikos.jdbc.AtomikosConnectionProxy  : atomikos connection proxy for com.alibaba.druid.proxy.jdbc.ConnectionProxyImpl@28daf506: WARNING: transaction manager not running?
2022-07-20 13:26:56.123  INFO 23784 --- [main] c.s.guns.base.db.dao.DataBaseInfoDao     : Delete the DatabaseInfo information of the master! delete1Bar!
2022-07-20 13:26:56.161  INFO 23784 --- [main] c.s.guns.base.db.dao.DataBaseInfoDao     : Initialize the DatabaseInfo information of the master! initialization1Bar!
2022-07-20 13:26:58.480  INFO 23784 --- [main] o.s.boot.web.servlet.RegistrationBean    : Servlet CXFServlet was not registered (possibly already registered?)
2022-07-20 13:26:59.200  INFO 23784 --- [main] o.s.s.concurrent.ThreadPoolTaskExecutor  : Initializing ExecutorService 'applicationTaskExecutor'
2022-07-20 13:27:03.379  INFO 23784 --- [main] o.s.s.web.DefaultSecurityFilterChain     : Creating filter chain: Ant [pattern='/login', POST], []
2022-07-20 13:27:03.379  INFO 23784 --- [main] o.s.s.web.DefaultSecurityFilterChain     : Creating filter chain: Ant [pattern='/assets/**', GET], []
2022-07-20 13:27:03.379  INFO 23784 --- [main] o.s.s.web.DefaultSecurityFilterChain     : Creating filter chain: Ant [pattern='/favicon.ico', GET], []
2022-07-20 13:27:03.379  INFO 23784 --- [main] o.s.s.web.DefaultSecurityFilterChain     : Creating filter chain: Ant [pattern='/activiti-editor/**', GET], []
2022-07-20 13:27:03.432  INFO 23784 --- [main] pertySourcedRequestMappingHandlerMapping : Mapped URL path [/v2/api-docs] onto method [public org.springframework.http.ResponseEntity<springfox.documentation.spring.web.json.Json> springfox.documentation.swagger2.web.Swagger2Controller.getDocumentation(java.lang.String,javax.servlet.http.HttpServletRequest)]
2022-07-20 13:27:03.516  INFO 23784 --- [main] o.s.s.web.DefaultSecurityFilterChain     : Creating filter chain: any request, [org.springframework.security.web.context.request.async.WebAsyncManagerIntegrationFilter@1760e688, org.springframework.security.web.context.SecurityContextPersistenceFilter@38caad07, org.springframework.security.web.header.HeaderWriterFilter@4153a832, org.springframework.web.filter.CorsFilter@53fc870f, cn.stylefeng.guns.sys.core.auth.filter.JwtAuthorizationTokenFilter@5d3b6585, org.springframework.security.web.savedrequest.RequestCacheAwareFilter@72a0a60d, org.springframework.security.web.servletapi.SecurityContextHolderAwareRequestFilter@180f33b2, org.springframework.security.web.authentication.AnonymousAuthenticationFilter@18f4086e, org.springframework.security.web.session.SessionManagementFilter@4fbc516f, org.springframework.security.web.access.ExceptionTranslationFilter@7944c323, org.springframework.security.web.access.intercept.FilterSecurityInterceptor@512dc0e0]
2022-07-20 13:27:03.959  INFO 23784 --- [main] c.stylefeng.guns.modular.utils.HttpUtil  : Resttemplate initialization completed
2022-07-20 13:27:04.262  INFO 23784 --- [main] o.a.c.w.s.f.ReflectionServiceFactoryBean : Creating Service {http://andot.org/webservice/demo/server}FawApiServiceImplService from class cn.stylefeng.guns.webservice.FawApiService
2022-07-20 13:27:05.367  INFO 23784 --- [main] org.apache.cxf.endpoint.ServerImpl       : Setting the server's publish address to be /fawApiService
2022-07-20 13:27:05.448  INFO 23784 --- [main] c.a.icatch.provider.imp.AssemblerImp     : Loaded jar:file:/D:/MAVEN/LocalWarehouse/com/atomikos/transactions/4.0.6/transactions-4.0.6.jar!/transactions-defaults.properties
2022-07-20 13:27:05.451  WARN 23784 --- [main] c.a.icatch.provider.imp.AssemblerImp     : Thanks for using Atomikos! Evaluate http://www.atomikos.com/Main/ExtremeTransactions for advanced features and professional support
or register at http://www.atomikos.com/Main/RegisterYourDownload to disable this message and receive FREE tips & advice
2022-07-20 13:27:05.453  INFO 23784 --- [main] c.a.icatch.provider.imp.AssemblerImp     : USING: com.atomikos.icatch.default_max_wait_time_on_shutdown = 9223372036854775807
2022-07-20 13:27:05.453  INFO 23784 --- [main] c.a.icatch.provider.imp.AssemblerImp     : USING: com.atomikos.icatch.allow_subtransactions = true
2022-07-20 13:27:05.454  INFO 23784 --- [main] c.a.icatch.provider.imp.AssemblerImp     : USING: com.atomikos.icatch.recovery_delay = 10000
2022-07-20 13:27:05.454  INFO 23784 --- [main] c.a.icatch.provider.imp.AssemblerImp     : USING: com.atomikos.icatch.automatic_resource_registration = true
2022-07-20 13:27:05.454  INFO 23784 --- [main] c.a.icatch.provider.imp.AssemblerImp     : USING: com.atomikos.icatch.oltp_max_retries = 5
2022-07-20 13:27:05.454  INFO 23784 --- [main] c.a.icatch.provider.imp.AssemblerImp     : USING: com.atomikos.icatch.client_demarcation = false
2022-07-20 13:27:05.454  INFO 23784 --- [main] c.a.icatch.provider.imp.AssemblerImp     : USING: com.atomikos.icatch.threaded_2pc = false
2022-07-20 13:27:05.454  INFO 23784 --- [main] c.a.icatch.provider.imp.AssemblerImp     : USING: com.atomikos.icatch.serial_jta_transactions = true
2022-07-20 13:27:05.454  INFO 23784 --- [main] c.a.icatch.provider.imp.AssemblerImp     : USING: com.atomikos.icatch.log_base_dir = D:\项目资料\一汽解放智能柜\asd_faw_new\transaction-logs
2022-07-20 13:27:05.454  INFO 23784 --- [main] c.a.icatch.provider.imp.AssemblerImp     : USING: com.atomikos.icatch.rmi_export_class = none
2022-07-20 13:27:05.454  INFO 23784 --- [main] c.a.icatch.provider.imp.AssemblerImp     : USING: com.atomikos.icatch.max_actives = -1
2022-07-20 13:27:05.454  INFO 23784 --- [main] c.a.icatch.provider.imp.AssemblerImp     : USING: com.atomikos.icatch.checkpoint_interval = 500
2022-07-20 13:27:05.454  INFO 23784 --- [main] c.a.icatch.provider.imp.AssemblerImp     : USING: com.atomikos.icatch.enable_logging = true
2022-07-20 13:27:05.454  INFO 23784 --- [main] c.a.icatch.provider.imp.AssemblerImp     : USING: com.atomikos.icatch.log_base_name = tmlog
2022-07-20 13:27:05.454  INFO 23784 --- [main] c.a.icatch.provider.imp.AssemblerImp     : USING: com.atomikos.icatch.max_timeout = 300000
2022-07-20 13:27:05.454  INFO 23784 --- [main] c.a.icatch.provider.imp.AssemblerImp     : USING: com.atomikos.icatch.trust_client_tm = false
2022-07-20 13:27:05.454  INFO 23784 --- [main] c.a.icatch.provider.imp.AssemblerImp     : USING: java.naming.factory.initial = com.sun.jndi.rmi.registry.RegistryContextFactory
2022-07-20 13:27:05.454  INFO 23784 --- [main] c.a.icatch.provider.imp.AssemblerImp     : USING: com.atomikos.icatch.tm_unique_name = 20.0.7.209.tm
2022-07-20 13:27:05.454  INFO 23784 --- [main] c.a.icatch.provider.imp.AssemblerImp     : USING: com.atomikos.icatch.forget_orphaned_log_entries_delay = 86400000
2022-07-20 13:27:05.454  INFO 23784 --- [main] c.a.icatch.provider.imp.AssemblerImp     : USING: com.atomikos.icatch.oltp_retry_interval = 10000
2022-07-20 13:27:05.454  INFO 23784 --- [main] c.a.icatch.provider.imp.AssemblerImp     : USING: java.naming.provider.url = rmi://localhost:1099
2022-07-20 13:27:05.454  INFO 23784 --- [main] c.a.icatch.provider.imp.AssemblerImp     : USING: com.atomikos.icatch.force_shutdown_on_vm_exit = false
2022-07-20 13:27:05.454  INFO 23784 --- [main] c.a.icatch.provider.imp.AssemblerImp     : USING: com.atomikos.icatch.default_jta_timeout = 300000
2022-07-20 13:27:05.455  INFO 23784 --- [main] c.a.icatch.provider.imp.AssemblerImp     : Using default (local) logging and recovery...
2022-07-20 13:27:06.073  INFO 23784 --- [main] c.a.d.xa.XATransactionalResource         : master: refreshed XAResource
2022-07-20 13:27:06.493  INFO 23784 --- [main] org.quartz.impl.StdSchedulerFactory      : Using default implementation for ThreadExecutor
2022-07-20 13:27:06.502  INFO 23784 --- [main] org.quartz.core.SchedulerSignalerImpl    : Initialized Scheduler Signaller of type: class org.quartz.core.SchedulerSignalerImpl
2022-07-20 13:27:06.502  INFO 23784 --- [main] org.quartz.core.QuartzScheduler          : Quartz Scheduler v.2.3.1 created.
2022-07-20 13:27:06.503  INFO 23784 --- [main] org.quartz.simpl.RAMJobStore             : RAMJobStore initialized.
2022-07-20 13:27:06.503  INFO 23784 --- [main] org.quartz.core.QuartzScheduler          : Scheduler meta-data: Quartz Scheduler (v2.3.1) 'quartzScheduler' with instanceId 'NON_CLUSTERED'
  Scheduler class: 'org.quartz.core.QuartzScheduler' - running locally.
  NOT STARTED.
  Currently in standby mode.
  Number of jobs executed: 0
  Using thread pool 'org.quartz.simpl.SimpleThreadPool' - with 10 threads.
  Using job-store 'org.quartz.simpl.RAMJobStore' - which does not support persistence. and is not clustered.

2022-07-20 13:27:06.504  INFO 23784 --- [main] org.quartz.impl.StdSchedulerFactory      : Quartz scheduler 'quartzScheduler' initialized from an externally provided properties instance.
2022-07-20 13:27:06.504  INFO 23784 --- [main] org.quartz.impl.StdSchedulerFactory      : Quartz scheduler version: 2.3.1
2022-07-20 13:27:06.504  INFO 23784 --- [main] org.quartz.core.QuartzScheduler          : JobFactory set to: org.springframework.scheduling.quartz.SpringBeanJobFactory@3055f310
2022-07-20 13:27:06.779  INFO 23784 --- [main] d.s.w.p.DocumentationPluginsBootstrapper : Context refreshed
2022-07-20 13:27:07.026  INFO 23784 --- [main] d.s.w.p.DocumentationPluginsBootstrapper : Found 1 custom documentation plugin(s)
2022-07-20 13:27:07.062  INFO 23784 --- [main] s.d.s.w.s.ApiListingReferenceScanner     : Scanning for api listing references
2022-07-20 13:27:07.452  INFO 23784 --- [main] .d.s.w.r.o.CachingOperationNameGenerator : Generating unique operation named: loginUsingGET_1
2022-07-20 13:27:07.453  INFO 23784 --- [main] .d.s.w.r.o.CachingOperationNameGenerator : Generating unique operation named: infoUsingGET_1
2022-07-20 13:27:07.455  INFO 23784 --- [main] .d.s.w.r.o.CachingOperationNameGenerator : Generating unique operation named: loginUsingGET_2
2022-07-20 13:27:07.455  INFO 23784 --- [main] .d.s.w.r.o.CachingOperationNameGenerator : Generating unique operation named: logoutUsingGET_1
2022-07-20 13:27:07.508  INFO 23784 --- [main] .d.s.w.r.o.CachingOperationNameGenerator : Generating unique operation named: closeCabinetUsingGET_1
2022-07-20 13:27:07.516  INFO 23784 --- [main] .d.s.w.r.o.CachingOperationNameGenerator : Generating unique operation named: conformUsingGET_1
2022-07-20 13:27:07.519  INFO 23784 --- [main] .d.s.w.r.o.CachingOperationNameGenerator : Generating unique operation named: queryToolUsingGET_1
2022-07-20 13:27:07.619  INFO 23784 --- [main] .d.s.w.r.o.CachingOperationNameGenerator : Generating unique operation named: queryToolContentUsingGET_1
2022-07-20 13:27:07.636  INFO 23784 --- [main] .d.s.w.r.o.CachingOperationNameGenerator : Generating unique operation named: replenishmentCreateOutTaskUsingGET_1
2022-07-20 13:27:07.706  INFO 23784 --- [main] .d.s.w.r.o.CachingOperationNameGenerator : Generating unique operation named: loginUsingPOST_1
2022-07-20 13:27:07.743  INFO 23784 --- [main] o.s.s.quartz.SchedulerFactoryBean        : Starting Quartz Scheduler now
2022-07-20 13:27:07.743  INFO 23784 --- [main] org.quartz.core.QuartzScheduler          : Scheduler quartzScheduler_$_NON_CLUSTERED started.
2022-07-20 13:27:07.797  INFO 23784 --- [main] o.s.b.w.embedded.tomcat.TomcatWebServer  : Tomcat started on port(s): 8099 (http) with context path '/faw'
2022-07-20 13:27:07.800  INFO 23784 --- [main] cn.stylefeng.guns.GunsApplication        : Started GunsApplication in 50.383 seconds (JVM running for 55.024)
2022-07-20 13:27:07.804  INFO 23784 --- [main] cn.stylefeng.guns.config.AppConfig       : Test Start up complete
2022-07-20 13:27:08.637  INFO 23784 --- [demo-pool-0] c.s.guns.threads.GuiHuanAppliesThread    : Task Thread- Return application
2022-07-20 13:27:08.637  INFO 23784 --- [demo-pool-1] c.s.guns.threads.UseAppliesThread        : Task Thread- Requisition application
2022-07-20 13:27:08.641  INFO 23784 --- [main] c.s.g.s.m.consts.init.SysConfigInit      : Initialization constant16 strip
2022-07-20 13:27:08.643  INFO 23784 --- [main] cn.stylefeng.guns.GunsApplication        : GunsApplication is success!
2022-07-20 13:27:18.653  INFO 23784 --- [demo-pool-1] c.s.guns.threads.UseAppliesThread        : Task Thread- Requisition application
2022-07-20 13:27:18.660  INFO 23784 --- [demo-pool-0] c.s.guns.threads.GuiHuanAppliesThread    : Task Thread- Return application
2022-07-20 13:27:28.656  INFO 23784 --- [demo-pool-1] c.s.guns.threads.UseAppliesThread        : Task Thread- Requisition application
2022-07-20 13:27:28.672  INFO 23784 --- [demo-pool-0] c.s.guns.threads.GuiHuanAppliesThread    : Task Thread- Return application
2022-07-20 13:27:38.669  INFO 23784 --- [demo-pool-1] c.s.guns.threads.UseAppliesThread        : Task Thread- Requisition application
2022-07-20 13:27:38.684  INFO 23784 --- [demo-pool-0] c.s.guns.threads.GuiHuanAppliesThread    : Task Thread- Return application
2022-07-20 13:27:48.685  INFO 23784 --- [demo-pool-1] c.s.guns.threads.UseAppliesThread        : Task Thread- Requisition application
2022-07-20 13:27:48.701  INFO 23784 --- [demo-pool-0] c.s.guns.threads.GuiHuanAppliesThread    : Task Thread- Return application
2022-07-20 13:27:52.610  INFO 23784 --- [http-nio-8099-exec-1] o.a.c.c.C.[Tomcat].[localhost].[/faw]    : Initializing Spring DispatcherServlet 'dispatcherServlet'
2022-07-20 13:27:52.610  INFO 23784 --- [http-nio-8099-exec-1] o.s.web.servlet.DispatcherServlet        : Initializing Servlet 'dispatcherServlet'
2022-07-20 13:27:52.621  INFO 23784 --- [http-nio-8099-exec-1] o.s.web.servlet.DispatcherServlet        : Completed initialization in 11 ms
2022-07-20 13:27:58.687  INFO 23784 --- [demo-pool-1] c.s.guns.threads.UseAppliesThread        : Task Thread- Requisition application
2022-07-20 13:27:58.719  INFO 23784 --- [demo-pool-0] c.s.guns.threads.GuiHuanAppliesThread    : Task Thread- Return application
2022-07-20 13:28:08.698  INFO 23784 --- [demo-pool-1] c.s.guns.threads.UseAppliesThread        : Task Thread- Requisition application
2022-07-20 13:28:08.730  INFO 23784 --- [demo-pool-0] c.s.guns.threads.GuiHuanAppliesThread    : Task Thread- Return application
2022-07-20 13:28:18.717  INFO 23784 --- [demo-pool-1] c.s.guns.threads.UseAppliesThread        : Task Thread- Requisition application
2022-07-20 13:28:18.733  INFO 23784 --- [demo-pool-0] c.s.guns.threads.GuiHuanAppliesThread    : Task Thread- Return application
2022-07-20 13:28:28.720  INFO 23784 --- [demo-pool-1] c.s.guns.threads.UseAppliesThread        : Task Thread- Requisition application
2022-07-20 13:28:28.737  INFO 23784 --- [demo-pool-0] c.s.guns.threads.GuiHuanAppliesThread    : Task Thread- Return application
2022-07-20 13:28:38.729  INFO 23784 --- [demo-pool-1] c.s.guns.threads.UseAppliesThread        : Task Thread- Requisition application
2022-07-20 13:28:38.744  INFO 23784 --- [demo-pool-0] c.s.guns.threads.GuiHuanAppliesThread    : Task Thread- Return application
2022-07-20 13:28:48.736  INFO 23784 --- [demo-pool-1] c.s.guns.threads.UseAppliesThread        : Task Thread- Requisition application
2022-07-20 13:28:48.752  INFO 23784 --- [demo-pool-0] c.s.guns.threads.GuiHuanAppliesThread    : Task Thread- Return application
2022-07-20 13:28:58.753  INFO 23784 --- [demo-pool-1] c.s.guns.threads.UseAppliesThread        : Task Thread- Requisition application
2022-07-20 13:28:58.769  INFO 23784 --- [demo-pool-0] c.s.guns.threads.GuiHuanAppliesThread    : Task Thread- Return application
2022-07-20 13:29:08.765  INFO 23784 --- [demo-pool-1] c.s.guns.threads.UseAppliesThread        : Task Thread- Requisition application
2022-07-20 13:29:08.781  INFO 23784 --- [demo-pool-0] c.s.guns.threads.GuiHuanAppliesThread    : Task Thread- Return application
2022-07-20 13:29:18.776  INFO 23784 --- [demo-pool-1] c.s.guns.threads.UseAppliesThread        : Task Thread- Requisition application
2022-07-20 13:29:18.792  INFO 23784 --- [demo-pool-0] c.s.guns.threads.GuiHuanAppliesThread    : Task Thread- Return application
2022-07-20 13:29:28.794  INFO 23784 --- [demo-pool-1] c.s.guns.threads.UseAppliesThread        : Task Thread- Requisition application
2022-07-20 13:29:28.809  INFO 23784 --- [demo-pool-0] c.s.guns.threads.GuiHuanAppliesThread    : Task Thread- Return application
2022-07-20 13:29:38.806  INFO 23784 --- [demo-pool-1] c.s.guns.threads.UseAppliesThread        : Task Thread- Requisition application
2022-07-20 13:29:38.822  INFO 23784 --- [demo-pool-0] c.s.guns.threads.GuiHuanAppliesThread    : Task Thread- Return application
2022-07-20 13:29:48.820  INFO 23784 --- [demo-pool-1] c.s.guns.threads.UseAppliesThread        : Task Thread- Requisition application
2022-07-20 13:29:48.838  INFO 23784 --- [demo-pool-0] c.s.guns.threads.GuiHuanAppliesThread    : Task Thread- Return application
2022-07-20 13:29:58.833  INFO 23784 --- [demo-pool-1] c.s.guns.threads.UseAppliesThread        : Task Thread- Requisition application
2022-07-20 13:29:58.847  INFO 23784 --- [demo-pool-0] c.s.guns.threads.GuiHuanAppliesThread    : Task Thread- Return application
2022-07-20 13:30:08.839  INFO 23784 --- [demo-pool-1] c.s.guns.threads.UseAppliesThread        : Task Thread- Requisition application
2022-07-20 13:30:08.854  INFO 23784 --- [demo-pool-0] c.s.guns.threads.GuiHuanAppliesThread    : Task Thread- Return application
2022-07-20 13:30:18.849  INFO 23784 --- [demo-pool-1] c.s.guns.threads.UseAppliesThread        : Task Thread- Requisition application
2022-07-20 13:30:18.865  INFO 23784 --- [demo-pool-0] c.s.guns.threads.GuiHuanAppliesThread    : Task Thread- Return application
2022-07-20 13:30:28.866  INFO 23784 --- [demo-pool-1] c.s.guns.threads.UseAppliesThread        : Task Thread- Requisition application
2022-07-20 13:30:28.883  INFO 23784 --- [demo-pool-0] c.s.guns.threads.GuiHuanAppliesThread    : Task Thread- Return application
2022-07-20 13:30:38.872  INFO 23784 --- [demo-pool-1] c.s.guns.threads.UseAppliesThread        : Task Thread- Requisition application
2022-07-20 13:30:38.888  INFO 23784 --- [demo-pool-0] c.s.guns.threads.GuiHuanAppliesThread    : Task Thread- Return application
2022-07-20 13:30:48.878  INFO 23784 --- [demo-pool-1] c.s.guns.threads.UseAppliesThread        : Task Thread- Requisition application
2022-07-20 13:30:48.894  INFO 23784 --- [demo-pool-0] c.s.guns.threads.GuiHuanAppliesThread    : Task Thread- Return application
2022-07-20 13:30:58.881  INFO 23784 --- [demo-pool-1] c.s.guns.threads.UseAppliesThread        : Task Thread- Requisition application
2022-07-20 13:30:58.898  INFO 23784 --- [demo-pool-0] c.s.guns.threads.GuiHuanAppliesThread    : Task Thread- Return application
2022-07-20 13:31:08.896  INFO 23784 --- [demo-pool-1] c.s.guns.threads.UseAppliesThread        : Task Thread- Requisition application
2022-07-20 13:31:08.913  INFO 23784 --- [demo-pool-0] c.s.guns.threads.GuiHuanAppliesThread    : Task Thread- Return application
2022-07-20 13:31:18.902  INFO 23784 --- [demo-pool-1] c.s.guns.threads.UseAppliesThread        : Task Thread- Requisition application
2022-07-20 13:31:18.917  INFO 23784 --- [demo-pool-0] c.s.guns.threads.GuiHuanAppliesThread    : Task Thread- Return application
2022-07-20 13:31:28.910  INFO 23784 --- [demo-pool-1] c.s.guns.threads.UseAppliesThread        : Task Thread- Requisition application
2022-07-20 13:31:28.926  INFO 23784 --- [demo-pool-0] c.s.guns.threads.GuiHuanAppliesThread    : Task Thread- Return application
2022-07-20 13:31:38.928  INFO 23784 --- [demo-pool-1] c.s.guns.threads.UseAppliesThread        : Task Thread- Requisition application
2022-07-20 13:31:38.943  INFO 23784 --- [demo-pool-0] c.s.guns.threads.GuiHuanAppliesThread    : Task Thread- Return application
2022-07-20 13:31:48.942  INFO 23784 --- [demo-pool-1] c.s.guns.threads.UseAppliesThread        : Task Thread- Requisition application
2022-07-20 13:31:48.958  INFO 23784 --- [demo-pool-0] c.s.guns.threads.GuiHuanAppliesThread    : Task Thread- Return application
2022-07-20 13:31:58.956  INFO 23784 --- [demo-pool-1] c.s.guns.threads.UseAppliesThread        : Task Thread- Requisition application
2022-07-20 13:31:58.972  INFO 23784 --- [demo-pool-0] c.s.guns.threads.GuiHuanAppliesThread    : Task Thread- Return application
2022-07-20 13:32:08.968  INFO 23784 --- [demo-pool-1] c.s.guns.threads.UseAppliesThread        : Task Thread- Requisition application
2022-07-20 13:32:08.985  INFO 23784 --- [demo-pool-0] c.s.guns.threads.GuiHuanAppliesThread    : Task Thread- Return application
2022-07-20 13:32:18.976  INFO 23784 --- [demo-pool-1] c.s.guns.threads.UseAppliesThread        : Task Thread- Requisition application
2022-07-20 13:32:18.993  INFO 23784 --- [demo-pool-0] c.s.guns.threads.GuiHuanAppliesThread    : Task Thread- Return application
2022-07-20 13:32:28.987  INFO 23784 --- [demo-pool-1] c.s.guns.threads.UseAppliesThread        : Task Thread- Requisition application
2022-07-20 13:32:29.003  INFO 23784 --- [demo-pool-0] c.s.guns.threads.GuiHuanAppliesThread    : Task Thread- Return application
2022-07-20 13:32:39.005  INFO 23784 --- [demo-pool-1] c.s.guns.threads.UseAppliesThread        : Task Thread- Requisition application
2022-07-20 13:32:39.020  INFO 23784 --- [demo-pool-0] c.s.guns.threads.GuiHuanAppliesThread    : Task Thread- Return application
2022-07-20 13:32:49.010  INFO 23784 --- [demo-pool-1] c.s.guns.threads.UseAppliesThread        : Task Thread- Requisition application
2022-07-20 13:32:49.026  INFO 23784 --- [demo-pool-0] c.s.guns.threads.GuiHuanAppliesThread    : Task Thread- Return application
2022-07-20 13:32:59.022  INFO 23784 --- [demo-pool-1] c.s.guns.threads.UseAppliesThread        : Task Thread- Requisition application
2022-07-20 13:32:59.038  INFO 23784 --- [demo-pool-0] c.s.guns.threads.GuiHuanAppliesThread    : Task Thread- Return application
2022-07-20 13:33:09.025  INFO 23784 --- [demo-pool-1] c.s.guns.threads.UseAppliesThread        : Task Thread- Requisition application
2022-07-20 13:33:09.042  INFO 23784 --- [demo-pool-0] c.s.guns.threads.GuiHuanAppliesThread    : Task Thread- Return application
2022-07-20 13:33:19.029  INFO 23784 --- [demo-pool-1] c.s.guns.threads.UseAppliesThread        : Task Thread- Requisition application
2022-07-20 13:33:19.045  INFO 23784 --- [demo-pool-0] c.s.guns.threads.GuiHuanAppliesThread    : Task Thread- Return application
2022-07-20 13:33:29.041  INFO 23784 --- [demo-pool-1] c.s.guns.threads.UseAppliesThread        : Task Thread- Requisition application
2022-07-20 13:33:29.057  INFO 23784 --- [demo-pool-0] c.s.guns.threads.GuiHuanAppliesThread    : Task Thread- Return application
2022-07-20 13:33:39.050  INFO 23784 --- [demo-pool-1] c.s.guns.threads.UseAppliesThread        : Task Thread- Requisition application
2022-07-20 13:33:39.066  INFO 23784 --- [demo-pool-0] c.s.guns.threads.GuiHuanAppliesThread    : Task Thread- Return application
2022-07-20 13:33:49.060  INFO 23784 --- [demo-pool-1] c.s.guns.threads.UseAppliesThread        : Task Thread- Requisition application
2022-07-20 13:33:49.077  INFO 23784 --- [demo-pool-0] c.s.guns.threads.GuiHuanAppliesThread    : Task Thread- Return application
2022-07-20 13:33:59.071  INFO 23784 --- [demo-pool-1] c.s.guns.threads.UseAppliesThread        : Task Thread- Requisition application
2022-07-20 13:33:59.085  INFO 23784 --- [demo-pool-0] c.s.guns.threads.GuiHuanAppliesThread    : Task Thread- Return application
2022-07-20 13:34:09.076  INFO 23784 --- [demo-pool-1] c.s.guns.threads.UseAppliesThread        : Task Thread- Requisition application
2022-07-20 13:34:09.093  INFO 23784 --- [demo-pool-0] c.s.guns.threads.GuiHuanAppliesThread    : Task Thread- Return application
2022-07-20 13:34:19.093  INFO 23784 --- [demo-pool-1] c.s.guns.threads.UseAppliesThread        : Task Thread- Requisition application
2022-07-20 13:34:19.108  INFO 23784 --- [demo-pool-0] c.s.guns.threads.GuiHuanAppliesThread    : Task Thread- Return application
2022-07-20 13:34:29.095  INFO 23784 --- [demo-pool-1] c.s.guns.threads.UseAppliesThread        : Task Thread- Requisition application
2022-07-20 13:34:29.110  INFO 23784 --- [demo-pool-0] c.s.guns.threads.GuiHuanAppliesThread    : Task Thread- Return application
2022-07-20 13:34:39.105  INFO 23784 --- [demo-pool-1] c.s.guns.threads.UseAppliesThread        : Task Thread- Requisition application
2022-07-20 13:34:39.120  INFO 23784 --- [demo-pool-0] c.s.guns.threads.GuiHuanAppliesThread    : Task Thread- Return application
2022-07-20 13:34:49.116  INFO 23784 --- [demo-pool-1] c.s.guns.threads.UseAppliesThread        : Task Thread- Requisition application
2022-07-20 13:34:49.132  INFO 23784 --- [demo-pool-0] c.s.guns.threads.GuiHuanAppliesThread    : Task Thread- Return application
2022-07-20 13:34:59.132  INFO 23784 --- [demo-pool-1] c.s.guns.threads.UseAppliesThread        : Task Thread- Requisition application
2022-07-20 13:34:59.148  INFO 23784 --- [demo-pool-0] c.s.guns.threads.GuiHuanAppliesThread    : Task Thread- Return application
2022-07-20 13:35:09.145  INFO 23784 --- [demo-pool-1] c.s.guns.threads.UseAppliesThread        : Task Thread- Requisition application
2022-07-20 13:35:09.161  INFO 23784 --- [demo-pool-0] c.s.guns.threads.GuiHuanAppliesThread    : Task Thread- Return application
2022-07-20 13:35:19.155  INFO 23784 --- [demo-pool-1] c.s.guns.threads.UseAppliesThread        : Task Thread- Requisition application
2022-07-20 13:35:19.170  INFO 23784 --- [demo-pool-0] c.s.guns.threads.GuiHuanAppliesThread    : Task Thread- Return application
2022-07-20 13:35:29.157  INFO 23784 --- [demo-pool-1] c.s.guns.threads.UseAppliesThread        : Task Thread- Requisition application
2022-07-20 13:35:29.173  INFO 23784 --- [demo-pool-0] c.s.guns.threads.GuiHuanAppliesThread    : Task Thread- Return application
2022-07-20 13:35:39.174  INFO 23784 --- [demo-pool-1] c.s.guns.threads.UseAppliesThread        : Task Thread- Requisition application
2022-07-20 13:35:39.190  INFO 23784 --- [demo-pool-0] c.s.guns.threads.GuiHuanAppliesThread    : Task Thread- Return application
2022-07-20 13:35:49.187  INFO 23784 --- [demo-pool-1] c.s.guns.threads.UseAppliesThread        : Task Thread- Requisition application
2022-07-20 13:35:49.204  INFO 23784 --- [demo-pool-0] c.s.guns.threads.GuiHuanAppliesThread    : Task Thread- Return application
2022-07-20 13:35:59.204  INFO 23784 --- [demo-pool-1] c.s.guns.threads.UseAppliesThread        : Task Thread- Requisition application
2022-07-20 13:35:59.219  INFO 23784 --- [demo-pool-0] c.s.guns.threads.GuiHuanAppliesThread    : Task Thread- Return application
2022-07-20 13:36:09.207  INFO 23784 --- [demo-pool-1] c.s.guns.threads.UseAppliesThread        : Task Thread- Requisition application
2022-07-20 13:36:09.222  INFO 23784 --- [demo-pool-0] c.s.guns.threads.GuiHuanAppliesThread    : Task Thread- Return application
2022-07-20 13:36:19.211  INFO 23784 --- [demo-pool-1] c.s.guns.threads.UseAppliesThread        : Task Thread- Requisition application
2022-07-20 13:36:19.226  INFO 23784 --- [demo-pool-0] c.s.guns.threads.GuiHuanAppliesThread    : Task Thread- Return application
2022-07-20 13:36:29.222  INFO 23784 --- [demo-pool-1] c.s.guns.threads.UseAppliesThread        : Task Thread- Requisition application
2022-07-20 13:36:29.237  INFO 23784 --- [demo-pool-0] c.s.guns.threads.GuiHuanAppliesThread    : Task Thread- Return application
2022-07-20 13:36:39.236  INFO 23784 --- [demo-pool-1] c.s.guns.threads.UseAppliesThread        : Task Thread- Requisition application
2022-07-20 13:36:39.252  INFO 23784 --- [demo-pool-0] c.s.guns.threads.GuiHuanAppliesThread    : Task Thread- Return application
2022-07-20 13:36:49.250  INFO 23784 --- [demo-pool-1] c.s.guns.threads.UseAppliesThread        : Task Thread- Requisition application
2022-07-20 13:36:49.265  INFO 23784 --- [demo-pool-0] c.s.guns.threads.GuiHuanAppliesThread    : Task Thread- Return application
2022-07-20 13:36:59.260  INFO 23784 --- [demo-pool-1] c.s.guns.threads.UseAppliesThread        : Task Thread- Requisition application
2022-07-20 13:36:59.275  INFO 23784 --- [demo-pool-0] c.s.guns.threads.GuiHuanAppliesThread    : Task Thread- Return application
2022-07-20 13:37:09.265  INFO 23784 --- [demo-pool-1] c.s.guns.threads.UseAppliesThread        : Task Thread- Requisition application
2022-07-20 13:37:09.281  INFO 23784 --- [demo-pool-0] c.s.guns.threads.GuiHuanAppliesThread    : Task Thread- Return application
2022-07-20 13:37:19.280  INFO 23784 --- [demo-pool-1] c.s.guns.threads.UseAppliesThread        : Task Thread- Requisition application
2022-07-20 13:37:19.295  INFO 23784 --- [demo-pool-0] c.s.guns.threads.GuiHuanAppliesThread    : Task Thread- Return application
2022-07-20 13:37:29.291  INFO 23784 --- [demo-pool-1] c.s.guns.threads.UseAppliesThread        : Task Thread- Requisition application
2022-07-20 13:37:29.307  INFO 23784 --- [demo-pool-0] c.s.guns.threads.GuiHuanAppliesThread    : Task Thread- Return application
2022-07-20 13:37:39.309  INFO 23784 --- [demo-pool-1] c.s.guns.threads.UseAppliesThread        : Task Thread- Requisition application
2022-07-20 13:37:39.324  INFO 23784 --- [demo-pool-0] c.s.guns.threads.GuiHuanAppliesThread    : Task Thread- Return application
2022-07-20 13:37:49.324  INFO 23784 --- [demo-pool-1] c.s.guns.threads.UseAppliesThread        : Task Thread- Requisition application
2022-07-20 13:37:49.340  INFO 23784 --- [demo-pool-0] c.s.guns.threads.GuiHuanAppliesThread    : Task Thread- Return application
2022-07-20 13:37:59.335  INFO 23784 --- [demo-pool-1] c.s.guns.threads.UseAppliesThread        : Task Thread- Requisition application
2022-07-20 13:37:59.350  INFO 23784 --- [demo-pool-0] c.s.guns.threads.GuiHuanAppliesThread    : Task Thread- Return application
2022-07-20 13:38:09.349  INFO 23784 --- [demo-pool-1] c.s.guns.threads.UseAppliesThread        : Task Thread- Requisition application
2022-07-20 13:38:09.361  INFO 23784 --- [demo-pool-0] c.s.guns.threads.GuiHuanAppliesThread    : Task Thread- Return application
2022-07-20 13:38:19.365  INFO 23784 --- [demo-pool-0] c.s.guns.threads.GuiHuanAppliesThread    : Task Thread- Return application
2022-07-20 13:38:19.366  INFO 23784 --- [demo-pool-1] c.s.guns.threads.UseAppliesThread        : Task Thread- Requisition application
2022-07-20 13:38:29.371  INFO 23784 --- [demo-pool-0] c.s.guns.threads.GuiHuanAppliesThread    : Task Thread- Return application
2022-07-20 13:38:29.371  INFO 23784 --- [demo-pool-1] c.s.guns.threads.UseAppliesThread        : Task Thread- Requisition application
2022-07-20 13:38:39.375  INFO 23784 --- [demo-pool-0] c.s.guns.threads.GuiHuanAppliesThread    : Task Thread- Return application
2022-07-20 13:38:39.376  INFO 23784 --- [demo-pool-1] c.s.guns.threads.UseAppliesThread        : Task Thread- Requisition application
2022-07-20 13:38:49.388  INFO 23784 --- [demo-pool-1] c.s.guns.threads.UseAppliesThread        : Task Thread- Requisition application
2022-07-20 13:38:49.388  INFO 23784 --- [demo-pool-0] c.s.guns.threads.GuiHuanAppliesThread    : Task Thread- Return application
2022-07-20 13:38:59.397  INFO 23784 --- [demo-pool-0] c.s.guns.threads.GuiHuanAppliesThread    : Task Thread- Return application
2022-07-20 13:38:59.397  INFO 23784 --- [demo-pool-1] c.s.guns.threads.UseAppliesThread        : Task Thread- Requisition application
2022-07-20 13:39:09.402  INFO 23784 --- [demo-pool-0] c.s.guns.threads.GuiHuanAppliesThread    : Task Thread- Return application
2022-07-20 13:39:09.402  INFO 23784 --- [demo-pool-1] c.s.guns.threads.UseAppliesThread        : Task Thread- Requisition application
2022-07-20 13:39:19.416  INFO 23784 --- [demo-pool-1] c.s.guns.threads.UseAppliesThread        : Task Thread- Requisition application
2022-07-20 13:39:19.416  INFO 23784 --- [demo-pool-0] c.s.guns.threads.GuiHuanAppliesThread    : Task Thread- Return application
2022-07-20 13:39:29.435  INFO 23784 --- [demo-pool-1] c.s.guns.threads.UseAppliesThread        : Task Thread- Requisition application
2022-07-20 13:39:29.435  INFO 23784 --- [demo-pool-0] c.s.guns.threads.GuiHuanAppliesThread    : Task Thread- Return application
2022-07-20 13:39:39.443  INFO 23784 --- [demo-pool-0] c.s.guns.threads.GuiHuanAppliesThread    : Task Thread- Return application
2022-07-20 13:39:39.443  INFO 23784 --- [demo-pool-1] c.s.guns.threads.UseAppliesThread        : Task Thread- Requisition application
2022-07-20 13:39:49.452  INFO 23784 --- [demo-pool-0] c.s.guns.threads.GuiHuanAppliesThread    : Task Thread- Return application
2022-07-20 13:39:49.452  INFO 23784 --- [demo-pool-1] c.s.guns.threads.UseAppliesThread        : Task Thread- Requisition application
2022-07-20 13:39:59.454  INFO 23784 --- [demo-pool-1] c.s.guns.threads.UseAppliesThread        : Task Thread- Requisition application
2022-07-20 13:39:59.454  INFO 23784 --- [demo-pool-0] c.s.guns.threads.GuiHuanAppliesThread    : Task Thread- Return application
2022-07-20 13:40:09.469  INFO 23784 --- [demo-pool-1] c.s.guns.threads.UseAppliesThread        : Task Thread- Requisition application
2022-07-20 13:40:09.469  INFO 23784 --- [demo-pool-0] c.s.guns.threads.GuiHuanAppliesThread    : Task Thread- Return application
2022-07-20 13:40:19.476  INFO 23784 --- [demo-pool-0] c.s.guns.threads.GuiHuanAppliesThread    : Task Thread- Return application
2022-07-20 13:40:19.477  INFO 23784 --- [demo-pool-1] c.s.guns.threads.UseAppliesThread        : Task Thread- Requisition application
2022-07-20 13:40:29.481  INFO 23784 --- [demo-pool-0] c.s.guns.threads.GuiHuanAppliesThread    : Task Thread- Return application
2022-07-20 13:40:29.481  INFO 23784 --- [demo-pool-1] c.s.guns.threads.UseAppliesThread        : Task Thread- Requisition application
2022-07-20 13:40:39.488  INFO 23784 --- [demo-pool-0] c.s.guns.threads.GuiHuanAppliesThread    : Task Thread- Return application
2022-07-20 13:40:39.489  INFO 23784 --- [demo-pool-1] c.s.guns.threads.UseAppliesThread        : Task Thread- Requisition application
2022-07-20 13:40:49.499  INFO 23784 --- [demo-pool-1] c.s.guns.threads.UseAppliesThread        : Task Thread- Requisition application
2022-07-20 13:40:49.499  INFO 23784 --- [demo-pool-0] c.s.guns.threads.GuiHuanAppliesThread    : Task Thread- Return application
2022-07-20 13:40:59.511  INFO 23784 --- [demo-pool-1] c.s.guns.threads.UseAppliesThread        : Task Thread- Requisition application
2022-07-20 13:40:59.511  INFO 23784 --- [demo-pool-0] c.s.guns.threads.GuiHuanAppliesThread    : Task Thread- Return application
2022-07-20 13:41:09.521  INFO 23784 --- [demo-pool-0] c.s.guns.threads.GuiHuanAppliesThread    : Task Thread- Return application
2022-07-20 13:41:09.521  INFO 23784 --- [demo-pool-1] c.s.guns.threads.UseAppliesThread        : Task Thread- Requisition application
2022-07-20 13:41:19.532  INFO 23784 --- [demo-pool-1] c.s.guns.threads.UseAppliesThread        : Task Thread- Requisition application
2022-07-20 13:41:19.532  INFO 23784 --- [demo-pool-0] c.s.guns.threads.GuiHuanAppliesThread    : Task Thread- Return application
2022-07-20 13:41:29.546  INFO 23784 --- [demo-pool-0] c.s.guns.threads.GuiHuanAppliesThread    : Task Thread- Return application
2022-07-20 13:41:29.546  INFO 23784 --- [demo-pool-1] c.s.guns.threads.UseAppliesThread        : Task Thread- Requisition application
2022-07-20 13:41:39.554  INFO 23784 --- [demo-pool-0] c.s.guns.threads.GuiHuanAppliesThread    : Task Thread- Return application
2022-07-20 13:41:39.554  INFO 23784 --- [demo-pool-1] c.s.guns.threads.UseAppliesThread        : Task Thread- Requisition application
2022-07-20 13:41:49.560  INFO 23784 --- [demo-pool-0] c.s.guns.threads.GuiHuanAppliesThread    : Task Thread- Return application
2022-07-20 13:41:49.560  INFO 23784 --- [demo-pool-1] c.s.guns.threads.UseAppliesThread        : Task Thread- Requisition application
2022-07-20 13:41:59.575  INFO 23784 --- [demo-pool-1] c.s.guns.threads.UseAppliesThread        : Task Thread- Requisition application
2022-07-20 13:41:59.575  INFO 23784 --- [demo-pool-0] c.s.guns.threads.GuiHuanAppliesThread    : Task Thread- Return application
2022-07-20 13:42:09.580  INFO 23784 --- [demo-pool-0] c.s.guns.threads.GuiHuanAppliesThread    : Task Thread- Return application
2022-07-20 13:42:09.580  INFO 23784 --- [demo-pool-1] c.s.guns.threads.UseAppliesThread        : Task Thread- Requisition application
2022-07-20 13:42:19.591  INFO 23784 --- [demo-pool-0] c.s.guns.threads.GuiHuanAppliesThread    : Task Thread- Return application
2022-07-20 13:42:19.591  INFO 23784 --- [demo-pool-1] c.s.guns.threads.UseAppliesThread        : Task Thread- Requisition application
2022-07-20 13:42:29.596  INFO 23784 --- [demo-pool-0] c.s.guns.threads.GuiHuanAppliesThread    : Task Thread- Return application
2022-07-20 13:42:29.596  INFO 23784 --- [demo-pool-1] c.s.guns.threads.UseAppliesThread        : Task Thread- Requisition application
2022-07-20 13:42:39.609  INFO 23784 --- [demo-pool-1] c.s.guns.threads.UseAppliesThread        : Task Thread- Requisition application
2022-07-20 13:42:39.609  INFO 23784 --- [demo-pool-0] c.s.guns.threads.GuiHuanAppliesThread    : Task Thread- Return application
2022-07-20 13:42:49.616  INFO 23784 --- [demo-pool-1] c.s.guns.threads.UseAppliesThread        : Task Thread- Requisition application
2022-07-20 13:42:49.616  INFO 23784 --- [demo-pool-0] c.s.guns.threads.GuiHuanAppliesThread    : Task Thread- Return application
2022-07-20 13:42:59.630  INFO 23784 --- [demo-pool-1] c.s.guns.threads.UseAppliesThread        : Task Thread- Requisition application
2022-07-20 13:42:59.630  INFO 23784 --- [demo-pool-0] c.s.guns.threads.GuiHuanAppliesThread    : Task Thread- Return application
2022-07-20 13:43:09.644  INFO 23784 --- [demo-pool-1] c.s.guns.threads.UseAppliesThread        : Task Thread- Requisition application
2022-07-20 13:43:09.644  INFO 23784 --- [demo-pool-0] c.s.guns.threads.GuiHuanAppliesThread    : Task Thread- Return application
2022-07-20 13:43:19.659  INFO 23784 --- [demo-pool-1] c.s.guns.threads.UseAppliesThread        : Task Thread- Requisition application
2022-07-20 13:43:19.659  INFO 23784 --- [demo-pool-0] c.s.guns.threads.GuiHuanAppliesThread    : Task Thread- Return application
2022-07-20 13:43:29.669  INFO 23784 --- [demo-pool-0] c.s.guns.threads.GuiHuanAppliesThread    : Task Thread- Return application
2022-07-20 13:43:29.669  INFO 23784 --- [demo-pool-1] c.s.guns.threads.UseAppliesThread        : Task Thread- Requisition application
2022-07-20 13:43:39.680  INFO 23784 --- [demo-pool-1] c.s.guns.threads.UseAppliesThread        : Task Thread- Requisition application
2022-07-20 13:43:39.680  INFO 23784 --- [demo-pool-0] c.s.guns.threads.GuiHuanAppliesThread    : Task Thread- Return application
2022-07-20 13:43:49.684  INFO 23784 --- [demo-pool-1] c.s.guns.threads.UseAppliesThread        : Task Thread- Requisition application
2022-07-20 13:43:49.684  INFO 23784 --- [demo-pool-0] c.s.guns.threads.GuiHuanAppliesThread    : Task Thread- Return application
2022-07-20 13:43:59.687  INFO 23784 --- [demo-pool-1] c.s.guns.threads.UseAppliesThread        : Task Thread- Requisition application
2022-07-20 13:43:59.687  INFO 23784 --- [demo-pool-0] c.s.guns.threads.GuiHuanAppliesThread    : Task Thread- Return application
2022-07-20 13:44:09.691  INFO 23784 --- [demo-pool-1] c.s.guns.threads.UseAppliesThread        : Task Thread- Requisition application
2022-07-20 13:44:09.691  INFO 23784 --- [demo-pool-0] c.s.guns.threads.GuiHuanAppliesThread    : Task Thread- Return application
2022-07-20 13:44:19.704  INFO 23784 --- [demo-pool-1] c.s.guns.threads.UseAppliesThread        : Task Thread- Requisition application
2022-07-20 13:44:19.704  INFO 23784 --- [demo-pool-0] c.s.guns.threads.GuiHuanAppliesThread    : Task Thread- Return application
2022-07-20 13:44:29.715  INFO 23784 --- [demo-pool-0] c.s.guns.threads.GuiHuanAppliesThread    : Task Thread- Return application
2022-07-20 13:44:29.715  INFO 23784 --- [demo-pool-1] c.s.guns.threads.UseAppliesThread        : Task Thread- Requisition application
2022-07-20 13:44:39.723  INFO 23784 --- [demo-pool-1] c.s.guns.threads.UseAppliesThread        : Task Thread- Requisition application
2022-07-20 13:44:39.723  INFO 23784 --- [demo-pool-0] c.s.guns.threads.GuiHuanAppliesThread    : Task Thread- Return application
2022-07-20 13:44:49.728  INFO 23784 --- [demo-pool-1] c.s.guns.threads.UseAppliesThread        : Task Thread- Requisition application
2022-07-20 13:44:49.729  INFO 23784 --- [demo-pool-0] c.s.guns.threads.GuiHuanAppliesThread    : Task Thread- Return application
2022-07-20 13:44:59.739  INFO 23784 --- [demo-pool-1] c.s.guns.threads.UseAppliesThread        : Task Thread- Requisition application
2022-07-20 13:44:59.739  INFO 23784 --- [demo-pool-0] c.s.guns.threads.GuiHuanAppliesThread    : Task Thread- Return application
2022-07-20 13:45:09.755  INFO 23784 --- [demo-pool-1] c.s.guns.threads.UseAppliesThread        : Task Thread- Requisition application
2022-07-20 13:45:09.755  INFO 23784 --- [demo-pool-0] c.s.guns.threads.GuiHuanAppliesThread    : Task Thread- Return application
2022-07-20 13:45:19.765  INFO 23784 --- [demo-pool-0] c.s.guns.threads.GuiHuanAppliesThread    : Task Thread- Return application
2022-07-20 13:45:19.765  INFO 23784 --- [demo-pool-1] c.s.guns.threads.UseAppliesThread        : Task Thread- Requisition application
2022-07-20 13:45:29.780  INFO 23784 --- [demo-pool-0] c.s.guns.threads.GuiHuanAppliesThread    : Task Thread- Return application
2022-07-20 13:45:29.780  INFO 23784 --- [demo-pool-1] c.s.guns.threads.UseAppliesThread        : Task Thread- Requisition application
2022-07-20 13:45:39.789  INFO 23784 --- [demo-pool-1] c.s.guns.threads.UseAppliesThread        : Task Thread- Requisition application
2022-07-20 13:45:39.789  INFO 23784 --- [demo-pool-0] c.s.guns.threads.GuiHuanAppliesThread    : Task Thread- Return application
2022-07-20 13:45:49.804  INFO 23784 --- [demo-pool-0] c.s.guns.threads.GuiHuanAppliesThread    : Task Thread- Return application
2022-07-20 13:45:49.804  INFO 23784 --- [demo-pool-1] c.s.guns.threads.UseAppliesThread        : Task Thread- Requisition application
2022-07-20 13:45:59.815  INFO 23784 --- [demo-pool-0] c.s.guns.threads.GuiHuanAppliesThread    : Task Thread- Return application
2022-07-20 13:45:59.815  INFO 23784 --- [demo-pool-1] c.s.guns.threads.UseAppliesThread        : Task Thread- Requisition application
2022-07-20 13:46:09.825  INFO 23784 --- [demo-pool-1] c.s.guns.threads.UseAppliesThread        : Task Thread- Requisition application
2022-07-20 13:46:09.825  INFO 23784 --- [demo-pool-0] c.s.guns.threads.GuiHuanAppliesThread    : Task Thread- Return application
2022-07-20 13:46:19.838  INFO 23784 --- [demo-pool-0] c.s.guns.threads.GuiHuanAppliesThread    : Task Thread- Return application
2022-07-20 13:46:19.838  INFO 23784 --- [demo-pool-1] c.s.guns.threads.UseAppliesThread        : Task Thread- Requisition application
2022-07-20 13:46:29.847  INFO 23784 --- [demo-pool-1] c.s.guns.threads.UseAppliesThread        : Task Thread- Requisition application
2022-07-20 13:46:29.847  INFO 23784 --- [demo-pool-0] c.s.guns.threads.GuiHuanAppliesThread    : Task Thread- Return application
2022-07-20 13:46:39.856  INFO 23784 --- [demo-pool-1] c.s.guns.threads.UseAppliesThread        : Task Thread- Requisition application
2022-07-20 13:46:39.856  INFO 23784 --- [demo-pool-0] c.s.guns.threads.GuiHuanAppliesThread    : Task Thread- Return application
2022-07-20 13:46:49.865  INFO 23784 --- [demo-pool-0] c.s.guns.threads.GuiHuanAppliesThread    : Task Thread- Return application
2022-07-20 13:46:49.865  INFO 23784 --- [demo-pool-1] c.s.guns.threads.UseAppliesThread        : Task Thread- Requisition application
2022-07-20 13:46:59.874  INFO 23784 --- [demo-pool-1] c.s.guns.threads.UseAppliesThread        : Task Thread- Requisition application
2022-07-20 13:46:59.875  INFO 23784 --- [demo-pool-0] c.s.guns.threads.GuiHuanAppliesThread    : Task Thread- Return application
2022-07-20 13:47:09.889  INFO 23784 --- [demo-pool-0] c.s.guns.threads.GuiHuanAppliesThread    : Task Thread- Return application
2022-07-20 13:47:09.889  INFO 23784 --- [demo-pool-1] c.s.guns.threads.UseAppliesThread        : Task Thread- Requisition application
2022-07-20 13:47:19.898  INFO 23784 --- [demo-pool-0] c.s.guns.threads.GuiHuanAppliesThread    : Task Thread- Return application
2022-07-20 13:47:19.898  INFO 23784 --- [demo-pool-1] c.s.guns.threads.UseAppliesThread        : Task Thread- Requisition application
2022-07-20 13:47:29.916  INFO 23784 --- [demo-pool-1] c.s.guns.threads.UseAppliesThread        : Task Thread- Requisition application
2022-07-20 13:47:29.916  INFO 23784 --- [demo-pool-0] c.s.guns.threads.GuiHuanAppliesThread    : Task Thread- Return application
2022-07-20 13:47:39.924  INFO 23784 --- [demo-pool-0] c.s.guns.threads.GuiHuanAppliesThread    : Task Thread- Return application
2022-07-20 13:47:39.924  INFO 23784 --- [demo-pool-1] c.s.guns.threads.UseAppliesThread        : Task Thread- Requisition application
2022-07-20 13:47:49.933  INFO 23784 --- [demo-pool-1] c.s.guns.threads.UseAppliesThread        : Task Thread- Requisition application
2022-07-20 13:47:49.933  INFO 23784 --- [demo-pool-0] c.s.guns.threads.GuiHuanAppliesThread    : Task Thread- Return application
2022-07-20 13:47:59.941  INFO 23784 --- [demo-pool-0] c.s.guns.threads.GuiHuanAppliesThread    : Task Thread- Return application
2022-07-20 13:47:59.941  INFO 23784 --- [demo-pool-1] c.s.guns.threads.UseAppliesThread        : Task Thread- Requisition application
2022-07-20 13:48:09.956  INFO 23784 --- [demo-pool-1] c.s.guns.threads.UseAppliesThread        : Task Thread- Requisition application
2022-07-20 13:48:09.956  INFO 23784 --- [demo-pool-0] c.s.guns.threads.GuiHuanAppliesThread    : Task Thread- Return application
2022-07-20 13:48:19.969  INFO 23784 --- [demo-pool-0] c.s.guns.threads.GuiHuanAppliesThread    : Task Thread- Return application
2022-07-20 13:48:19.969  INFO 23784 --- [demo-pool-1] c.s.guns.threads.UseAppliesThread        : Task Thread- Requisition application
2022-07-20 13:48:29.971  INFO 23784 --- [demo-pool-1] c.s.guns.threads.UseAppliesThread        : Task Thread- Requisition application
2022-07-20 13:48:29.971  INFO 23784 --- [demo-pool-0] c.s.guns.threads.GuiHuanAppliesThread    : Task Thread- Return application
2022-07-20 13:48:39.981  INFO 23784 --- [demo-pool-1] c.s.guns.threads.UseAppliesThread        : Task Thread- Requisition application
2022-07-20 13:48:39.981  INFO 23784 --- [demo-pool-0] c.s.guns.threads.GuiHuanAppliesThread    : Task Thread- Return application
2022-07-20 13:48:49.989  INFO 23784 --- [demo-pool-0] c.s.guns.threads.GuiHuanAppliesThread    : Task Thread- Return application
2022-07-20 13:48:49.989  INFO 23784 --- [demo-pool-1] c.s.guns.threads.UseAppliesThread        : Task Thread- Requisition application
2022-07-20 13:49:00.006  INFO 23784 --- [demo-pool-1] c.s.guns.threads.UseAppliesThread        : Task Thread- Requisition application
2022-07-20 13:49:00.006  INFO 23784 --- [demo-pool-0] c.s.guns.threads.GuiHuanAppliesThread    : Task Thread- Return application
2022-07-20 13:49:10.013  INFO 23784 --- [demo-pool-0] c.s.guns.threads.GuiHuanAppliesThread    : Task Thread- Return application
2022-07-20 13:49:10.013  INFO 23784 --- [demo-pool-1] c.s.guns.threads.UseAppliesThread        : Task Thread- Requisition application
2022-07-20 13:49:20.030  INFO 23784 --- [demo-pool-0] c.s.guns.threads.GuiHuanAppliesThread    : Task Thread- Return application
2022-07-20 13:49:20.030  INFO 23784 --- [demo-pool-1] c.s.guns.threads.UseAppliesThread        : Task Thread- Requisition application
2022-07-20 13:49:30.041  INFO 23784 --- [demo-pool-1] c.s.guns.threads.UseAppliesThread        : Task Thread- Requisition application
2022-07-20 13:49:30.041  INFO 23784 --- [demo-pool-0] c.s.guns.threads.GuiHuanAppliesThread    : Task Thread- Return application
2022-07-20 13:49:40.046  INFO 23784 --- [demo-pool-0] c.s.guns.threads.GuiHuanAppliesThread    : Task Thread- Return application
2022-07-20 13:49:40.046  INFO 23784 --- [demo-pool-1] c.s.guns.threads.UseAppliesThread        : Task Thread- Requisition application
2022-07-20 13:49:50.050  INFO 23784 --- [demo-pool-0] c.s.guns.threads.GuiHuanAppliesThread    : Task Thread- Return application
2022-07-20 13:49:50.050  INFO 23784 --- [demo-pool-1] c.s.guns.threads.UseAppliesThread        : Task Thread- Requisition application
2022-07-20 13:50:00.066  INFO 23784 --- [demo-pool-1] c.s.guns.threads.UseAppliesThread        : Task Thread- Requisition application
2022-07-20 13:50:00.066  INFO 23784 --- [demo-pool-0] c.s.guns.threads.GuiHuanAppliesThread    : Task Thread- Return application
2022-07-20 13:50:10.078  INFO 23784 --- [demo-pool-1] c.s.guns.threads.UseAppliesThread        : Task Thread- Requisition application
2022-07-20 13:50:10.079  INFO 23784 --- [demo-pool-0] c.s.guns.threads.GuiHuanAppliesThread    : Task Thread- Return application
2022-07-20 13:50:20.097  INFO 23784 --- [demo-pool-0] c.s.guns.threads.GuiHuanAppliesThread    : Task Thread- Return application
2022-07-20 13:50:20.097  INFO 23784 --- [demo-pool-1] c.s.guns.threads.UseAppliesThread        : Task Thread- Requisition application
2022-07-20 13:50:30.099  INFO 23784 --- [demo-pool-0] c.s.guns.threads.GuiHuanAppliesThread    : Task Thread- Return application
2022-07-20 13:50:30.099  INFO 23784 --- [demo-pool-1] c.s.guns.threads.UseAppliesThread        : Task Thread- Requisition application
2022-07-20 13:50:40.115  INFO 23784 --- [demo-pool-1] c.s.guns.threads.UseAppliesThread        : Task Thread- Requisition application
2022-07-20 13:50:40.116  INFO 23784 --- [demo-pool-0] c.s.guns.threads.GuiHuanAppliesThread    : Task Thread- Return application
2022-07-20 13:50:50.128  INFO 23784 --- [demo-pool-1] c.s.guns.threads.UseAppliesThread        : Task Thread- Requisition application
2022-07-20 13:50:50.128  INFO 23784 --- [demo-pool-0] c.s.guns.threads.GuiHuanAppliesThread    : Task Thread- Return application
2022-07-20 13:51:00.143  INFO 23784 --- [demo-pool-1] c.s.guns.threads.UseAppliesThread        : Task Thread- Requisition application
2022-07-20 13:51:00.144  INFO 23784 --- [demo-pool-0] c.s.guns.threads.GuiHuanAppliesThread    : Task Thread- Return application
2022-07-20 13:51:10.152  INFO 23784 --- [demo-pool-1] c.s.guns.threads.UseAppliesThread        : Task Thread- Requisition application
2022-07-20 13:51:10.152  INFO 23784 --- [demo-pool-0] c.s.guns.threads.GuiHuanAppliesThread    : Task Thread- Return application
2022-07-20 13:51:20.167  INFO 23784 --- [demo-pool-1] c.s.guns.threads.UseAppliesThread        : Task Thread- Requisition application
2022-07-20 13:51:20.167  INFO 23784 --- [demo-pool-0] c.s.guns.threads.GuiHuanAppliesThread    : Task Thread- Return application
2022-07-20 13:51:30.173  INFO 23784 --- [demo-pool-1] c.s.guns.threads.UseAppliesThread        : Task Thread- Requisition application
2022-07-20 13:51:30.173  INFO 23784 --- [demo-pool-0] c.s.guns.threads.GuiHuanAppliesThread    : Task Thread- Return application
2022-07-20 13:51:40.182  INFO 23784 --- [demo-pool-0] c.s.guns.threads.GuiHuanAppliesThread    : Task Thread- Return application
2022-07-20 13:51:40.183  INFO 23784 --- [demo-pool-1] c.s.guns.threads.UseAppliesThread        : Task Thread- Requisition application
2022-07-20 13:51:50.197  INFO 23784 --- [demo-pool-1] c.s.guns.threads.UseAppliesThread        : Task Thread- Requisition application
2022-07-20 13:51:50.197  INFO 23784 --- [demo-pool-0] c.s.guns.threads.GuiHuanAppliesThread    : Task Thread- Return application
2022-07-20 13:52:00.204  INFO 23784 --- [demo-pool-1] c.s.guns.threads.UseAppliesThread        : Task Thread- Requisition application
2022-07-20 13:52:00.204  INFO 23784 --- [demo-pool-0] c.s.guns.threads.GuiHuanAppliesThread    : Task Thread- Return application
2022-07-20 13:52:10.221  INFO 23784 --- [demo-pool-0] c.s.guns.threads.GuiHuanAppliesThread    : Task Thread- Return application
2022-07-20 13:52:10.221  INFO 23784 --- [demo-pool-1] c.s.guns.threads.UseAppliesThread        : Task Thread- Requisition application
2022-07-20 13:52:20.225  INFO 23784 --- [demo-pool-0] c.s.guns.threads.GuiHuanAppliesThread    : Task Thread- Return application
2022-07-20 13:52:20.225  INFO 23784 --- [demo-pool-1] c.s.guns.threads.UseAppliesThread        : Task Thread- Requisition application
2022-07-20 13:52:30.241  INFO 23784 --- [demo-pool-1] c.s.guns.threads.UseAppliesThread        : Task Thread- Requisition application
2022-07-20 13:52:30.241  INFO 23784 --- [demo-pool-0] c.s.guns.threads.GuiHuanAppliesThread    : Task Thread- Return application
2022-07-20 13:52:40.245  INFO 23784 --- [demo-pool-1] c.s.guns.threads.UseAppliesThread        : Task Thread- Requisition application
2022-07-20 13:52:40.245  INFO 23784 --- [demo-pool-0] c.s.guns.threads.GuiHuanAppliesThread    : Task Thread- Return application
2022-07-20 13:52:50.254  INFO 23784 --- [demo-pool-1] c.s.guns.threads.UseAppliesThread        : Task Thread- Requisition application
2022-07-20 13:52:50.254  INFO 23784 --- [demo-pool-0] c.s.guns.threads.GuiHuanAppliesThread    : Task Thread- Return application
2022-07-20 13:53:00.263  INFO 23784 --- [demo-pool-1] c.s.guns.threads.UseAppliesThread        : Task Thread- Requisition application
2022-07-20 13:53:00.263  INFO 23784 --- [demo-pool-0] c.s.guns.threads.GuiHuanAppliesThread    : Task Thread- Return application
2022-07-20 13:53:10.272  INFO 23784 --- [demo-pool-0] c.s.guns.threads.GuiHuanAppliesThread    : Task Thread- Return application
2022-07-20 13:53:10.272  INFO 23784 --- [demo-pool-1] c.s.guns.threads.UseAppliesThread        : Task Thread- Requisition application
2022-07-20 13:53:20.280  INFO 23784 --- [demo-pool-0] c.s.guns.threads.GuiHuanAppliesThread    : Task Thread- Return application
2022-07-20 13:53:20.280  INFO 23784 --- [demo-pool-1] c.s.guns.threads.UseAppliesThread        : Task Thread- Requisition application
2022-07-20 13:53:30.283  INFO 23784 --- [demo-pool-1] c.s.guns.threads.UseAppliesThread        : Task Thread- Requisition application
2022-07-20 13:53:30.283  INFO 23784 --- [demo-pool-0] c.s.guns.threads.GuiHuanAppliesThread    : Task Thread- Return application
2022-07-20 13:53:40.293  INFO 23784 --- [demo-pool-0] c.s.guns.threads.GuiHuanAppliesThread    : Task Thread- Return application
2022-07-20 13:53:40.294  INFO 23784 --- [demo-pool-1] c.s.guns.threads.UseAppliesThread        : Task Thread- Requisition application
2022-07-20 13:53:50.307  INFO 23784 --- [demo-pool-1] c.s.guns.threads.UseAppliesThread        : Task Thread- Requisition application
2022-07-20 13:53:50.307  INFO 23784 --- [demo-pool-0] c.s.guns.threads.GuiHuanAppliesThread    : Task Thread- Return application
2022-07-20 13:54:00.314  INFO 23784 --- [demo-pool-1] c.s.guns.threads.UseAppliesThread        : Task Thread- Requisition application
2022-07-20 13:54:00.314  INFO 23784 --- [demo-pool-0] c.s.guns.threads.GuiHuanAppliesThread    : Task Thread- Return application
2022-07-20 13:54:10.320  INFO 23784 --- [demo-pool-1] c.s.guns.threads.UseAppliesThread        : Task Thread- Requisition application
2022-07-20 13:54:10.320  INFO 23784 --- [demo-pool-0] c.s.guns.threads.GuiHuanAppliesThread    : Task Thread- Return application
2022-07-20 13:54:20.322  INFO 23784 --- [demo-pool-0] c.s.guns.threads.GuiHuanAppliesThread    : Task Thread- Return application
2022-07-20 13:54:20.322  INFO 23784 --- [demo-pool-1] c.s.guns.threads.UseAppliesThread        : Task Thread- Requisition application
2022-07-20 13:54:30.338  INFO 23784 --- [demo-pool-1] c.s.guns.threads.UseAppliesThread        : Task Thread- Requisition application
2022-07-20 13:54:30.338  INFO 23784 --- [demo-pool-0] c.s.guns.threads.GuiHuanAppliesThread    : Task Thread- Return application
2022-07-20 13:54:40.344  INFO 23784 --- [demo-pool-1] c.s.guns.threads.UseAppliesThread        : Task Thread- Requisition application
2022-07-20 13:54:40.344  INFO 23784 --- [demo-pool-0] c.s.guns.threads.GuiHuanAppliesThread    : Task Thread- Return application
2022-07-20 13:54:50.351  INFO 23784 --- [demo-pool-1] c.s.guns.threads.UseAppliesThread        : Task Thread- Requisition application
2022-07-20 13:54:50.351  INFO 23784 --- [demo-pool-0] c.s.guns.threads.GuiHuanAppliesThread    : Task Thread- Return application
2022-07-20 13:55:00.368  INFO 23784 --- [demo-pool-1] c.s.guns.threads.UseAppliesThread        : Task Thread- Requisition application
2022-07-20 13:55:00.368  INFO 23784 --- [demo-pool-0] c.s.guns.threads.GuiHuanAppliesThread    : Task Thread- Return application
2022-07-20 13:55:10.379  INFO 23784 --- [demo-pool-0] c.s.guns.threads.GuiHuanAppliesThread    : Task Thread- Return application
2022-07-20 13:55:10.379  INFO 23784 --- [demo-pool-1] c.s.guns.threads.UseAppliesThread        : Task Thread- Requisition application
2022-07-20 13:55:20.396  INFO 23784 --- [demo-pool-1] c.s.guns.threads.UseAppliesThread        : Task Thread- Requisition application
2022-07-20 13:55:20.396  INFO 23784 --- [demo-pool-0] c.s.guns.threads.GuiHuanAppliesThread    : Task Thread- Return application
2022-07-20 13:55:30.404  INFO 23784 --- [demo-pool-1] c.s.guns.threads.UseAppliesThread        : Task Thread- Requisition application
2022-07-20 13:55:30.404  INFO 23784 --- [demo-pool-0] c.s.guns.threads.GuiHuanAppliesThread    : Task Thread- Return application
2022-07-20 13:55:40.408  INFO 23784 --- [demo-pool-1] c.s.guns.threads.UseAppliesThread        : Task Thread- Requisition application
2022-07-20 13:55:40.408  INFO 23784 --- [demo-pool-0] c.s.guns.threads.GuiHuanAppliesThread    : Task Thread- Return application
2022-07-20 13:55:50.424  INFO 23784 --- [demo-pool-1] c.s.guns.threads.UseAppliesThread        : Task Thread- Requisition application
2022-07-20 13:55:50.424  INFO 23784 --- [demo-pool-0] c.s.guns.threads.GuiHuanAppliesThread    : Task Thread- Return application
2022-07-20 13:56:00.428  INFO 23784 --- [demo-pool-0] c.s.guns.threads.GuiHuanAppliesThread    : Task Thread- Return application
2022-07-20 13:56:00.428  INFO 23784 --- [demo-pool-1] c.s.guns.threads.UseAppliesThread        : Task Thread- Requisition application
2022-07-20 13:56:10.435  INFO 23784 --- [demo-pool-1] c.s.guns.threads.UseAppliesThread        : Task Thread- Requisition application
2022-07-20 13:56:10.435  INFO 23784 --- [demo-pool-0] c.s.guns.threads.GuiHuanAppliesThread    : Task Thread- Return application
2022-07-20 13:56:20.449  INFO 23784 --- [demo-pool-1] c.s.guns.threads.UseAppliesThread        : Task Thread- Requisition application
2022-07-20 13:56:20.449  INFO 23784 --- [demo-pool-0] c.s.guns.threads.GuiHuanAppliesThread    : Task Thread- Return application
2022-07-20 13:56:30.464  INFO 23784 --- [demo-pool-0] c.s.guns.threads.GuiHuanAppliesThread    : Task Thread- Return application
2022-07-20 13:56:30.464  INFO 23784 --- [demo-pool-1] c.s.guns.threads.UseAppliesThread        : Task Thread- Requisition application
2022-07-20 13:56:40.475  INFO 23784 --- [demo-pool-1] c.s.guns.threads.UseAppliesThread        : Task Thread- Requisition application
2022-07-20 13:56:40.476  INFO 23784 --- [demo-pool-0] c.s.guns.threads.GuiHuanAppliesThread    : Task Thread- Return application
2022-07-20 13:56:50.493  INFO 23784 --- [demo-pool-1] c.s.guns.threads.UseAppliesThread        : Task Thread- Requisition application
2022-07-20 13:56:50.493  INFO 23784 --- [demo-pool-0] c.s.guns.threads.GuiHuanAppliesThread    : Task Thread- Return application
2022-07-20 13:57:00.510  INFO 23784 --- [demo-pool-1] c.s.guns.threads.UseAppliesThread        : Task Thread- Requisition application
2022-07-20 13:57:00.510  INFO 23784 --- [demo-pool-0] c.s.guns.threads.GuiHuanAppliesThread    : Task Thread- Return application
2022-07-20 13:57:10.519  INFO 23784 --- [demo-pool-1] c.s.guns.threads.UseAppliesThread        : Task Thread- Requisition application
2022-07-20 13:57:10.520  INFO 23784 --- [demo-pool-0] c.s.guns.threads.GuiHuanAppliesThread    : Task Thread- Return application
2022-07-20 13:57:20.532  INFO 23784 --- [demo-pool-1] c.s.guns.threads.UseAppliesThread        : Task Thread- Requisition application
2022-07-20 13:57:20.532  INFO 23784 --- [demo-pool-0] c.s.guns.threads.GuiHuanAppliesThread    : Task Thread- Return application
2022-07-20 13:57:30.542  INFO 23784 --- [demo-pool-1] c.s.guns.threads.UseAppliesThread        : Task Thread- Requisition application
2022-07-20 13:57:30.542  INFO 23784 --- [demo-pool-0] c.s.guns.threads.GuiHuanAppliesThread    : Task Thread- Return application
2022-07-20 13:57:40.545  INFO 23784 --- [demo-pool-1] c.s.guns.threads.UseAppliesThread        : Task Thread- Requisition application
2022-07-20 13:57:40.546  INFO 23784 --- [demo-pool-0] c.s.guns.threads.GuiHuanAppliesThread    : Task Thread- Return application
2022-07-20 13:57:50.558  INFO 23784 --- [demo-pool-1] c.s.guns.threads.UseAppliesThread        : Task Thread- Requisition application
2022-07-20 13:57:50.558  INFO 23784 --- [demo-pool-0] c.s.guns.threads.GuiHuanAppliesThread    : Task Thread- Return application
2022-07-20 13:58:00.561  INFO 23784 --- [demo-pool-0] c.s.guns.threads.GuiHuanAppliesThread    : Task Thread- Return application
2022-07-20 13:58:00.561  INFO 23784 --- [demo-pool-1] c.s.guns.threads.UseAppliesThread        : Task Thread- Requisition application
2022-07-20 13:58:10.577  INFO 23784 --- [demo-pool-0] c.s.guns.threads.GuiHuanAppliesThread    : Task Thread- Return application
2022-07-20 13:58:10.577  INFO 23784 --- [demo-pool-1] c.s.guns.threads.UseAppliesThread        : Task Thread- Requisition application
2022-07-20 13:58:20.583  INFO 23784 --- [demo-pool-1] c.s.guns.threads.UseAppliesThread        : Task Thread- Requisition application
2022-07-20 13:58:20.583  INFO 23784 --- [demo-pool-0] c.s.guns.threads.GuiHuanAppliesThread    : Task Thread- Return application
2022-07-20 13:58:30.594  INFO 23784 --- [demo-pool-1] c.s.guns.threads.UseAppliesThread        : Task Thread- Requisition application
2022-07-20 13:58:30.595  INFO 23784 --- [demo-pool-0] c.s.guns.threads.GuiHuanAppliesThread    : Task Thread- Return application
2022-07-20 13:58:40.601  INFO 23784 --- [demo-pool-0] c.s.guns.threads.GuiHuanAppliesThread    : Task Thread- Return application
2022-07-20 13:58:40.601  INFO 23784 --- [demo-pool-1] c.s.guns.threads.UseAppliesThread        : Task Thread- Requisition application
2022-07-20 13:58:50.603  INFO 23784 --- [demo-pool-0] c.s.guns.threads.GuiHuanAppliesThread    : Task Thread- Return application
2022-07-20 13:58:50.603  INFO 23784 --- [demo-pool-1] c.s.guns.threads.UseAppliesThread        : Task Thread- Requisition application
2022-07-20 13:59:00.617  INFO 23784 --- [demo-pool-1] c.s.guns.threads.UseAppliesThread        : Task Thread- Requisition application
2022-07-20 13:59:00.618  INFO 23784 --- [demo-pool-0] c.s.guns.threads.GuiHuanAppliesThread    : Task Thread- Return application
2022-07-20 13:59:10.628  INFO 23784 --- [demo-pool-0] c.s.guns.threads.GuiHuanAppliesThread    : Task Thread- Return application
2022-07-20 13:59:10.628  INFO 23784 --- [demo-pool-1] c.s.guns.threads.UseAppliesThread        : Task Thread- Requisition application
2022-07-20 13:59:20.644  INFO 23784 --- [demo-pool-0] c.s.guns.threads.GuiHuanAppliesThread    : Task Thread- Return application
2022-07-20 13:59:20.644  INFO 23784 --- [demo-pool-1] c.s.guns.threads.UseAppliesThread        : Task Thread- Requisition application
2022-07-20 13:59:30.650  INFO 23784 --- [demo-pool-1] c.s.guns.threads.UseAppliesThread        : Task Thread- Requisition application
2022-07-20 13:59:30.650  INFO 23784 --- [demo-pool-0] c.s.guns.threads.GuiHuanAppliesThread    : Task Thread- Return application
2022-07-20 13:59:40.656  INFO 23784 --- [demo-pool-1] c.s.guns.threads.UseAppliesThread        : Task Thread- Requisition application
2022-07-20 13:59:40.656  INFO 23784 --- [demo-pool-0] c.s.guns.threads.GuiHuanAppliesThread    : Task Thread- Return application
2022-07-20 13:59:50.670  INFO 23784 --- [demo-pool-0] c.s.guns.threads.GuiHuanAppliesThread    : Task Thread- Return application
2022-07-20 13:59:50.670  INFO 23784 --- [demo-pool-1] c.s.guns.threads.UseAppliesThread        : Task Thread- Requisition application
2022-07-20 14:00:00.681  INFO 23784 --- [demo-pool-1] c.s.guns.threads.UseAppliesThread        : Task Thread- Requisition application
2022-07-20 14:00:00.681  INFO 23784 --- [demo-pool-0] c.s.guns.threads.GuiHuanAppliesThread    : Task Thread- Return application
2022-07-20 14:00:10.697  INFO 23784 --- [demo-pool-0] c.s.guns.threads.GuiHuanAppliesThread    : Task Thread- Return application
2022-07-20 14:00:10.697  INFO 23784 --- [demo-pool-1] c.s.guns.threads.UseAppliesThread        : Task Thread- Requisition application
2022-07-20 14:00:20.701  INFO 23784 --- [demo-pool-0] c.s.guns.threads.GuiHuanAppliesThread    : Task Thread- Return application
2022-07-20 14:00:20.701  INFO 23784 --- [demo-pool-1] c.s.guns.threads.UseAppliesThread        : Task Thread- Requisition application
2022-07-20 14:00:30.714  INFO 23784 --- [demo-pool-0] c.s.guns.threads.GuiHuanAppliesThread    : Task Thread- Return application
2022-07-20 14:00:30.714  INFO 23784 --- [demo-pool-1] c.s.guns.threads.UseAppliesThread        : Task Thread- Requisition application
2022-07-20 14:00:40.723  INFO 23784 --- [demo-pool-0] c.s.guns.threads.GuiHuanAppliesThread    : Task Thread- Return application
2022-07-20 14:00:40.724  INFO 23784 --- [demo-pool-1] c.s.guns.threads.UseAppliesThread        : Task Thread- Requisition application
2022-07-20 14:00:50.742  INFO 23784 --- [demo-pool-0] c.s.guns.threads.GuiHuanAppliesThread    : Task Thread- Return application
2022-07-20 14:00:50.742  INFO 23784 --- [demo-pool-1] c.s.guns.threads.UseAppliesThread        : Task Thread- Requisition application
2022-07-20 14:01:00.751  INFO 23784 --- [demo-pool-1] c.s.guns.threads.UseAppliesThread        : Task Thread- Requisition application
2022-07-20 14:01:00.751  INFO 23784 --- [demo-pool-0] c.s.guns.threads.GuiHuanAppliesThread    : Task Thread- Return application
2022-07-20 14:01:10.759  INFO 23784 --- [demo-pool-0] c.s.guns.threads.GuiHuanAppliesThread    : Task Thread- Return application
2022-07-20 14:01:10.759  INFO 23784 --- [demo-pool-1] c.s.guns.threads.UseAppliesThread        : Task Thread- Requisition application
2022-07-20 14:01:20.772  INFO 23784 --- [demo-pool-1] c.s.guns.threads.UseAppliesThread        : Task Thread- Requisition application
2022-07-20 14:01:20.772  INFO 23784 --- [demo-pool-0] c.s.guns.threads.GuiHuanAppliesThread    : Task Thread- Return application
2022-07-20 14:01:30.786  INFO 23784 --- [demo-pool-0] c.s.guns.threads.GuiHuanAppliesThread    : Task Thread- Return application
2022-07-20 14:01:30.786  INFO 23784 --- [demo-pool-1] c.s.guns.threads.UseAppliesThread        : Task Thread- Requisition application
2022-07-20 14:01:40.790  INFO 23784 --- [demo-pool-1] c.s.guns.threads.UseAppliesThread        : Task Thread- Requisition application
2022-07-20 14:01:40.790  INFO 23784 --- [demo-pool-0] c.s.guns.threads.GuiHuanAppliesThread    : Task Thread- Return application
2022-07-20 14:01:50.798  INFO 23784 --- [demo-pool-0] c.s.guns.threads.GuiHuanAppliesThread    : Task Thread- Return application
2022-07-20 14:01:50.798  INFO 23784 --- [demo-pool-1] c.s.guns.threads.UseAppliesThread        : Task Thread- Requisition application
2022-07-20 14:02:00.804  INFO 23784 --- [demo-pool-1] c.s.guns.threads.UseAppliesThread        : Task Thread- Requisition application
2022-07-20 14:02:00.804  INFO 23784 --- [demo-pool-0] c.s.guns.threads.GuiHuanAppliesThread    : Task Thread- Return application
2022-07-20 14:02:10.809  INFO 23784 --- [demo-pool-1] c.s.guns.threads.UseAppliesThread        : Task Thread- Requisition application
2022-07-20 14:02:10.809  INFO 23784 --- [demo-pool-0] c.s.guns.threads.GuiHuanAppliesThread    : Task Thread- Return application
2022-07-20 14:02:20.820  INFO 23784 --- [demo-pool-0] c.s.guns.threads.GuiHuanAppliesThread    : Task Thread- Return application
2022-07-20 14:02:20.820  INFO 23784 --- [demo-pool-1] c.s.guns.threads.UseAppliesThread        : Task Thread- Requisition application
2022-07-20 14:02:30.823  INFO 23784 --- [demo-pool-0] c.s.guns.threads.GuiHuanAppliesThread    : Task Thread- Return application
2022-07-20 14:02:30.823  INFO 23784 --- [demo-pool-1] c.s.guns.threads.UseAppliesThread        : Task Thread- Requisition application
2022-07-20 14:02:40.833  INFO 23784 --- [demo-pool-1] c.s.guns.threads.UseAppliesThread        : Task Thread- Requisition application
2022-07-20 14:02:40.833  INFO 23784 --- [demo-pool-0] c.s.guns.threads.GuiHuanAppliesThread    : Task Thread- Return application
2022-07-20 14:02:50.847  INFO 23784 --- [demo-pool-1] c.s.guns.threads.UseAppliesThread        : Task Thread- Requisition application
2022-07-20 14:02:50.847  INFO 23784 --- [demo-pool-0] c.s.guns.threads.GuiHuanAppliesThread    : Task Thread- Return application
