2022-05-12 09:23:09.490 ERROR 8936 --- [http-nio-8099-exec-4] c.s.guns.base.consts.ConstantsContext    : 获取token的header标识为空！常量名称：GUNS_TOKEN_HEADER_NAME，采用默认值：Authorization，若想忽略此提示，请在开发管理->系统配置->参数配置，设置相关参数！
2022-05-12 09:23:09.490 ERROR 8936 --- [http-nio-8099-exec-1] c.s.guns.base.consts.ConstantsContext    : 获取token的header标识为空！常量名称：GUNS_TOKEN_HEADER_NAME，采用默认值：Authorization，若想忽略此提示，请在开发管理->系统配置->参数配置，设置相关参数！
2022-05-12 10:52:07.096 ERROR 60108 --- [http-nio-8099-exec-1] c.s.guns.base.consts.ConstantsContext    : 获取token的header标识为空！常量名称：GUNS_TOKEN_HEADER_NAME，采用默认值：Authorization，若想忽略此提示，请在开发管理->系统配置->参数配置，设置相关参数！
2022-05-12 11:37:00.301 ERROR 60108 --- [http-nio-8099-exec-6] c.s.guns.base.consts.ConstantsContext    : jwt密钥存在空值！常量名称：GUNS_JWT_SECRET，采用默认值：随机字符串->p22w3amhfgt6rlj72gwbaqctofghfz7a，若想忽略此提示，请在开发管理->系统配置->参数配置，设置相关参数！
2022-05-12 11:37:00.699 ERROR 60108 --- [http-nio-8099-exec-6] c.s.guns.base.consts.ConstantsContext    : 系统常量存在空值！常量名称：GUNS_SYSTEM_RELEASE_VERSION，采用默认值：guns，若想忽略此提示，请在开发管理->系统配置->参数配置，设置相关参数！
2022-05-12 11:37:00.699 ERROR 60108 --- [http-nio-8099-exec-6] c.s.guns.base.consts.ConstantsContext    : 系统常量存在空值！常量名称：GUNS_SYSTEM_RELEASE_VERSION，采用默认值：guns，若想忽略此提示，请在开发管理->系统配置->参数配置，设置相关参数！
2022-05-12 11:37:00.700 ERROR 60108 --- [http-nio-8099-exec-6] c.s.guns.base.consts.ConstantsContext    : 系统常量存在空值！常量名称：GUNS_TENANT_OPEN，采用默认值：DISABLE，若想忽略此提示，请在开发管理->系统配置->参数配置，设置相关参数！
2022-05-12 11:37:00.720 ERROR 60108 --- [http-nio-8099-exec-6] c.s.guns.base.consts.ConstantsContext    : 系统常量存在空值！常量名称：GUNS_SYSTEM_RELEASE_VERSION，采用默认值：guns，若想忽略此提示，请在开发管理->系统配置->参数配置，设置相关参数！
2022-05-12 11:37:00.721 ERROR 60108 --- [http-nio-8099-exec-6] c.s.guns.base.consts.ConstantsContext    : 系统常量存在空值！常量名称：GUNS_SYSTEM_RELEASE_VERSION，采用默认值：guns，若想忽略此提示，请在开发管理->系统配置->参数配置，设置相关参数！
2022-05-12 11:37:00.721 ERROR 60108 --- [http-nio-8099-exec-6] c.s.guns.base.consts.ConstantsContext    : 系统常量存在空值！常量名称：GUNS_SYSTEM_RELEASE_VERSION，采用默认值：guns，若想忽略此提示，请在开发管理->系统配置->参数配置，设置相关参数！
2022-05-12 11:37:00.721 ERROR 60108 --- [http-nio-8099-exec-6] c.s.guns.base.consts.ConstantsContext    : 系统常量存在空值！常量名称：GUNS_TENANT_OPEN，采用默认值：DISABLE，若想忽略此提示，请在开发管理->系统配置->参数配置，设置相关参数！
2022-05-12 11:37:00.721 ERROR 60108 --- [http-nio-8099-exec-6] c.s.guns.base.consts.ConstantsContext    : 系统常量存在空值！常量名称：GUNS_TENANT_OPEN，采用默认值：DISABLE，若想忽略此提示，请在开发管理->系统配置->参数配置，设置相关参数！
2022-05-12 11:37:07.346 ERROR 60108 --- [http-nio-8099-exec-2] c.s.guns.base.consts.ConstantsContext    : jwt密钥存在空值！常量名称：GUNS_JWT_SECRET_EXPIRE，采用默认值：1天，若想忽略此提示，请在开发管理->系统配置->参数配置，设置相关参数！
2022-05-12 11:37:07.585 ERROR 60108 --- [http-nio-8099-exec-6] c.s.guns.base.consts.ConstantsContext    : 系统常量存在空值！常量名称：GUNS_OAUTH2_PREFIX，采用默认值：oauth2，若想忽略此提示，请在开发管理->系统配置->参数配置，设置相关参数！
2022-05-12 11:37:07.600 ERROR 60108 --- [http-nio-8099-exec-6] c.s.guns.base.consts.ConstantsContext    : 系统常量存在空值！常量名称：GUNS_SYSTEM_RELEASE_VERSION，采用默认值：guns，若想忽略此提示，请在开发管理->系统配置->参数配置，设置相关参数！
2022-05-12 11:37:07.600 ERROR 60108 --- [http-nio-8099-exec-6] c.s.guns.base.consts.ConstantsContext    : 系统常量存在空值！常量名称：GUNS_SYSTEM_RELEASE_VERSION，采用默认值：guns，若想忽略此提示，请在开发管理->系统配置->参数配置，设置相关参数！
2022-05-12 11:37:07.654 ERROR 60108 --- [http-nio-8099-exec-6] c.s.guns.base.consts.ConstantsContext    : 系统常量存在空值！常量名称：GUNS_SYSTEM_RELEASE_VERSION，采用默认值：guns，若想忽略此提示，请在开发管理->系统配置->参数配置，设置相关参数！
2022-05-12 11:37:07.654 ERROR 60108 --- [http-nio-8099-exec-6] c.s.guns.base.consts.ConstantsContext    : 系统常量存在空值！常量名称：GUNS_SYSTEM_RELEASE_VERSION，采用默认值：guns，若想忽略此提示，请在开发管理->系统配置->参数配置，设置相关参数！
2022-05-12 11:37:07.654 ERROR 60108 --- [http-nio-8099-exec-6] c.s.guns.base.consts.ConstantsContext    : 系统常量存在空值！常量名称：GUNS_SYSTEM_RELEASE_VERSION，采用默认值：guns，若想忽略此提示，请在开发管理->系统配置->参数配置，设置相关参数！
2022-05-12 11:37:07.840 ERROR 60108 --- [http-nio-8099-exec-5] c.s.guns.base.consts.ConstantsContext    : 系统常量存在空值！常量名称：GUNS_DEFAULT_PASSWORD，采用默认密码：111111，若想忽略此提示，请在开发管理->系统配置->参数配置，设置相关参数！
2022-05-12 11:37:07.840 ERROR 60108 --- [http-nio-8099-exec-5] c.s.guns.base.consts.ConstantsContext    : 系统常量存在空值！常量名称：GUNS_SYSTEM_RELEASE_VERSION，采用默认值：guns，若想忽略此提示，请在开发管理->系统配置->参数配置，设置相关参数！
2022-05-12 11:37:07.841 ERROR 60108 --- [http-nio-8099-exec-5] c.s.guns.base.consts.ConstantsContext    : 系统常量存在空值！常量名称：GUNS_SYSTEM_RELEASE_VERSION，采用默认值：guns，若想忽略此提示，请在开发管理->系统配置->参数配置，设置相关参数！
2022-05-12 11:37:07.841 ERROR 60108 --- [http-nio-8099-exec-5] c.s.guns.base.consts.ConstantsContext    : 系统常量存在空值！常量名称：GUNS_SYSTEM_RELEASE_VERSION，采用默认值：guns，若想忽略此提示，请在开发管理->系统配置->参数配置，设置相关参数！
2022-05-12 11:37:07.841 ERROR 60108 --- [http-nio-8099-exec-5] c.s.guns.base.consts.ConstantsContext    : 系统常量存在空值！常量名称：GUNS_SYSTEM_RELEASE_VERSION，采用默认值：guns，若想忽略此提示，请在开发管理->系统配置->参数配置，设置相关参数！
2022-05-12 11:37:07.841 ERROR 60108 --- [http-nio-8099-exec-5] c.s.guns.base.consts.ConstantsContext    : 系统常量存在空值！常量名称：GUNS_SYSTEM_RELEASE_VERSION，采用默认值：guns，若想忽略此提示，请在开发管理->系统配置->参数配置，设置相关参数！
2022-05-12 11:37:07.841 ERROR 60108 --- [http-nio-8099-exec-5] c.s.guns.base.consts.ConstantsContext    : 系统常量存在空值！常量名称：GUNS_SYSTEM_RELEASE_VERSION，采用默认值：guns，若想忽略此提示，请在开发管理->系统配置->参数配置，设置相关参数！
2022-05-12 11:37:07.841 ERROR 60108 --- [http-nio-8099-exec-5] c.s.guns.base.consts.ConstantsContext    : 系统常量存在空值！常量名称：GUNS_SYSTEM_RELEASE_VERSION，采用默认值：guns，若想忽略此提示，请在开发管理->系统配置->参数配置，设置相关参数！
2022-05-12 11:37:07.841 ERROR 60108 --- [http-nio-8099-exec-5] c.s.guns.base.consts.ConstantsContext    : 系统常量存在空值！常量名称：GUNS_SYSTEM_RELEASE_VERSION，采用默认值：guns，若想忽略此提示，请在开发管理->系统配置->参数配置，设置相关参数！
2022-05-12 11:37:07.841 ERROR 60108 --- [http-nio-8099-exec-5] c.s.guns.base.consts.ConstantsContext    : 系统常量存在空值！常量名称：GUNS_SYSTEM_RELEASE_VERSION，采用默认值：guns，若想忽略此提示，请在开发管理->系统配置->参数配置，设置相关参数！
2022-05-12 11:37:07.841 ERROR 60108 --- [http-nio-8099-exec-5] c.s.guns.base.consts.ConstantsContext    : 系统常量存在空值！常量名称：GUNS_SYSTEM_RELEASE_VERSION，采用默认值：guns，若想忽略此提示，请在开发管理->系统配置->参数配置，设置相关参数！
2022-05-12 11:37:07.842 ERROR 60108 --- [http-nio-8099-exec-5] c.s.guns.base.consts.ConstantsContext    : 系统常量存在空值！常量名称：GUNS_SYSTEM_RELEASE_VERSION，采用默认值：guns，若想忽略此提示，请在开发管理->系统配置->参数配置，设置相关参数！
2022-05-12 11:37:33.808 ERROR 60108 --- [http-nio-8099-exec-1] c.s.guns.base.consts.ConstantsContext    : 系统常量存在空值！常量名称：GUNS_SYSTEM_RELEASE_VERSION，采用默认值：guns，若想忽略此提示，请在开发管理->系统配置->参数配置，设置相关参数！
2022-05-12 11:37:33.809 ERROR 60108 --- [http-nio-8099-exec-1] c.s.guns.base.consts.ConstantsContext    : 系统常量存在空值！常量名称：GUNS_SYSTEM_RELEASE_VERSION，采用默认值：guns，若想忽略此提示，请在开发管理->系统配置->参数配置，设置相关参数！
2022-05-12 11:37:33.809 ERROR 60108 --- [http-nio-8099-exec-1] c.s.guns.base.consts.ConstantsContext    : 系统常量存在空值！常量名称：GUNS_SYSTEM_RELEASE_VERSION，采用默认值：guns，若想忽略此提示，请在开发管理->系统配置->参数配置，设置相关参数！
2022-05-12 11:37:33.809 ERROR 60108 --- [http-nio-8099-exec-1] c.s.guns.base.consts.ConstantsContext    : 系统常量存在空值！常量名称：GUNS_SYSTEM_RELEASE_VERSION，采用默认值：guns，若想忽略此提示，请在开发管理->系统配置->参数配置，设置相关参数！
2022-05-12 11:37:33.809 ERROR 60108 --- [http-nio-8099-exec-1] c.s.guns.base.consts.ConstantsContext    : 系统常量存在空值！常量名称：GUNS_SYSTEM_RELEASE_VERSION，采用默认值：guns，若想忽略此提示，请在开发管理->系统配置->参数配置，设置相关参数！
2022-05-12 11:37:33.809 ERROR 60108 --- [http-nio-8099-exec-1] c.s.guns.base.consts.ConstantsContext    : 系统常量存在空值！常量名称：GUNS_SYSTEM_RELEASE_VERSION，采用默认值：guns，若想忽略此提示，请在开发管理->系统配置->参数配置，设置相关参数！
2022-05-12 11:37:33.809 ERROR 60108 --- [http-nio-8099-exec-1] c.s.guns.base.consts.ConstantsContext    : 系统常量存在空值！常量名称：GUNS_SYSTEM_RELEASE_VERSION，采用默认值：guns，若想忽略此提示，请在开发管理->系统配置->参数配置，设置相关参数！
2022-05-12 14:03:27.540 ERROR 50008 --- [http-nio-8099-exec-2] c.s.guns.base.consts.ConstantsContext    : 获取token的header标识为空！常量名称：GUNS_TOKEN_HEADER_NAME，采用默认值：Authorization，若想忽略此提示，请在开发管理->系统配置->参数配置，设置相关参数！
2022-05-12 14:03:27.541 ERROR 50008 --- [http-nio-8099-exec-2] c.s.guns.base.consts.ConstantsContext    : jwt密钥存在空值！常量名称：GUNS_JWT_SECRET，采用默认值：随机字符串->vgiyskm70d1yebjqy463ffn941nuya3l，若想忽略此提示，请在开发管理->系统配置->参数配置，设置相关参数！
2022-05-12 14:03:27.767 ERROR 50008 --- [http-nio-8099-exec-2] c.s.guns.base.consts.ConstantsContext    : 系统常量存在空值！常量名称：GUNS_SYSTEM_RELEASE_VERSION，采用默认值：guns，若想忽略此提示，请在开发管理->系统配置->参数配置，设置相关参数！
2022-05-12 14:03:27.767 ERROR 50008 --- [http-nio-8099-exec-2] c.s.guns.base.consts.ConstantsContext    : 系统常量存在空值！常量名称：GUNS_SYSTEM_RELEASE_VERSION，采用默认值：guns，若想忽略此提示，请在开发管理->系统配置->参数配置，设置相关参数！
2022-05-12 14:03:27.767 ERROR 50008 --- [http-nio-8099-exec-2] c.s.guns.base.consts.ConstantsContext    : 系统常量存在空值！常量名称：GUNS_TENANT_OPEN，采用默认值：DISABLE，若想忽略此提示，请在开发管理->系统配置->参数配置，设置相关参数！
2022-05-12 14:03:27.769 ERROR 50008 --- [http-nio-8099-exec-2] c.s.guns.base.consts.ConstantsContext    : 系统常量存在空值！常量名称：GUNS_SYSTEM_RELEASE_VERSION，采用默认值：guns，若想忽略此提示，请在开发管理->系统配置->参数配置，设置相关参数！
2022-05-12 14:03:27.769 ERROR 50008 --- [http-nio-8099-exec-2] c.s.guns.base.consts.ConstantsContext    : 系统常量存在空值！常量名称：GUNS_SYSTEM_RELEASE_VERSION，采用默认值：guns，若想忽略此提示，请在开发管理->系统配置->参数配置，设置相关参数！
2022-05-12 14:03:27.769 ERROR 50008 --- [http-nio-8099-exec-2] c.s.guns.base.consts.ConstantsContext    : 系统常量存在空值！常量名称：GUNS_SYSTEM_RELEASE_VERSION，采用默认值：guns，若想忽略此提示，请在开发管理->系统配置->参数配置，设置相关参数！
2022-05-12 14:03:27.769 ERROR 50008 --- [http-nio-8099-exec-2] c.s.guns.base.consts.ConstantsContext    : 系统常量存在空值！常量名称：GUNS_TENANT_OPEN，采用默认值：DISABLE，若想忽略此提示，请在开发管理->系统配置->参数配置，设置相关参数！
2022-05-12 14:03:27.769 ERROR 50008 --- [http-nio-8099-exec-2] c.s.guns.base.consts.ConstantsContext    : 系统常量存在空值！常量名称：GUNS_TENANT_OPEN，采用默认值：DISABLE，若想忽略此提示，请在开发管理->系统配置->参数配置，设置相关参数！
2022-05-12 14:03:34.763 ERROR 50008 --- [http-nio-8099-exec-10] c.s.guns.base.consts.ConstantsContext    : jwt密钥存在空值！常量名称：GUNS_JWT_SECRET_EXPIRE，采用默认值：1天，若想忽略此提示，请在开发管理->系统配置->参数配置，设置相关参数！
2022-05-12 14:03:35.024 ERROR 50008 --- [http-nio-8099-exec-2] c.s.guns.base.consts.ConstantsContext    : 系统常量存在空值！常量名称：GUNS_OAUTH2_PREFIX，采用默认值：oauth2，若想忽略此提示，请在开发管理->系统配置->参数配置，设置相关参数！
2022-05-12 14:03:35.047 ERROR 50008 --- [http-nio-8099-exec-2] c.s.guns.base.consts.ConstantsContext    : 系统常量存在空值！常量名称：GUNS_SYSTEM_RELEASE_VERSION，采用默认值：guns，若想忽略此提示，请在开发管理->系统配置->参数配置，设置相关参数！
2022-05-12 14:03:35.047 ERROR 50008 --- [http-nio-8099-exec-2] c.s.guns.base.consts.ConstantsContext    : 系统常量存在空值！常量名称：GUNS_SYSTEM_RELEASE_VERSION，采用默认值：guns，若想忽略此提示，请在开发管理->系统配置->参数配置，设置相关参数！
2022-05-12 14:03:35.106 ERROR 50008 --- [http-nio-8099-exec-2] c.s.guns.base.consts.ConstantsContext    : 系统常量存在空值！常量名称：GUNS_SYSTEM_RELEASE_VERSION，采用默认值：guns，若想忽略此提示，请在开发管理->系统配置->参数配置，设置相关参数！
2022-05-12 14:03:35.106 ERROR 50008 --- [http-nio-8099-exec-2] c.s.guns.base.consts.ConstantsContext    : 系统常量存在空值！常量名称：GUNS_SYSTEM_RELEASE_VERSION，采用默认值：guns，若想忽略此提示，请在开发管理->系统配置->参数配置，设置相关参数！
2022-05-12 14:03:35.107 ERROR 50008 --- [http-nio-8099-exec-2] c.s.guns.base.consts.ConstantsContext    : 系统常量存在空值！常量名称：GUNS_SYSTEM_RELEASE_VERSION，采用默认值：guns，若想忽略此提示，请在开发管理->系统配置->参数配置，设置相关参数！
2022-05-12 14:03:35.361 ERROR 50008 --- [http-nio-8099-exec-7] c.s.guns.base.consts.ConstantsContext    : 系统常量存在空值！常量名称：GUNS_DEFAULT_PASSWORD，采用默认密码：111111，若想忽略此提示，请在开发管理->系统配置->参数配置，设置相关参数！
2022-05-12 14:03:35.362 ERROR 50008 --- [http-nio-8099-exec-7] c.s.guns.base.consts.ConstantsContext    : 系统常量存在空值！常量名称：GUNS_SYSTEM_RELEASE_VERSION，采用默认值：guns，若想忽略此提示，请在开发管理->系统配置->参数配置，设置相关参数！
2022-05-12 14:03:35.362 ERROR 50008 --- [http-nio-8099-exec-7] c.s.guns.base.consts.ConstantsContext    : 系统常量存在空值！常量名称：GUNS_SYSTEM_RELEASE_VERSION，采用默认值：guns，若想忽略此提示，请在开发管理->系统配置->参数配置，设置相关参数！
2022-05-12 14:03:35.362 ERROR 50008 --- [http-nio-8099-exec-7] c.s.guns.base.consts.ConstantsContext    : 系统常量存在空值！常量名称：GUNS_SYSTEM_RELEASE_VERSION，采用默认值：guns，若想忽略此提示，请在开发管理->系统配置->参数配置，设置相关参数！
2022-05-12 14:03:35.362 ERROR 50008 --- [http-nio-8099-exec-7] c.s.guns.base.consts.ConstantsContext    : 系统常量存在空值！常量名称：GUNS_SYSTEM_RELEASE_VERSION，采用默认值：guns，若想忽略此提示，请在开发管理->系统配置->参数配置，设置相关参数！
2022-05-12 14:03:35.362 ERROR 50008 --- [http-nio-8099-exec-7] c.s.guns.base.consts.ConstantsContext    : 系统常量存在空值！常量名称：GUNS_SYSTEM_RELEASE_VERSION，采用默认值：guns，若想忽略此提示，请在开发管理->系统配置->参数配置，设置相关参数！
2022-05-12 14:03:35.363 ERROR 50008 --- [http-nio-8099-exec-7] c.s.guns.base.consts.ConstantsContext    : 系统常量存在空值！常量名称：GUNS_SYSTEM_RELEASE_VERSION，采用默认值：guns，若想忽略此提示，请在开发管理->系统配置->参数配置，设置相关参数！
2022-05-12 14:03:35.363 ERROR 50008 --- [http-nio-8099-exec-7] c.s.guns.base.consts.ConstantsContext    : 系统常量存在空值！常量名称：GUNS_SYSTEM_RELEASE_VERSION，采用默认值：guns，若想忽略此提示，请在开发管理->系统配置->参数配置，设置相关参数！
2022-05-12 14:03:35.363 ERROR 50008 --- [http-nio-8099-exec-7] c.s.guns.base.consts.ConstantsContext    : 系统常量存在空值！常量名称：GUNS_SYSTEM_RELEASE_VERSION，采用默认值：guns，若想忽略此提示，请在开发管理->系统配置->参数配置，设置相关参数！
2022-05-12 14:03:35.363 ERROR 50008 --- [http-nio-8099-exec-7] c.s.guns.base.consts.ConstantsContext    : 系统常量存在空值！常量名称：GUNS_SYSTEM_RELEASE_VERSION，采用默认值：guns，若想忽略此提示，请在开发管理->系统配置->参数配置，设置相关参数！
2022-05-12 14:03:35.363 ERROR 50008 --- [http-nio-8099-exec-7] c.s.guns.base.consts.ConstantsContext    : 系统常量存在空值！常量名称：GUNS_SYSTEM_RELEASE_VERSION，采用默认值：guns，若想忽略此提示，请在开发管理->系统配置->参数配置，设置相关参数！
2022-05-12 14:03:35.363 ERROR 50008 --- [http-nio-8099-exec-7] c.s.guns.base.consts.ConstantsContext    : 系统常量存在空值！常量名称：GUNS_SYSTEM_RELEASE_VERSION，采用默认值：guns，若想忽略此提示，请在开发管理->系统配置->参数配置，设置相关参数！
2022-05-12 14:04:10.641 ERROR 50008 --- [http-nio-8099-exec-7] c.s.guns.base.consts.ConstantsContext    : 系统常量存在空值！常量名称：GUNS_SYSTEM_RELEASE_VERSION，采用默认值：guns，若想忽略此提示，请在开发管理->系统配置->参数配置，设置相关参数！
2022-05-12 14:04:10.642 ERROR 50008 --- [http-nio-8099-exec-7] c.s.guns.base.consts.ConstantsContext    : 系统常量存在空值！常量名称：GUNS_SYSTEM_RELEASE_VERSION，采用默认值：guns，若想忽略此提示，请在开发管理->系统配置->参数配置，设置相关参数！
2022-05-12 14:04:10.642 ERROR 50008 --- [http-nio-8099-exec-7] c.s.guns.base.consts.ConstantsContext    : 系统常量存在空值！常量名称：GUNS_SYSTEM_RELEASE_VERSION，采用默认值：guns，若想忽略此提示，请在开发管理->系统配置->参数配置，设置相关参数！
2022-05-12 14:04:10.643 ERROR 50008 --- [http-nio-8099-exec-7] c.s.guns.base.consts.ConstantsContext    : 系统常量存在空值！常量名称：GUNS_SYSTEM_RELEASE_VERSION，采用默认值：guns，若想忽略此提示，请在开发管理->系统配置->参数配置，设置相关参数！
2022-05-12 14:04:10.643 ERROR 50008 --- [http-nio-8099-exec-7] c.s.guns.base.consts.ConstantsContext    : 系统常量存在空值！常量名称：GUNS_SYSTEM_RELEASE_VERSION，采用默认值：guns，若想忽略此提示，请在开发管理->系统配置->参数配置，设置相关参数！
2022-05-12 14:04:10.644 ERROR 50008 --- [http-nio-8099-exec-7] c.s.guns.base.consts.ConstantsContext    : 系统常量存在空值！常量名称：GUNS_SYSTEM_RELEASE_VERSION，采用默认值：guns，若想忽略此提示，请在开发管理->系统配置->参数配置，设置相关参数！
2022-05-12 14:04:10.644 ERROR 50008 --- [http-nio-8099-exec-7] c.s.guns.base.consts.ConstantsContext    : 系统常量存在空值！常量名称：GUNS_SYSTEM_RELEASE_VERSION，采用默认值：guns，若想忽略此提示，请在开发管理->系统配置->参数配置，设置相关参数！
