2022-05-16 08:52:36.882 ERROR 40384 --- [http-nio-8099-exec-1] c.s.guns.base.consts.ConstantsContext    : 获取token的header标识为空！常量名称：GUNS_TOKEN_HEADER_NAME，采用默认值：Authorization，若想忽略此提示，请在开发管理->系统配置->参数配置，设置相关参数！
2022-05-16 10:45:21.877 ERROR 40384 --- [http-nio-8099-exec-10] c.s.guns.base.consts.ConstantsContext    : 系统常量存在空值！常量名称：GUNS_SYSTEM_RELEASE_VERSION，采用默认值：guns，若想忽略此提示，请在开发管理->系统配置->参数配置，设置相关参数！
2022-05-16 10:45:21.880 ERROR 40384 --- [http-nio-8099-exec-10] c.s.guns.base.consts.ConstantsContext    : 系统常量存在空值！常量名称：GUNS_SYSTEM_RELEASE_VERSION，采用默认值：guns，若想忽略此提示，请在开发管理->系统配置->参数配置，设置相关参数！
2022-05-16 10:45:21.882 ERROR 40384 --- [http-nio-8099-exec-10] c.s.guns.base.consts.ConstantsContext    : 系统常量存在空值！常量名称：GUNS_TENANT_OPEN，采用默认值：DISABLE，若想忽略此提示，请在开发管理->系统配置->参数配置，设置相关参数！
2022-05-16 10:45:21.924 ERROR 40384 --- [http-nio-8099-exec-10] c.s.guns.base.consts.ConstantsContext    : 系统常量存在空值！常量名称：GUNS_SYSTEM_RELEASE_VERSION，采用默认值：guns，若想忽略此提示，请在开发管理->系统配置->参数配置，设置相关参数！
2022-05-16 10:45:21.924 ERROR 40384 --- [http-nio-8099-exec-10] c.s.guns.base.consts.ConstantsContext    : 系统常量存在空值！常量名称：GUNS_SYSTEM_RELEASE_VERSION，采用默认值：guns，若想忽略此提示，请在开发管理->系统配置->参数配置，设置相关参数！
2022-05-16 10:45:21.924 ERROR 40384 --- [http-nio-8099-exec-10] c.s.guns.base.consts.ConstantsContext    : 系统常量存在空值！常量名称：GUNS_SYSTEM_RELEASE_VERSION，采用默认值：guns，若想忽略此提示，请在开发管理->系统配置->参数配置，设置相关参数！
2022-05-16 10:45:21.924 ERROR 40384 --- [http-nio-8099-exec-10] c.s.guns.base.consts.ConstantsContext    : 系统常量存在空值！常量名称：GUNS_TENANT_OPEN，采用默认值：DISABLE，若想忽略此提示，请在开发管理->系统配置->参数配置，设置相关参数！
2022-05-16 10:45:21.924 ERROR 40384 --- [http-nio-8099-exec-10] c.s.guns.base.consts.ConstantsContext    : 系统常量存在空值！常量名称：GUNS_TENANT_OPEN，采用默认值：DISABLE，若想忽略此提示，请在开发管理->系统配置->参数配置，设置相关参数！
2022-05-16 10:45:39.532 ERROR 40384 --- [http-nio-8099-exec-8] c.s.guns.base.consts.ConstantsContext    : jwt密钥存在空值！常量名称：GUNS_JWT_SECRET_EXPIRE，采用默认值：1天，若想忽略此提示，请在开发管理->系统配置->参数配置，设置相关参数！
2022-05-16 10:45:39.532 ERROR 40384 --- [http-nio-8099-exec-8] c.s.guns.base.consts.ConstantsContext    : jwt密钥存在空值！常量名称：GUNS_JWT_SECRET，采用默认值：随机字符串->2swvex9ipys25eznx1eijk8cq4h5beiv，若想忽略此提示，请在开发管理->系统配置->参数配置，设置相关参数！
2022-05-16 10:45:40.515 ERROR 40384 --- [http-nio-8099-exec-10] c.s.guns.base.consts.ConstantsContext    : 系统常量存在空值！常量名称：GUNS_OAUTH2_PREFIX，采用默认值：oauth2，若想忽略此提示，请在开发管理->系统配置->参数配置，设置相关参数！
2022-05-16 10:45:40.529 ERROR 40384 --- [http-nio-8099-exec-10] c.s.guns.base.consts.ConstantsContext    : 系统常量存在空值！常量名称：GUNS_SYSTEM_RELEASE_VERSION，采用默认值：guns，若想忽略此提示，请在开发管理->系统配置->参数配置，设置相关参数！
2022-05-16 10:45:40.529 ERROR 40384 --- [http-nio-8099-exec-10] c.s.guns.base.consts.ConstantsContext    : 系统常量存在空值！常量名称：GUNS_SYSTEM_RELEASE_VERSION，采用默认值：guns，若想忽略此提示，请在开发管理->系统配置->参数配置，设置相关参数！
2022-05-16 10:45:40.702 ERROR 40384 --- [http-nio-8099-exec-10] c.s.guns.base.consts.ConstantsContext    : 系统常量存在空值！常量名称：GUNS_SYSTEM_RELEASE_VERSION，采用默认值：guns，若想忽略此提示，请在开发管理->系统配置->参数配置，设置相关参数！
2022-05-16 10:45:40.702 ERROR 40384 --- [http-nio-8099-exec-10] c.s.guns.base.consts.ConstantsContext    : 系统常量存在空值！常量名称：GUNS_SYSTEM_RELEASE_VERSION，采用默认值：guns，若想忽略此提示，请在开发管理->系统配置->参数配置，设置相关参数！
2022-05-16 10:45:40.702 ERROR 40384 --- [http-nio-8099-exec-10] c.s.guns.base.consts.ConstantsContext    : 系统常量存在空值！常量名称：GUNS_SYSTEM_RELEASE_VERSION，采用默认值：guns，若想忽略此提示，请在开发管理->系统配置->参数配置，设置相关参数！
2022-05-16 10:45:40.977 ERROR 40384 --- [http-nio-8099-exec-3] c.s.guns.base.consts.ConstantsContext    : 系统常量存在空值！常量名称：GUNS_DEFAULT_PASSWORD，采用默认密码：111111，若想忽略此提示，请在开发管理->系统配置->参数配置，设置相关参数！
2022-05-16 10:45:40.978 ERROR 40384 --- [http-nio-8099-exec-3] c.s.guns.base.consts.ConstantsContext    : 系统常量存在空值！常量名称：GUNS_SYSTEM_RELEASE_VERSION，采用默认值：guns，若想忽略此提示，请在开发管理->系统配置->参数配置，设置相关参数！
2022-05-16 10:45:40.979 ERROR 40384 --- [http-nio-8099-exec-3] c.s.guns.base.consts.ConstantsContext    : 系统常量存在空值！常量名称：GUNS_SYSTEM_RELEASE_VERSION，采用默认值：guns，若想忽略此提示，请在开发管理->系统配置->参数配置，设置相关参数！
2022-05-16 10:45:40.979 ERROR 40384 --- [http-nio-8099-exec-3] c.s.guns.base.consts.ConstantsContext    : 系统常量存在空值！常量名称：GUNS_SYSTEM_RELEASE_VERSION，采用默认值：guns，若想忽略此提示，请在开发管理->系统配置->参数配置，设置相关参数！
2022-05-16 10:45:40.979 ERROR 40384 --- [http-nio-8099-exec-3] c.s.guns.base.consts.ConstantsContext    : 系统常量存在空值！常量名称：GUNS_SYSTEM_RELEASE_VERSION，采用默认值：guns，若想忽略此提示，请在开发管理->系统配置->参数配置，设置相关参数！
2022-05-16 10:45:40.980 ERROR 40384 --- [http-nio-8099-exec-3] c.s.guns.base.consts.ConstantsContext    : 系统常量存在空值！常量名称：GUNS_SYSTEM_RELEASE_VERSION，采用默认值：guns，若想忽略此提示，请在开发管理->系统配置->参数配置，设置相关参数！
2022-05-16 10:45:40.980 ERROR 40384 --- [http-nio-8099-exec-3] c.s.guns.base.consts.ConstantsContext    : 系统常量存在空值！常量名称：GUNS_SYSTEM_RELEASE_VERSION，采用默认值：guns，若想忽略此提示，请在开发管理->系统配置->参数配置，设置相关参数！
2022-05-16 10:45:40.980 ERROR 40384 --- [http-nio-8099-exec-3] c.s.guns.base.consts.ConstantsContext    : 系统常量存在空值！常量名称：GUNS_SYSTEM_RELEASE_VERSION，采用默认值：guns，若想忽略此提示，请在开发管理->系统配置->参数配置，设置相关参数！
2022-05-16 10:45:40.980 ERROR 40384 --- [http-nio-8099-exec-3] c.s.guns.base.consts.ConstantsContext    : 系统常量存在空值！常量名称：GUNS_SYSTEM_RELEASE_VERSION，采用默认值：guns，若想忽略此提示，请在开发管理->系统配置->参数配置，设置相关参数！
2022-05-16 10:45:40.981 ERROR 40384 --- [http-nio-8099-exec-3] c.s.guns.base.consts.ConstantsContext    : 系统常量存在空值！常量名称：GUNS_SYSTEM_RELEASE_VERSION，采用默认值：guns，若想忽略此提示，请在开发管理->系统配置->参数配置，设置相关参数！
2022-05-16 10:45:40.981 ERROR 40384 --- [http-nio-8099-exec-3] c.s.guns.base.consts.ConstantsContext    : 系统常量存在空值！常量名称：GUNS_SYSTEM_RELEASE_VERSION，采用默认值：guns，若想忽略此提示，请在开发管理->系统配置->参数配置，设置相关参数！
2022-05-16 10:45:40.981 ERROR 40384 --- [http-nio-8099-exec-3] c.s.guns.base.consts.ConstantsContext    : 系统常量存在空值！常量名称：GUNS_SYSTEM_RELEASE_VERSION，采用默认值：guns，若想忽略此提示，请在开发管理->系统配置->参数配置，设置相关参数！
2022-05-16 10:45:49.759 ERROR 40384 --- [http-nio-8099-exec-4] c.s.guns.base.consts.ConstantsContext    : 系统常量存在空值！常量名称：GUNS_SYSTEM_RELEASE_VERSION，采用默认值：guns，若想忽略此提示，请在开发管理->系统配置->参数配置，设置相关参数！
2022-05-16 10:45:49.760 ERROR 40384 --- [http-nio-8099-exec-4] c.s.guns.base.consts.ConstantsContext    : 系统常量存在空值！常量名称：GUNS_SYSTEM_RELEASE_VERSION，采用默认值：guns，若想忽略此提示，请在开发管理->系统配置->参数配置，设置相关参数！
2022-05-16 10:45:49.760 ERROR 40384 --- [http-nio-8099-exec-4] c.s.guns.base.consts.ConstantsContext    : 系统常量存在空值！常量名称：GUNS_SYSTEM_RELEASE_VERSION，采用默认值：guns，若想忽略此提示，请在开发管理->系统配置->参数配置，设置相关参数！
2022-05-16 10:45:49.760 ERROR 40384 --- [http-nio-8099-exec-4] c.s.guns.base.consts.ConstantsContext    : 系统常量存在空值！常量名称：GUNS_SYSTEM_RELEASE_VERSION，采用默认值：guns，若想忽略此提示，请在开发管理->系统配置->参数配置，设置相关参数！
2022-05-16 10:45:49.760 ERROR 40384 --- [http-nio-8099-exec-4] c.s.guns.base.consts.ConstantsContext    : 系统常量存在空值！常量名称：GUNS_SYSTEM_RELEASE_VERSION，采用默认值：guns，若想忽略此提示，请在开发管理->系统配置->参数配置，设置相关参数！
2022-05-16 10:45:49.760 ERROR 40384 --- [http-nio-8099-exec-4] c.s.guns.base.consts.ConstantsContext    : 系统常量存在空值！常量名称：GUNS_SYSTEM_RELEASE_VERSION，采用默认值：guns，若想忽略此提示，请在开发管理->系统配置->参数配置，设置相关参数！
2022-05-16 10:45:49.760 ERROR 40384 --- [http-nio-8099-exec-4] c.s.guns.base.consts.ConstantsContext    : 系统常量存在空值！常量名称：GUNS_SYSTEM_RELEASE_VERSION，采用默认值：guns，若想忽略此提示，请在开发管理->系统配置->参数配置，设置相关参数！
2022-05-16 10:45:52.020 ERROR 40384 --- [http-nio-8099-exec-10] c.s.guns.base.consts.ConstantsContext    : 系统常量存在空值！常量名称：GUNS_SYSTEM_RELEASE_VERSION，采用默认值：guns，若想忽略此提示，请在开发管理->系统配置->参数配置，设置相关参数！
2022-05-16 10:45:52.020 ERROR 40384 --- [http-nio-8099-exec-10] c.s.guns.base.consts.ConstantsContext    : 系统常量存在空值！常量名称：GUNS_SYSTEM_RELEASE_VERSION，采用默认值：guns，若想忽略此提示，请在开发管理->系统配置->参数配置，设置相关参数！
2022-05-16 10:45:52.020 ERROR 40384 --- [http-nio-8099-exec-10] c.s.guns.base.consts.ConstantsContext    : 系统常量存在空值！常量名称：GUNS_SYSTEM_RELEASE_VERSION，采用默认值：guns，若想忽略此提示，请在开发管理->系统配置->参数配置，设置相关参数！
2022-05-16 10:45:52.021 ERROR 40384 --- [http-nio-8099-exec-10] c.s.guns.base.consts.ConstantsContext    : 系统常量存在空值！常量名称：GUNS_SYSTEM_RELEASE_VERSION，采用默认值：guns，若想忽略此提示，请在开发管理->系统配置->参数配置，设置相关参数！
2022-05-16 10:45:52.021 ERROR 40384 --- [http-nio-8099-exec-10] c.s.guns.base.consts.ConstantsContext    : 系统常量存在空值！常量名称：GUNS_SYSTEM_RELEASE_VERSION，采用默认值：guns，若想忽略此提示，请在开发管理->系统配置->参数配置，设置相关参数！
2022-05-16 10:45:52.021 ERROR 40384 --- [http-nio-8099-exec-10] c.s.guns.base.consts.ConstantsContext    : 系统常量存在空值！常量名称：GUNS_SYSTEM_RELEASE_VERSION，采用默认值：guns，若想忽略此提示，请在开发管理->系统配置->参数配置，设置相关参数！
2022-05-16 10:45:52.021 ERROR 40384 --- [http-nio-8099-exec-10] c.s.guns.base.consts.ConstantsContext    : 系统常量存在空值！常量名称：GUNS_SYSTEM_RELEASE_VERSION，采用默认值：guns，若想忽略此提示，请在开发管理->系统配置->参数配置，设置相关参数！
2022-05-16 10:47:33.860 ERROR 40384 --- [http-nio-8099-exec-9] c.s.guns.base.consts.ConstantsContext    : 系统常量存在空值！常量名称：GUNS_SYSTEM_RELEASE_VERSION，采用默认值：guns，若想忽略此提示，请在开发管理->系统配置->参数配置，设置相关参数！
2022-05-16 10:47:33.860 ERROR 40384 --- [http-nio-8099-exec-9] c.s.guns.base.consts.ConstantsContext    : 系统常量存在空值！常量名称：GUNS_SYSTEM_RELEASE_VERSION，采用默认值：guns，若想忽略此提示，请在开发管理->系统配置->参数配置，设置相关参数！
2022-05-16 10:47:33.861 ERROR 40384 --- [http-nio-8099-exec-9] c.s.guns.base.consts.ConstantsContext    : 系统常量存在空值！常量名称：GUNS_SYSTEM_RELEASE_VERSION，采用默认值：guns，若想忽略此提示，请在开发管理->系统配置->参数配置，设置相关参数！
2022-05-16 10:47:33.862 ERROR 40384 --- [http-nio-8099-exec-9] c.s.guns.base.consts.ConstantsContext    : 系统常量存在空值！常量名称：GUNS_SYSTEM_RELEASE_VERSION，采用默认值：guns，若想忽略此提示，请在开发管理->系统配置->参数配置，设置相关参数！
2022-05-16 10:47:33.863 ERROR 40384 --- [http-nio-8099-exec-9] c.s.guns.base.consts.ConstantsContext    : 系统常量存在空值！常量名称：GUNS_SYSTEM_RELEASE_VERSION，采用默认值：guns，若想忽略此提示，请在开发管理->系统配置->参数配置，设置相关参数！
2022-05-16 10:47:33.863 ERROR 40384 --- [http-nio-8099-exec-9] c.s.guns.base.consts.ConstantsContext    : 系统常量存在空值！常量名称：GUNS_SYSTEM_RELEASE_VERSION，采用默认值：guns，若想忽略此提示，请在开发管理->系统配置->参数配置，设置相关参数！
2022-05-16 10:47:33.863 ERROR 40384 --- [http-nio-8099-exec-9] c.s.guns.base.consts.ConstantsContext    : 系统常量存在空值！常量名称：GUNS_SYSTEM_RELEASE_VERSION，采用默认值：guns，若想忽略此提示，请在开发管理->系统配置->参数配置，设置相关参数！
2022-05-16 10:55:39.533 ERROR 67268 --- [http-nio-8099-exec-1] c.s.guns.base.consts.ConstantsContext    : 获取token的header标识为空！常量名称：GUNS_TOKEN_HEADER_NAME，采用默认值：Authorization，若想忽略此提示，请在开发管理->系统配置->参数配置，设置相关参数！
2022-05-16 10:55:39.534 ERROR 67268 --- [http-nio-8099-exec-1] c.s.guns.base.consts.ConstantsContext    : jwt密钥存在空值！常量名称：GUNS_JWT_SECRET，采用默认值：随机字符串->kygfek7n8nggwocbpkkhhia4yz48d3ix，若想忽略此提示，请在开发管理->系统配置->参数配置，设置相关参数！
2022-05-16 10:55:39.713 ERROR 67268 --- [http-nio-8099-exec-1] c.s.guns.base.consts.ConstantsContext    : 系统常量存在空值！常量名称：GUNS_SYSTEM_RELEASE_VERSION，采用默认值：guns，若想忽略此提示，请在开发管理->系统配置->参数配置，设置相关参数！
2022-05-16 10:55:39.714 ERROR 67268 --- [http-nio-8099-exec-1] c.s.guns.base.consts.ConstantsContext    : 系统常量存在空值！常量名称：GUNS_SYSTEM_RELEASE_VERSION，采用默认值：guns，若想忽略此提示，请在开发管理->系统配置->参数配置，设置相关参数！
2022-05-16 10:55:39.714 ERROR 67268 --- [http-nio-8099-exec-1] c.s.guns.base.consts.ConstantsContext    : 系统常量存在空值！常量名称：GUNS_TENANT_OPEN，采用默认值：DISABLE，若想忽略此提示，请在开发管理->系统配置->参数配置，设置相关参数！
2022-05-16 10:55:39.715 ERROR 67268 --- [http-nio-8099-exec-1] c.s.guns.base.consts.ConstantsContext    : 系统常量存在空值！常量名称：GUNS_SYSTEM_RELEASE_VERSION，采用默认值：guns，若想忽略此提示，请在开发管理->系统配置->参数配置，设置相关参数！
2022-05-16 10:55:39.715 ERROR 67268 --- [http-nio-8099-exec-1] c.s.guns.base.consts.ConstantsContext    : 系统常量存在空值！常量名称：GUNS_SYSTEM_RELEASE_VERSION，采用默认值：guns，若想忽略此提示，请在开发管理->系统配置->参数配置，设置相关参数！
2022-05-16 10:55:39.716 ERROR 67268 --- [http-nio-8099-exec-1] c.s.guns.base.consts.ConstantsContext    : 系统常量存在空值！常量名称：GUNS_SYSTEM_RELEASE_VERSION，采用默认值：guns，若想忽略此提示，请在开发管理->系统配置->参数配置，设置相关参数！
2022-05-16 10:55:39.716 ERROR 67268 --- [http-nio-8099-exec-1] c.s.guns.base.consts.ConstantsContext    : 系统常量存在空值！常量名称：GUNS_TENANT_OPEN，采用默认值：DISABLE，若想忽略此提示，请在开发管理->系统配置->参数配置，设置相关参数！
2022-05-16 10:55:39.716 ERROR 67268 --- [http-nio-8099-exec-1] c.s.guns.base.consts.ConstantsContext    : 系统常量存在空值！常量名称：GUNS_TENANT_OPEN，采用默认值：DISABLE，若想忽略此提示，请在开发管理->系统配置->参数配置，设置相关参数！
2022-05-16 10:55:42.142 ERROR 67268 --- [http-nio-8099-exec-7] c.s.g.s.c.e.aop.GlobalExceptionHandler   : 业务异常:

cn.stylefeng.roses.kernel.model.exception.RequestEmptyException: 账号或密码为空！

2022-05-16 10:55:45.117 ERROR 67268 --- [http-nio-8099-exec-8] c.s.guns.base.consts.ConstantsContext    : jwt密钥存在空值！常量名称：GUNS_JWT_SECRET_EXPIRE，采用默认值：1天，若想忽略此提示，请在开发管理->系统配置->参数配置，设置相关参数！
2022-05-16 10:55:45.232 ERROR 67268 --- [http-nio-8099-exec-6] c.s.guns.base.consts.ConstantsContext    : 系统常量存在空值！常量名称：GUNS_OAUTH2_PREFIX，采用默认值：oauth2，若想忽略此提示，请在开发管理->系统配置->参数配置，设置相关参数！
2022-05-16 10:55:45.241 ERROR 67268 --- [http-nio-8099-exec-6] c.s.guns.base.consts.ConstantsContext    : 系统常量存在空值！常量名称：GUNS_SYSTEM_RELEASE_VERSION，采用默认值：guns，若想忽略此提示，请在开发管理->系统配置->参数配置，设置相关参数！
2022-05-16 10:55:45.241 ERROR 67268 --- [http-nio-8099-exec-6] c.s.guns.base.consts.ConstantsContext    : 系统常量存在空值！常量名称：GUNS_SYSTEM_RELEASE_VERSION，采用默认值：guns，若想忽略此提示，请在开发管理->系统配置->参数配置，设置相关参数！
2022-05-16 10:55:45.266 ERROR 67268 --- [http-nio-8099-exec-6] c.s.guns.base.consts.ConstantsContext    : 系统常量存在空值！常量名称：GUNS_SYSTEM_RELEASE_VERSION，采用默认值：guns，若想忽略此提示，请在开发管理->系统配置->参数配置，设置相关参数！
2022-05-16 10:55:45.267 ERROR 67268 --- [http-nio-8099-exec-6] c.s.guns.base.consts.ConstantsContext    : 系统常量存在空值！常量名称：GUNS_SYSTEM_RELEASE_VERSION，采用默认值：guns，若想忽略此提示，请在开发管理->系统配置->参数配置，设置相关参数！
2022-05-16 10:55:45.267 ERROR 67268 --- [http-nio-8099-exec-6] c.s.guns.base.consts.ConstantsContext    : 系统常量存在空值！常量名称：GUNS_SYSTEM_RELEASE_VERSION，采用默认值：guns，若想忽略此提示，请在开发管理->系统配置->参数配置，设置相关参数！
2022-05-16 10:55:45.424 ERROR 67268 --- [http-nio-8099-exec-5] c.s.guns.base.consts.ConstantsContext    : 系统常量存在空值！常量名称：GUNS_DEFAULT_PASSWORD，采用默认密码：111111，若想忽略此提示，请在开发管理->系统配置->参数配置，设置相关参数！
2022-05-16 10:55:45.425 ERROR 67268 --- [http-nio-8099-exec-5] c.s.guns.base.consts.ConstantsContext    : 系统常量存在空值！常量名称：GUNS_SYSTEM_RELEASE_VERSION，采用默认值：guns，若想忽略此提示，请在开发管理->系统配置->参数配置，设置相关参数！
2022-05-16 10:55:45.425 ERROR 67268 --- [http-nio-8099-exec-5] c.s.guns.base.consts.ConstantsContext    : 系统常量存在空值！常量名称：GUNS_SYSTEM_RELEASE_VERSION，采用默认值：guns，若想忽略此提示，请在开发管理->系统配置->参数配置，设置相关参数！
2022-05-16 10:55:45.426 ERROR 67268 --- [http-nio-8099-exec-5] c.s.guns.base.consts.ConstantsContext    : 系统常量存在空值！常量名称：GUNS_SYSTEM_RELEASE_VERSION，采用默认值：guns，若想忽略此提示，请在开发管理->系统配置->参数配置，设置相关参数！
2022-05-16 10:55:45.426 ERROR 67268 --- [http-nio-8099-exec-5] c.s.guns.base.consts.ConstantsContext    : 系统常量存在空值！常量名称：GUNS_SYSTEM_RELEASE_VERSION，采用默认值：guns，若想忽略此提示，请在开发管理->系统配置->参数配置，设置相关参数！
2022-05-16 10:55:45.426 ERROR 67268 --- [http-nio-8099-exec-5] c.s.guns.base.consts.ConstantsContext    : 系统常量存在空值！常量名称：GUNS_SYSTEM_RELEASE_VERSION，采用默认值：guns，若想忽略此提示，请在开发管理->系统配置->参数配置，设置相关参数！
2022-05-16 10:55:45.426 ERROR 67268 --- [http-nio-8099-exec-5] c.s.guns.base.consts.ConstantsContext    : 系统常量存在空值！常量名称：GUNS_SYSTEM_RELEASE_VERSION，采用默认值：guns，若想忽略此提示，请在开发管理->系统配置->参数配置，设置相关参数！
2022-05-16 10:55:45.426 ERROR 67268 --- [http-nio-8099-exec-5] c.s.guns.base.consts.ConstantsContext    : 系统常量存在空值！常量名称：GUNS_SYSTEM_RELEASE_VERSION，采用默认值：guns，若想忽略此提示，请在开发管理->系统配置->参数配置，设置相关参数！
2022-05-16 10:55:45.427 ERROR 67268 --- [http-nio-8099-exec-5] c.s.guns.base.consts.ConstantsContext    : 系统常量存在空值！常量名称：GUNS_SYSTEM_RELEASE_VERSION，采用默认值：guns，若想忽略此提示，请在开发管理->系统配置->参数配置，设置相关参数！
2022-05-16 10:55:45.427 ERROR 67268 --- [http-nio-8099-exec-5] c.s.guns.base.consts.ConstantsContext    : 系统常量存在空值！常量名称：GUNS_SYSTEM_RELEASE_VERSION，采用默认值：guns，若想忽略此提示，请在开发管理->系统配置->参数配置，设置相关参数！
2022-05-16 10:55:45.427 ERROR 67268 --- [http-nio-8099-exec-5] c.s.guns.base.consts.ConstantsContext    : 系统常量存在空值！常量名称：GUNS_SYSTEM_RELEASE_VERSION，采用默认值：guns，若想忽略此提示，请在开发管理->系统配置->参数配置，设置相关参数！
2022-05-16 10:55:45.427 ERROR 67268 --- [http-nio-8099-exec-5] c.s.guns.base.consts.ConstantsContext    : 系统常量存在空值！常量名称：GUNS_SYSTEM_RELEASE_VERSION，采用默认值：guns，若想忽略此提示，请在开发管理->系统配置->参数配置，设置相关参数！
2022-05-16 10:55:51.639 ERROR 67268 --- [http-nio-8099-exec-7] c.s.guns.base.consts.ConstantsContext    : 系统常量存在空值！常量名称：GUNS_SYSTEM_RELEASE_VERSION，采用默认值：guns，若想忽略此提示，请在开发管理->系统配置->参数配置，设置相关参数！
2022-05-16 10:55:51.639 ERROR 67268 --- [http-nio-8099-exec-7] c.s.guns.base.consts.ConstantsContext    : 系统常量存在空值！常量名称：GUNS_SYSTEM_RELEASE_VERSION，采用默认值：guns，若想忽略此提示，请在开发管理->系统配置->参数配置，设置相关参数！
2022-05-16 10:55:51.639 ERROR 67268 --- [http-nio-8099-exec-7] c.s.guns.base.consts.ConstantsContext    : 系统常量存在空值！常量名称：GUNS_SYSTEM_RELEASE_VERSION，采用默认值：guns，若想忽略此提示，请在开发管理->系统配置->参数配置，设置相关参数！
2022-05-16 10:55:51.639 ERROR 67268 --- [http-nio-8099-exec-7] c.s.guns.base.consts.ConstantsContext    : 系统常量存在空值！常量名称：GUNS_SYSTEM_RELEASE_VERSION，采用默认值：guns，若想忽略此提示，请在开发管理->系统配置->参数配置，设置相关参数！
2022-05-16 10:55:51.640 ERROR 67268 --- [http-nio-8099-exec-7] c.s.guns.base.consts.ConstantsContext    : 系统常量存在空值！常量名称：GUNS_SYSTEM_RELEASE_VERSION，采用默认值：guns，若想忽略此提示，请在开发管理->系统配置->参数配置，设置相关参数！
2022-05-16 10:55:51.645 ERROR 67268 --- [http-nio-8099-exec-7] c.s.guns.base.consts.ConstantsContext    : 系统常量存在空值！常量名称：GUNS_SYSTEM_RELEASE_VERSION，采用默认值：guns，若想忽略此提示，请在开发管理->系统配置->参数配置，设置相关参数！
2022-05-16 10:55:51.646 ERROR 67268 --- [http-nio-8099-exec-7] c.s.guns.base.consts.ConstantsContext    : 系统常量存在空值！常量名称：GUNS_SYSTEM_RELEASE_VERSION，采用默认值：guns，若想忽略此提示，请在开发管理->系统配置->参数配置，设置相关参数！
2022-05-16 10:55:52.154 ERROR 67268 --- [http-nio-8099-exec-2] c.s.guns.base.consts.ConstantsContext    : 系统常量存在空值！常量名称：GUNS_SYSTEM_RELEASE_VERSION，采用默认值：guns，若想忽略此提示，请在开发管理->系统配置->参数配置，设置相关参数！
2022-05-16 10:55:52.154 ERROR 67268 --- [http-nio-8099-exec-2] c.s.guns.base.consts.ConstantsContext    : 系统常量存在空值！常量名称：GUNS_SYSTEM_RELEASE_VERSION，采用默认值：guns，若想忽略此提示，请在开发管理->系统配置->参数配置，设置相关参数！
2022-05-16 10:55:52.154 ERROR 67268 --- [http-nio-8099-exec-2] c.s.guns.base.consts.ConstantsContext    : 系统常量存在空值！常量名称：GUNS_SYSTEM_RELEASE_VERSION，采用默认值：guns，若想忽略此提示，请在开发管理->系统配置->参数配置，设置相关参数！
2022-05-16 10:55:52.155 ERROR 67268 --- [http-nio-8099-exec-2] c.s.guns.base.consts.ConstantsContext    : 系统常量存在空值！常量名称：GUNS_SYSTEM_RELEASE_VERSION，采用默认值：guns，若想忽略此提示，请在开发管理->系统配置->参数配置，设置相关参数！
2022-05-16 10:55:52.155 ERROR 67268 --- [http-nio-8099-exec-2] c.s.guns.base.consts.ConstantsContext    : 系统常量存在空值！常量名称：GUNS_SYSTEM_RELEASE_VERSION，采用默认值：guns，若想忽略此提示，请在开发管理->系统配置->参数配置，设置相关参数！
2022-05-16 10:55:52.155 ERROR 67268 --- [http-nio-8099-exec-2] c.s.guns.base.consts.ConstantsContext    : 系统常量存在空值！常量名称：GUNS_SYSTEM_RELEASE_VERSION，采用默认值：guns，若想忽略此提示，请在开发管理->系统配置->参数配置，设置相关参数！
2022-05-16 10:55:52.155 ERROR 67268 --- [http-nio-8099-exec-2] c.s.guns.base.consts.ConstantsContext    : 系统常量存在空值！常量名称：GUNS_SYSTEM_RELEASE_VERSION，采用默认值：guns，若想忽略此提示，请在开发管理->系统配置->参数配置，设置相关参数！
2022-05-16 10:56:42.394 ERROR 67268 --- [http-nio-8099-exec-10] c.s.guns.base.consts.ConstantsContext    : 系统常量存在空值！常量名称：GUNS_SYSTEM_RELEASE_VERSION，采用默认值：guns，若想忽略此提示，请在开发管理->系统配置->参数配置，设置相关参数！
2022-05-16 10:56:42.394 ERROR 67268 --- [http-nio-8099-exec-10] c.s.guns.base.consts.ConstantsContext    : 系统常量存在空值！常量名称：GUNS_SYSTEM_RELEASE_VERSION，采用默认值：guns，若想忽略此提示，请在开发管理->系统配置->参数配置，设置相关参数！
2022-05-16 10:56:42.394 ERROR 67268 --- [http-nio-8099-exec-10] c.s.guns.base.consts.ConstantsContext    : 系统常量存在空值！常量名称：GUNS_SYSTEM_RELEASE_VERSION，采用默认值：guns，若想忽略此提示，请在开发管理->系统配置->参数配置，设置相关参数！
2022-05-16 10:56:42.394 ERROR 67268 --- [http-nio-8099-exec-10] c.s.guns.base.consts.ConstantsContext    : 系统常量存在空值！常量名称：GUNS_SYSTEM_RELEASE_VERSION，采用默认值：guns，若想忽略此提示，请在开发管理->系统配置->参数配置，设置相关参数！
2022-05-16 10:56:42.394 ERROR 67268 --- [http-nio-8099-exec-10] c.s.guns.base.consts.ConstantsContext    : 系统常量存在空值！常量名称：GUNS_SYSTEM_RELEASE_VERSION，采用默认值：guns，若想忽略此提示，请在开发管理->系统配置->参数配置，设置相关参数！
2022-05-16 10:56:42.394 ERROR 67268 --- [http-nio-8099-exec-10] c.s.guns.base.consts.ConstantsContext    : 系统常量存在空值！常量名称：GUNS_SYSTEM_RELEASE_VERSION，采用默认值：guns，若想忽略此提示，请在开发管理->系统配置->参数配置，设置相关参数！
2022-05-16 10:56:42.395 ERROR 67268 --- [http-nio-8099-exec-10] c.s.guns.base.consts.ConstantsContext    : 系统常量存在空值！常量名称：GUNS_SYSTEM_RELEASE_VERSION，采用默认值：guns，若想忽略此提示，请在开发管理->系统配置->参数配置，设置相关参数！
2022-05-16 11:00:09.263 ERROR 67268 --- [http-nio-8099-exec-1] c.s.guns.base.consts.ConstantsContext    : 系统常量存在空值！常量名称：GUNS_SYSTEM_RELEASE_VERSION，采用默认值：guns，若想忽略此提示，请在开发管理->系统配置->参数配置，设置相关参数！
2022-05-16 11:00:09.263 ERROR 67268 --- [http-nio-8099-exec-1] c.s.guns.base.consts.ConstantsContext    : 系统常量存在空值！常量名称：GUNS_SYSTEM_RELEASE_VERSION，采用默认值：guns，若想忽略此提示，请在开发管理->系统配置->参数配置，设置相关参数！
2022-05-16 11:00:09.263 ERROR 67268 --- [http-nio-8099-exec-1] c.s.guns.base.consts.ConstantsContext    : 系统常量存在空值！常量名称：GUNS_SYSTEM_RELEASE_VERSION，采用默认值：guns，若想忽略此提示，请在开发管理->系统配置->参数配置，设置相关参数！
2022-05-16 11:00:09.263 ERROR 67268 --- [http-nio-8099-exec-1] c.s.guns.base.consts.ConstantsContext    : 系统常量存在空值！常量名称：GUNS_SYSTEM_RELEASE_VERSION，采用默认值：guns，若想忽略此提示，请在开发管理->系统配置->参数配置，设置相关参数！
2022-05-16 11:00:09.263 ERROR 67268 --- [http-nio-8099-exec-1] c.s.guns.base.consts.ConstantsContext    : 系统常量存在空值！常量名称：GUNS_SYSTEM_RELEASE_VERSION，采用默认值：guns，若想忽略此提示，请在开发管理->系统配置->参数配置，设置相关参数！
2022-05-16 11:00:09.263 ERROR 67268 --- [http-nio-8099-exec-1] c.s.guns.base.consts.ConstantsContext    : 系统常量存在空值！常量名称：GUNS_SYSTEM_RELEASE_VERSION，采用默认值：guns，若想忽略此提示，请在开发管理->系统配置->参数配置，设置相关参数！
2022-05-16 11:00:09.264 ERROR 67268 --- [http-nio-8099-exec-1] c.s.guns.base.consts.ConstantsContext    : 系统常量存在空值！常量名称：GUNS_SYSTEM_RELEASE_VERSION，采用默认值：guns，若想忽略此提示，请在开发管理->系统配置->参数配置，设置相关参数！
2022-05-16 11:03:39.987 ERROR 67268 --- [http-nio-8099-exec-7] c.s.guns.base.consts.ConstantsContext    : 系统常量存在空值！常量名称：GUNS_OAUTH2_PREFIX，采用默认值：oauth2，若想忽略此提示，请在开发管理->系统配置->参数配置，设置相关参数！
2022-05-16 11:03:39.988 ERROR 67268 --- [http-nio-8099-exec-7] c.s.guns.base.consts.ConstantsContext    : 系统常量存在空值！常量名称：GUNS_SYSTEM_RELEASE_VERSION，采用默认值：guns，若想忽略此提示，请在开发管理->系统配置->参数配置，设置相关参数！
2022-05-16 11:03:39.989 ERROR 67268 --- [http-nio-8099-exec-7] c.s.guns.base.consts.ConstantsContext    : 系统常量存在空值！常量名称：GUNS_SYSTEM_RELEASE_VERSION，采用默认值：guns，若想忽略此提示，请在开发管理->系统配置->参数配置，设置相关参数！
2022-05-16 11:03:39.995 ERROR 67268 --- [http-nio-8099-exec-7] c.s.guns.base.consts.ConstantsContext    : 系统常量存在空值！常量名称：GUNS_SYSTEM_RELEASE_VERSION，采用默认值：guns，若想忽略此提示，请在开发管理->系统配置->参数配置，设置相关参数！
2022-05-16 11:03:39.995 ERROR 67268 --- [http-nio-8099-exec-7] c.s.guns.base.consts.ConstantsContext    : 系统常量存在空值！常量名称：GUNS_SYSTEM_RELEASE_VERSION，采用默认值：guns，若想忽略此提示，请在开发管理->系统配置->参数配置，设置相关参数！
2022-05-16 11:03:39.995 ERROR 67268 --- [http-nio-8099-exec-7] c.s.guns.base.consts.ConstantsContext    : 系统常量存在空值！常量名称：GUNS_SYSTEM_RELEASE_VERSION，采用默认值：guns，若想忽略此提示，请在开发管理->系统配置->参数配置，设置相关参数！
2022-05-16 11:03:40.298 ERROR 67268 --- [http-nio-8099-exec-8] c.s.guns.base.consts.ConstantsContext    : 系统常量存在空值！常量名称：GUNS_DEFAULT_PASSWORD，采用默认密码：111111，若想忽略此提示，请在开发管理->系统配置->参数配置，设置相关参数！
2022-05-16 11:03:40.299 ERROR 67268 --- [http-nio-8099-exec-8] c.s.guns.base.consts.ConstantsContext    : 系统常量存在空值！常量名称：GUNS_SYSTEM_RELEASE_VERSION，采用默认值：guns，若想忽略此提示，请在开发管理->系统配置->参数配置，设置相关参数！
2022-05-16 11:03:40.299 ERROR 67268 --- [http-nio-8099-exec-8] c.s.guns.base.consts.ConstantsContext    : 系统常量存在空值！常量名称：GUNS_SYSTEM_RELEASE_VERSION，采用默认值：guns，若想忽略此提示，请在开发管理->系统配置->参数配置，设置相关参数！
2022-05-16 11:03:40.299 ERROR 67268 --- [http-nio-8099-exec-8] c.s.guns.base.consts.ConstantsContext    : 系统常量存在空值！常量名称：GUNS_SYSTEM_RELEASE_VERSION，采用默认值：guns，若想忽略此提示，请在开发管理->系统配置->参数配置，设置相关参数！
2022-05-16 11:03:40.299 ERROR 67268 --- [http-nio-8099-exec-8] c.s.guns.base.consts.ConstantsContext    : 系统常量存在空值！常量名称：GUNS_SYSTEM_RELEASE_VERSION，采用默认值：guns，若想忽略此提示，请在开发管理->系统配置->参数配置，设置相关参数！
2022-05-16 11:03:40.299 ERROR 67268 --- [http-nio-8099-exec-8] c.s.guns.base.consts.ConstantsContext    : 系统常量存在空值！常量名称：GUNS_SYSTEM_RELEASE_VERSION，采用默认值：guns，若想忽略此提示，请在开发管理->系统配置->参数配置，设置相关参数！
2022-05-16 11:03:40.300 ERROR 67268 --- [http-nio-8099-exec-8] c.s.guns.base.consts.ConstantsContext    : 系统常量存在空值！常量名称：GUNS_SYSTEM_RELEASE_VERSION，采用默认值：guns，若想忽略此提示，请在开发管理->系统配置->参数配置，设置相关参数！
2022-05-16 11:03:40.300 ERROR 67268 --- [http-nio-8099-exec-8] c.s.guns.base.consts.ConstantsContext    : 系统常量存在空值！常量名称：GUNS_SYSTEM_RELEASE_VERSION，采用默认值：guns，若想忽略此提示，请在开发管理->系统配置->参数配置，设置相关参数！
2022-05-16 11:03:40.300 ERROR 67268 --- [http-nio-8099-exec-8] c.s.guns.base.consts.ConstantsContext    : 系统常量存在空值！常量名称：GUNS_SYSTEM_RELEASE_VERSION，采用默认值：guns，若想忽略此提示，请在开发管理->系统配置->参数配置，设置相关参数！
2022-05-16 11:03:40.301 ERROR 67268 --- [http-nio-8099-exec-8] c.s.guns.base.consts.ConstantsContext    : 系统常量存在空值！常量名称：GUNS_SYSTEM_RELEASE_VERSION，采用默认值：guns，若想忽略此提示，请在开发管理->系统配置->参数配置，设置相关参数！
2022-05-16 11:03:40.301 ERROR 67268 --- [http-nio-8099-exec-8] c.s.guns.base.consts.ConstantsContext    : 系统常量存在空值！常量名称：GUNS_SYSTEM_RELEASE_VERSION，采用默认值：guns，若想忽略此提示，请在开发管理->系统配置->参数配置，设置相关参数！
2022-05-16 11:03:40.301 ERROR 67268 --- [http-nio-8099-exec-8] c.s.guns.base.consts.ConstantsContext    : 系统常量存在空值！常量名称：GUNS_SYSTEM_RELEASE_VERSION，采用默认值：guns，若想忽略此提示，请在开发管理->系统配置->参数配置，设置相关参数！
2022-05-16 11:03:40.319 ERROR 67268 --- [http-nio-8099-exec-9] c.s.guns.base.consts.ConstantsContext    : 系统常量存在空值！常量名称：GUNS_SYSTEM_RELEASE_VERSION，采用默认值：guns，若想忽略此提示，请在开发管理->系统配置->参数配置，设置相关参数！
2022-05-16 11:03:40.319 ERROR 67268 --- [http-nio-8099-exec-9] c.s.guns.base.consts.ConstantsContext    : 系统常量存在空值！常量名称：GUNS_SYSTEM_RELEASE_VERSION，采用默认值：guns，若想忽略此提示，请在开发管理->系统配置->参数配置，设置相关参数！
2022-05-16 11:03:40.319 ERROR 67268 --- [http-nio-8099-exec-9] c.s.guns.base.consts.ConstantsContext    : 系统常量存在空值！常量名称：GUNS_SYSTEM_RELEASE_VERSION，采用默认值：guns，若想忽略此提示，请在开发管理->系统配置->参数配置，设置相关参数！
2022-05-16 11:03:40.320 ERROR 67268 --- [http-nio-8099-exec-9] c.s.guns.base.consts.ConstantsContext    : 系统常量存在空值！常量名称：GUNS_SYSTEM_RELEASE_VERSION，采用默认值：guns，若想忽略此提示，请在开发管理->系统配置->参数配置，设置相关参数！
2022-05-16 11:03:40.320 ERROR 67268 --- [http-nio-8099-exec-9] c.s.guns.base.consts.ConstantsContext    : 系统常量存在空值！常量名称：GUNS_SYSTEM_RELEASE_VERSION，采用默认值：guns，若想忽略此提示，请在开发管理->系统配置->参数配置，设置相关参数！
2022-05-16 11:03:40.320 ERROR 67268 --- [http-nio-8099-exec-9] c.s.guns.base.consts.ConstantsContext    : 系统常量存在空值！常量名称：GUNS_SYSTEM_RELEASE_VERSION，采用默认值：guns，若想忽略此提示，请在开发管理->系统配置->参数配置，设置相关参数！
2022-05-16 11:03:40.320 ERROR 67268 --- [http-nio-8099-exec-9] c.s.guns.base.consts.ConstantsContext    : 系统常量存在空值！常量名称：GUNS_SYSTEM_RELEASE_VERSION，采用默认值：guns，若想忽略此提示，请在开发管理->系统配置->参数配置，设置相关参数！
2022-05-16 11:03:40.332 ERROR 67268 --- [http-nio-8099-exec-4] c.s.guns.base.consts.ConstantsContext    : 系统常量存在空值！常量名称：GUNS_SYSTEM_RELEASE_VERSION，采用默认值：guns，若想忽略此提示，请在开发管理->系统配置->参数配置，设置相关参数！
2022-05-16 11:03:40.332 ERROR 67268 --- [http-nio-8099-exec-4] c.s.guns.base.consts.ConstantsContext    : 系统常量存在空值！常量名称：GUNS_SYSTEM_RELEASE_VERSION，采用默认值：guns，若想忽略此提示，请在开发管理->系统配置->参数配置，设置相关参数！
2022-05-16 11:03:40.332 ERROR 67268 --- [http-nio-8099-exec-4] c.s.guns.base.consts.ConstantsContext    : 系统常量存在空值！常量名称：GUNS_SYSTEM_RELEASE_VERSION，采用默认值：guns，若想忽略此提示，请在开发管理->系统配置->参数配置，设置相关参数！
2022-05-16 11:03:40.333 ERROR 67268 --- [http-nio-8099-exec-4] c.s.guns.base.consts.ConstantsContext    : 系统常量存在空值！常量名称：GUNS_SYSTEM_RELEASE_VERSION，采用默认值：guns，若想忽略此提示，请在开发管理->系统配置->参数配置，设置相关参数！
2022-05-16 11:03:40.333 ERROR 67268 --- [http-nio-8099-exec-4] c.s.guns.base.consts.ConstantsContext    : 系统常量存在空值！常量名称：GUNS_SYSTEM_RELEASE_VERSION，采用默认值：guns，若想忽略此提示，请在开发管理->系统配置->参数配置，设置相关参数！
2022-05-16 11:03:40.333 ERROR 67268 --- [http-nio-8099-exec-4] c.s.guns.base.consts.ConstantsContext    : 系统常量存在空值！常量名称：GUNS_SYSTEM_RELEASE_VERSION，采用默认值：guns，若想忽略此提示，请在开发管理->系统配置->参数配置，设置相关参数！
2022-05-16 11:03:40.334 ERROR 67268 --- [http-nio-8099-exec-4] c.s.guns.base.consts.ConstantsContext    : 系统常量存在空值！常量名称：GUNS_SYSTEM_RELEASE_VERSION，采用默认值：guns，若想忽略此提示，请在开发管理->系统配置->参数配置，设置相关参数！
2022-05-16 11:03:44.825 ERROR 67268 --- [http-nio-8099-exec-3] c.s.guns.base.consts.ConstantsContext    : 系统常量存在空值！常量名称：GUNS_OAUTH2_PREFIX，采用默认值：oauth2，若想忽略此提示，请在开发管理->系统配置->参数配置，设置相关参数！
2022-05-16 11:03:44.825 ERROR 67268 --- [http-nio-8099-exec-3] c.s.guns.base.consts.ConstantsContext    : 系统常量存在空值！常量名称：GUNS_SYSTEM_RELEASE_VERSION，采用默认值：guns，若想忽略此提示，请在开发管理->系统配置->参数配置，设置相关参数！
2022-05-16 11:03:44.825 ERROR 67268 --- [http-nio-8099-exec-3] c.s.guns.base.consts.ConstantsContext    : 系统常量存在空值！常量名称：GUNS_SYSTEM_RELEASE_VERSION，采用默认值：guns，若想忽略此提示，请在开发管理->系统配置->参数配置，设置相关参数！
2022-05-16 11:03:44.827 ERROR 67268 --- [http-nio-8099-exec-3] c.s.guns.base.consts.ConstantsContext    : 系统常量存在空值！常量名称：GUNS_SYSTEM_RELEASE_VERSION，采用默认值：guns，若想忽略此提示，请在开发管理->系统配置->参数配置，设置相关参数！
2022-05-16 11:03:44.827 ERROR 67268 --- [http-nio-8099-exec-3] c.s.guns.base.consts.ConstantsContext    : 系统常量存在空值！常量名称：GUNS_SYSTEM_RELEASE_VERSION，采用默认值：guns，若想忽略此提示，请在开发管理->系统配置->参数配置，设置相关参数！
2022-05-16 11:03:44.827 ERROR 67268 --- [http-nio-8099-exec-3] c.s.guns.base.consts.ConstantsContext    : 系统常量存在空值！常量名称：GUNS_SYSTEM_RELEASE_VERSION，采用默认值：guns，若想忽略此提示，请在开发管理->系统配置->参数配置，设置相关参数！
2022-05-16 11:03:45.001 ERROR 67268 --- [http-nio-8099-exec-8] c.s.guns.base.consts.ConstantsContext    : 系统常量存在空值！常量名称：GUNS_DEFAULT_PASSWORD，采用默认密码：111111，若想忽略此提示，请在开发管理->系统配置->参数配置，设置相关参数！
2022-05-16 11:03:45.002 ERROR 67268 --- [http-nio-8099-exec-8] c.s.guns.base.consts.ConstantsContext    : 系统常量存在空值！常量名称：GUNS_SYSTEM_RELEASE_VERSION，采用默认值：guns，若想忽略此提示，请在开发管理->系统配置->参数配置，设置相关参数！
2022-05-16 11:03:45.002 ERROR 67268 --- [http-nio-8099-exec-8] c.s.guns.base.consts.ConstantsContext    : 系统常量存在空值！常量名称：GUNS_SYSTEM_RELEASE_VERSION，采用默认值：guns，若想忽略此提示，请在开发管理->系统配置->参数配置，设置相关参数！
2022-05-16 11:03:45.002 ERROR 67268 --- [http-nio-8099-exec-8] c.s.guns.base.consts.ConstantsContext    : 系统常量存在空值！常量名称：GUNS_SYSTEM_RELEASE_VERSION，采用默认值：guns，若想忽略此提示，请在开发管理->系统配置->参数配置，设置相关参数！
2022-05-16 11:03:45.002 ERROR 67268 --- [http-nio-8099-exec-8] c.s.guns.base.consts.ConstantsContext    : 系统常量存在空值！常量名称：GUNS_SYSTEM_RELEASE_VERSION，采用默认值：guns，若想忽略此提示，请在开发管理->系统配置->参数配置，设置相关参数！
2022-05-16 11:03:45.002 ERROR 67268 --- [http-nio-8099-exec-8] c.s.guns.base.consts.ConstantsContext    : 系统常量存在空值！常量名称：GUNS_SYSTEM_RELEASE_VERSION，采用默认值：guns，若想忽略此提示，请在开发管理->系统配置->参数配置，设置相关参数！
2022-05-16 11:03:45.003 ERROR 67268 --- [http-nio-8099-exec-8] c.s.guns.base.consts.ConstantsContext    : 系统常量存在空值！常量名称：GUNS_SYSTEM_RELEASE_VERSION，采用默认值：guns，若想忽略此提示，请在开发管理->系统配置->参数配置，设置相关参数！
2022-05-16 11:03:45.003 ERROR 67268 --- [http-nio-8099-exec-8] c.s.guns.base.consts.ConstantsContext    : 系统常量存在空值！常量名称：GUNS_SYSTEM_RELEASE_VERSION，采用默认值：guns，若想忽略此提示，请在开发管理->系统配置->参数配置，设置相关参数！
2022-05-16 11:03:45.003 ERROR 67268 --- [http-nio-8099-exec-8] c.s.guns.base.consts.ConstantsContext    : 系统常量存在空值！常量名称：GUNS_SYSTEM_RELEASE_VERSION，采用默认值：guns，若想忽略此提示，请在开发管理->系统配置->参数配置，设置相关参数！
2022-05-16 11:03:45.003 ERROR 67268 --- [http-nio-8099-exec-8] c.s.guns.base.consts.ConstantsContext    : 系统常量存在空值！常量名称：GUNS_SYSTEM_RELEASE_VERSION，采用默认值：guns，若想忽略此提示，请在开发管理->系统配置->参数配置，设置相关参数！
2022-05-16 11:03:45.003 ERROR 67268 --- [http-nio-8099-exec-8] c.s.guns.base.consts.ConstantsContext    : 系统常量存在空值！常量名称：GUNS_SYSTEM_RELEASE_VERSION，采用默认值：guns，若想忽略此提示，请在开发管理->系统配置->参数配置，设置相关参数！
2022-05-16 11:03:45.003 ERROR 67268 --- [http-nio-8099-exec-8] c.s.guns.base.consts.ConstantsContext    : 系统常量存在空值！常量名称：GUNS_SYSTEM_RELEASE_VERSION，采用默认值：guns，若想忽略此提示，请在开发管理->系统配置->参数配置，设置相关参数！
2022-05-16 11:03:45.013 ERROR 67268 --- [http-nio-8099-exec-1] c.s.guns.base.consts.ConstantsContext    : 系统常量存在空值！常量名称：GUNS_SYSTEM_RELEASE_VERSION，采用默认值：guns，若想忽略此提示，请在开发管理->系统配置->参数配置，设置相关参数！
2022-05-16 11:03:45.013 ERROR 67268 --- [http-nio-8099-exec-1] c.s.guns.base.consts.ConstantsContext    : 系统常量存在空值！常量名称：GUNS_SYSTEM_RELEASE_VERSION，采用默认值：guns，若想忽略此提示，请在开发管理->系统配置->参数配置，设置相关参数！
2022-05-16 11:03:45.013 ERROR 67268 --- [http-nio-8099-exec-1] c.s.guns.base.consts.ConstantsContext    : 系统常量存在空值！常量名称：GUNS_SYSTEM_RELEASE_VERSION，采用默认值：guns，若想忽略此提示，请在开发管理->系统配置->参数配置，设置相关参数！
2022-05-16 11:03:45.014 ERROR 67268 --- [http-nio-8099-exec-1] c.s.guns.base.consts.ConstantsContext    : 系统常量存在空值！常量名称：GUNS_SYSTEM_RELEASE_VERSION，采用默认值：guns，若想忽略此提示，请在开发管理->系统配置->参数配置，设置相关参数！
2022-05-16 11:03:45.014 ERROR 67268 --- [http-nio-8099-exec-1] c.s.guns.base.consts.ConstantsContext    : 系统常量存在空值！常量名称：GUNS_SYSTEM_RELEASE_VERSION，采用默认值：guns，若想忽略此提示，请在开发管理->系统配置->参数配置，设置相关参数！
2022-05-16 11:03:45.014 ERROR 67268 --- [http-nio-8099-exec-1] c.s.guns.base.consts.ConstantsContext    : 系统常量存在空值！常量名称：GUNS_SYSTEM_RELEASE_VERSION，采用默认值：guns，若想忽略此提示，请在开发管理->系统配置->参数配置，设置相关参数！
2022-05-16 11:03:45.014 ERROR 67268 --- [http-nio-8099-exec-1] c.s.guns.base.consts.ConstantsContext    : 系统常量存在空值！常量名称：GUNS_SYSTEM_RELEASE_VERSION，采用默认值：guns，若想忽略此提示，请在开发管理->系统配置->参数配置，设置相关参数！
2022-05-16 11:03:45.026 ERROR 67268 --- [http-nio-8099-exec-10] c.s.guns.base.consts.ConstantsContext    : 系统常量存在空值！常量名称：GUNS_SYSTEM_RELEASE_VERSION，采用默认值：guns，若想忽略此提示，请在开发管理->系统配置->参数配置，设置相关参数！
2022-05-16 11:03:45.027 ERROR 67268 --- [http-nio-8099-exec-10] c.s.guns.base.consts.ConstantsContext    : 系统常量存在空值！常量名称：GUNS_SYSTEM_RELEASE_VERSION，采用默认值：guns，若想忽略此提示，请在开发管理->系统配置->参数配置，设置相关参数！
2022-05-16 11:03:45.027 ERROR 67268 --- [http-nio-8099-exec-10] c.s.guns.base.consts.ConstantsContext    : 系统常量存在空值！常量名称：GUNS_SYSTEM_RELEASE_VERSION，采用默认值：guns，若想忽略此提示，请在开发管理->系统配置->参数配置，设置相关参数！
2022-05-16 11:03:45.027 ERROR 67268 --- [http-nio-8099-exec-10] c.s.guns.base.consts.ConstantsContext    : 系统常量存在空值！常量名称：GUNS_SYSTEM_RELEASE_VERSION，采用默认值：guns，若想忽略此提示，请在开发管理->系统配置->参数配置，设置相关参数！
2022-05-16 11:03:45.027 ERROR 67268 --- [http-nio-8099-exec-10] c.s.guns.base.consts.ConstantsContext    : 系统常量存在空值！常量名称：GUNS_SYSTEM_RELEASE_VERSION，采用默认值：guns，若想忽略此提示，请在开发管理->系统配置->参数配置，设置相关参数！
2022-05-16 11:03:45.027 ERROR 67268 --- [http-nio-8099-exec-10] c.s.guns.base.consts.ConstantsContext    : 系统常量存在空值！常量名称：GUNS_SYSTEM_RELEASE_VERSION，采用默认值：guns，若想忽略此提示，请在开发管理->系统配置->参数配置，设置相关参数！
2022-05-16 11:03:45.028 ERROR 67268 --- [http-nio-8099-exec-10] c.s.guns.base.consts.ConstantsContext    : 系统常量存在空值！常量名称：GUNS_SYSTEM_RELEASE_VERSION，采用默认值：guns，若想忽略此提示，请在开发管理->系统配置->参数配置，设置相关参数！
2022-05-16 11:03:48.275 ERROR 67268 --- [http-nio-8099-exec-5] c.s.guns.base.consts.ConstantsContext    : 系统常量存在空值！常量名称：GUNS_SYSTEM_RELEASE_VERSION，采用默认值：guns，若想忽略此提示，请在开发管理->系统配置->参数配置，设置相关参数！
2022-05-16 11:03:48.275 ERROR 67268 --- [http-nio-8099-exec-5] c.s.guns.base.consts.ConstantsContext    : 系统常量存在空值！常量名称：GUNS_SYSTEM_RELEASE_VERSION，采用默认值：guns，若想忽略此提示，请在开发管理->系统配置->参数配置，设置相关参数！
2022-05-16 11:03:48.275 ERROR 67268 --- [http-nio-8099-exec-5] c.s.guns.base.consts.ConstantsContext    : 系统常量存在空值！常量名称：GUNS_SYSTEM_RELEASE_VERSION，采用默认值：guns，若想忽略此提示，请在开发管理->系统配置->参数配置，设置相关参数！
2022-05-16 11:03:48.276 ERROR 67268 --- [http-nio-8099-exec-5] c.s.guns.base.consts.ConstantsContext    : 系统常量存在空值！常量名称：GUNS_SYSTEM_RELEASE_VERSION，采用默认值：guns，若想忽略此提示，请在开发管理->系统配置->参数配置，设置相关参数！
2022-05-16 11:03:48.276 ERROR 67268 --- [http-nio-8099-exec-5] c.s.guns.base.consts.ConstantsContext    : 系统常量存在空值！常量名称：GUNS_SYSTEM_RELEASE_VERSION，采用默认值：guns，若想忽略此提示，请在开发管理->系统配置->参数配置，设置相关参数！
2022-05-16 11:03:48.276 ERROR 67268 --- [http-nio-8099-exec-5] c.s.guns.base.consts.ConstantsContext    : 系统常量存在空值！常量名称：GUNS_SYSTEM_RELEASE_VERSION，采用默认值：guns，若想忽略此提示，请在开发管理->系统配置->参数配置，设置相关参数！
2022-05-16 11:03:48.276 ERROR 67268 --- [http-nio-8099-exec-5] c.s.guns.base.consts.ConstantsContext    : 系统常量存在空值！常量名称：GUNS_SYSTEM_RELEASE_VERSION，采用默认值：guns，若想忽略此提示，请在开发管理->系统配置->参数配置，设置相关参数！
2022-05-16 11:04:25.235 ERROR 67268 --- [http-nio-8099-exec-1] c.s.guns.base.consts.ConstantsContext    : 系统常量存在空值！常量名称：GUNS_SYSTEM_RELEASE_VERSION，采用默认值：guns，若想忽略此提示，请在开发管理->系统配置->参数配置，设置相关参数！
2022-05-16 11:04:25.236 ERROR 67268 --- [http-nio-8099-exec-1] c.s.guns.base.consts.ConstantsContext    : 系统常量存在空值！常量名称：GUNS_SYSTEM_RELEASE_VERSION，采用默认值：guns，若想忽略此提示，请在开发管理->系统配置->参数配置，设置相关参数！
2022-05-16 11:04:25.236 ERROR 67268 --- [http-nio-8099-exec-1] c.s.guns.base.consts.ConstantsContext    : 系统常量存在空值！常量名称：GUNS_SYSTEM_RELEASE_VERSION，采用默认值：guns，若想忽略此提示，请在开发管理->系统配置->参数配置，设置相关参数！
2022-05-16 11:04:25.236 ERROR 67268 --- [http-nio-8099-exec-1] c.s.guns.base.consts.ConstantsContext    : 系统常量存在空值！常量名称：GUNS_SYSTEM_RELEASE_VERSION，采用默认值：guns，若想忽略此提示，请在开发管理->系统配置->参数配置，设置相关参数！
2022-05-16 11:04:25.236 ERROR 67268 --- [http-nio-8099-exec-1] c.s.guns.base.consts.ConstantsContext    : 系统常量存在空值！常量名称：GUNS_SYSTEM_RELEASE_VERSION，采用默认值：guns，若想忽略此提示，请在开发管理->系统配置->参数配置，设置相关参数！
2022-05-16 11:04:25.237 ERROR 67268 --- [http-nio-8099-exec-1] c.s.guns.base.consts.ConstantsContext    : 系统常量存在空值！常量名称：GUNS_SYSTEM_RELEASE_VERSION，采用默认值：guns，若想忽略此提示，请在开发管理->系统配置->参数配置，设置相关参数！
2022-05-16 11:04:25.237 ERROR 67268 --- [http-nio-8099-exec-1] c.s.guns.base.consts.ConstantsContext    : 系统常量存在空值！常量名称：GUNS_SYSTEM_RELEASE_VERSION，采用默认值：guns，若想忽略此提示，请在开发管理->系统配置->参数配置，设置相关参数！
2022-05-16 11:04:31.518 ERROR 67268 --- [http-nio-8099-exec-9] c.s.guns.base.consts.ConstantsContext    : 系统常量存在空值！常量名称：GUNS_SYSTEM_RELEASE_VERSION，采用默认值：guns，若想忽略此提示，请在开发管理->系统配置->参数配置，设置相关参数！
2022-05-16 11:04:31.518 ERROR 67268 --- [http-nio-8099-exec-9] c.s.guns.base.consts.ConstantsContext    : 系统常量存在空值！常量名称：GUNS_SYSTEM_RELEASE_VERSION，采用默认值：guns，若想忽略此提示，请在开发管理->系统配置->参数配置，设置相关参数！
2022-05-16 11:04:31.518 ERROR 67268 --- [http-nio-8099-exec-9] c.s.guns.base.consts.ConstantsContext    : 系统常量存在空值！常量名称：GUNS_SYSTEM_RELEASE_VERSION，采用默认值：guns，若想忽略此提示，请在开发管理->系统配置->参数配置，设置相关参数！
2022-05-16 11:04:31.518 ERROR 67268 --- [http-nio-8099-exec-9] c.s.guns.base.consts.ConstantsContext    : 系统常量存在空值！常量名称：GUNS_SYSTEM_RELEASE_VERSION，采用默认值：guns，若想忽略此提示，请在开发管理->系统配置->参数配置，设置相关参数！
2022-05-16 11:04:31.518 ERROR 67268 --- [http-nio-8099-exec-9] c.s.guns.base.consts.ConstantsContext    : 系统常量存在空值！常量名称：GUNS_SYSTEM_RELEASE_VERSION，采用默认值：guns，若想忽略此提示，请在开发管理->系统配置->参数配置，设置相关参数！
2022-05-16 11:04:31.518 ERROR 67268 --- [http-nio-8099-exec-9] c.s.guns.base.consts.ConstantsContext    : 系统常量存在空值！常量名称：GUNS_SYSTEM_RELEASE_VERSION，采用默认值：guns，若想忽略此提示，请在开发管理->系统配置->参数配置，设置相关参数！
2022-05-16 11:04:31.519 ERROR 67268 --- [http-nio-8099-exec-9] c.s.guns.base.consts.ConstantsContext    : 系统常量存在空值！常量名称：GUNS_SYSTEM_RELEASE_VERSION，采用默认值：guns，若想忽略此提示，请在开发管理->系统配置->参数配置，设置相关参数！
2022-05-16 11:50:04.078 ERROR 67268 --- [http-nio-8099-exec-7] c.s.guns.base.consts.ConstantsContext    : 系统常量存在空值！常量名称：GUNS_SYSTEM_RELEASE_VERSION，采用默认值：guns，若想忽略此提示，请在开发管理->系统配置->参数配置，设置相关参数！
2022-05-16 11:50:04.079 ERROR 67268 --- [http-nio-8099-exec-7] c.s.guns.base.consts.ConstantsContext    : 系统常量存在空值！常量名称：GUNS_SYSTEM_RELEASE_VERSION，采用默认值：guns，若想忽略此提示，请在开发管理->系统配置->参数配置，设置相关参数！
2022-05-16 11:50:04.080 ERROR 67268 --- [http-nio-8099-exec-7] c.s.guns.base.consts.ConstantsContext    : 系统常量存在空值！常量名称：GUNS_SYSTEM_RELEASE_VERSION，采用默认值：guns，若想忽略此提示，请在开发管理->系统配置->参数配置，设置相关参数！
2022-05-16 11:50:04.081 ERROR 67268 --- [http-nio-8099-exec-7] c.s.guns.base.consts.ConstantsContext    : 系统常量存在空值！常量名称：GUNS_SYSTEM_RELEASE_VERSION，采用默认值：guns，若想忽略此提示，请在开发管理->系统配置->参数配置，设置相关参数！
2022-05-16 11:50:04.081 ERROR 67268 --- [http-nio-8099-exec-7] c.s.guns.base.consts.ConstantsContext    : 系统常量存在空值！常量名称：GUNS_SYSTEM_RELEASE_VERSION，采用默认值：guns，若想忽略此提示，请在开发管理->系统配置->参数配置，设置相关参数！
2022-05-16 11:50:04.082 ERROR 67268 --- [http-nio-8099-exec-7] c.s.guns.base.consts.ConstantsContext    : 系统常量存在空值！常量名称：GUNS_SYSTEM_RELEASE_VERSION，采用默认值：guns，若想忽略此提示，请在开发管理->系统配置->参数配置，设置相关参数！
2022-05-16 11:50:04.082 ERROR 67268 --- [http-nio-8099-exec-7] c.s.guns.base.consts.ConstantsContext    : 系统常量存在空值！常量名称：GUNS_SYSTEM_RELEASE_VERSION，采用默认值：guns，若想忽略此提示，请在开发管理->系统配置->参数配置，设置相关参数！
2022-05-16 11:50:28.343 ERROR 67268 --- [http-nio-8099-exec-1] c.s.guns.base.consts.ConstantsContext    : 系统常量存在空值！常量名称：GUNS_SYSTEM_RELEASE_VERSION，采用默认值：guns，若想忽略此提示，请在开发管理->系统配置->参数配置，设置相关参数！
2022-05-16 11:50:28.343 ERROR 67268 --- [http-nio-8099-exec-1] c.s.guns.base.consts.ConstantsContext    : 系统常量存在空值！常量名称：GUNS_SYSTEM_RELEASE_VERSION，采用默认值：guns，若想忽略此提示，请在开发管理->系统配置->参数配置，设置相关参数！
2022-05-16 11:50:28.343 ERROR 67268 --- [http-nio-8099-exec-1] c.s.guns.base.consts.ConstantsContext    : 系统常量存在空值！常量名称：GUNS_SYSTEM_RELEASE_VERSION，采用默认值：guns，若想忽略此提示，请在开发管理->系统配置->参数配置，设置相关参数！
2022-05-16 11:50:28.343 ERROR 67268 --- [http-nio-8099-exec-1] c.s.guns.base.consts.ConstantsContext    : 系统常量存在空值！常量名称：GUNS_SYSTEM_RELEASE_VERSION，采用默认值：guns，若想忽略此提示，请在开发管理->系统配置->参数配置，设置相关参数！
2022-05-16 11:50:28.343 ERROR 67268 --- [http-nio-8099-exec-1] c.s.guns.base.consts.ConstantsContext    : 系统常量存在空值！常量名称：GUNS_SYSTEM_RELEASE_VERSION，采用默认值：guns，若想忽略此提示，请在开发管理->系统配置->参数配置，设置相关参数！
2022-05-16 11:50:28.343 ERROR 67268 --- [http-nio-8099-exec-1] c.s.guns.base.consts.ConstantsContext    : 系统常量存在空值！常量名称：GUNS_SYSTEM_RELEASE_VERSION，采用默认值：guns，若想忽略此提示，请在开发管理->系统配置->参数配置，设置相关参数！
2022-05-16 11:50:28.343 ERROR 67268 --- [http-nio-8099-exec-1] c.s.guns.base.consts.ConstantsContext    : 系统常量存在空值！常量名称：GUNS_SYSTEM_RELEASE_VERSION，采用默认值：guns，若想忽略此提示，请在开发管理->系统配置->参数配置，设置相关参数！
2022-05-16 11:50:28.343 ERROR 67268 --- [http-nio-8099-exec-1] c.s.guns.base.consts.ConstantsContext    : 系统常量存在空值！常量名称：GUNS_SYSTEM_RELEASE_VERSION，采用默认值：guns，若想忽略此提示，请在开发管理->系统配置->参数配置，设置相关参数！
2022-05-16 11:50:28.343 ERROR 67268 --- [http-nio-8099-exec-1] c.s.guns.base.consts.ConstantsContext    : 系统常量存在空值！常量名称：GUNS_SYSTEM_RELEASE_VERSION，采用默认值：guns，若想忽略此提示，请在开发管理->系统配置->参数配置，设置相关参数！
2022-05-16 11:50:28.344 ERROR 67268 --- [http-nio-8099-exec-1] c.s.guns.base.consts.ConstantsContext    : 系统常量存在空值！常量名称：GUNS_SYSTEM_RELEASE_VERSION，采用默认值：guns，若想忽略此提示，请在开发管理->系统配置->参数配置，设置相关参数！
2022-05-16 11:53:48.361 ERROR 67268 --- [http-nio-8099-exec-10] c.s.guns.base.consts.ConstantsContext    : 系统常量存在空值！常量名称：GUNS_OAUTH2_PREFIX，采用默认值：oauth2，若想忽略此提示，请在开发管理->系统配置->参数配置，设置相关参数！
2022-05-16 11:53:48.362 ERROR 67268 --- [http-nio-8099-exec-10] c.s.guns.base.consts.ConstantsContext    : 系统常量存在空值！常量名称：GUNS_SYSTEM_RELEASE_VERSION，采用默认值：guns，若想忽略此提示，请在开发管理->系统配置->参数配置，设置相关参数！
2022-05-16 11:53:48.362 ERROR 67268 --- [http-nio-8099-exec-10] c.s.guns.base.consts.ConstantsContext    : 系统常量存在空值！常量名称：GUNS_SYSTEM_RELEASE_VERSION，采用默认值：guns，若想忽略此提示，请在开发管理->系统配置->参数配置，设置相关参数！
2022-05-16 11:53:48.364 ERROR 67268 --- [http-nio-8099-exec-10] c.s.guns.base.consts.ConstantsContext    : 系统常量存在空值！常量名称：GUNS_SYSTEM_RELEASE_VERSION，采用默认值：guns，若想忽略此提示，请在开发管理->系统配置->参数配置，设置相关参数！
2022-05-16 11:53:48.365 ERROR 67268 --- [http-nio-8099-exec-10] c.s.guns.base.consts.ConstantsContext    : 系统常量存在空值！常量名称：GUNS_SYSTEM_RELEASE_VERSION，采用默认值：guns，若想忽略此提示，请在开发管理->系统配置->参数配置，设置相关参数！
2022-05-16 11:53:48.365 ERROR 67268 --- [http-nio-8099-exec-10] c.s.guns.base.consts.ConstantsContext    : 系统常量存在空值！常量名称：GUNS_SYSTEM_RELEASE_VERSION，采用默认值：guns，若想忽略此提示，请在开发管理->系统配置->参数配置，设置相关参数！
2022-05-16 11:53:48.623 ERROR 67268 --- [http-nio-8099-exec-6] c.s.guns.base.consts.ConstantsContext    : 系统常量存在空值！常量名称：GUNS_DEFAULT_PASSWORD，采用默认密码：111111，若想忽略此提示，请在开发管理->系统配置->参数配置，设置相关参数！
2022-05-16 11:53:48.623 ERROR 67268 --- [http-nio-8099-exec-6] c.s.guns.base.consts.ConstantsContext    : 系统常量存在空值！常量名称：GUNS_SYSTEM_RELEASE_VERSION，采用默认值：guns，若想忽略此提示，请在开发管理->系统配置->参数配置，设置相关参数！
2022-05-16 11:53:48.623 ERROR 67268 --- [http-nio-8099-exec-6] c.s.guns.base.consts.ConstantsContext    : 系统常量存在空值！常量名称：GUNS_SYSTEM_RELEASE_VERSION，采用默认值：guns，若想忽略此提示，请在开发管理->系统配置->参数配置，设置相关参数！
2022-05-16 11:53:48.623 ERROR 67268 --- [http-nio-8099-exec-6] c.s.guns.base.consts.ConstantsContext    : 系统常量存在空值！常量名称：GUNS_SYSTEM_RELEASE_VERSION，采用默认值：guns，若想忽略此提示，请在开发管理->系统配置->参数配置，设置相关参数！
2022-05-16 11:53:48.623 ERROR 67268 --- [http-nio-8099-exec-6] c.s.guns.base.consts.ConstantsContext    : 系统常量存在空值！常量名称：GUNS_SYSTEM_RELEASE_VERSION，采用默认值：guns，若想忽略此提示，请在开发管理->系统配置->参数配置，设置相关参数！
2022-05-16 11:53:48.624 ERROR 67268 --- [http-nio-8099-exec-6] c.s.guns.base.consts.ConstantsContext    : 系统常量存在空值！常量名称：GUNS_SYSTEM_RELEASE_VERSION，采用默认值：guns，若想忽略此提示，请在开发管理->系统配置->参数配置，设置相关参数！
2022-05-16 11:53:48.624 ERROR 67268 --- [http-nio-8099-exec-6] c.s.guns.base.consts.ConstantsContext    : 系统常量存在空值！常量名称：GUNS_SYSTEM_RELEASE_VERSION，采用默认值：guns，若想忽略此提示，请在开发管理->系统配置->参数配置，设置相关参数！
2022-05-16 11:53:48.624 ERROR 67268 --- [http-nio-8099-exec-6] c.s.guns.base.consts.ConstantsContext    : 系统常量存在空值！常量名称：GUNS_SYSTEM_RELEASE_VERSION，采用默认值：guns，若想忽略此提示，请在开发管理->系统配置->参数配置，设置相关参数！
2022-05-16 11:53:48.624 ERROR 67268 --- [http-nio-8099-exec-6] c.s.guns.base.consts.ConstantsContext    : 系统常量存在空值！常量名称：GUNS_SYSTEM_RELEASE_VERSION，采用默认值：guns，若想忽略此提示，请在开发管理->系统配置->参数配置，设置相关参数！
2022-05-16 11:53:48.624 ERROR 67268 --- [http-nio-8099-exec-6] c.s.guns.base.consts.ConstantsContext    : 系统常量存在空值！常量名称：GUNS_SYSTEM_RELEASE_VERSION，采用默认值：guns，若想忽略此提示，请在开发管理->系统配置->参数配置，设置相关参数！
2022-05-16 11:53:48.624 ERROR 67268 --- [http-nio-8099-exec-6] c.s.guns.base.consts.ConstantsContext    : 系统常量存在空值！常量名称：GUNS_SYSTEM_RELEASE_VERSION，采用默认值：guns，若想忽略此提示，请在开发管理->系统配置->参数配置，设置相关参数！
2022-05-16 11:53:48.625 ERROR 67268 --- [http-nio-8099-exec-6] c.s.guns.base.consts.ConstantsContext    : 系统常量存在空值！常量名称：GUNS_SYSTEM_RELEASE_VERSION，采用默认值：guns，若想忽略此提示，请在开发管理->系统配置->参数配置，设置相关参数！
2022-05-16 11:53:48.632 ERROR 67268 --- [http-nio-8099-exec-3] c.s.guns.base.consts.ConstantsContext    : 系统常量存在空值！常量名称：GUNS_SYSTEM_RELEASE_VERSION，采用默认值：guns，若想忽略此提示，请在开发管理->系统配置->参数配置，设置相关参数！
2022-05-16 11:53:48.632 ERROR 67268 --- [http-nio-8099-exec-3] c.s.guns.base.consts.ConstantsContext    : 系统常量存在空值！常量名称：GUNS_SYSTEM_RELEASE_VERSION，采用默认值：guns，若想忽略此提示，请在开发管理->系统配置->参数配置，设置相关参数！
2022-05-16 11:53:48.632 ERROR 67268 --- [http-nio-8099-exec-3] c.s.guns.base.consts.ConstantsContext    : 系统常量存在空值！常量名称：GUNS_SYSTEM_RELEASE_VERSION，采用默认值：guns，若想忽略此提示，请在开发管理->系统配置->参数配置，设置相关参数！
2022-05-16 11:53:48.633 ERROR 67268 --- [http-nio-8099-exec-3] c.s.guns.base.consts.ConstantsContext    : 系统常量存在空值！常量名称：GUNS_SYSTEM_RELEASE_VERSION，采用默认值：guns，若想忽略此提示，请在开发管理->系统配置->参数配置，设置相关参数！
2022-05-16 11:53:48.633 ERROR 67268 --- [http-nio-8099-exec-3] c.s.guns.base.consts.ConstantsContext    : 系统常量存在空值！常量名称：GUNS_SYSTEM_RELEASE_VERSION，采用默认值：guns，若想忽略此提示，请在开发管理->系统配置->参数配置，设置相关参数！
2022-05-16 11:53:48.633 ERROR 67268 --- [http-nio-8099-exec-3] c.s.guns.base.consts.ConstantsContext    : 系统常量存在空值！常量名称：GUNS_SYSTEM_RELEASE_VERSION，采用默认值：guns，若想忽略此提示，请在开发管理->系统配置->参数配置，设置相关参数！
2022-05-16 11:53:48.633 ERROR 67268 --- [http-nio-8099-exec-3] c.s.guns.base.consts.ConstantsContext    : 系统常量存在空值！常量名称：GUNS_SYSTEM_RELEASE_VERSION，采用默认值：guns，若想忽略此提示，请在开发管理->系统配置->参数配置，设置相关参数！
2022-05-16 11:53:48.640 ERROR 67268 --- [http-nio-8099-exec-7] c.s.guns.base.consts.ConstantsContext    : 系统常量存在空值！常量名称：GUNS_SYSTEM_RELEASE_VERSION，采用默认值：guns，若想忽略此提示，请在开发管理->系统配置->参数配置，设置相关参数！
2022-05-16 11:53:48.640 ERROR 67268 --- [http-nio-8099-exec-7] c.s.guns.base.consts.ConstantsContext    : 系统常量存在空值！常量名称：GUNS_SYSTEM_RELEASE_VERSION，采用默认值：guns，若想忽略此提示，请在开发管理->系统配置->参数配置，设置相关参数！
2022-05-16 11:53:48.640 ERROR 67268 --- [http-nio-8099-exec-7] c.s.guns.base.consts.ConstantsContext    : 系统常量存在空值！常量名称：GUNS_SYSTEM_RELEASE_VERSION，采用默认值：guns，若想忽略此提示，请在开发管理->系统配置->参数配置，设置相关参数！
2022-05-16 11:53:48.641 ERROR 67268 --- [http-nio-8099-exec-7] c.s.guns.base.consts.ConstantsContext    : 系统常量存在空值！常量名称：GUNS_SYSTEM_RELEASE_VERSION，采用默认值：guns，若想忽略此提示，请在开发管理->系统配置->参数配置，设置相关参数！
2022-05-16 11:53:48.641 ERROR 67268 --- [http-nio-8099-exec-7] c.s.guns.base.consts.ConstantsContext    : 系统常量存在空值！常量名称：GUNS_SYSTEM_RELEASE_VERSION，采用默认值：guns，若想忽略此提示，请在开发管理->系统配置->参数配置，设置相关参数！
2022-05-16 11:53:48.641 ERROR 67268 --- [http-nio-8099-exec-7] c.s.guns.base.consts.ConstantsContext    : 系统常量存在空值！常量名称：GUNS_SYSTEM_RELEASE_VERSION，采用默认值：guns，若想忽略此提示，请在开发管理->系统配置->参数配置，设置相关参数！
2022-05-16 11:53:48.641 ERROR 67268 --- [http-nio-8099-exec-7] c.s.guns.base.consts.ConstantsContext    : 系统常量存在空值！常量名称：GUNS_SYSTEM_RELEASE_VERSION，采用默认值：guns，若想忽略此提示，请在开发管理->系统配置->参数配置，设置相关参数！
2022-05-16 11:53:48.643 ERROR 67268 --- [http-nio-8099-exec-8] c.s.guns.base.consts.ConstantsContext    : 系统常量存在空值！常量名称：GUNS_SYSTEM_RELEASE_VERSION，采用默认值：guns，若想忽略此提示，请在开发管理->系统配置->参数配置，设置相关参数！
2022-05-16 11:53:48.643 ERROR 67268 --- [http-nio-8099-exec-8] c.s.guns.base.consts.ConstantsContext    : 系统常量存在空值！常量名称：GUNS_SYSTEM_RELEASE_VERSION，采用默认值：guns，若想忽略此提示，请在开发管理->系统配置->参数配置，设置相关参数！
2022-05-16 11:53:48.643 ERROR 67268 --- [http-nio-8099-exec-8] c.s.guns.base.consts.ConstantsContext    : 系统常量存在空值！常量名称：GUNS_SYSTEM_RELEASE_VERSION，采用默认值：guns，若想忽略此提示，请在开发管理->系统配置->参数配置，设置相关参数！
2022-05-16 11:53:48.644 ERROR 67268 --- [http-nio-8099-exec-8] c.s.guns.base.consts.ConstantsContext    : 系统常量存在空值！常量名称：GUNS_SYSTEM_RELEASE_VERSION，采用默认值：guns，若想忽略此提示，请在开发管理->系统配置->参数配置，设置相关参数！
2022-05-16 11:53:48.644 ERROR 67268 --- [http-nio-8099-exec-8] c.s.guns.base.consts.ConstantsContext    : 系统常量存在空值！常量名称：GUNS_SYSTEM_RELEASE_VERSION，采用默认值：guns，若想忽略此提示，请在开发管理->系统配置->参数配置，设置相关参数！
2022-05-16 11:53:48.644 ERROR 67268 --- [http-nio-8099-exec-8] c.s.guns.base.consts.ConstantsContext    : 系统常量存在空值！常量名称：GUNS_SYSTEM_RELEASE_VERSION，采用默认值：guns，若想忽略此提示，请在开发管理->系统配置->参数配置，设置相关参数！
2022-05-16 11:53:48.644 ERROR 67268 --- [http-nio-8099-exec-8] c.s.guns.base.consts.ConstantsContext    : 系统常量存在空值！常量名称：GUNS_SYSTEM_RELEASE_VERSION，采用默认值：guns，若想忽略此提示，请在开发管理->系统配置->参数配置，设置相关参数！
2022-05-16 11:53:48.650 ERROR 67268 --- [http-nio-8099-exec-4] c.s.guns.base.consts.ConstantsContext    : 系统常量存在空值！常量名称：GUNS_SYSTEM_RELEASE_VERSION，采用默认值：guns，若想忽略此提示，请在开发管理->系统配置->参数配置，设置相关参数！
2022-05-16 11:53:48.650 ERROR 67268 --- [http-nio-8099-exec-4] c.s.guns.base.consts.ConstantsContext    : 系统常量存在空值！常量名称：GUNS_SYSTEM_RELEASE_VERSION，采用默认值：guns，若想忽略此提示，请在开发管理->系统配置->参数配置，设置相关参数！
2022-05-16 11:53:48.650 ERROR 67268 --- [http-nio-8099-exec-4] c.s.guns.base.consts.ConstantsContext    : 系统常量存在空值！常量名称：GUNS_SYSTEM_RELEASE_VERSION，采用默认值：guns，若想忽略此提示，请在开发管理->系统配置->参数配置，设置相关参数！
2022-05-16 11:53:48.650 ERROR 67268 --- [http-nio-8099-exec-4] c.s.guns.base.consts.ConstantsContext    : 系统常量存在空值！常量名称：GUNS_SYSTEM_RELEASE_VERSION，采用默认值：guns，若想忽略此提示，请在开发管理->系统配置->参数配置，设置相关参数！
2022-05-16 11:53:48.651 ERROR 67268 --- [http-nio-8099-exec-4] c.s.guns.base.consts.ConstantsContext    : 系统常量存在空值！常量名称：GUNS_SYSTEM_RELEASE_VERSION，采用默认值：guns，若想忽略此提示，请在开发管理->系统配置->参数配置，设置相关参数！
2022-05-16 11:53:48.651 ERROR 67268 --- [http-nio-8099-exec-4] c.s.guns.base.consts.ConstantsContext    : 系统常量存在空值！常量名称：GUNS_SYSTEM_RELEASE_VERSION，采用默认值：guns，若想忽略此提示，请在开发管理->系统配置->参数配置，设置相关参数！
2022-05-16 11:53:48.651 ERROR 67268 --- [http-nio-8099-exec-4] c.s.guns.base.consts.ConstantsContext    : 系统常量存在空值！常量名称：GUNS_SYSTEM_RELEASE_VERSION，采用默认值：guns，若想忽略此提示，请在开发管理->系统配置->参数配置，设置相关参数！
2022-05-16 11:53:48.651 ERROR 67268 --- [http-nio-8099-exec-4] c.s.guns.base.consts.ConstantsContext    : 系统常量存在空值！常量名称：GUNS_SYSTEM_RELEASE_VERSION，采用默认值：guns，若想忽略此提示，请在开发管理->系统配置->参数配置，设置相关参数！
2022-05-16 11:53:48.651 ERROR 67268 --- [http-nio-8099-exec-4] c.s.guns.base.consts.ConstantsContext    : 系统常量存在空值！常量名称：GUNS_SYSTEM_RELEASE_VERSION，采用默认值：guns，若想忽略此提示，请在开发管理->系统配置->参数配置，设置相关参数！
2022-05-16 11:53:48.651 ERROR 67268 --- [http-nio-8099-exec-4] c.s.guns.base.consts.ConstantsContext    : 系统常量存在空值！常量名称：GUNS_SYSTEM_RELEASE_VERSION，采用默认值：guns，若想忽略此提示，请在开发管理->系统配置->参数配置，设置相关参数！
2022-05-16 15:37:13.486 ERROR 97076 --- [http-nio-8099-exec-9] c.s.guns.base.consts.ConstantsContext    : jwt密钥存在空值！常量名称：GUNS_JWT_SECRET，采用默认值：随机字符串->zrt7mdnsy9f8fc2im4iulhecaiu9xb2y，若想忽略此提示，请在开发管理->系统配置->参数配置，设置相关参数！
2022-05-16 15:51:52.451 ERROR 44424 --- [http-nio-8099-exec-1] c.s.guns.base.consts.ConstantsContext    : jwt密钥存在空值！常量名称：GUNS_JWT_SECRET，采用默认值：随机字符串->z8i5tsepw65r4myymq567z3qj0hbn7f5，若想忽略此提示，请在开发管理->系统配置->参数配置，设置相关参数！
